#
# There is insufficient memory for the Java Runtime Environment to continue.
# Native memory allocation (malloc) failed to allocate 845136 bytes for Chunk::new
# Possible reasons:
#   The system is out of physical RAM or swap space
#   In 32 bit mode, the process size limit was hit
# Possible solutions:
#   Reduce memory load on the system
#   Increase physical memory or swap space
#   Check if swap backing store is full
#   Use 64 bit Java on a 64 bit OS
#   Decrease Java heap size (-Xmx/-Xms)
#   Decrease number of Java threads
#   Decrease Java thread stack sizes (-Xss)
#   Set larger code cache with -XX:ReservedCodeCacheSize=
# This output file may be truncated or incomplete.
#
#  Out of Memory Error (allocation.cpp:390), pid=5988, tid=6596
#
# JRE version: Java(TM) SE Runtime Environment (8.0_25-b18) (build 1.8.0_25-b18)
# Java VM: Java HotSpot(TM) 64-Bit Server VM (25.25-b02 mixed mode windows-amd64 compressed oops)
# Failed to write core dump. Minidumps are not enabled by default on client versions of Windows
#

---------------  T H R E A D  ---------------

Current thread (0x0000000056793000):  JavaThread "C2 CompilerThread1" daemon [_thread_in_native, id=6596, stack(0x00000000570f0000,0x00000000571f0000)]

Stack: [0x00000000570f0000,0x00000000571f0000]
Native frames: (J=compiled Java code, j=interpreted, Vv=VM code, C=native code)
V  [jvm.dll+0x31667a]


Current CompileTask:
C2:   1773 1489       4       com.android.dx.rop.code.LocalVariableExtractor::processBlock (327 bytes)


---------------  P R O C E S S  ---------------

Java Threads: ( => current thread )
  0x0000000056807800 JavaThread "Service Thread" daemon [_thread_blocked, id=9016, stack(0x00000000560f0000,0x00000000561f0000)]
  0x0000000056799800 JavaThread "C1 CompilerThread2" daemon [_thread_in_vm, id=5376, stack(0x00000000572d0000,0x00000000573d0000)]
=>0x0000000056793000 JavaThread "C2 CompilerThread1" daemon [_thread_in_native, id=6596, stack(0x00000000570f0000,0x00000000571f0000)]
  0x0000000056791000 JavaThread "C2 CompilerThread0" daemon [_thread_in_native, id=8248, stack(0x0000000056f20000,0x0000000057020000)]
  0x0000000055206800 JavaThread "Attach Listener" daemon [_thread_blocked, id=4328, stack(0x0000000056ca0000,0x0000000056da0000)]
  0x0000000055203000 JavaThread "Signal Dispatcher" daemon [_thread_blocked, id=8736, stack(0x0000000056390000,0x0000000056490000)]
  0x00000000551a5800 JavaThread "Finalizer" daemon [_thread_blocked, id=4256, stack(0x0000000056690000,0x0000000056790000)]
  0x000000005519c800 JavaThread "Reference Handler" daemon [_thread_blocked, id=2744, stack(0x00000000564d0000,0x00000000565d0000)]
  0x00000000001ae800 JavaThread "main" [_thread_in_Java, id=8628, stack(0x00000000024f0000,0x00000000025f0000)]

Other Threads:
  0x0000000055197000 VMThread [stack: 0x0000000056210000,0x0000000056310000] [id=6180]
  0x0000000056816800 WatcherThread [stack: 0x00000000573e0000,0x00000000574e0000] [id=9200]

VM state:not at safepoint (normal execution)

VM Mutex/Monitor currently owned by a thread: None

Heap:
 PSYoungGen      total 35328K, used 24823K [0x00000000eab00000, 0x00000000eff00000, 0x0000000100000000)
  eden space 32768K, 67% used [0x00000000eab00000,0x00000000ec0bf9a0,0x00000000ecb00000)
  from space 2560K, 99% used [0x00000000ecb00000,0x00000000ecd7e308,0x00000000ecd80000)
  to   space 10240K, 0% used [0x00000000ef500000,0x00000000ef500000,0x00000000eff00000)
 ParOldGen       total 44032K, used 17386K [0x00000000c0000000, 0x00000000c2b00000, 0x00000000eab00000)
  object space 44032K, 39% used [0x00000000c0000000,0x00000000c10faa38,0x00000000c2b00000)
 Metaspace       used 5370K, capacity 6768K, committed 7040K, reserved 1056768K
  class space    used 538K, capacity 616K, committed 640K, reserved 1048576K

Card table byte_map: [0x0000000011c80000,0x0000000011e90000] byte_map_base: 0x0000000011680000

Marking Bits: (ParMarkBitMap*) 0x000000006d05d490
 Begin Bits: [0x0000000012610000, 0x0000000013610000)
 End Bits:   [0x0000000013610000, 0x0000000014610000)

Polling page: 0x0000000000130000

CodeCache: size=245760Kb used=5777Kb max_used=5777Kb free=239982Kb
 bounds [0x00000000028c0000, 0x0000000002e70000, 0x00000000118c0000]
 total_blobs=1776 nmethods=1517 adapters=173
 compilation: enabled

Compilation events (10 events):
Event: 1.746 Thread 0x0000000056799800 1551       2       com.android.dx.rop.cst.CstBaseMethodRef::getParameterWordCount (12 bytes)
Event: 1.746 Thread 0x0000000056799800 nmethod 1551 0x0000000002e653d0 code [0x0000000002e65560, 0x0000000002e657e8]
Event: 1.747 Thread 0x0000000056799800 1553       2       com.android.dx.rop.annotation.Annotation::<init> (54 bytes)
Event: 1.747 Thread 0x0000000056799800 nmethod 1553 0x0000000002e65a50 code [0x0000000002e65bc0, 0x0000000002e65ed8]
Event: 1.747 Thread 0x0000000056799800 1554       2       com.android.dx.dex.file.AnnotationItem::<init> (36 bytes)
Event: 1.747 Thread 0x0000000056799800 nmethod 1554 0x0000000002e66010 code [0x0000000002e66180, 0x0000000002e663d8]
Event: 1.751 Thread 0x0000000056799800 1555   !   2       com.android.dx.rop.cst.CstType::intern (48 bytes)
Event: 1.752 Thread 0x0000000056799800 nmethod 1555 0x0000000002e664d0 code [0x0000000002e66680, 0x0000000002e66b68]
Event: 1.764 Thread 0x0000000056799800 1556       2       com.android.dx.ssa.SCCP::simulateMath (424 bytes)
Event: 1.765 Thread 0x0000000056799800 nmethod 1556 0x0000000002e67090 code [0x0000000002e672a0, 0x0000000002e679a8]

GC Heap History (10 events):
Event: 0.639 GC heap before
{Heap before GC invocations=1 (full 0):
 PSYoungGen      total 18944K, used 16384K [0x00000000eab00000, 0x00000000ec000000, 0x0000000100000000)
  eden space 16384K, 100% used [0x00000000eab00000,0x00000000ebb00000,0x00000000ebb00000)
  from space 2560K, 0% used [0x00000000ebd80000,0x00000000ebd80000,0x00000000ec000000)
  to   space 2560K, 0% used [0x00000000ebb00000,0x00000000ebb00000,0x00000000ebd80000)
 ParOldGen       total 44032K, used 0K [0x00000000c0000000, 0x00000000c2b00000, 0x00000000eab00000)
  object space 44032K, 0% used [0x00000000c0000000,0x00000000c0000000,0x00000000c2b00000)
 Metaspace       used 5040K, capacity 6512K, committed 6784K, reserved 1056768K
  class space    used 532K, capacity 616K, committed 640K, reserved 1048576K
Event: 0.643 GC heap after
Heap after GC invocations=1 (full 0):
 PSYoungGen      total 18944K, used 2528K [0x00000000eab00000, 0x00000000ec000000, 0x0000000100000000)
  eden space 16384K, 0% used [0x00000000eab00000,0x00000000eab00000,0x00000000ebb00000)
  from space 2560K, 98% used [0x00000000ebb00000,0x00000000ebd78018,0x00000000ebd80000)
  to   space 2560K, 0% used [0x00000000ebd80000,0x00000000ebd80000,0x00000000ec000000)
 ParOldGen       total 44032K, used 1139K [0x00000000c0000000, 0x00000000c2b00000, 0x00000000eab00000)
  object space 44032K, 2% used [0x00000000c0000000,0x00000000c011cc68,0x00000000c2b00000)
 Metaspace       used 5040K, capacity 6512K, committed 6784K, reserved 1056768K
  class space    used 532K, capacity 616K, committed 640K, reserved 1048576K
}
Event: 0.871 GC heap before
{Heap before GC invocations=2 (full 0):
 PSYoungGen      total 18944K, used 18912K [0x00000000eab00000, 0x00000000ec000000, 0x0000000100000000)
  eden space 16384K, 100% used [0x00000000eab00000,0x00000000ebb00000,0x00000000ebb00000)
  from space 2560K, 98% used [0x00000000ebb00000,0x00000000ebd78018,0x00000000ebd80000)
  to   space 2560K, 0% used [0x00000000ebd80000,0x00000000ebd80000,0x00000000ec000000)
 ParOldGen       total 44032K, used 1139K [0x00000000c0000000, 0x00000000c2b00000, 0x00000000eab00000)
  object space 44032K, 2% used [0x00000000c0000000,0x00000000c011cc68,0x00000000c2b00000)
 Metaspace       used 5174K, capacity 6640K, committed 6784K, reserved 1056768K
  class space    used 535K, capacity 616K, committed 640K, reserved 1048576K
Event: 0.879 GC heap after
Heap after GC invocations=2 (full 0):
 PSYoungGen      total 18944K, used 2551K [0x00000000eab00000, 0x00000000ed000000, 0x0000000100000000)
  eden space 16384K, 0% used [0x00000000eab00000,0x00000000eab00000,0x00000000ebb00000)
  from space 2560K, 99% used [0x00000000ebd80000,0x00000000ebffde20,0x00000000ec000000)
  to   space 2560K, 0% used [0x00000000ebb00000,0x00000000ebb00000,0x00000000ebd80000)
 ParOldGen       total 44032K, used 3417K [0x00000000c0000000, 0x00000000c2b00000, 0x00000000eab00000)
  object space 44032K, 7% used [0x00000000c0000000,0x00000000c03564b0,0x00000000c2b00000)
 Metaspace       used 5174K, capacity 6640K, committed 6784K, reserved 1056768K
  class space    used 535K, capacity 616K, committed 640K, reserved 1048576K
}
Event: 1.043 GC heap before
{Heap before GC invocations=3 (full 0):
 PSYoungGen      total 18944K, used 18935K [0x00000000eab00000, 0x00000000ed000000, 0x0000000100000000)
  eden space 16384K, 100% used [0x00000000eab00000,0x00000000ebb00000,0x00000000ebb00000)
  from space 2560K, 99% used [0x00000000ebd80000,0x00000000ebffde20,0x00000000ec000000)
  to   space 2560K, 0% used [0x00000000ebb00000,0x00000000ebb00000,0x00000000ebd80000)
 ParOldGen       total 44032K, used 3417K [0x00000000c0000000, 0x00000000c2b00000, 0x00000000eab00000)
  object space 44032K, 7% used [0x00000000c0000000,0x00000000c03564b0,0x00000000c2b00000)
 Metaspace       used 5192K, capacity 6640K, committed 6784K, reserved 1056768K
  class space    used 535K, capacity 616K, committed 640K, reserved 1048576K
Event: 1.053 GC heap after
Heap after GC invocations=3 (full 0):
 PSYoungGen      total 18944K, used 2548K [0x00000000eab00000, 0x00000000ed000000, 0x0000000100000000)
  eden space 16384K, 0% used [0x00000000eab00000,0x00000000eab00000,0x00000000ebb00000)
  from space 2560K, 99% used [0x00000000ebb00000,0x00000000ebd7d1a8,0x00000000ebd80000)
  to   space 2560K, 0% used [0x00000000ecd80000,0x00000000ecd80000,0x00000000ed000000)
 ParOldGen       total 44032K, used 6339K [0x00000000c0000000, 0x00000000c2b00000, 0x00000000eab00000)
  object space 44032K, 14% used [0x00000000c0000000,0x00000000c0630f08,0x00000000c2b00000)
 Metaspace       used 5192K, capacity 6640K, committed 6784K, reserved 1056768K
  class space    used 535K, capacity 616K, committed 640K, reserved 1048576K
}
Event: 1.163 GC heap before
{Heap before GC invocations=4 (full 0):
 PSYoungGen      total 18944K, used 18932K [0x00000000eab00000, 0x00000000ed000000, 0x0000000100000000)
  eden space 16384K, 100% used [0x00000000eab00000,0x00000000ebb00000,0x00000000ebb00000)
  from space 2560K, 99% used [0x00000000ebb00000,0x00000000ebd7d1a8,0x00000000ebd80000)
  to   space 2560K, 0% used [0x00000000ecd80000,0x00000000ecd80000,0x00000000ed000000)
 ParOldGen       total 44032K, used 6339K [0x00000000c0000000, 0x00000000c2b00000, 0x00000000eab00000)
  object space 44032K, 14% used [0x00000000c0000000,0x00000000c0630f08,0x00000000c2b00000)
 Metaspace       used 5234K, capacity 6640K, committed 6784K, reserved 1056768K
  class space    used 535K, capacity 616K, committed 640K, reserved 1048576K
Event: 1.186 GC heap after
Heap after GC invocations=4 (full 0):
 PSYoungGen      total 35328K, used 2532K [0x00000000eab00000, 0x00000000ed000000, 0x0000000100000000)
  eden space 32768K, 0% used [0x00000000eab00000,0x00000000eab00000,0x00000000ecb00000)
  from space 2560K, 98% used [0x00000000ecd80000,0x00000000ecff91a8,0x00000000ed000000)
  to   space 2560K, 0% used [0x00000000ecb00000,0x00000000ecb00000,0x00000000ecd80000)
 ParOldGen       total 44032K, used 10995K [0x00000000c0000000, 0x00000000c2b00000, 0x00000000eab00000)
  object space 44032K, 24% used [0x00000000c0000000,0x00000000c0abcd20,0x00000000c2b00000)
 Metaspace       used 5234K, capacity 6640K, committed 6784K, reserved 1056768K
  class space    used 535K, capacity 616K, committed 640K, reserved 1048576K
}
Event: 1.510 GC heap before
{Heap before GC invocations=5 (full 0):
 PSYoungGen      total 35328K, used 35300K [0x00000000eab00000, 0x00000000ed000000, 0x0000000100000000)
  eden space 32768K, 100% used [0x00000000eab00000,0x00000000ecb00000,0x00000000ecb00000)
  from space 2560K, 98% used [0x00000000ecd80000,0x00000000ecff91a8,0x00000000ed000000)
  to   space 2560K, 0% used [0x00000000ecb00000,0x00000000ecb00000,0x00000000ecd80000)
 ParOldGen       total 44032K, used 10995K [0x00000000c0000000, 0x00000000c2b00000, 0x00000000eab00000)
  object space 44032K, 24% used [0x00000000c0000000,0x00000000c0abcd20,0x00000000c2b00000)
 Metaspace       used 5323K, capacity 6768K, committed 7040K, reserved 1056768K
  class space    used 537K, capacity 616K, committed 640K, reserved 1048576K
Event: 1.538 GC heap after
Heap after GC invocations=5 (full 0):
 PSYoungGen      total 35328K, used 2552K [0x00000000eab00000, 0x00000000eff00000, 0x0000000100000000)
  eden space 32768K, 0% used [0x00000000eab00000,0x00000000eab00000,0x00000000ecb00000)
  from space 2560K, 99% used [0x00000000ecb00000,0x00000000ecd7e308,0x00000000ecd80000)
  to   space 10240K, 0% used [0x00000000ef500000,0x00000000ef500000,0x00000000eff00000)
 ParOldGen       total 44032K, used 17386K [0x00000000c0000000, 0x00000000c2b00000, 0x00000000eab00000)
  object space 44032K, 39% used [0x00000000c0000000,0x00000000c10faa38,0x00000000c2b00000)
 Metaspace       used 5323K, capacity 6768K, committed 7040K, reserved 1056768K
  class space    used 537K, capacity 616K, committed 640K, reserved 1048576K
}

Deoptimization events (10 events):
Event: 1.355 Thread 0x00000000001ae800 Uncommon trap: reason=bimorphic action=maybe_recompile pc=0x0000000002aa4ac0 method=java.util.HashMap.getNode(ILjava/lang/Object;)Ljava/util/HashMap$Node; @ 126
Event: 1.355 Thread 0x00000000001ae800 Uncommon trap: reason=class_check action=maybe_recompile pc=0x0000000002c8b820 method=java.util.HashMap.putVal(ILjava/lang/Object;Ljava/lang/Object;ZZ)Ljava/lang/Object; @ 203
Event: 1.376 Thread 0x00000000001ae800 Uncommon trap: reason=bimorphic action=maybe_recompile pc=0x0000000002aa4ac0 method=java.util.HashMap.getNode(ILjava/lang/Object;)Ljava/util/HashMap$Node; @ 126
Event: 1.376 Thread 0x00000000001ae800 Uncommon trap: reason=class_check action=maybe_recompile pc=0x0000000002c8b820 method=java.util.HashMap.putVal(ILjava/lang/Object;Ljava/lang/Object;ZZ)Ljava/lang/Object; @ 203
Event: 1.471 Thread 0x00000000001ae800 Uncommon trap: reason=unreached action=reinterpret pc=0x0000000002d707b4 method=com.android.dx.ssa.MoveParamCombiner$1.visitNonMoveInsn(Lcom/android/dx/ssa/NormalSsaInsn;)V @ 27
Event: 1.572 Thread 0x00000000001ae800 Uncommon trap: reason=bimorphic action=maybe_recompile pc=0x0000000002ae3610 method=java.util.HashMap.getNode(ILjava/lang/Object;)Ljava/util/HashMap$Node; @ 126
Event: 1.582 Thread 0x00000000001ae800 Uncommon trap: reason=bimorphic action=maybe_recompile pc=0x0000000002d61ad0 method=com.android.dx.cf.code.Merger.mergeType(Lcom/android/dx/rop/type/TypeBearer;Lcom/android/dx/rop/type/TypeBearer;)Lcom/android/dx/rop/type/TypeBearer; @ 28
Event: 1.582 Thread 0x00000000001ae800 Uncommon trap: reason=bimorphic action=maybe_recompile pc=0x0000000002d61ad0 method=com.android.dx.cf.code.Merger.mergeType(Lcom/android/dx/rop/type/TypeBearer;Lcom/android/dx/rop/type/TypeBearer;)Lcom/android/dx/rop/type/TypeBearer; @ 28
Event: 1.639 Thread 0x00000000001ae800 Uncommon trap: reason=bimorphic action=maybe_recompile pc=0x0000000002ae3610 method=java.util.HashMap.getNode(ILjava/lang/Object;)Ljava/util/HashMap$Node; @ 126
Event: 1.769 Thread 0x00000000001ae800 Uncommon trap: reason=bimorphic action=maybe_recompile pc=0x0000000002e16724 method=com.android.dx.ssa.LiteralOpUpgrader.tryReplacingWithConstant(Lcom/android/dx/ssa/NormalSsaInsn;)Z @ 52

Internal exceptions (2 events):
Event: 0.033 Thread 0x00000000001ae800 Exception <a 'java/lang/NoSuchMethodError': Method sun.misc.Unsafe.defineClass(Ljava/lang/String;[BII)Ljava/lang/Class; name or signature does not match> (0x00000000eab0cb60) thrown at [D:\re\workspace\8-2-build-windows-amd64-cygwin\jdk8u25\1677\hotspot\sr²ï–›Þ¶ ?
Event: 0.033 Thread 0x00000000001ae800 Exception <a 'java/lang/NoSuchMethodError': Method sun.misc.Unsafe.prefetchRead(Ljava/lang/Object;J)V name or signature does not match> (0x00000000eab0cdf0) thrown at [D:\re\workspace\8-2-build-windows-amd64-cygwin\jdk8u25\1677\hotspot\src\share\vm\prims\j

Events (10 events):
Event: 1.664 loading class com/android/dx/cf/attrib/AttRuntimeVisibleAnnotations done
Event: 1.680 Thread 0x00000000001ae800 DEOPT PACKING pc=0x0000000002b1c6d1 sp=0x00000000025edfc0
Event: 1.680 Thread 0x00000000001ae800 DEOPT UNPACKING pc=0x00000000029075bf sp=0x00000000025edd30 mode 0
Event: 1.692 Thread 0x00000000001ae800 DEOPT PACKING pc=0x0000000002b1c6d1 sp=0x00000000025ee070
Event: 1.692 Thread 0x00000000001ae800 DEOPT UNPACKING pc=0x00000000029075bf sp=0x00000000025edde0 mode 0
Event: 1.710 Thread 0x00000000001ae800 DEOPT PACKING pc=0x0000000002b1c6d1 sp=0x00000000025edfc0
Event: 1.710 Thread 0x00000000001ae800 DEOPT UNPACKING pc=0x00000000029075bf sp=0x00000000025edd30 mode 0
Event: 1.769 Thread 0x00000000001ae800 Uncommon trap: trap_request=0xffffffc6 fr.pc=0x0000000002e16724
Event: 1.769 Thread 0x00000000001ae800 DEOPT PACKING pc=0x0000000002e16724 sp=0x00000000025ee0d0
Event: 1.769 Thread 0x00000000001ae800 DEOPT UNPACKING pc=0x000000000290556a sp=0x00000000025edf98 mode 2


Dynamic libraries:
0x000000013fbc0000 - 0x000000013fbf4000 	C:\PROGRA~1\Java\JDK18~1.0_2\bin\java.exe
0x00000000778b0000 - 0x0000000077a59000 	C:\Windows\SYSTEM32\ntdll.dll
0x0000000077790000 - 0x00000000778af000 	C:\Windows\system32\kernel32.dll
0x000007fefca00000 - 0x000007fefca6c000 	C:\Windows\system32\KERNELBASE.dll
0x000007fefea90000 - 0x000007fefeb6b000 	C:\Windows\system32\ADVAPI32.dll
0x000007fefe740000 - 0x000007fefe7df000 	C:\Windows\system32\msvcrt.dll
0x000007fefd130000 - 0x000007fefd14f000 	C:\Windows\SYSTEM32\sechost.dll
0x000007fefdee0000 - 0x000007fefe00d000 	C:\Windows\system32\RPCRT4.dll
0x0000000077690000 - 0x000000007778a000 	C:\Windows\system32\USER32.dll
0x000007fefe250000 - 0x000007fefe2b7000 	C:\Windows\system32\GDI32.dll
0x000007fefeec0000 - 0x000007fefeece000 	C:\Windows\system32\LPK.dll
0x000007fefeb70000 - 0x000007fefec39000 	C:\Windows\system32\USP10.dll
0x000007fefb020000 - 0x000007fefb214000 	C:\Windows\WinSxS\amd64_microsoft.windows.common-controls_6595b64144ccf1df_6.0.7601.17514_none_fa396087175ac9ac\COMCTL32.dll
0x000007fefce40000 - 0x000007fefceb1000 	C:\Windows\system32\SHLWAPI.dll
0x000007fefcd90000 - 0x000007fefcdbe000 	C:\Windows\system32\IMM32.DLL
0x000007fefe4c0000 - 0x000007fefe5c9000 	C:\Windows\system32\MSCTF.dll
0x0000000072860000 - 0x0000000072932000 	C:\PROGRA~1\Java\JDK18~1.0_2\jre\bin\msvcr100.dll
0x000000006c880000 - 0x000000006d0da000 	C:\PROGRA~1\Java\JDK18~1.0_2\jre\bin\server\jvm.dll
0x000007fef7fa0000 - 0x000007fef7fa9000 	C:\Windows\system32\WSOCK32.dll
0x000007fefd0d0000 - 0x000007fefd11d000 	C:\Windows\system32\WS2_32.dll
0x000007fefd120000 - 0x000007fefd128000 	C:\Windows\system32\NSI.dll
0x000007fef7930000 - 0x000007fef796b000 	C:\Windows\system32\WINMM.dll
0x0000000077a70000 - 0x0000000077a77000 	C:\Windows\system32\PSAPI.DLL
0x00000000753f0000 - 0x00000000753ff000 	C:\PROGRA~1\Java\JDK18~1.0_2\jre\bin\verify.dll
0x0000000075360000 - 0x0000000075388000 	C:\PROGRA~1\Java\JDK18~1.0_2\jre\bin\java.dll
0x00000000753d0000 - 0x00000000753e6000 	C:\PROGRA~1\Java\JDK18~1.0_2\jre\bin\zip.dll
0x000007fefd150000 - 0x000007fefded8000 	C:\Windows\system32\SHELL32.dll
0x000007fefcec0000 - 0x000007fefd0c3000 	C:\Windows\system32\ole32.dll
0x000007fefc9e0000 - 0x000007fefc9ef000 	C:\Windows\system32\profapi.dll

VM Arguments:
jvm_args: -Xmx1024M -Xss1m -Djava.ext.dirs=C:\Users\Jason\Desktop\adt-bundle-windows-x86_64-20140702\sdk\build-tools\android-4.4W\lib 
java_command: C:\Users\Jason\Desktop\adt-bundle-windows-x86_64-20140702\sdk\build-tools\android-4.4W\lib\dx.jar --dex --output C:\Users\Jason\Documents\NetBeansProjects\Cordova_IslandFurniture\platforms\android\ant-build\classes.dex C:\Users\Jason\Documents\NetBeansProjects\Cordova_IslandFurniture\platforms\android\ant-build\classes C:\Users\Jason\Documents\NetBeansProjects\Cordova_IslandFurniture\platforms\android\ant-build\dexedLibs\classes-2ff5e7636124ab3b908208ed97e56026.jar
java_class_path (initial): C:\Users\Jason\Desktop\adt-bundle-windows-x86_64-20140702\sdk\build-tools\android-4.4W\lib\dx.jar
Launcher Type: SUN_STANDARD

Environment Variables:
JAVA_HOME=C:\Program Files\Java\jdk1.8.0_25
PATH=C:\ProgramData\Oracle\Java\javapath;C:\Program Files\Common Files\Microsoft Shared\Windows Live;C:\Program Files (x86)\Common Files\Microsoft Shared\Windows Live;C:\Windows\system32;C:\Windows;C:\Windows\System32\Wbem;C:\Windows\System32\WindowsPowerShell\v1.0;C:\Program Files (x86)\Intel\OpenCL SDK\2.0\bin\x86;C:\Program Files (x86)\Intel\OpenCL SDK\2.0\bin\x64;C:\Program Files (x86)\Windows Live\Shared;C:\Program Files\Microsoft SQL Server\110\Tools\Binn;C:\Program Files\nodejs;C:\Program Files (x86)\Git\cmd;C:\Program Files (x86)\SSH Communications Security\SSH Secure Shell;C:\Program Files\Java\jdk1.7.0_07\bin;C:\glassfish4\glassfish\bin;C:\Program Files (x86)\OpenVPN\bin;C:\Users\Jason\AppData\Roaming\npm;C:\Users\Jason\Desktop\adt-bundle-windows-x86_64-20140702\sdk\tools;C:\Users\Jason\Desktop\adt-bundle-windows-x86_64-20140702\sdk\platform-tools;C:\Program Files\Java\jdk1.8.0_25\bin;C:\NetBeans 8.0\extide\ant\bin
USERNAME=Jason
OS=Windows_NT
PROCESSOR_IDENTIFIER=Intel64 Family 6 Model 58 Stepping 9, GenuineIntel



---------------  S Y S T E M  ---------------

OS: Windows 7 , 64 bit Build 7601 Service Pack 1

CPU:total 4 (2 cores per cpu, 2 threads per core) family 6 model 58 stepping 9, cmov, cx8, fxsr, mmx, sse, sse2, sse3, ssse3, sse4.1, sse4.2, popcnt, avx, aes, clmul, erms, ht, tsc, tscinvbit, tscinv

Memory: 4k page, physical 4098764k(188140k free), swap 7393524k(5128k free)

vm_info: Java HotSpot(TM) 64-Bit Server VM (25.25-b02) for windows-amd64 JRE (1.8.0_25-b18), built on Oct  7 2014 14:25:37 by "java_re" with MS VC++ 10.0 (VS2010)

time: Fri Nov 07 01:16:11 2014
elapsed time: 1 seconds (0d 0h 0m 1s)

