#
# There is insufficient memory for the Java Runtime Environment to continue.
# Native memory allocation (malloc) failed to allocate 16777232 bytes for Chunk::new
# Possible reasons:
#   The system is out of physical RAM or swap space
#   In 32 bit mode, the process size limit was hit
# Possible solutions:
#   Reduce memory load on the system
#   Increase physical memory or swap space
#   Check if swap backing store is full
#   Use 64 bit Java on a 64 bit OS
#   Decrease Java heap size (-Xmx/-Xms)
#   Decrease number of Java threads
#   Decrease Java thread stack sizes (-Xss)
#   Set larger code cache with -XX:ReservedCodeCacheSize=
# This output file may be truncated or incomplete.
#
#  Out of Memory Error (allocation.cpp:390), pid=10924, tid=4076
#
# JRE version: Java(TM) SE Runtime Environment (8.0_25-b18) (build 1.8.0_25-b18)
# Java VM: Java HotSpot(TM) 64-Bit Server VM (25.25-b02 mixed mode windows-amd64 compressed oops)
# Failed to write core dump. Minidumps are not enabled by default on client versions of Windows
#

---------------  T H R E A D  ---------------

Current thread (0x0000000056451000):  JavaThread "C2 CompilerThread0" daemon [_thread_in_native, id=4076, stack(0x0000000056c70000,0x0000000056d70000)]

Stack: [0x0000000056c70000,0x0000000056d70000]
Native frames: (J=compiled Java code, j=interpreted, Vv=VM code, C=native code)
V  [jvm.dll+0x31667a]
V  [jvm.dll+0x267073]
V  [jvm.dll+0x267cb3]
V  [jvm.dll+0x25f5b5]
V  [jvm.dll+0xbf165]
V  [jvm.dll+0xbf60c]
V  [jvm.dll+0x40c68]
V  [jvm.dll+0x45f0b0]
V  [jvm.dll+0x45f36a]
V  [jvm.dll+0x46024f]
V  [jvm.dll+0x4625fa]
V  [jvm.dll+0x464745]
V  [jvm.dll+0x4650cc]
V  [jvm.dll+0x465413]
V  [jvm.dll+0x4522c3]
V  [jvm.dll+0x453864]
V  [jvm.dll+0x437372]
V  [jvm.dll+0x98a02]
V  [jvm.dll+0x991f3]
V  [jvm.dll+0x22bde4]
V  [jvm.dll+0x2852fa]
C  [msvcr100.dll+0x21d9f]
C  [msvcr100.dll+0x21e3b]
C  [kernel32.dll+0x159ed]
C  [ntdll.dll+0x2c541]


Current CompileTask:
C2:   7258 1816   !   4       com.android.dx.cf.code.Ropper::processBlock (1101 bytes)


---------------  P R O C E S S  ---------------

Java Threads: ( => current thread )
  0x00000000564ba000 JavaThread "Service Thread" daemon [_thread_blocked, id=10480, stack(0x00000000571f0000,0x00000000572f0000)]
  0x0000000056492000 JavaThread "C1 CompilerThread2" daemon [_thread_blocked, id=7980, stack(0x00000000570c0000,0x00000000571c0000)]
  0x000000005647d800 JavaThread "C2 CompilerThread1" daemon [_thread_in_native, id=5984, stack(0x0000000056e70000,0x0000000056f70000)]
=>0x0000000056451000 JavaThread "C2 CompilerThread0" daemon [_thread_in_native, id=4076, stack(0x0000000056c70000,0x0000000056d70000)]
  0x0000000056450800 JavaThread "Attach Listener" daemon [_thread_blocked, id=13008, stack(0x0000000056ac0000,0x0000000056bc0000)]
  0x0000000055065800 JavaThread "Signal Dispatcher" daemon [_thread_blocked, id=11092, stack(0x0000000056990000,0x0000000056a90000)]
  0x0000000055005800 JavaThread "Finalizer" daemon [_thread_blocked, id=4956, stack(0x0000000056350000,0x0000000056450000)]
  0x0000000054ffd000 JavaThread "Reference Handler" daemon [_thread_blocked, id=8292, stack(0x0000000056080000,0x0000000056180000)]
  0x000000000211e800 JavaThread "main" [_thread_in_Java, id=12972, stack(0x0000000002480000,0x0000000002580000)]

Other Threads:
  0x0000000054ff7800 VMThread [stack: 0x0000000056240000,0x0000000056340000] [id=5972]
  0x00000000564c5000 WatcherThread [stack: 0x0000000056d70000,0x0000000056e70000] [id=7844]

VM state:not at safepoint (normal execution)

VM Mutex/Monitor currently owned by a thread: None

Heap:
 PSYoungGen      total 35328K, used 1136K [0x00000000eab00000, 0x00000000ed000000, 0x0000000100000000)
  eden space 32768K, 3% used [0x00000000eab00000,0x00000000eac1c2d0,0x00000000ecb00000)
  from space 2560K, 0% used [0x00000000ecb00000,0x00000000ecb00000,0x00000000ecd80000)
  to   space 2560K, 0% used [0x00000000ecd80000,0x00000000ecd80000,0x00000000ed000000)
 ParOldGen       total 44032K, used 29688K [0x00000000c0000000, 0x00000000c2b00000, 0x00000000eab00000)
  object space 44032K, 67% used [0x00000000c0000000,0x00000000c1cfe120,0x00000000c2b00000)
 Metaspace       used 6401K, capacity 7344K, committed 7552K, reserved 1056768K
  class space    used 610K, capacity 616K, committed 640K, reserved 1048576K

Card table byte_map: [0x0000000011c10000,0x0000000011e20000] byte_map_base: 0x0000000011610000

Marking Bits: (ParMarkBitMap*) 0x000000006132d490
 Begin Bits: [0x0000000012470000, 0x0000000013470000)
 End Bits:   [0x0000000013470000, 0x0000000014470000)

Polling page: 0x0000000000230000

CodeCache: size=245760Kb used=9104Kb max_used=9104Kb free=236655Kb
 bounds [0x0000000002850000, 0x0000000003140000, 0x0000000011850000]
 total_blobs=2638 nmethods=2370 adapters=181
 compilation: enabled

Compilation events (10 events):
Event: 7.225 Thread 0x0000000056492000 2432       2       com.android.dx.util.ByteArrayAnnotatedOutput::write (9 bytes)
Event: 7.225 Thread 0x0000000056492000 nmethod 2432 0x000000000312bf10 code [0x000000000312c080, 0x000000000312c208]
Event: 7.225 Thread 0x0000000056492000 2433       2       com.android.dx.util.ByteArrayAnnotatedOutput::write (129 bytes)
Event: 7.226 Thread 0x0000000056492000 nmethod 2433 0x000000000312c2d0 code [0x000000000312c4c0, 0x000000000312cb08]
Event: 7.226 Thread 0x0000000056492000 2434       2       com.android.dx.dex.file.DebugInfoItem::writeTo0 (58 bytes)
Event: 7.228 Thread 0x0000000056492000 nmethod 2434 0x000000000312cfd0 code [0x000000000312d220, 0x000000000312db08]
Event: 7.228 Thread 0x0000000056492000 2435       1       com.android.dx.rop.annotation.Annotation::getVisibility (5 bytes)
Event: 7.228 Thread 0x0000000056492000 nmethod 2435 0x000000000312e410 code [0x000000000312e560, 0x000000000312e670]
Event: 7.228 Thread 0x0000000056492000 2436       2       com.android.dx.dex.file.ClassDataItem::writeTo0 (31 bytes)
Event: 7.228 Thread 0x0000000056492000 nmethod 2436 0x000000000312e6d0 code [0x000000000312e840, 0x000000000312ea78]

GC Heap History (10 events):
Event: 3.459 GC heap before
{Heap before GC invocations=12 (full 1):
 PSYoungGen      total 35328K, used 2556K [0x00000000eab00000, 0x00000000ed000000, 0x0000000100000000)
  eden space 32768K, 0% used [0x00000000eab00000,0x00000000eab00000,0x00000000ecb00000)
  from space 2560K, 99% used [0x00000000ecb00000,0x00000000ecd7f128,0x00000000ecd80000)
  to   space 2560K, 0% used [0x00000000ecd80000,0x00000000ecd80000,0x00000000ed000000)
 ParOldGen       total 44032K, used 41581K [0x00000000c0000000, 0x00000000c2b00000, 0x00000000eab00000)
  object space 44032K, 94% used [0x00000000c0000000,0x00000000c289b760,0x00000000c2b00000)
 Metaspace       used 5649K, capacity 6896K, committed 7040K, reserved 1056768K
  class space    used 556K, capacity 616K, committed 640K, reserved 1048576K
Event: 4.060 GC heap after
Heap after GC invocations=12 (full 1):
 PSYoungGen      total 35328K, used 0K [0x00000000eab00000, 0x00000000ed000000, 0x0000000100000000)
  eden space 32768K, 0% used [0x00000000eab00000,0x00000000eab00000,0x00000000ecb00000)
  from space 2560K, 0% used [0x00000000ecb00000,0x00000000ecb00000,0x00000000ecd80000)
  to   space 2560K, 0% used [0x00000000ecd80000,0x00000000ecd80000,0x00000000ed000000)
 ParOldGen       total 44032K, used 40247K [0x00000000c0000000, 0x00000000c2b00000, 0x00000000eab00000)
  object space 44032K, 91% used [0x00000000c0000000,0x00000000c274dc88,0x00000000c2b00000)
 Metaspace       used 5649K, capacity 6896K, committed 7040K, reserved 1056768K
  class space    used 556K, capacity 616K, committed 640K, reserved 1048576K
}
Event: 4.262 GC heap before
{Heap before GC invocations=13 (full 2):
 PSYoungGen      total 35328K, used 32768K [0x00000000eab00000, 0x00000000ed000000, 0x0000000100000000)
  eden space 32768K, 100% used [0x00000000eab00000,0x00000000ecb00000,0x00000000ecb00000)
  from space 2560K, 0% used [0x00000000ecb00000,0x00000000ecb00000,0x00000000ecd80000)
  to   space 2560K, 0% used [0x00000000ecd80000,0x00000000ecd80000,0x00000000ed000000)
 ParOldGen       total 44032K, used 40247K [0x00000000c0000000, 0x00000000c2b00000, 0x00000000eab00000)
  object space 44032K, 91% used [0x00000000c0000000,0x00000000c274dc88,0x00000000c2b00000)
 Metaspace       used 5653K, capacity 6896K, committed 7040K, reserved 1056768K
  class space    used 557K, capacity 616K, committed 640K, reserved 1048576K
Event: 4.760 GC heap after
Heap after GC invocations=13 (full 2):
 PSYoungGen      total 35328K, used 0K [0x00000000eab00000, 0x00000000ed000000, 0x0000000100000000)
  eden space 32768K, 0% used [0x00000000eab00000,0x00000000eab00000,0x00000000ecb00000)
  from space 2560K, 0% used [0x00000000ecb00000,0x00000000ecb00000,0x00000000ecd80000)
  to   space 2560K, 0% used [0x00000000ecd80000,0x00000000ecd80000,0x00000000ed000000)
 ParOldGen       total 44032K, used 43975K [0x00000000c0000000, 0x00000000c2b00000, 0x00000000eab00000)
  object space 44032K, 99% used [0x00000000c0000000,0x00000000c2af1c00,0x00000000c2b00000)
 Metaspace       used 5653K, capacity 6896K, committed 7040K, reserved 1056768K
  class space    used 557K, capacity 616K, committed 640K, reserved 1048576K
}
Event: 4.964 GC heap before
{Heap before GC invocations=14 (full 3):
 PSYoungGen      total 35328K, used 32768K [0x00000000eab00000, 0x00000000ed000000, 0x0000000100000000)
  eden space 32768K, 100% used [0x00000000eab00000,0x00000000ecb00000,0x00000000ecb00000)
  from space 2560K, 0% used [0x00000000ecb00000,0x00000000ecb00000,0x00000000ecd80000)
  to   space 2560K, 0% used [0x00000000ecd80000,0x00000000ecd80000,0x00000000ed000000)
 ParOldGen       total 44032K, used 43975K [0x00000000c0000000, 0x00000000c2b00000, 0x00000000eab00000)
  object space 44032K, 99% used [0x00000000c0000000,0x00000000c2af1c00,0x00000000c2b00000)
 Metaspace       used 5668K, capacity 6896K, committed 7040K, reserved 1056768K
  class space    used 557K, capacity 616K, committed 640K, reserved 1048576K
Event: 5.438 GC heap after
Heap after GC invocations=14 (full 3):
 PSYoungGen      total 35328K, used 6857K [0x00000000eab00000, 0x00000000ed000000, 0x0000000100000000)
  eden space 32768K, 20% used [0x00000000eab00000,0x00000000eb1b24f8,0x00000000ecb00000)
  from space 2560K, 0% used [0x00000000ecb00000,0x00000000ecb00000,0x00000000ecd80000)
  to   space 2560K, 0% used [0x00000000ecd80000,0x00000000ecd80000,0x00000000ed000000)
 ParOldGen       total 44032K, used 43975K [0x00000000c0000000, 0x00000000c2b00000, 0x00000000eab00000)
  object space 44032K, 99% used [0x00000000c0000000,0x00000000c2af1e88,0x00000000c2b00000)
 Metaspace       used 5668K, capacity 6896K, committed 7040K, reserved 1056768K
  class space    used 557K, capacity 616K, committed 640K, reserved 1048576K
}
Event: 5.588 GC heap before
{Heap before GC invocations=15 (full 4):
 PSYoungGen      total 35328K, used 32768K [0x00000000eab00000, 0x00000000ed000000, 0x0000000100000000)
  eden space 32768K, 100% used [0x00000000eab00000,0x00000000ecb00000,0x00000000ecb00000)
  from space 2560K, 0% used [0x00000000ecb00000,0x00000000ecb00000,0x00000000ecd80000)
  to   space 2560K, 0% used [0x00000000ecd80000,0x00000000ecd80000,0x00000000ed000000)
 ParOldGen       total 44032K, used 43975K [0x00000000c0000000, 0x00000000c2b00000, 0x00000000eab00000)
  object space 44032K, 99% used [0x00000000c0000000,0x00000000c2af1e88,0x00000000c2b00000)
 Metaspace       used 5670K, capacity 6896K, committed 7040K, reserved 1056768K
  class space    used 557K, capacity 616K, committed 640K, reserved 1048576K
Event: 5.910 GC heap after
Heap after GC invocations=15 (full 4):
 PSYoungGen      total 35328K, used 5866K [0x00000000eab00000, 0x00000000ed000000, 0x0000000100000000)
  eden space 32768K, 17% used [0x00000000eab00000,0x00000000eb0ba828,0x00000000ecb00000)
  from space 2560K, 0% used [0x00000000ecb00000,0x00000000ecb00000,0x00000000ecd80000)
  to   space 2560K, 0% used [0x00000000ecd80000,0x00000000ecd80000,0x00000000ed000000)
 ParOldGen       total 44032K, used 43958K [0x00000000c0000000, 0x00000000c2b00000, 0x00000000eab00000)
  object space 44032K, 99% used [0x00000000c0000000,0x00000000c2aed918,0x00000000c2b00000)
 Metaspace       used 5670K, capacity 6896K, committed 7040K, reserved 1056768K
  class space    used 557K, capacity 616K, committed 640K, reserved 1048576K
}
Event: 6.641 GC heap before
{Heap before GC invocations=16 (full 5):
 PSYoungGen      total 35328K, used 32329K [0x00000000eab00000, 0x00000000ed000000, 0x0000000100000000)
  eden space 32768K, 98% used [0x00000000eab00000,0x00000000eca92460,0x00000000ecb00000)
  from space 2560K, 0% used [0x00000000ecb00000,0x00000000ecb00000,0x00000000ecd80000)
  to   space 2560K, 0% used [0x00000000ecd80000,0x00000000ecd80000,0x00000000ed000000)
 ParOldGen       total 44032K, used 43958K [0x00000000c0000000, 0x00000000c2b00000, 0x00000000eab00000)
  object space 44032K, 99% used [0x00000000c0000000,0x00000000c2aed918,0x00000000c2b00000)
 Metaspace       used 6075K, capacity 7216K, committed 7296K, reserved 1056768K
  class space    used 581K, capacity 616K, committed 640K, reserved 1048576K
Event: 7.084 GC heap after
Heap after GC invocations=16 (full 5):
 PSYoungGen      total 35328K, used 0K [0x00000000eab00000, 0x00000000ed000000, 0x0000000100000000)
  eden space 32768K, 0% used [0x00000000eab00000,0x00000000eab00000,0x00000000ecb00000)
  from space 2560K, 0% used [0x00000000ecb00000,0x00000000ecb00000,0x00000000ecd80000)
  to   space 2560K, 0% used [0x00000000ecd80000,0x00000000ecd80000,0x00000000ed000000)
 ParOldGen       total 44032K, used 29688K [0x00000000c0000000, 0x00000000c2b00000, 0x00000000eab00000)
  object space 44032K, 67% used [0x00000000c0000000,0x00000000c1cfe120,0x00000000c2b00000)
 Metaspace       used 6075K, capacity 7216K, committed 7296K, reserved 1056768K
  class space    used 581K, capacity 616K, committed 640K, reserved 1048576K
}

Deoptimization events (10 events):
Event: 5.483 Thread 0x000000000211e800 Uncommon trap: reason=class_check action=maybe_recompile pc=0x0000000002f31e88 method=com.android.dx.cf.code.RopperMachine.run(Lcom/android/dx/cf/code/Frame;II)V @ 310
Event: 5.962 Thread 0x000000000211e800 Uncommon trap: reason=class_check action=maybe_recompile pc=0x0000000002e699d4 method=java.util.Arrays.hashCode([Ljava/lang/Object;)I @ 43
Event: 5.962 Thread 0x000000000211e800 Uncommon trap: reason=class_check action=maybe_recompile pc=0x0000000002e699d4 method=java.util.Arrays.hashCode([Ljava/lang/Object;)I @ 43
Event: 5.962 Thread 0x000000000211e800 Uncommon trap: reason=class_check action=maybe_recompile pc=0x0000000002e699d4 method=java.util.Arrays.hashCode([Ljava/lang/Object;)I @ 43
Event: 5.962 Thread 0x000000000211e800 Uncommon trap: reason=class_check action=maybe_recompile pc=0x0000000002e699d4 method=java.util.Arrays.hashCode([Ljava/lang/Object;)I @ 43
Event: 5.962 Thread 0x000000000211e800 Uncommon trap: reason=class_check action=maybe_recompile pc=0x0000000002c95d48 method=java.util.Arrays.hashCode([Ljava/lang/Object;)I @ 43
Event: 6.140 Thread 0x000000000211e800 Uncommon trap: reason=speculate_class_check action=maybe_recompile pc=0x0000000002babb10 method=com.android.dx.util.FixedSizeList.equals(Ljava/lang/Object;)Z @ 25
Event: 6.140 Thread 0x000000000211e800 Uncommon trap: reason=speculate_class_check action=maybe_recompile pc=0x0000000002babb10 method=com.android.dx.util.FixedSizeList.equals(Ljava/lang/Object;)Z @ 25
Event: 6.147 Thread 0x000000000211e800 Uncommon trap: reason=speculate_class_check action=maybe_recompile pc=0x0000000002babb10 method=com.android.dx.util.FixedSizeList.equals(Ljava/lang/Object;)Z @ 25
Event: 6.147 Thread 0x000000000211e800 Uncommon trap: reason=speculate_class_check action=maybe_recompile pc=0x0000000002babb10 method=com.android.dx.util.FixedSizeList.equals(Ljava/lang/Object;)Z @ 25

Internal exceptions (7 events):
Event: 0.037 Thread 0x000000000211e800 Exception <a 'java/lang/NoSuchMethodError': Method sun.misc.Unsafe.defineClass(Ljava/lang/String;[BII)Ljava/lang/Class; name or signature does not match> (0x00000000eab0cae0) thrown at [D:\re\workspace\8-2-build-windows-amd64-cygwin\jdk8u25\1677\hotspot\srpadGkè¢?
Event: 0.037 Thread 0x000000000211e800 Exception <a 'java/lang/NoSuchMethodError': Method sun.misc.Unsafe.prefetchRead(Ljava/lang/Object;J)V name or signature does not match> (0x00000000eab0cd70) thrown at [D:\re\workspace\8-2-build-windows-amd64-cygwin\jdk8u25\1677\hotspot\src\share\vm\prims\j9X‡Ž=ê?
Event: 0.820 Thread 0x000000000211e800 Implicit null exception at 0x0000000002b8ff92 to 0x0000000002b90082
Event: 0.958 Thread 0x000000000211e800 Implicit null exception at 0x0000000002c566e2 to 0x0000000002c57b51
Event: 2.035 Thread 0x000000000211e800 Exception <a 'java/lang/ArrayIndexOutOfBoundsException': 18> (0x00000000ec9b2af8) thrown at [D:\re\workspace\8-2-build-windows-amd64-cygwin\jdk8u25\1677\hotspot\src\share\vm\interpreter\interpreterRuntime.cpp, line 366]
Event: 2.036 Thread 0x000000000211e800 Exception <a 'java/lang/ArrayIndexOutOfBoundsException': 145> (0x00000000ec9b4590) thrown at [D:\re\workspace\8-2-build-windows-amd64-cygwin\jdk8u25\1677\hotspot\src\share\vm\interpreter\interpreterRuntime.cpp, line 366]
Event: 2.037 Thread 0x000000000211e800 Exception <a 'java/lang/ArrayIndexOutOfBoundsException'> (0x00000000ec9b57a8) thrown at [D:\re\workspace\8-2-build-windows-amd64-cygwin\jdk8u25\1677\hotspot\src\share\vm\runtime\sharedRuntime.cpp, line 604]

Events (10 events):
Event: 7.228 loading class java/security/MessageDigest
Event: 7.228 loading class java/security/MessageDigestSpi
Event: 7.228 loading class java/security/MessageDigestSpi done
Event: 7.228 loading class java/security/MessageDigest done
Event: 7.228 loading class java/security/Security
Event: 7.229 loading class java/security/Security done
Event: 7.229 loading class java/security/Security$1
Event: 7.229 loading class java/security/Security$1 done
Event: 7.229 loading class java/util/Properties$LineReader
Event: 7.229 loading class java/util/Properties$LineReader done


Dynamic libraries:
0x000000013f050000 - 0x000000013f084000 	C:\PROGRA~1\Java\JDK18~1.0_2\bin\java.exe
0x0000000077020000 - 0x00000000771c9000 	C:\Windows\SYSTEM32\ntdll.dll
0x0000000076e00000 - 0x0000000076f1f000 	C:\Windows\system32\kernel32.dll
0x000007fefc410000 - 0x000007fefc47c000 	C:\Windows\system32\KERNELBASE.dll
0x000007fefe1b0000 - 0x000007fefe28b000 	C:\Windows\system32\ADVAPI32.dll
0x000007fefe470000 - 0x000007fefe50f000 	C:\Windows\system32\msvcrt.dll
0x000007fefce50000 - 0x000007fefce6f000 	C:\Windows\SYSTEM32\sechost.dll
0x000007fefe510000 - 0x000007fefe63d000 	C:\Windows\system32\RPCRT4.dll
0x0000000076f20000 - 0x000000007701a000 	C:\Windows\system32\USER32.dll
0x000007fefc990000 - 0x000007fefc9f7000 	C:\Windows\system32\GDI32.dll
0x000007fefe410000 - 0x000007fefe41e000 	C:\Windows\system32\LPK.dll
0x000007fefce70000 - 0x000007fefcf39000 	C:\Windows\system32\USP10.dll
0x000007fefa610000 - 0x000007fefa804000 	C:\Windows\WinSxS\amd64_microsoft.windows.common-controls_6595b64144ccf1df_6.0.7601.17514_none_fa396087175ac9ac\COMCTL32.dll
0x000007fefc5a0000 - 0x000007fefc611000 	C:\Windows\system32\SHLWAPI.dll
0x000007fefe180000 - 0x000007fefe1ae000 	C:\Windows\system32\IMM32.DLL
0x000007fefc880000 - 0x000007fefc989000 	C:\Windows\system32\MSCTF.dll
0x00000000688a0000 - 0x0000000068972000 	C:\PROGRA~1\Java\JDK18~1.0_2\jre\bin\msvcr100.dll
0x0000000060b50000 - 0x00000000613aa000 	C:\PROGRA~1\Java\JDK18~1.0_2\jre\bin\server\jvm.dll
0x000007fef8bb0000 - 0x000007fef8bb9000 	C:\Windows\system32\WSOCK32.dll
0x000007fefe420000 - 0x000007fefe46d000 	C:\Windows\system32\WS2_32.dll
0x000007fefcf40000 - 0x000007fefcf48000 	C:\Windows\system32\NSI.dll
0x000007fef6710000 - 0x000007fef674b000 	C:\Windows\system32\WINMM.dll
0x00000000771f0000 - 0x00000000771f7000 	C:\Windows\system32\PSAPI.DLL
0x0000000069910000 - 0x000000006991f000 	C:\PROGRA~1\Java\JDK18~1.0_2\jre\bin\verify.dll
0x00000000698e0000 - 0x0000000069908000 	C:\PROGRA~1\Java\JDK18~1.0_2\jre\bin\java.dll
0x0000000069800000 - 0x0000000069816000 	C:\PROGRA~1\Java\JDK18~1.0_2\jre\bin\zip.dll
0x000007fefd3f0000 - 0x000007fefe178000 	C:\Windows\system32\SHELL32.dll
0x000007fefca00000 - 0x000007fefcc03000 	C:\Windows\system32\ole32.dll
0x000007fefc140000 - 0x000007fefc14f000 	C:\Windows\system32\profapi.dll
0x000007fef80f0000 - 0x000007fef8215000 	C:\Windows\system32\dbghelp.dll

VM Arguments:
jvm_args: -Xmx1024M -Xss1m -Djava.ext.dirs=C:\Users\Jason\Desktop\adt-bundle-windows-x86_64-20140702\sdk\build-tools\android-4.4W\lib 
java_command: C:\Users\Jason\Desktop\adt-bundle-windows-x86_64-20140702\sdk\build-tools\android-4.4W\lib\dx.jar --dex --output C:\Users\Jason\Documents\NetBeansProjects\CordovaTest\platforms\android\ant-build\dexedLibs\com.google.zxing.client.android.captureactivity-501cceccfb2f6a9f127eb763f7bd97b2.jar C:\Users\Jason\Documents\NetBeansProjects\CordovaTest\platforms\android\libs\com.google.zxing.client.android.captureactivity.jar
java_class_path (initial): C:\Users\Jason\Desktop\adt-bundle-windows-x86_64-20140702\sdk\build-tools\android-4.4W\lib\dx.jar
Launcher Type: SUN_STANDARD

Environment Variables:
JAVA_HOME=C:\Program Files\Java\jdk1.8.0_25
PATH=C:\ProgramData\Oracle\Java\javapath;C:\Program Files\Common Files\Microsoft Shared\Windows Live;C:\Program Files (x86)\Common Files\Microsoft Shared\Windows Live;C:\Windows\system32;C:\Windows;C:\Windows\System32\Wbem;C:\Windows\System32\WindowsPowerShell\v1.0;C:\Program Files (x86)\Intel\OpenCL SDK\2.0\bin\x86;C:\Program Files (x86)\Intel\OpenCL SDK\2.0\bin\x64;C:\Program Files (x86)\Windows Live\Shared;C:\Program Files\Microsoft SQL Server\110\Tools\Binn;C:\Program Files\nodejs;C:\Program Files (x86)\Git\cmd;C:\Program Files (x86)\SSH Communications Security\SSH Secure Shell;C:\Program Files\Java\jdk1.7.0_07\bin;C:\glassfish4\glassfish\bin;C:\Program Files (x86)\OpenVPN\bin;C:\Users\Jason\AppData\Roaming\npm;C:\Users\Jason\Desktop\adt-bundle-windows-x86_64-20140702\sdk\tools;C:\Users\Jason\Desktop\adt-bundle-windows-x86_64-20140702\sdk\platform-tools;C:\Program Files\Java\jdk1.8.0_25\bin;C:\NetBeans 8.0\extide\ant\bin
USERNAME=Jason
OS=Windows_NT
PROCESSOR_IDENTIFIER=Intel64 Family 6 Model 58 Stepping 9, GenuineIntel



---------------  S Y S T E M  ---------------

OS: Windows 7 , 64 bit Build 7601 Service Pack 1

CPU:total 4 (2 cores per cpu, 2 threads per core) family 6 model 58 stepping 9, cmov, cx8, fxsr, mmx, sse, sse2, sse3, ssse3, sse4.1, sse4.2, popcnt, avx, aes, clmul, erms, ht, tsc, tscinvbit, tscinv

Memory: 4k page, physical 4098764k(282044k free), swap 6960956k(5576k free)

vm_info: Java HotSpot(TM) 64-Bit Server VM (25.25-b02) for windows-amd64 JRE (1.8.0_25-b18), built on Oct  7 2014 14:25:37 by "java_re" with MS VC++ 10.0 (VS2010)

time: Sat Nov 01 16:47:25 2014
elapsed time: 7 seconds (0d 0h 0m 7s)

