#
# There is insufficient memory for the Java Runtime Environment to continue.
# Native memory allocation (malloc) failed to allocate 269040 bytes for Chunk::new
# Possible reasons:
#   The system is out of physical RAM or swap space
#   In 32 bit mode, the process size limit was hit
# Possible solutions:
#   Reduce memory load on the system
#   Increase physical memory or swap space
#   Check if swap backing store is full
#   Use 64 bit Java on a 64 bit OS
#   Decrease Java heap size (-Xmx/-Xms)
#   Decrease number of Java threads
#   Decrease Java thread stack sizes (-Xss)
#   Set larger code cache with -XX:ReservedCodeCacheSize=
# This output file may be truncated or incomplete.
#
#  Out of Memory Error (allocation.cpp:390), pid=13008, tid=11600
#
# JRE version: Java(TM) SE Runtime Environment (8.0_25-b18) (build 1.8.0_25-b18)
# Java VM: Java HotSpot(TM) 64-Bit Server VM (25.25-b02 mixed mode windows-amd64 compressed oops)
# Failed to write core dump. Minidumps are not enabled by default on client versions of Windows
#

---------------  T H R E A D  ---------------

Current thread (0x0000000056521000):  JavaThread "C2 CompilerThread0" daemon [_thread_in_native, id=11600, stack(0x0000000056aa0000,0x0000000056ba0000)]

Stack: [0x0000000056aa0000,0x0000000056ba0000]
Native frames: (J=compiled Java code, j=interpreted, Vv=VM code, C=native code)
V  [jvm.dll+0x31667a]


Current CompileTask:
C2:   6133 2420 %     4       com.android.dx.dex.code.DalvInsnList::getOutsSize @ 9 (105 bytes)


---------------  P R O C E S S  ---------------

Java Threads: ( => current thread )
  0x0000000056594800 JavaThread "Service Thread" daemon [_thread_blocked, id=7396, stack(0x0000000057120000,0x0000000057220000)]
  0x0000000056529800 JavaThread "C1 CompilerThread2" daemon [_thread_blocked, id=11776, stack(0x0000000056f40000,0x0000000057040000)]
  0x0000000056526800 JavaThread "C2 CompilerThread1" daemon [_thread_in_native, id=10344, stack(0x0000000056e40000,0x0000000056f40000)]
=>0x0000000056521000 JavaThread "C2 CompilerThread0" daemon [_thread_in_native, id=11600, stack(0x0000000056aa0000,0x0000000056ba0000)]
  0x0000000056520800 JavaThread "Attach Listener" daemon [_thread_blocked, id=8040, stack(0x0000000056bb0000,0x0000000056cb0000)]
  0x0000000055145800 JavaThread "Signal Dispatcher" daemon [_thread_blocked, id=9540, stack(0x0000000056920000,0x0000000056a20000)]
  0x00000000550e5800 JavaThread "Finalizer" daemon [_thread_blocked, id=2356, stack(0x0000000056420000,0x0000000056520000)]
  0x00000000550dd000 JavaThread "Reference Handler" daemon [_thread_blocked, id=9012, stack(0x0000000056250000,0x0000000056350000)]
  0x000000000226e800 JavaThread "main" [_thread_in_native, id=13000, stack(0x00000000022d0000,0x00000000023d0000)]

Other Threads:
  0x00000000550d7800 VMThread [stack: 0x0000000056100000,0x0000000056200000] [id=12148]
  0x000000005659f800 WatcherThread [stack: 0x0000000057220000,0x0000000057320000] [id=4876]

VM state:not at safepoint (normal execution)

VM Mutex/Monitor currently owned by a thread: None

Heap:
 PSYoungGen      total 142336K, used 36792K [0x00000000eab00000, 0x00000000f9f00000, 0x0000000100000000)
  eden space 125952K, 24% used [0x00000000eab00000,0x00000000ec8f8660,0x00000000f2600000)
  from space 16384K, 37% used [0x00000000f2600000,0x00000000f2bf5c98,0x00000000f3600000)
  to   space 24064K, 0% used [0x00000000f8780000,0x00000000f8780000,0x00000000f9f00000)
 ParOldGen       total 44032K, used 44020K [0x00000000c0000000, 0x00000000c2b00000, 0x00000000eab00000)
  object space 44032K, 99% used [0x00000000c0000000,0x00000000c2afd3b8,0x00000000c2b00000)
 Metaspace       used 6472K, capacity 7352K, committed 7552K, reserved 1056768K
  class space    used 618K, capacity 624K, committed 640K, reserved 1048576K

Card table byte_map: [0x0000000011b70000,0x0000000011d80000] byte_map_base: 0x0000000011570000

Marking Bits: (ParMarkBitMap*) 0x000000006132d490
 Begin Bits: [0x0000000012550000, 0x0000000013550000)
 End Bits:   [0x0000000013550000, 0x0000000014550000)

Polling page: 0x00000000001c0000

CodeCache: size=245760Kb used=9435Kb max_used=9435Kb free=236324Kb
 bounds [0x00000000027b0000, 0x00000000030f0000, 0x00000000117b0000]
 total_blobs=2688 nmethods=2419 adapters=182
 compilation: enabled

Compilation events (10 events):
Event: 6.102 Thread 0x0000000056529800 2456       1       java.util.zip.ZStreamRef::address (5 bytes)
Event: 6.102 Thread 0x0000000056529800 nmethod 2456 0x00000000030eb390 code [0x00000000030eb4e0, 0x00000000030eb5f0]
Event: 6.125 Thread 0x0000000056529800 2457       2       java.util.zip.Deflater::ensureOpen (47 bytes)
Event: 6.125 Thread 0x0000000056529800 nmethod 2457 0x00000000030eb650 code [0x00000000030eb7c0, 0x00000000030eb9c8]
Event: 6.125 Thread 0x0000000056529800 2458       2       java.io.FileOutputStream::write (12 bytes)
Event: 6.126 Thread 0x0000000056529800 nmethod 2458 0x00000000030eba90 code [0x00000000030ebc00, 0x00000000030ebd68]
Event: 6.126 Thread 0x0000000056529800 2460       2       java.util.zip.Deflater::needsInput (13 bytes)
Event: 6.126 Thread 0x0000000056529800 nmethod 2460 0x00000000030ec190 code [0x00000000030ec2e0, 0x00000000030ec450]
Event: 6.126 Thread 0x0000000056529800 2461       2       java.util.zip.DeflaterOutputStream::deflate (36 bytes)
Event: 6.126 Thread 0x0000000056529800 nmethod 2461 0x00000000030ec4d0 code [0x00000000030ec640, 0x00000000030ec818]

GC Heap History (10 events):
Event: 2.032 GC heap before
{Heap before GC invocations=6 (full 0):
 PSYoungGen      total 35328K, used 35321K [0x00000000eab00000, 0x00000000ef900000, 0x0000000100000000)
  eden space 32768K, 100% used [0x00000000eab00000,0x00000000ecb00000,0x00000000ecb00000)
  from space 2560K, 99% used [0x00000000ecb00000,0x00000000ecd7e660,0x00000000ecd80000)
  to   space 7168K, 0% used [0x00000000ef200000,0x00000000ef200000,0x00000000ef900000)
 ParOldGen       total 44032K, used 13177K [0x00000000c0000000, 0x00000000c2b00000, 0x00000000eab00000)
  object space 44032K, 29% used [0x00000000c0000000,0x00000000c0cde468,0x00000000c2b00000)
 Metaspace       used 5584K, capacity 6832K, committed 7040K, reserved 1056768K
  class space    used 556K, capacity 616K, committed 640K, reserved 1048576K
Event: 2.058 GC heap after
Heap after GC invocations=6 (full 0):
 PSYoungGen      total 71680K, used 7145K [0x00000000eab00000, 0x00000000efb00000, 0x0000000100000000)
  eden space 64512K, 0% used [0x00000000eab00000,0x00000000eab00000,0x00000000eea00000)
  from space 7168K, 99% used [0x00000000ef200000,0x00000000ef8fa670,0x00000000ef900000)
  to   space 8192K, 0% used [0x00000000eea00000,0x00000000eea00000,0x00000000ef200000)
 ParOldGen       total 44032K, used 13342K [0x00000000c0000000, 0x00000000c2b00000, 0x00000000eab00000)
  object space 44032K, 30% used [0x00000000c0000000,0x00000000c0d07858,0x00000000c2b00000)
 Metaspace       used 5584K, capacity 6832K, committed 7040K, reserved 1056768K
  class space    used 556K, capacity 616K, committed 640K, reserved 1048576K
}
Event: 2.747 GC heap before
{Heap before GC invocations=7 (full 0):
 PSYoungGen      total 71680K, used 71657K [0x00000000eab00000, 0x00000000efb00000, 0x0000000100000000)
  eden space 64512K, 100% used [0x00000000eab00000,0x00000000eea00000,0x00000000eea00000)
  from space 7168K, 99% used [0x00000000ef200000,0x00000000ef8fa670,0x00000000ef900000)
  to   space 8192K, 0% used [0x00000000eea00000,0x00000000eea00000,0x00000000ef200000)
 ParOldGen       total 44032K, used 13342K [0x00000000c0000000, 0x00000000c2b00000, 0x00000000eab00000)
  object space 44032K, 30% used [0x00000000c0000000,0x00000000c0d07858,0x00000000c2b00000)
 Metaspace       used 5596K, capacity 6832K, committed 7040K, reserved 1056768K
  class space    used 556K, capacity 616K, committed 640K, reserved 1048576K
Event: 2.800 GC heap after
Heap after GC invocations=7 (full 0):
 PSYoungGen      total 72704K, used 8185K [0x00000000eab00000, 0x00000000f4300000, 0x0000000100000000)
  eden space 64512K, 0% used [0x00000000eab00000,0x00000000eab00000,0x00000000eea00000)
  from space 8192K, 99% used [0x00000000eea00000,0x00000000ef1fe660,0x00000000ef200000)
  to   space 13312K, 0% used [0x00000000f3600000,0x00000000f3600000,0x00000000f4300000)
 ParOldGen       total 44032K, used 21218K [0x00000000c0000000, 0x00000000c2b00000, 0x00000000eab00000)
  object space 44032K, 48% used [0x00000000c0000000,0x00000000c14b8938,0x00000000c2b00000)
 Metaspace       used 5596K, capacity 6832K, committed 7040K, reserved 1056768K
  class space    used 556K, capacity 616K, committed 640K, reserved 1048576K
}
Event: 3.442 GC heap before
{Heap before GC invocations=8 (full 0):
 PSYoungGen      total 72704K, used 72697K [0x00000000eab00000, 0x00000000f4300000, 0x0000000100000000)
  eden space 64512K, 100% used [0x00000000eab00000,0x00000000eea00000,0x00000000eea00000)
  from space 8192K, 99% used [0x00000000eea00000,0x00000000ef1fe660,0x00000000ef200000)
  to   space 13312K, 0% used [0x00000000f3600000,0x00000000f3600000,0x00000000f4300000)
 ParOldGen       total 44032K, used 21218K [0x00000000c0000000, 0x00000000c2b00000, 0x00000000eab00000)
  object space 44032K, 48% used [0x00000000c0000000,0x00000000c14b8938,0x00000000c2b00000)
 Metaspace       used 5653K, capacity 6896K, committed 7040K, reserved 1056768K
  class space    used 556K, capacity 616K, committed 640K, reserved 1048576K
Event: 3.466 GC heap after
Heap after GC invocations=8 (full 0):
 PSYoungGen      total 139264K, used 13306K [0x00000000eab00000, 0x00000000f4900000, 0x0000000100000000)
  eden space 125952K, 0% used [0x00000000eab00000,0x00000000eab00000,0x00000000f2600000)
  from space 13312K, 99% used [0x00000000f3600000,0x00000000f42fe9e0,0x00000000f4300000)
  to   space 16384K, 0% used [0x00000000f2600000,0x00000000f2600000,0x00000000f3600000)
 ParOldGen       total 44032K, used 24182K [0x00000000c0000000, 0x00000000c2b00000, 0x00000000eab00000)
  object space 44032K, 54% used [0x00000000c0000000,0x00000000c179d960,0x00000000c2b00000)
 Metaspace       used 5653K, capacity 6896K, committed 7040K, reserved 1056768K
  class space    used 556K, capacity 616K, committed 640K, reserved 1048576K
}
Event: 4.554 GC heap before
{Heap before GC invocations=9 (full 0):
 PSYoungGen      total 139264K, used 139258K [0x00000000eab00000, 0x00000000f4900000, 0x0000000100000000)
  eden space 125952K, 100% used [0x00000000eab00000,0x00000000f2600000,0x00000000f2600000)
  from space 13312K, 99% used [0x00000000f3600000,0x00000000f42fe9e0,0x00000000f4300000)
  to   space 16384K, 0% used [0x00000000f2600000,0x00000000f2600000,0x00000000f3600000)
 ParOldGen       total 44032K, used 24182K [0x00000000c0000000, 0x00000000c2b00000, 0x00000000eab00000)
  object space 44032K, 54% used [0x00000000c0000000,0x00000000c179d960,0x00000000c2b00000)
 Metaspace       used 5679K, capacity 6896K, committed 7040K, reserved 1056768K
  class space    used 557K, capacity 616K, committed 640K, reserved 1048576K
Event: 4.644 GC heap after
Heap after GC invocations=9 (full 0):
 PSYoungGen      total 142336K, used 16363K [0x00000000eab00000, 0x00000000f9f00000, 0x0000000100000000)
  eden space 125952K, 0% used [0x00000000eab00000,0x00000000eab00000,0x00000000f2600000)
  from space 16384K, 99% used [0x00000000f2600000,0x00000000f35faf70,0x00000000f3600000)
  to   space 24064K, 0% used [0x00000000f8780000,0x00000000f8780000,0x00000000f9f00000)
 ParOldGen       total 44032K, used 36724K [0x00000000c0000000, 0x00000000c2b00000, 0x00000000eab00000)
  object space 44032K, 83% used [0x00000000c0000000,0x00000000c23dd068,0x00000000c2b00000)
 Metaspace       used 5679K, capacity 6896K, committed 7040K, reserved 1056768K
  class space    used 557K, capacity 616K, committed 640K, reserved 1048576K
}
Event: 4.644 GC heap before
{Heap before GC invocations=10 (full 1):
 PSYoungGen      total 142336K, used 16363K [0x00000000eab00000, 0x00000000f9f00000, 0x0000000100000000)
  eden space 125952K, 0% used [0x00000000eab00000,0x00000000eab00000,0x00000000f2600000)
  from space 16384K, 99% used [0x00000000f2600000,0x00000000f35faf70,0x00000000f3600000)
  to   space 24064K, 0% used [0x00000000f8780000,0x00000000f8780000,0x00000000f9f00000)
 ParOldGen       total 44032K, used 36724K [0x00000000c0000000, 0x00000000c2b00000, 0x00000000eab00000)
  object space 44032K, 83% used [0x00000000c0000000,0x00000000c23dd068,0x00000000c2b00000)
 Metaspace       used 5679K, capacity 6896K, committed 7040K, reserved 1056768K
  class space    used 557K, capacity 616K, committed 640K, reserved 1048576K
Event: 5.072 GC heap after
Heap after GC invocations=10 (full 1):
 PSYoungGen      total 142336K, used 6103K [0x00000000eab00000, 0x00000000f9f00000, 0x0000000100000000)
  eden space 125952K, 0% used [0x00000000eab00000,0x00000000eab00000,0x00000000f2600000)
  from space 16384K, 37% used [0x00000000f2600000,0x00000000f2bf5c98,0x00000000f3600000)
  to   space 24064K, 0% used [0x00000000f8780000,0x00000000f8780000,0x00000000f9f00000)
 ParOldGen       total 44032K, used 44020K [0x00000000c0000000, 0x00000000c2b00000, 0x00000000eab00000)
  object space 44032K, 99% used [0x00000000c0000000,0x00000000c2afd3b8,0x00000000c2b00000)
 Metaspace       used 5679K, capacity 6896K, committed 7040K, reserved 1056768K
  class space    used 557K, capacity 616K, committed 640K, reserved 1048576K
}

Deoptimization events (10 events):
Event: 5.148 Thread 0x000000000226e800 Uncommon trap: reason=class_check action=maybe_recompile pc=0x0000000002d14a14 method=java.util.Arrays.hashCode([Ljava/lang/Object;)I @ 43
Event: 5.148 Thread 0x000000000226e800 Uncommon trap: reason=class_check action=maybe_recompile pc=0x0000000002d0c6c8 method=java.util.Arrays.hashCode([Ljava/lang/Object;)I @ 43
Event: 5.382 Thread 0x000000000226e800 Uncommon trap: reason=speculate_class_check action=maybe_recompile pc=0x0000000002b0b21c method=com.android.dx.util.FixedSizeList.equals(Ljava/lang/Object;)Z @ 25
Event: 5.382 Thread 0x000000000226e800 Uncommon trap: reason=speculate_class_check action=maybe_recompile pc=0x0000000002b0b21c method=com.android.dx.util.FixedSizeList.equals(Ljava/lang/Object;)Z @ 25
Event: 5.427 Thread 0x000000000226e800 Uncommon trap: reason=speculate_class_check action=maybe_recompile pc=0x0000000002b0b21c method=com.android.dx.util.FixedSizeList.equals(Ljava/lang/Object;)Z @ 25
Event: 5.427 Thread 0x000000000226e800 Uncommon trap: reason=speculate_class_check action=maybe_recompile pc=0x0000000002b0b21c method=com.android.dx.util.FixedSizeList.equals(Ljava/lang/Object;)Z @ 25
Event: 6.053 Thread 0x000000000226e800 Uncommon trap: reason=unreached action=reinterpret pc=0x0000000002ad8fcc method=java.util.Arrays.copyOf([Ljava/lang/Object;ILjava/lang/Class;)[Ljava/lang/Object; @ 3
Event: 6.054 Thread 0x000000000226e800 Uncommon trap: reason=class_check action=maybe_recompile pc=0x0000000002f9e304 method=java.util.HashMap.putVal(ILjava/lang/Object;Ljava/lang/Object;ZZ)Ljava/lang/Object; @ 56
Event: 6.054 Thread 0x000000000226e800 Uncommon trap: reason=class_check action=maybe_recompile pc=0x0000000002f9e394 method=java.util.HashMap.putVal(ILjava/lang/Object;Ljava/lang/Object;ZZ)Ljava/lang/Object; @ 152
Event: 6.054 Thread 0x000000000226e800 Uncommon trap: reason=class_check action=maybe_recompile pc=0x0000000002f9e304 method=java.util.HashMap.putVal(ILjava/lang/Object;Ljava/lang/Object;ZZ)Ljava/lang/Object; @ 56

Internal exceptions (8 events):
Event: 0.030 Thread 0x000000000226e800 Exception <a 'java/lang/NoSuchMethodError': Method sun.misc.Unsafe.defineClass(Ljava/lang/String;[BII)Ljava/lang/Class; name or signature does not match> (0x00000000eab0cac0) thrown at [D:\re\workspace\8-2-build-windows-amd64-cygwin\jdk8u25\1677\hotspot\sr®àºoGŸ?
Event: 0.031 Thread 0x000000000226e800 Exception <a 'java/lang/NoSuchMethodError': Method sun.misc.Unsafe.prefetchRead(Ljava/lang/Object;J)V name or signature does not match> (0x00000000eab0cd50) thrown at [D:\re\workspace\8-2-build-windows-amd64-cygwin\jdk8u25\1677\hotspot\src\share\vm\prims\j‹Þ÷}GÚç?
Event: 0.745 Thread 0x000000000226e800 Implicit null exception at 0x0000000002aef152 to 0x0000000002aef242
Event: 0.893 Thread 0x000000000226e800 Implicit null exception at 0x0000000002c1cf15 to 0x0000000002c1e495
Event: 0.899 Thread 0x000000000226e800 Implicit null exception at 0x0000000002bc91e2 to 0x0000000002bca63d
Event: 2.012 Thread 0x000000000226e800 Exception <a 'java/lang/ArrayIndexOutOfBoundsException': 18> (0x00000000ec94dad0) thrown at [D:\re\workspace\8-2-build-windows-amd64-cygwin\jdk8u25\1677\hotspot\src\share\vm\interpreter\interpreterRuntime.cpp, line 366]
Event: 2.013 Thread 0x000000000226e800 Exception <a 'java/lang/ArrayIndexOutOfBoundsException'> (0x00000000ec94f568) thrown at [D:\re\workspace\8-2-build-windows-amd64-cygwin\jdk8u25\1677\hotspot\src\share\vm\runtime\sharedRuntime.cpp, line 604]
Event: 2.014 Thread 0x000000000226e800 Exception <a 'java/lang/ArrayIndexOutOfBoundsException'> (0x00000000ec950780) thrown at [D:\re\workspace\8-2-build-windows-amd64-cygwin\jdk8u25\1677\hotspot\src\share\vm\runtime\sharedRuntime.cpp, line 604]

Events (10 events):
Event: 6.089 loading class java/util/zip/Deflater
Event: 6.089 loading class java/util/zip/Deflater done
Event: 6.090 loading class java/util/zip/ZipOutputStream$XEntry
Event: 6.090 loading class java/util/zip/ZipOutputStream$XEntry done
Event: 6.091 loading class java/io/DataOutputStream
Event: 6.091 loading class java/io/DataOutput
Event: 6.091 loading class java/io/DataOutput done
Event: 6.091 loading class java/io/DataOutputStream done
Event: 6.091 loading class java/lang/StringCoding$StringEncoder
Event: 6.091 loading class java/lang/StringCoding$StringEncoder done


Dynamic libraries:
0x000000013f680000 - 0x000000013f6b4000 	C:\PROGRA~1\Java\JDK18~1.0_2\bin\java.exe
0x0000000077020000 - 0x00000000771c9000 	C:\Windows\SYSTEM32\ntdll.dll
0x0000000076e00000 - 0x0000000076f1f000 	C:\Windows\system32\kernel32.dll
0x000007fefc410000 - 0x000007fefc47c000 	C:\Windows\system32\KERNELBASE.dll
0x000007fefe1b0000 - 0x000007fefe28b000 	C:\Windows\system32\ADVAPI32.dll
0x000007fefe470000 - 0x000007fefe50f000 	C:\Windows\system32\msvcrt.dll
0x000007fefce50000 - 0x000007fefce6f000 	C:\Windows\SYSTEM32\sechost.dll
0x000007fefe510000 - 0x000007fefe63d000 	C:\Windows\system32\RPCRT4.dll
0x0000000076f20000 - 0x000000007701a000 	C:\Windows\system32\USER32.dll
0x000007fefc990000 - 0x000007fefc9f7000 	C:\Windows\system32\GDI32.dll
0x000007fefe410000 - 0x000007fefe41e000 	C:\Windows\system32\LPK.dll
0x000007fefce70000 - 0x000007fefcf39000 	C:\Windows\system32\USP10.dll
0x000007fefa610000 - 0x000007fefa804000 	C:\Windows\WinSxS\amd64_microsoft.windows.common-controls_6595b64144ccf1df_6.0.7601.17514_none_fa396087175ac9ac\COMCTL32.dll
0x000007fefc5a0000 - 0x000007fefc611000 	C:\Windows\system32\SHLWAPI.dll
0x000007fefe180000 - 0x000007fefe1ae000 	C:\Windows\system32\IMM32.DLL
0x000007fefc880000 - 0x000007fefc989000 	C:\Windows\system32\MSCTF.dll
0x00000000688a0000 - 0x0000000068972000 	C:\PROGRA~1\Java\JDK18~1.0_2\jre\bin\msvcr100.dll
0x0000000060b50000 - 0x00000000613aa000 	C:\PROGRA~1\Java\JDK18~1.0_2\jre\bin\server\jvm.dll
0x000007fef8bb0000 - 0x000007fef8bb9000 	C:\Windows\system32\WSOCK32.dll
0x000007fefe420000 - 0x000007fefe46d000 	C:\Windows\system32\WS2_32.dll
0x000007fefcf40000 - 0x000007fefcf48000 	C:\Windows\system32\NSI.dll
0x000007fef6710000 - 0x000007fef674b000 	C:\Windows\system32\WINMM.dll
0x00000000771f0000 - 0x00000000771f7000 	C:\Windows\system32\PSAPI.DLL
0x0000000069910000 - 0x000000006991f000 	C:\PROGRA~1\Java\JDK18~1.0_2\jre\bin\verify.dll
0x00000000698e0000 - 0x0000000069908000 	C:\PROGRA~1\Java\JDK18~1.0_2\jre\bin\java.dll
0x0000000069800000 - 0x0000000069816000 	C:\PROGRA~1\Java\JDK18~1.0_2\jre\bin\zip.dll
0x000007fefd3f0000 - 0x000007fefe178000 	C:\Windows\system32\SHELL32.dll
0x000007fefca00000 - 0x000007fefcc03000 	C:\Windows\system32\ole32.dll
0x000007fefc140000 - 0x000007fefc14f000 	C:\Windows\system32\profapi.dll

VM Arguments:
jvm_args: -Xmx1024M -Xss1m -Djava.ext.dirs=C:\Users\Jason\Desktop\adt-bundle-windows-x86_64-20140702\sdk\build-tools\android-4.4W\lib 
java_command: C:\Users\Jason\Desktop\adt-bundle-windows-x86_64-20140702\sdk\build-tools\android-4.4W\lib\dx.jar --dex --output C:\Users\Jason\Documents\NetBeansProjects\CordovaTest\platforms\android\ant-build\dexedLibs\com.google.zxing.client.android.captureactivity-501cceccfb2f6a9f127eb763f7bd97b2.jar C:\Users\Jason\Documents\NetBeansProjects\CordovaTest\platforms\android\libs\com.google.zxing.client.android.captureactivity.jar
java_class_path (initial): C:\Users\Jason\Desktop\adt-bundle-windows-x86_64-20140702\sdk\build-tools\android-4.4W\lib\dx.jar
Launcher Type: SUN_STANDARD

Environment Variables:
JAVA_HOME=C:\Program Files\Java\jdk1.8.0_25
PATH=C:\ProgramData\Oracle\Java\javapath;C:\Program Files\Common Files\Microsoft Shared\Windows Live;C:\Program Files (x86)\Common Files\Microsoft Shared\Windows Live;C:\Windows\system32;C:\Windows;C:\Windows\System32\Wbem;C:\Windows\System32\WindowsPowerShell\v1.0;C:\Program Files (x86)\Intel\OpenCL SDK\2.0\bin\x86;C:\Program Files (x86)\Intel\OpenCL SDK\2.0\bin\x64;C:\Program Files (x86)\Windows Live\Shared;C:\Program Files\Microsoft SQL Server\110\Tools\Binn;C:\Program Files\nodejs;C:\Program Files (x86)\Git\cmd;C:\Program Files (x86)\SSH Communications Security\SSH Secure Shell;C:\Program Files\Java\jdk1.7.0_07\bin;C:\glassfish4\glassfish\bin;C:\Program Files (x86)\OpenVPN\bin;C:\Users\Jason\AppData\Roaming\npm;C:\Users\Jason\Desktop\adt-bundle-windows-x86_64-20140702\sdk\tools;C:\Users\Jason\Desktop\adt-bundle-windows-x86_64-20140702\sdk\platform-tools;C:\Program Files\Java\jdk1.8.0_25\bin;C:\NetBeans 8.0\extide\ant\bin
USERNAME=Jason
OS=Windows_NT
PROCESSOR_IDENTIFIER=Intel64 Family 6 Model 58 Stepping 9, GenuineIntel



---------------  S Y S T E M  ---------------

OS: Windows 7 , 64 bit Build 7601 Service Pack 1

CPU:total 4 (2 cores per cpu, 2 threads per core) family 6 model 58 stepping 9, cmov, cx8, fxsr, mmx, sse, sse2, sse3, ssse3, sse4.1, sse4.2, popcnt, avx, aes, clmul, erms, ht, tsc, tscinvbit, tscinv

Memory: 4k page, physical 4098764k(191208k free), swap 6960956k(5108k free)

vm_info: Java HotSpot(TM) 64-Bit Server VM (25.25-b02) for windows-amd64 JRE (1.8.0_25-b18), built on Oct  7 2014 14:25:37 by "java_re" with MS VC++ 10.0 (VS2010)

time: Sat Nov 01 14:33:40 2014
elapsed time: 6 seconds (0d 0h 0m 6s)

