#
# There is insufficient memory for the Java Runtime Environment to continue.
# Native memory allocation (malloc) failed to allocate 2070416 bytes for Chunk::new
# Possible reasons:
#   The system is out of physical RAM or swap space
#   In 32 bit mode, the process size limit was hit
# Possible solutions:
#   Reduce memory load on the system
#   Increase physical memory or swap space
#   Check if swap backing store is full
#   Use 64 bit Java on a 64 bit OS
#   Decrease Java heap size (-Xmx/-Xms)
#   Decrease number of Java threads
#   Decrease Java thread stack sizes (-Xss)
#   Set larger code cache with -XX:ReservedCodeCacheSize=
# This output file may be truncated or incomplete.
#
#  Out of Memory Error (allocation.cpp:390), pid=11812, tid=7288
#
# JRE version: Java(TM) SE Runtime Environment (8.0_25-b18) (build 1.8.0_25-b18)
# Java VM: Java HotSpot(TM) 64-Bit Server VM (25.25-b02 mixed mode windows-amd64 compressed oops)
# Failed to write core dump. Minidumps are not enabled by default on client versions of Windows
#

---------------  T H R E A D  ---------------

Current thread (0x0000000056406800):  JavaThread "C2 CompilerThread1" daemon [_thread_in_native, id=7288, stack(0x0000000056ce0000,0x0000000056de0000)]

Stack: [0x0000000056ce0000,0x0000000056de0000]
Native frames: (J=compiled Java code, j=interpreted, Vv=VM code, C=native code)
V  [jvm.dll+0x31667a]
V  [jvm.dll+0x267073]
V  [jvm.dll+0x267cb3]
V  [jvm.dll+0x25f5b5]
V  [jvm.dll+0xbf165]
V  [jvm.dll+0xbf60c]
V  [jvm.dll+0x45d672]
V  [jvm.dll+0x49e8ef]
V  [jvm.dll+0x452b41]
V  [jvm.dll+0x453864]
V  [jvm.dll+0x437372]
V  [jvm.dll+0x98a02]
V  [jvm.dll+0x991f3]
V  [jvm.dll+0x22bde4]
V  [jvm.dll+0x2852fa]
C  [msvcr100.dll+0x21d9f]
C  [msvcr100.dll+0x21e3b]
C  [kernel32.dll+0x159ed]
C  [ntdll.dll+0x2c541]


Current CompileTask:
C2:   5484 1844   !   4       com.android.dx.cf.code.BytecodeArray::parseInstruction (2764 bytes)


---------------  P R O C E S S  ---------------

Java Threads: ( => current thread )
  0x0000000056478800 JavaThread "Service Thread" daemon [_thread_blocked, id=6304, stack(0x0000000056de0000,0x0000000056ee0000)]
  0x0000000056409800 JavaThread "C1 CompilerThread2" daemon [_thread_blocked, id=6772, stack(0x0000000056f30000,0x0000000057030000)]
=>0x0000000056406800 JavaThread "C2 CompilerThread1" daemon [_thread_in_native, id=7288, stack(0x0000000056ce0000,0x0000000056de0000)]
  0x0000000056401000 JavaThread "C2 CompilerThread0" daemon [_thread_in_native, id=7120, stack(0x0000000056990000,0x0000000056a90000)]
  0x0000000056400800 JavaThread "Attach Listener" daemon [_thread_blocked, id=9000, stack(0x0000000056b50000,0x0000000056c50000)]
  0x0000000055055800 JavaThread "Signal Dispatcher" daemon [_thread_blocked, id=12276, stack(0x0000000056890000,0x0000000056990000)]
  0x0000000054ff5800 JavaThread "Finalizer" daemon [_thread_blocked, id=6568, stack(0x0000000056300000,0x0000000056400000)]
  0x0000000054fed000 JavaThread "Reference Handler" daemon [_thread_blocked, id=10100, stack(0x0000000056150000,0x0000000056250000)]
  0x00000000020fe800 JavaThread "main" [_thread_in_vm, id=10272, stack(0x0000000002110000,0x0000000002210000)]

Other Threads:
  0x0000000054fe7800 VMThread [stack: 0x0000000055fb0000,0x00000000560b0000] [id=6520]
  0x000000005649b000 WatcherThread [stack: 0x00000000571e0000,0x00000000572e0000] [id=5992]

VM state:not at safepoint (normal execution)

VM Mutex/Monitor currently owned by a thread:  ([mutex/lock_event])
[0x00000000020fd5b0] Compile_lock - owner thread: 0x0000000056409800

Heap:
 PSYoungGen      total 142336K, used 36820K [0x00000000eab00000, 0x00000000f9f00000, 0x0000000100000000)
  eden space 125952K, 24% used [0x00000000eab00000,0x00000000ec8852e8,0x00000000f2600000)
  from space 16384K, 40% used [0x00000000f2600000,0x00000000f2c6ff38,0x00000000f3600000)
  to   space 24064K, 0% used [0x00000000f8780000,0x00000000f8780000,0x00000000f9f00000)
 ParOldGen       total 81408K, used 43712K [0x00000000c0000000, 0x00000000c4f80000, 0x00000000eab00000)
  object space 81408K, 53% used [0x00000000c0000000,0x00000000c2ab0140,0x00000000c4f80000)
 Metaspace       used 6314K, capacity 7344K, committed 7552K, reserved 1056768K
  class space    used 600K, capacity 616K, committed 640K, reserved 1048576K

Card table byte_map: [0x00000000119f0000,0x0000000011c00000] byte_map_base: 0x00000000113f0000

Marking Bits: (ParMarkBitMap*) 0x000000006132d490
 Begin Bits: [0x0000000012460000, 0x0000000013460000)
 End Bits:   [0x0000000013460000, 0x0000000014460000)

Polling page: 0x0000000002060000

CodeCache: size=245760Kb used=9382Kb max_used=9407Kb free=236377Kb
 bounds [0x0000000002630000, 0x0000000002f70000, 0x0000000011630000]
 total_blobs=2611 nmethods=2345 adapters=180
 compilation: enabled

Compilation events (10 events):
Event: 5.412 Thread 0x0000000056409800 nmethod 2374 0x0000000002f0ca10 code [0x0000000002f0cb80, 0x0000000002f0cd08]
Event: 5.413 Thread 0x0000000056409800 2375       2       com.android.dx.dex.code.form.Form21c::writeTo (34 bytes)
Event: 5.414 Thread 0x0000000056409800 nmethod 2375 0x0000000002f0ce10 code [0x0000000002f0cfc0, 0x0000000002f0d2c8]
Event: 5.414 Thread 0x0000000056409800 2376       2       com.android.dx.dex.code.InsnFormat::write (22 bytes)
Event: 5.415 Thread 0x0000000056409800 nmethod 2376 0x0000000002f0d610 code [0x0000000002f0d7a0, 0x0000000002f0d9c8]
Event: 5.415 Thread 0x0000000056409800 2377       2       com.android.dx.dex.code.form.Form35c::writeTo (157 bytes)
Event: 5.416 Thread 0x0000000056409800 nmethod 2377 0x0000000002f0db50 code [0x0000000002f0dd80, 0x0000000002f0e388]
Event: 5.416 Thread 0x0000000056409800 2378       2       com.android.dx.dex.code.DalvInsnList::getOutsSize (105 bytes)
Event: 5.417 Thread 0x0000000056409800 nmethod 2378 0x0000000002f0ebd0 code [0x0000000002f0ed60, 0x0000000002f0f128]
Event: 5.417 Thread 0x0000000056409800 2379   !   2       com.android.dx.dex.code.DalvInsnList::writeTo (254 bytes)

GC Heap History (10 events):
Event: 1.979 GC heap before
{Heap before GC invocations=6 (full 0):
 PSYoungGen      total 35328K, used 35321K [0x00000000eab00000, 0x00000000ef900000, 0x0000000100000000)
  eden space 32768K, 100% used [0x00000000eab00000,0x00000000ecb00000,0x00000000ecb00000)
  from space 2560K, 99% used [0x00000000ecb00000,0x00000000ecd7e678,0x00000000ecd80000)
  to   space 7168K, 0% used [0x00000000ef200000,0x00000000ef200000,0x00000000ef900000)
 ParOldGen       total 44032K, used 13266K [0x00000000c0000000, 0x00000000c2b00000, 0x00000000eab00000)
  object space 44032K, 30% used [0x00000000c0000000,0x00000000c0cf49a0,0x00000000c2b00000)
 Metaspace       used 5563K, capacity 6832K, committed 7040K, reserved 1056768K
  class space    used 556K, capacity 616K, committed 640K, reserved 1048576K
Event: 1.996 GC heap after
Heap after GC invocations=6 (full 0):
 PSYoungGen      total 71680K, used 7152K [0x00000000eab00000, 0x00000000efb00000, 0x0000000100000000)
  eden space 64512K, 0% used [0x00000000eab00000,0x00000000eab00000,0x00000000eea00000)
  from space 7168K, 99% used [0x00000000ef200000,0x00000000ef8fc038,0x00000000ef900000)
  to   space 8192K, 0% used [0x00000000eea00000,0x00000000eea00000,0x00000000ef200000)
 ParOldGen       total 44032K, used 13389K [0x00000000c0000000, 0x00000000c2b00000, 0x00000000eab00000)
  object space 44032K, 30% used [0x00000000c0000000,0x00000000c0d13650,0x00000000c2b00000)
 Metaspace       used 5563K, capacity 6832K, committed 7040K, reserved 1056768K
  class space    used 556K, capacity 616K, committed 640K, reserved 1048576K
}
Event: 2.575 GC heap before
{Heap before GC invocations=7 (full 0):
 PSYoungGen      total 71680K, used 71664K [0x00000000eab00000, 0x00000000efb00000, 0x0000000100000000)
  eden space 64512K, 100% used [0x00000000eab00000,0x00000000eea00000,0x00000000eea00000)
  from space 7168K, 99% used [0x00000000ef200000,0x00000000ef8fc038,0x00000000ef900000)
  to   space 8192K, 0% used [0x00000000eea00000,0x00000000eea00000,0x00000000ef200000)
 ParOldGen       total 44032K, used 13389K [0x00000000c0000000, 0x00000000c2b00000, 0x00000000eab00000)
  object space 44032K, 30% used [0x00000000c0000000,0x00000000c0d13650,0x00000000c2b00000)
 Metaspace       used 5583K, capacity 6832K, committed 7040K, reserved 1056768K
  class space    used 556K, capacity 616K, committed 640K, reserved 1048576K
Event: 2.624 GC heap after
Heap after GC invocations=7 (full 0):
 PSYoungGen      total 72704K, used 8160K [0x00000000eab00000, 0x00000000f4300000, 0x0000000100000000)
  eden space 64512K, 0% used [0x00000000eab00000,0x00000000eab00000,0x00000000eea00000)
  from space 8192K, 99% used [0x00000000eea00000,0x00000000ef1f8010,0x00000000ef200000)
  to   space 13312K, 0% used [0x00000000f3600000,0x00000000f3600000,0x00000000f4300000)
 ParOldGen       total 44032K, used 21256K [0x00000000c0000000, 0x00000000c2b00000, 0x00000000eab00000)
  object space 44032K, 48% used [0x00000000c0000000,0x00000000c14c2348,0x00000000c2b00000)
 Metaspace       used 5583K, capacity 6832K, committed 7040K, reserved 1056768K
  class space    used 556K, capacity 616K, committed 640K, reserved 1048576K
}
Event: 3.148 GC heap before
{Heap before GC invocations=8 (full 0):
 PSYoungGen      total 72704K, used 72672K [0x00000000eab00000, 0x00000000f4300000, 0x0000000100000000)
  eden space 64512K, 100% used [0x00000000eab00000,0x00000000eea00000,0x00000000eea00000)
  from space 8192K, 99% used [0x00000000eea00000,0x00000000ef1f8010,0x00000000ef200000)
  to   space 13312K, 0% used [0x00000000f3600000,0x00000000f3600000,0x00000000f4300000)
 ParOldGen       total 44032K, used 21256K [0x00000000c0000000, 0x00000000c2b00000, 0x00000000eab00000)
  object space 44032K, 48% used [0x00000000c0000000,0x00000000c14c2348,0x00000000c2b00000)
 Metaspace       used 5620K, capacity 6896K, committed 7040K, reserved 1056768K
  class space    used 556K, capacity 616K, committed 640K, reserved 1048576K
Event: 3.178 GC heap after
Heap after GC invocations=8 (full 0):
 PSYoungGen      total 139264K, used 13285K [0x00000000eab00000, 0x00000000f4900000, 0x0000000100000000)
  eden space 125952K, 0% used [0x00000000eab00000,0x00000000eab00000,0x00000000f2600000)
  from space 13312K, 99% used [0x00000000f3600000,0x00000000f42f9460,0x00000000f4300000)
  to   space 16384K, 0% used [0x00000000f2600000,0x00000000f2600000,0x00000000f3600000)
 ParOldGen       total 44032K, used 24189K [0x00000000c0000000, 0x00000000c2b00000, 0x00000000eab00000)
  object space 44032K, 54% used [0x00000000c0000000,0x00000000c179f7d0,0x00000000c2b00000)
 Metaspace       used 5620K, capacity 6896K, committed 7040K, reserved 1056768K
  class space    used 556K, capacity 616K, committed 640K, reserved 1048576K
}
Event: 4.080 GC heap before
{Heap before GC invocations=9 (full 0):
 PSYoungGen      total 139264K, used 139237K [0x00000000eab00000, 0x00000000f4900000, 0x0000000100000000)
  eden space 125952K, 100% used [0x00000000eab00000,0x00000000f2600000,0x00000000f2600000)
  from space 13312K, 99% used [0x00000000f3600000,0x00000000f42f9460,0x00000000f4300000)
  to   space 16384K, 0% used [0x00000000f2600000,0x00000000f2600000,0x00000000f3600000)
 ParOldGen       total 44032K, used 24189K [0x00000000c0000000, 0x00000000c2b00000, 0x00000000eab00000)
  object space 44032K, 54% used [0x00000000c0000000,0x00000000c179f7d0,0x00000000c2b00000)
 Metaspace       used 5652K, capacity 6896K, committed 7040K, reserved 1056768K
  class space    used 557K, capacity 616K, committed 640K, reserved 1048576K
Event: 4.137 GC heap after
Heap after GC invocations=9 (full 0):
 PSYoungGen      total 142336K, used 16356K [0x00000000eab00000, 0x00000000f9f00000, 0x0000000100000000)
  eden space 125952K, 0% used [0x00000000eab00000,0x00000000eab00000,0x00000000f2600000)
  from space 16384K, 99% used [0x00000000f2600000,0x00000000f35f90f0,0x00000000f3600000)
  to   space 24064K, 0% used [0x00000000f8780000,0x00000000f8780000,0x00000000f9f00000)
 ParOldGen       total 44032K, used 36917K [0x00000000c0000000, 0x00000000c2b00000, 0x00000000eab00000)
  object space 44032K, 83% used [0x00000000c0000000,0x00000000c240d608,0x00000000c2b00000)
 Metaspace       used 5652K, capacity 6896K, committed 7040K, reserved 1056768K
  class space    used 557K, capacity 616K, committed 640K, reserved 1048576K
}
Event: 4.137 GC heap before
{Heap before GC invocations=10 (full 1):
 PSYoungGen      total 142336K, used 16356K [0x00000000eab00000, 0x00000000f9f00000, 0x0000000100000000)
  eden space 125952K, 0% used [0x00000000eab00000,0x00000000eab00000,0x00000000f2600000)
  from space 16384K, 99% used [0x00000000f2600000,0x00000000f35f90f0,0x00000000f3600000)
  to   space 24064K, 0% used [0x00000000f8780000,0x00000000f8780000,0x00000000f9f00000)
 ParOldGen       total 44032K, used 36917K [0x00000000c0000000, 0x00000000c2b00000, 0x00000000eab00000)
  object space 44032K, 83% used [0x00000000c0000000,0x00000000c240d608,0x00000000c2b00000)
 Metaspace       used 5652K, capacity 6896K, committed 7040K, reserved 1056768K
  class space    used 557K, capacity 616K, committed 640K, reserved 1048576K
Event: 4.601 GC heap after
Heap after GC invocations=10 (full 1):
 PSYoungGen      total 142336K, used 6591K [0x00000000eab00000, 0x00000000f9f00000, 0x0000000100000000)
  eden space 125952K, 0% used [0x00000000eab00000,0x00000000eab00000,0x00000000f2600000)
  from space 16384K, 40% used [0x00000000f2600000,0x00000000f2c6ff38,0x00000000f3600000)
  to   space 24064K, 0% used [0x00000000f8780000,0x00000000f8780000,0x00000000f9f00000)
 ParOldGen       total 81408K, used 43712K [0x00000000c0000000, 0x00000000c4f80000, 0x00000000eab00000)
  object space 81408K, 53% used [0x00000000c0000000,0x00000000c2ab0140,0x00000000c4f80000)
 Metaspace       used 5652K, capacity 6896K, committed 7040K, reserved 1056768K
  class space    used 557K, capacity 616K, committed 640K, reserved 1048576K
}

Deoptimization events (10 events):
Event: 3.958 Thread 0x00000000020fe800 Uncommon trap: reason=class_check action=maybe_recompile pc=0x0000000002d3bfec method=com.android.dx.cf.code.RopperMachine.run(Lcom/android/dx/cf/code/Frame;II)V @ 310
Event: 4.674 Thread 0x00000000020fe800 Uncommon trap: reason=class_check action=maybe_recompile pc=0x0000000002bb6f54 method=java.util.Arrays.hashCode([Ljava/lang/Object;)I @ 43
Event: 4.674 Thread 0x00000000020fe800 Uncommon trap: reason=class_check action=maybe_recompile pc=0x0000000002bb6f54 method=java.util.Arrays.hashCode([Ljava/lang/Object;)I @ 43
Event: 4.674 Thread 0x00000000020fe800 Uncommon trap: reason=class_check action=maybe_recompile pc=0x0000000002bb6f54 method=java.util.Arrays.hashCode([Ljava/lang/Object;)I @ 43
Event: 4.674 Thread 0x00000000020fe800 Uncommon trap: reason=class_check action=maybe_recompile pc=0x0000000002bb6f54 method=java.util.Arrays.hashCode([Ljava/lang/Object;)I @ 43
Event: 4.674 Thread 0x00000000020fe800 Uncommon trap: reason=class_check action=maybe_recompile pc=0x0000000002b940c8 method=java.util.Arrays.hashCode([Ljava/lang/Object;)I @ 43
Event: 4.914 Thread 0x00000000020fe800 Uncommon trap: reason=speculate_class_check action=maybe_recompile pc=0x000000000294b61c method=com.android.dx.util.FixedSizeList.equals(Ljava/lang/Object;)Z @ 25
Event: 4.914 Thread 0x00000000020fe800 Uncommon trap: reason=speculate_class_check action=maybe_recompile pc=0x000000000294b61c method=com.android.dx.util.FixedSizeList.equals(Ljava/lang/Object;)Z @ 25
Event: 4.921 Thread 0x00000000020fe800 Uncommon trap: reason=speculate_class_check action=maybe_recompile pc=0x000000000294b61c method=com.android.dx.util.FixedSizeList.equals(Ljava/lang/Object;)Z @ 25
Event: 4.921 Thread 0x00000000020fe800 Uncommon trap: reason=speculate_class_check action=maybe_recompile pc=0x000000000294b61c method=com.android.dx.util.FixedSizeList.equals(Ljava/lang/Object;)Z @ 25

Internal exceptions (8 events):
Event: 0.031 Thread 0x00000000020fe800 Exception <a 'java/lang/NoSuchMethodError': Method sun.misc.Unsafe.defineClass(Ljava/lang/String;[BII)Ljava/lang/Class; name or signature does not match> (0x00000000eab0cac0) thrown at [D:\re\workspace\8-2-build-windows-amd64-cygwin\jdk8u25\1677\hotspot\srß>~“1 ?
Event: 0.031 Thread 0x00000000020fe800 Exception <a 'java/lang/NoSuchMethodError': Method sun.misc.Unsafe.prefetchRead(Ljava/lang/Object;J)V name or signature does not match> (0x00000000eab0cd50) thrown at [D:\re\workspace\8-2-build-windows-amd64-cygwin\jdk8u25\1677\hotspot\src\share\vm\prims\jOPp$Ýÿç?
Event: 0.750 Thread 0x00000000020fe800 Implicit null exception at 0x000000000297a8d2 to 0x000000000297a9c2
Event: 0.896 Thread 0x00000000020fe800 Implicit null exception at 0x0000000002a55309 to 0x0000000002a56855
Event: 0.903 Thread 0x00000000020fe800 Implicit null exception at 0x0000000002a1cd22 to 0x0000000002a1e17d
Event: 1.956 Thread 0x00000000020fe800 Exception <a 'java/lang/ArrayIndexOutOfBoundsException': 18> (0x00000000ec91cda0) thrown at [D:\re\workspace\8-2-build-windows-amd64-cygwin\jdk8u25\1677\hotspot\src\share\vm\interpreter\interpreterRuntime.cpp, line 366]
Event: 1.957 Thread 0x00000000020fe800 Exception <a 'java/lang/ArrayIndexOutOfBoundsException'> (0x00000000ec91e838) thrown at [D:\re\workspace\8-2-build-windows-amd64-cygwin\jdk8u25\1677\hotspot\src\share\vm\runtime\sharedRuntime.cpp, line 604]
Event: 1.957 Thread 0x00000000020fe800 Exception <a 'java/lang/ArrayIndexOutOfBoundsException'> (0x00000000ec91fa50) thrown at [D:\re\workspace\8-2-build-windows-amd64-cygwin\jdk8u25\1677\hotspot\src\share\vm\runtime\sharedRuntime.cpp, line 604]

Events (10 events):
Event: 5.325 Thread 0x00000000020fe800 DEOPT PACKING pc=0x0000000002ecc9df sp=0x000000000220eab0
Event: 5.325 Thread 0x00000000020fe800 DEOPT UNPACKING pc=0x00000000026775bf sp=0x000000000220e8d8 mode 0
Event: 5.327 loading class com/android/dex/EncodedValueCodec
Event: 5.327 loading class com/android/dex/EncodedValueCodec done
Event: 5.350 loading class com/android/dx/dex/file/MapItem
Event: 5.350 loading class com/android/dx/dex/file/MapItem done
Event: 5.351 loading class com/android/dx/dex/file/UniformListItem
Event: 5.351 loading class com/android/dx/dex/file/UniformListItem done
Event: 5.362 loading class com/android/dex/DexFormat
Event: 5.362 loading class com/android/dex/DexFormat done


Dynamic libraries:
0x000000013f680000 - 0x000000013f6b4000 	C:\PROGRA~1\Java\JDK18~1.0_2\bin\java.exe
0x0000000077020000 - 0x00000000771c9000 	C:\Windows\SYSTEM32\ntdll.dll
0x0000000076e00000 - 0x0000000076f1f000 	C:\Windows\system32\kernel32.dll
0x000007fefc410000 - 0x000007fefc47c000 	C:\Windows\system32\KERNELBASE.dll
0x000007fefe1b0000 - 0x000007fefe28b000 	C:\Windows\system32\ADVAPI32.dll
0x000007fefe470000 - 0x000007fefe50f000 	C:\Windows\system32\msvcrt.dll
0x000007fefce50000 - 0x000007fefce6f000 	C:\Windows\SYSTEM32\sechost.dll
0x000007fefe510000 - 0x000007fefe63d000 	C:\Windows\system32\RPCRT4.dll
0x0000000076f20000 - 0x000000007701a000 	C:\Windows\system32\USER32.dll
0x000007fefc990000 - 0x000007fefc9f7000 	C:\Windows\system32\GDI32.dll
0x000007fefe410000 - 0x000007fefe41e000 	C:\Windows\system32\LPK.dll
0x000007fefce70000 - 0x000007fefcf39000 	C:\Windows\system32\USP10.dll
0x000007fefa610000 - 0x000007fefa804000 	C:\Windows\WinSxS\amd64_microsoft.windows.common-controls_6595b64144ccf1df_6.0.7601.17514_none_fa396087175ac9ac\COMCTL32.dll
0x000007fefc5a0000 - 0x000007fefc611000 	C:\Windows\system32\SHLWAPI.dll
0x000007fefe180000 - 0x000007fefe1ae000 	C:\Windows\system32\IMM32.DLL
0x000007fefc880000 - 0x000007fefc989000 	C:\Windows\system32\MSCTF.dll
0x00000000688a0000 - 0x0000000068972000 	C:\PROGRA~1\Java\JDK18~1.0_2\jre\bin\msvcr100.dll
0x0000000060b50000 - 0x00000000613aa000 	C:\PROGRA~1\Java\JDK18~1.0_2\jre\bin\server\jvm.dll
0x000007fef8bb0000 - 0x000007fef8bb9000 	C:\Windows\system32\WSOCK32.dll
0x000007fefe420000 - 0x000007fefe46d000 	C:\Windows\system32\WS2_32.dll
0x000007fefcf40000 - 0x000007fefcf48000 	C:\Windows\system32\NSI.dll
0x000007fef6710000 - 0x000007fef674b000 	C:\Windows\system32\WINMM.dll
0x00000000771f0000 - 0x00000000771f7000 	C:\Windows\system32\PSAPI.DLL
0x0000000069910000 - 0x000000006991f000 	C:\PROGRA~1\Java\JDK18~1.0_2\jre\bin\verify.dll
0x00000000698e0000 - 0x0000000069908000 	C:\PROGRA~1\Java\JDK18~1.0_2\jre\bin\java.dll
0x0000000069800000 - 0x0000000069816000 	C:\PROGRA~1\Java\JDK18~1.0_2\jre\bin\zip.dll
0x000007fefd3f0000 - 0x000007fefe178000 	C:\Windows\system32\SHELL32.dll
0x000007fefca00000 - 0x000007fefcc03000 	C:\Windows\system32\ole32.dll
0x000007fefc140000 - 0x000007fefc14f000 	C:\Windows\system32\profapi.dll
0x000007fef80f0000 - 0x000007fef8215000 	C:\Windows\system32\dbghelp.dll

VM Arguments:
jvm_args: -Xmx1024M -Xss1m -Djava.ext.dirs=C:\Users\Jason\Desktop\adt-bundle-windows-x86_64-20140702\sdk\build-tools\android-4.4W\lib 
java_command: C:\Users\Jason\Desktop\adt-bundle-windows-x86_64-20140702\sdk\build-tools\android-4.4W\lib\dx.jar --dex --output C:\Users\Jason\Documents\NetBeansProjects\CordovaTest\platforms\android\ant-build\dexedLibs\com.google.zxing.client.android.captureactivity-501cceccfb2f6a9f127eb763f7bd97b2.jar C:\Users\Jason\Documents\NetBeansProjects\CordovaTest\platforms\android\libs\com.google.zxing.client.android.captureactivity.jar
java_class_path (initial): C:\Users\Jason\Desktop\adt-bundle-windows-x86_64-20140702\sdk\build-tools\android-4.4W\lib\dx.jar
Launcher Type: SUN_STANDARD

Environment Variables:
JAVA_HOME=C:\Program Files\Java\jdk1.8.0_25
PATH=C:\ProgramData\Oracle\Java\javapath;C:\Program Files\Common Files\Microsoft Shared\Windows Live;C:\Program Files (x86)\Common Files\Microsoft Shared\Windows Live;C:\Windows\system32;C:\Windows;C:\Windows\System32\Wbem;C:\Windows\System32\WindowsPowerShell\v1.0;C:\Program Files (x86)\Intel\OpenCL SDK\2.0\bin\x86;C:\Program Files (x86)\Intel\OpenCL SDK\2.0\bin\x64;C:\Program Files (x86)\Windows Live\Shared;C:\Program Files\Microsoft SQL Server\110\Tools\Binn;C:\Program Files\nodejs;C:\Program Files (x86)\Git\cmd;C:\Program Files (x86)\SSH Communications Security\SSH Secure Shell;C:\Program Files\Java\jdk1.7.0_07\bin;C:\glassfish4\glassfish\bin;C:\Program Files (x86)\OpenVPN\bin;C:\Users\Jason\AppData\Roaming\npm;C:\Users\Jason\Desktop\adt-bundle-windows-x86_64-20140702\sdk\tools;C:\Users\Jason\Desktop\adt-bundle-windows-x86_64-20140702\sdk\platform-tools;C:\Program Files\Java\jdk1.8.0_25\bin;C:\NetBeans 8.0\extide\ant\bin
USERNAME=Jason
OS=Windows_NT
PROCESSOR_IDENTIFIER=Intel64 Family 6 Model 58 Stepping 9, GenuineIntel



---------------  S Y S T E M  ---------------

OS: Windows 7 , 64 bit Build 7601 Service Pack 1

CPU:total 4 (2 cores per cpu, 2 threads per core) family 6 model 58 stepping 9, cmov, cx8, fxsr, mmx, sse, sse2, sse3, ssse3, sse4.1, sse4.2, popcnt, avx, aes, clmul, erms, ht, tsc, tscinvbit, tscinv

Memory: 4k page, physical 4098764k(309672k free), swap 6960956k(15036k free)

vm_info: Java HotSpot(TM) 64-Bit Server VM (25.25-b02) for windows-amd64 JRE (1.8.0_25-b18), built on Oct  7 2014 14:25:37 by "java_re" with MS VC++ 10.0 (VS2010)

time: Thu Oct 30 14:24:07 2014
elapsed time: 5 seconds (0d 0h 0m 5s)

