#
# There is insufficient memory for the Java Runtime Environment to continue.
# Native memory allocation (malloc) failed to allocate 32744 bytes for ChunkPool::allocate
# Possible reasons:
#   The system is out of physical RAM or swap space
#   In 32 bit mode, the process size limit was hit
# Possible solutions:
#   Reduce memory load on the system
#   Increase physical memory or swap space
#   Check if swap backing store is full
#   Use 64 bit Java on a 64 bit OS
#   Decrease Java heap size (-Xmx/-Xms)
#   Decrease number of Java threads
#   Decrease Java thread stack sizes (-Xss)
#   Set larger code cache with -XX:ReservedCodeCacheSize=
# This output file may be truncated or incomplete.
#
#  Out of Memory Error (allocation.cpp:273), pid=7812, tid=8412
#
# JRE version: Java(TM) SE Runtime Environment (8.0_25-b18) (build 1.8.0_25-b18)
# Java VM: Java HotSpot(TM) 64-Bit Server VM (25.25-b02 mixed mode windows-amd64 compressed oops)
# Failed to write core dump. Minidumps are not enabled by default on client versions of Windows
#

---------------  T H R E A D  ---------------

Current thread (0x0000000056401000):  JavaThread "C2 CompilerThread0" daemon [_thread_in_native, id=8412, stack(0x0000000056d20000,0x0000000056e20000)]

Stack: [0x0000000056d20000,0x0000000056e20000]
Native frames: (J=compiled Java code, j=interpreted, Vv=VM code, C=native code)
V  [jvm.dll+0x31667a]


Current CompileTask:
C2:   3510 1707   !   4       com.android.dx.cf.code.RopperMachine::run (1550 bytes)


---------------  P R O C E S S  ---------------

Java Threads: ( => current thread )
  0x0000000056474800 JavaThread "Service Thread" daemon [_thread_blocked, id=10608, stack(0x0000000056fd0000,0x00000000570d0000)]
  0x0000000056409800 JavaThread "C1 CompilerThread2" daemon [_thread_blocked, id=2512, stack(0x0000000056200000,0x0000000056300000)]
  0x0000000056406800 JavaThread "C2 CompilerThread1" daemon [_thread_in_native, id=11828, stack(0x0000000056eb0000,0x0000000056fb0000)]
=>0x0000000056401000 JavaThread "C2 CompilerThread0" daemon [_thread_in_native, id=8412, stack(0x0000000056d20000,0x0000000056e20000)]
  0x0000000056400800 JavaThread "Attach Listener" daemon [_thread_blocked, id=12148, stack(0x0000000056b00000,0x0000000056c00000)]
  0x0000000054fd5800 JavaThread "Signal Dispatcher" daemon [_thread_blocked, id=9372, stack(0x00000000568a0000,0x00000000569a0000)]
  0x0000000054f75800 JavaThread "Finalizer" daemon [_thread_blocked, id=11100, stack(0x0000000056300000,0x0000000056400000)]
  0x0000000054f6d000 JavaThread "Reference Handler" daemon [_thread_blocked, id=10988, stack(0x0000000056100000,0x0000000056200000)]
  0x00000000020be800 JavaThread "main" [_thread_in_Java, id=7192, stack(0x0000000002400000,0x0000000002500000)]

Other Threads:
  0x0000000054f67800 VMThread [stack: 0x0000000055f20000,0x0000000056020000] [id=8800]
  0x0000000056477800 WatcherThread [stack: 0x00000000569b0000,0x0000000056ab0000] [id=3604]

VM state:not at safepoint (normal execution)

VM Mutex/Monitor currently owned by a thread: None

Heap:
 PSYoungGen      total 72704K, used 55848K [0x00000000eab00000, 0x00000000f4300000, 0x0000000100000000)
  eden space 64512K, 73% used [0x00000000eab00000,0x00000000ed992210,0x00000000eea00000)
  from space 8192K, 99% used [0x00000000eea00000,0x00000000ef1f8010,0x00000000ef200000)
  to   space 13312K, 0% used [0x00000000f3600000,0x00000000f3600000,0x00000000f4300000)
 ParOldGen       total 44032K, used 21258K [0x00000000c0000000, 0x00000000c2b00000, 0x00000000eab00000)
  object space 44032K, 48% used [0x00000000c0000000,0x00000000c14c2818,0x00000000c2b00000)
 Metaspace       used 5627K, capacity 6896K, committed 7040K, reserved 1056768K
  class space    used 556K, capacity 616K, committed 640K, reserved 1048576K

Card table byte_map: [0x0000000011b90000,0x0000000011da0000] byte_map_base: 0x0000000011590000

Marking Bits: (ParMarkBitMap*) 0x000000006132d490
 Begin Bits: [0x00000000123e0000, 0x00000000133e0000)
 End Bits:   [0x00000000133e0000, 0x00000000143e0000)

Polling page: 0x0000000001c60000

CodeCache: size=245760Kb used=7149Kb max_used=7149Kb free=238610Kb
 bounds [0x00000000027d0000, 0x0000000002ee0000, 0x00000000117d0000]
 total_blobs=1992 nmethods=1733 adapters=173
 compilation: enabled

Compilation events (10 events):
Event: 3.430 Thread 0x0000000056409800 1773       2       com.android.dx.rop.type.StdTypeList::withAddedType (55 bytes)
Event: 3.431 Thread 0x0000000056409800 nmethod 1773 0x0000000002ecde50 code [0x0000000002ece060, 0x0000000002ece838]
Event: 3.431 Thread 0x0000000056409800 1774       2       com.android.dx.rop.code.ThrowingCstInsn::withAddedCatch (34 bytes)
Event: 3.432 Thread 0x0000000056409800 nmethod 1774 0x0000000002ecf1d0 code [0x0000000002ecf340, 0x0000000002ecf578]
Event: 3.476 Thread 0x0000000056409800 1777       2       com.android.dx.rop.cst.CstLiteral32::isCategory2 (2 bytes)
Event: 3.476 Thread 0x0000000056409800 nmethod 1777 0x0000000002ecf650 code [0x0000000002ecf7a0, 0x0000000002ecf8f0]
Event: 3.482 Thread 0x0000000056409800 1778       2       com.android.dx.rop.cst.CstLiteralBits::fitsIn16Bits (26 bytes)
Event: 3.482 Thread 0x0000000056409800 nmethod 1778 0x0000000002ecf990 code [0x0000000002ecfb00, 0x0000000002ecfcd8]
Event: 3.496 Thread 0x0000000056409800 1780       2       com.android.dx.dex.code.OddSpacer::<init> (9 bytes)
Event: 3.497 Thread 0x0000000056409800 nmethod 1780 0x0000000002ecfd90 code [0x0000000002ecff00, 0x0000000002ed0088]

GC Heap History (10 events):
Event: 1.430 GC heap before
{Heap before GC invocations=3 (full 0):
 PSYoungGen      total 18944K, used 18912K [0x00000000eab00000, 0x00000000ed000000, 0x0000000100000000)
  eden space 16384K, 100% used [0x00000000eab00000,0x00000000ebb00000,0x00000000ebb00000)
  from space 2560K, 98% used [0x00000000ebd80000,0x00000000ebff8028,0x00000000ec000000)
  to   space 2560K, 0% used [0x00000000ebb00000,0x00000000ebb00000,0x00000000ebd80000)
 ParOldGen       total 44032K, used 3527K [0x00000000c0000000, 0x00000000c2b00000, 0x00000000eab00000)
  object space 44032K, 8% used [0x00000000c0000000,0x00000000c0371f10,0x00000000c2b00000)
 Metaspace       used 5339K, capacity 6704K, committed 6784K, reserved 1056768K
  class space    used 535K, capacity 616K, committed 640K, reserved 1048576K
Event: 1.452 GC heap after
Heap after GC invocations=3 (full 0):
 PSYoungGen      total 18944K, used 2553K [0x00000000eab00000, 0x00000000ed000000, 0x0000000100000000)
  eden space 16384K, 0% used [0x00000000eab00000,0x00000000eab00000,0x00000000ebb00000)
  from space 2560K, 99% used [0x00000000ebb00000,0x00000000ebd7e698,0x00000000ebd80000)
  to   space 2560K, 0% used [0x00000000ecd80000,0x00000000ecd80000,0x00000000ed000000)
 ParOldGen       total 44032K, used 6012K [0x00000000c0000000, 0x00000000c2b00000, 0x00000000eab00000)
  object space 44032K, 13% used [0x00000000c0000000,0x00000000c05df248,0x00000000c2b00000)
 Metaspace       used 5339K, capacity 6704K, committed 6784K, reserved 1056768K
  class space    used 535K, capacity 616K, committed 640K, reserved 1048576K
}
Event: 1.675 GC heap before
{Heap before GC invocations=4 (full 0):
 PSYoungGen      total 18944K, used 18937K [0x00000000eab00000, 0x00000000ed000000, 0x0000000100000000)
  eden space 16384K, 100% used [0x00000000eab00000,0x00000000ebb00000,0x00000000ebb00000)
  from space 2560K, 99% used [0x00000000ebb00000,0x00000000ebd7e698,0x00000000ebd80000)
  to   space 2560K, 0% used [0x00000000ecd80000,0x00000000ecd80000,0x00000000ed000000)
 ParOldGen       total 44032K, used 6012K [0x00000000c0000000, 0x00000000c2b00000, 0x00000000eab00000)
  object space 44032K, 13% used [0x00000000c0000000,0x00000000c05df248,0x00000000c2b00000)
 Metaspace       used 5442K, capacity 6768K, committed 7040K, reserved 1056768K
  class space    used 535K, capacity 616K, committed 640K, reserved 1048576K
Event: 1.692 GC heap after
Heap after GC invocations=4 (full 0):
 PSYoungGen      total 35328K, used 2537K [0x00000000eab00000, 0x00000000ed000000, 0x0000000100000000)
  eden space 32768K, 0% used [0x00000000eab00000,0x00000000eab00000,0x00000000ecb00000)
  from space 2560K, 99% used [0x00000000ecd80000,0x00000000ecffa688,0x00000000ed000000)
  to   space 2560K, 0% used [0x00000000ecb00000,0x00000000ecb00000,0x00000000ecd80000)
 ParOldGen       total 44032K, used 8665K [0x00000000c0000000, 0x00000000c2b00000, 0x00000000eab00000)
  object space 44032K, 19% used [0x00000000c0000000,0x00000000c0876740,0x00000000c2b00000)
 Metaspace       used 5442K, capacity 6768K, committed 7040K, reserved 1056768K
  class space    used 535K, capacity 616K, committed 640K, reserved 1048576K
}
Event: 1.977 GC heap before
{Heap before GC invocations=5 (full 0):
 PSYoungGen      total 35328K, used 35305K [0x00000000eab00000, 0x00000000ed000000, 0x0000000100000000)
  eden space 32768K, 100% used [0x00000000eab00000,0x00000000ecb00000,0x00000000ecb00000)
  from space 2560K, 99% used [0x00000000ecd80000,0x00000000ecffa688,0x00000000ed000000)
  to   space 2560K, 0% used [0x00000000ecb00000,0x00000000ecb00000,0x00000000ecd80000)
 ParOldGen       total 44032K, used 8665K [0x00000000c0000000, 0x00000000c2b00000, 0x00000000eab00000)
  object space 44032K, 19% used [0x00000000c0000000,0x00000000c0876740,0x00000000c2b00000)
 Metaspace       used 5488K, capacity 6832K, committed 7040K, reserved 1056768K
  class space    used 537K, capacity 616K, committed 640K, reserved 1048576K
Event: 2.037 GC heap after
Heap after GC invocations=5 (full 0):
 PSYoungGen      total 35328K, used 2553K [0x00000000eab00000, 0x00000000ef900000, 0x0000000100000000)
  eden space 32768K, 0% used [0x00000000eab00000,0x00000000eab00000,0x00000000ecb00000)
  from space 2560K, 99% used [0x00000000ecb00000,0x00000000ecd7e678,0x00000000ecd80000)
  to   space 7168K, 0% used [0x00000000ef200000,0x00000000ef200000,0x00000000ef900000)
 ParOldGen       total 44032K, used 13264K [0x00000000c0000000, 0x00000000c2b00000, 0x00000000eab00000)
  object space 44032K, 30% used [0x00000000c0000000,0x00000000c0cf4188,0x00000000c2b00000)
 Metaspace       used 5488K, capacity 6832K, committed 7040K, reserved 1056768K
  class space    used 537K, capacity 616K, committed 640K, reserved 1048576K
}
Event: 2.409 GC heap before
{Heap before GC invocations=6 (full 0):
 PSYoungGen      total 35328K, used 35321K [0x00000000eab00000, 0x00000000ef900000, 0x0000000100000000)
  eden space 32768K, 100% used [0x00000000eab00000,0x00000000ecb00000,0x00000000ecb00000)
  from space 2560K, 99% used [0x00000000ecb00000,0x00000000ecd7e678,0x00000000ecd80000)
  to   space 7168K, 0% used [0x00000000ef200000,0x00000000ef200000,0x00000000ef900000)
 ParOldGen       total 44032K, used 13264K [0x00000000c0000000, 0x00000000c2b00000, 0x00000000eab00000)
  object space 44032K, 30% used [0x00000000c0000000,0x00000000c0cf4188,0x00000000c2b00000)
 Metaspace       used 5589K, capacity 6832K, committed 7040K, reserved 1056768K
  class space    used 556K, capacity 616K, committed 640K, reserved 1048576K
Event: 2.455 GC heap after
Heap after GC invocations=6 (full 0):
 PSYoungGen      total 71680K, used 7161K [0x00000000eab00000, 0x00000000efb00000, 0x0000000100000000)
  eden space 64512K, 0% used [0x00000000eab00000,0x00000000eab00000,0x00000000eea00000)
  from space 7168K, 99% used [0x00000000ef200000,0x00000000ef8fe698,0x00000000ef900000)
  to   space 8192K, 0% used [0x00000000eea00000,0x00000000eea00000,0x00000000ef200000)
 ParOldGen       total 44032K, used 13354K [0x00000000c0000000, 0x00000000c2b00000, 0x00000000eab00000)
  object space 44032K, 30% used [0x00000000c0000000,0x00000000c0d0aa28,0x00000000c2b00000)
 Metaspace       used 5589K, capacity 6832K, committed 7040K, reserved 1056768K
  class space    used 556K, capacity 616K, committed 640K, reserved 1048576K
}
Event: 3.064 GC heap before
{Heap before GC invocations=7 (full 0):
 PSYoungGen      total 71680K, used 71673K [0x00000000eab00000, 0x00000000efb00000, 0x0000000100000000)
  eden space 64512K, 100% used [0x00000000eab00000,0x00000000eea00000,0x00000000eea00000)
  from space 7168K, 99% used [0x00000000ef200000,0x00000000ef8fe698,0x00000000ef900000)
  to   space 8192K, 0% used [0x00000000eea00000,0x00000000eea00000,0x00000000ef200000)
 ParOldGen       total 44032K, used 13354K [0x00000000c0000000, 0x00000000c2b00000, 0x00000000eab00000)
  object space 44032K, 30% used [0x00000000c0000000,0x00000000c0d0aa28,0x00000000c2b00000)
 Metaspace       used 5604K, capacity 6832K, committed 7040K, reserved 1056768K
  class space    used 556K, capacity 616K, committed 640K, reserved 1048576K
Event: 3.118 GC heap after
Heap after GC invocations=7 (full 0):
 PSYoungGen      total 72704K, used 8160K [0x00000000eab00000, 0x00000000f4300000, 0x0000000100000000)
  eden space 64512K, 0% used [0x00000000eab00000,0x00000000eab00000,0x00000000eea00000)
  from space 8192K, 99% used [0x00000000eea00000,0x00000000ef1f8010,0x00000000ef200000)
  to   space 13312K, 0% used [0x00000000f3600000,0x00000000f3600000,0x00000000f4300000)
 ParOldGen       total 44032K, used 21258K [0x00000000c0000000, 0x00000000c2b00000, 0x00000000eab00000)
  object space 44032K, 48% used [0x00000000c0000000,0x00000000c14c2818,0x00000000c2b00000)
 Metaspace       used 5604K, capacity 6832K, committed 7040K, reserved 1056768K
  class space    used 556K, capacity 616K, committed 640K, reserved 1048576K
}

Deoptimization events (10 events):
Event: 2.652 Thread 0x00000000020be800 Uncommon trap: reason=unreached action=reinterpret pc=0x0000000002ddbf18 method=java.util.HashMap.resize()[Ljava/util/HashMap$Node; @ 206
Event: 2.681 Thread 0x00000000020be800 Uncommon trap: reason=unreached action=reinterpret pc=0x0000000002df9988 method=com.android.dx.ssa.SCCP.simulateBranch(Lcom/android/dx/ssa/SsaInsn;)V @ 132
Event: 2.706 Thread 0x00000000020be800 Uncommon trap: reason=unreached action=reinterpret pc=0x0000000002dc96a0 method=com.android.dx.ssa.LocalVariableExtractor.processBlock(I)V @ 251
Event: 2.922 Thread 0x00000000020be800 Uncommon trap: reason=bimorphic action=maybe_recompile pc=0x0000000002e87814 method=com.android.dx.cf.code.BytecodeArray.parseInstruction(ILcom/android/dx/cf/code/BytecodeArray$Visitor;)I @ 1597
Event: 2.922 Thread 0x00000000020be800 Uncommon trap: reason=bimorphic action=maybe_recompile pc=0x0000000002e87814 method=com.android.dx.cf.code.BytecodeArray.parseInstruction(ILcom/android/dx/cf/code/BytecodeArray$Visitor;)I @ 1597
Event: 2.924 Thread 0x00000000020be800 Uncommon trap: reason=bimorphic action=maybe_recompile pc=0x0000000002e88504 method=com.android.dx.cf.code.BytecodeArray.parseInstruction(ILcom/android/dx/cf/code/BytecodeArray$Visitor;)I @ 1357
Event: 2.924 Thread 0x00000000020be800 Uncommon trap: reason=bimorphic action=maybe_recompile pc=0x0000000002e88504 method=com.android.dx.cf.code.BytecodeArray.parseInstruction(ILcom/android/dx/cf/code/BytecodeArray$Visitor;)I @ 1357
Event: 2.937 Thread 0x00000000020be800 Uncommon trap: reason=unreached action=reinterpret pc=0x0000000002e47f20 method=java.util.HashMap.putVal(ILjava/lang/Object;Ljava/lang/Object;ZZ)Ljava/lang/Object; @ 109
Event: 3.057 Thread 0x00000000020be800 Uncommon trap: reason=class_check action=maybe_recompile pc=0x0000000002bfd624 method=java.util.HashMap.putVal(ILjava/lang/Object;Ljava/lang/Object;ZZ)Ljava/lang/Object; @ 203
Event: 3.057 Thread 0x00000000020be800 Uncommon trap: reason=class_check action=maybe_recompile pc=0x0000000002bfd624 method=java.util.HashMap.putVal(ILjava/lang/Object;Ljava/lang/Object;ZZ)Ljava/lang/Object; @ 203

Internal exceptions (8 events):
Event: 0.042 Thread 0x00000000020be800 Exception <a 'java/lang/NoSuchMethodError': Method sun.misc.Unsafe.defineClass(Ljava/lang/String;[BII)Ljava/lang/Class; name or signature does not match> (0x00000000eab0cae0) thrown at [D:\re\workspace\8-2-build-windows-amd64-cygwin\jdk8u25\1677\hotspot\srðÄñ¸.¥?
Event: 0.042 Thread 0x00000000020be800 Exception <a 'java/lang/NoSuchMethodError': Method sun.misc.Unsafe.prefetchRead(Ljava/lang/Object;J)V name or signature does not match> (0x00000000eab0cd70) thrown at [D:\re\workspace\8-2-build-windows-amd64-cygwin\jdk8u25\1677\hotspot\src\share\vm\prims\j\!óRí?
Event: 0.916 Thread 0x00000000020be800 Implicit null exception at 0x0000000002aeae12 to 0x0000000002aeaf02
Event: 1.144 Thread 0x00000000020be800 Implicit null exception at 0x0000000002bd6655 to 0x0000000002bd7bc9
Event: 1.149 Thread 0x00000000020be800 Implicit null exception at 0x0000000002bb08a2 to 0x0000000002bb1cfd
Event: 2.388 Thread 0x00000000020be800 Exception <a 'java/lang/ArrayIndexOutOfBoundsException': 18> (0x00000000ec92c338) thrown at [D:\re\workspace\8-2-build-windows-amd64-cygwin\jdk8u25\1677\hotspot\src\share\vm\interpreter\interpreterRuntime.cpp, line 366]
Event: 2.389 Thread 0x00000000020be800 Exception <a 'java/lang/ArrayIndexOutOfBoundsException'> (0x00000000ec92ddd0) thrown at [D:\re\workspace\8-2-build-windows-amd64-cygwin\jdk8u25\1677\hotspot\src\share\vm\runtime\sharedRuntime.cpp, line 604]
Event: 2.390 Thread 0x00000000020be800 Exception <a 'java/lang/ArrayIndexOutOfBoundsException'> (0x00000000ec92efe8) thrown at [D:\re\workspace\8-2-build-windows-amd64-cygwin\jdk8u25\1677\hotspot\src\share\vm\runtime\sharedRuntime.cpp, line 604]

Events (10 events):
Event: 3.057 Thread 0x00000000020be800 Uncommon trap: trap_request=0xffffffde fr.pc=0x0000000002bfd624
Event: 3.057 Thread 0x00000000020be800 DEOPT PACKING pc=0x0000000002bfd624 sp=0x00000000024fe7b0
Event: 3.057 Thread 0x00000000020be800 DEOPT UNPACKING pc=0x000000000281556a sp=0x00000000024fe728 mode 2
Event: 3.057 Thread 0x00000000020be800 Uncommon trap: trap_request=0xffffffde fr.pc=0x0000000002bfd624
Event: 3.057 Thread 0x00000000020be800 DEOPT PACKING pc=0x0000000002bfd624 sp=0x00000000024fe7b0
Event: 3.057 Thread 0x00000000020be800 DEOPT UNPACKING pc=0x000000000281556a sp=0x00000000024fe728 mode 2
Event: 3.064 Executing VM operation: ParallelGCFailedAllocation
Event: 3.118 Executing VM operation: ParallelGCFailedAllocation done
Event: 3.300 Thread 0x00000000020be800 DEOPT PACKING pc=0x0000000002e282c9 sp=0x00000000024fe880
Event: 3.300 Thread 0x00000000020be800 DEOPT UNPACKING pc=0x00000000028175bf sp=0x00000000024fe5c8 mode 0


Dynamic libraries:
0x000000013f680000 - 0x000000013f6b4000 	C:\PROGRA~1\Java\JDK18~1.0_2\bin\java.exe
0x0000000077020000 - 0x00000000771c9000 	C:\Windows\SYSTEM32\ntdll.dll
0x0000000076e00000 - 0x0000000076f1f000 	C:\Windows\system32\kernel32.dll
0x000007fefc410000 - 0x000007fefc47c000 	C:\Windows\system32\KERNELBASE.dll
0x000007fefe1b0000 - 0x000007fefe28b000 	C:\Windows\system32\ADVAPI32.dll
0x000007fefe470000 - 0x000007fefe50f000 	C:\Windows\system32\msvcrt.dll
0x000007fefce50000 - 0x000007fefce6f000 	C:\Windows\SYSTEM32\sechost.dll
0x000007fefe510000 - 0x000007fefe63d000 	C:\Windows\system32\RPCRT4.dll
0x0000000076f20000 - 0x000000007701a000 	C:\Windows\system32\USER32.dll
0x000007fefc990000 - 0x000007fefc9f7000 	C:\Windows\system32\GDI32.dll
0x000007fefe410000 - 0x000007fefe41e000 	C:\Windows\system32\LPK.dll
0x000007fefce70000 - 0x000007fefcf39000 	C:\Windows\system32\USP10.dll
0x000007fefa610000 - 0x000007fefa804000 	C:\Windows\WinSxS\amd64_microsoft.windows.common-controls_6595b64144ccf1df_6.0.7601.17514_none_fa396087175ac9ac\COMCTL32.dll
0x000007fefc5a0000 - 0x000007fefc611000 	C:\Windows\system32\SHLWAPI.dll
0x000007fefe180000 - 0x000007fefe1ae000 	C:\Windows\system32\IMM32.DLL
0x000007fefc880000 - 0x000007fefc989000 	C:\Windows\system32\MSCTF.dll
0x00000000688a0000 - 0x0000000068972000 	C:\PROGRA~1\Java\JDK18~1.0_2\jre\bin\msvcr100.dll
0x0000000060b50000 - 0x00000000613aa000 	C:\PROGRA~1\Java\JDK18~1.0_2\jre\bin\server\jvm.dll
0x000007fef8bb0000 - 0x000007fef8bb9000 	C:\Windows\system32\WSOCK32.dll
0x000007fefe420000 - 0x000007fefe46d000 	C:\Windows\system32\WS2_32.dll
0x000007fefcf40000 - 0x000007fefcf48000 	C:\Windows\system32\NSI.dll
0x000007fef6710000 - 0x000007fef674b000 	C:\Windows\system32\WINMM.dll
0x00000000771f0000 - 0x00000000771f7000 	C:\Windows\system32\PSAPI.DLL
0x0000000069910000 - 0x000000006991f000 	C:\PROGRA~1\Java\JDK18~1.0_2\jre\bin\verify.dll
0x00000000698e0000 - 0x0000000069908000 	C:\PROGRA~1\Java\JDK18~1.0_2\jre\bin\java.dll
0x0000000069800000 - 0x0000000069816000 	C:\PROGRA~1\Java\JDK18~1.0_2\jre\bin\zip.dll
0x000007fefd3f0000 - 0x000007fefe178000 	C:\Windows\system32\SHELL32.dll
0x000007fefca00000 - 0x000007fefcc03000 	C:\Windows\system32\ole32.dll
0x000007fefc140000 - 0x000007fefc14f000 	C:\Windows\system32\profapi.dll

VM Arguments:
jvm_args: -Xmx1024M -Xss1m -Djava.ext.dirs=C:\Users\Jason\Desktop\adt-bundle-windows-x86_64-20140702\sdk\build-tools\android-4.4W\lib 
java_command: C:\Users\Jason\Desktop\adt-bundle-windows-x86_64-20140702\sdk\build-tools\android-4.4W\lib\dx.jar --dex --output C:\Users\Jason\Documents\NetBeansProjects\CordovaTest\platforms\android\ant-build\dexedLibs\com.google.zxing.client.android.captureactivity-501cceccfb2f6a9f127eb763f7bd97b2.jar C:\Users\Jason\Documents\NetBeansProjects\CordovaTest\platforms\android\libs\com.google.zxing.client.android.captureactivity.jar
java_class_path (initial): C:\Users\Jason\Desktop\adt-bundle-windows-x86_64-20140702\sdk\build-tools\android-4.4W\lib\dx.jar
Launcher Type: SUN_STANDARD

Environment Variables:



---------------  S Y S T E M  ---------------

OS: Windows 7 , 64 bit Build 7601 Service Pack 1

CPU:total 4 (2 cores per cpu, 2 threads per core) family 6 model 58 stepping 9, cmov, cx8, fxsr, mmx, sse, sse2, sse3, ssse3, sse4.1, sse4.2, popcnt, avx, aes, clmul, erms, ht, tsc, tscinvbit, tscinv

Memory: 4k page, physical 4098764k(122848k free), swap 6960956k(5084k free)

vm_info: Java HotSpot(TM) 64-Bit Server VM (25.25-b02) for windows-amd64 JRE (1.8.0_25-b18), built on Oct  7 2014 14:25:37 by "java_re" with MS VC++ 10.0 (VS2010)

time: Sat Nov 01 15:06:47 2014
elapsed time: 3 seconds (0d 0h 0m 3s)

