#
# There is insufficient memory for the Java Runtime Environment to continue.
# Native memory allocation (malloc) failed to allocate 67108880 bytes for Chunk::new
# Possible reasons:
#   The system is out of physical RAM or swap space
#   In 32 bit mode, the process size limit was hit
# Possible solutions:
#   Reduce memory load on the system
#   Increase physical memory or swap space
#   Check if swap backing store is full
#   Use 64 bit Java on a 64 bit OS
#   Decrease Java heap size (-Xmx/-Xms)
#   Decrease number of Java threads
#   Decrease Java thread stack sizes (-Xss)
#   Set larger code cache with -XX:ReservedCodeCacheSize=
# This output file may be truncated or incomplete.
#
#  Out of Memory Error (allocation.cpp:390), pid=8100, tid=1596
#
# JRE version: Java(TM) SE Runtime Environment (8.0_25-b18) (build 1.8.0_25-b18)
# Java VM: Java HotSpot(TM) 64-Bit Server VM (25.25-b02 mixed mode windows-amd64 compressed oops)
# Failed to write core dump. Minidumps are not enabled by default on client versions of Windows
#

---------------  T H R E A D  ---------------

Current thread (0x0000000056275800):  JavaThread "C2 CompilerThread1" daemon [_thread_in_native, id=1596, stack(0x0000000056910000,0x0000000056a10000)]

Stack: [0x0000000056910000,0x0000000056a10000]
Native frames: (J=compiled Java code, j=interpreted, Vv=VM code, C=native code)
V  [jvm.dll+0x31667a]
V  [jvm.dll+0x267073]
V  [jvm.dll+0x267cb3]
V  [jvm.dll+0x25f5b5]
V  [jvm.dll+0xbf165]
V  [jvm.dll+0xbf60c]
V  [jvm.dll+0x40c68]
V  [jvm.dll+0x45f0b0]
V  [jvm.dll+0x45f36a]
V  [jvm.dll+0x46024f]
V  [jvm.dll+0x462311]
V  [jvm.dll+0x464745]
V  [jvm.dll+0x4650cc]
V  [jvm.dll+0x465413]
V  [jvm.dll+0x4522c3]
V  [jvm.dll+0x453864]
V  [jvm.dll+0x437372]
V  [jvm.dll+0x98a02]
V  [jvm.dll+0x991f3]
V  [jvm.dll+0x22bde4]
V  [jvm.dll+0x2852fa]
C  [msvcr100.dll+0x21d9f]
C  [msvcr100.dll+0x21e3b]
C  [kernel32.dll+0x159ed]
C  [ntdll.dll+0x2c541]


Current CompileTask:
C2:   9729 1639   !   4       com.android.dx.cf.code.Ropper::processBlock (1101 bytes)


---------------  P R O C E S S  ---------------

Java Threads: ( => current thread )
  0x00000000562e9000 JavaThread "Service Thread" daemon [_thread_blocked, id=6328, stack(0x0000000056d10000,0x0000000056e10000)]
  0x0000000056279800 JavaThread "C1 CompilerThread2" daemon [_thread_blocked, id=3576, stack(0x0000000056ac0000,0x0000000056bc0000)]
=>0x0000000056275800 JavaThread "C2 CompilerThread1" daemon [_thread_in_native, id=1596, stack(0x0000000056910000,0x0000000056a10000)]
  0x0000000056270800 JavaThread "C2 CompilerThread0" daemon [_thread_blocked, id=8332, stack(0x00000000566c0000,0x00000000567c0000)]
  0x0000000054e17000 JavaThread "Attach Listener" daemon [_thread_blocked, id=4032, stack(0x0000000055e50000,0x0000000055f50000)]
  0x0000000054e13800 JavaThread "Signal Dispatcher" daemon [_thread_blocked, id=7384, stack(0x0000000056800000,0x0000000056900000)]
  0x0000000054db6000 JavaThread "Finalizer" daemon [_thread_blocked, id=9956, stack(0x0000000056050000,0x0000000056150000)]
  0x0000000054dad000 JavaThread "Reference Handler" daemon [_thread_blocked, id=11376, stack(0x0000000056170000,0x0000000056270000)]

Other Threads:
  0x0000000054da7800 VMThread [stack: 0x0000000055f50000,0x0000000056050000] [id=4944]

VM state:at safepoint (normal execution)

VM Mutex/Monitor currently owned by a thread:  ([mutex/lock_event])
[0x000000000213cdc0] Threads_lock - owner thread: 0x0000000054da7800
[0x000000000213d2c0] Heap_lock - owner thread: 0x000000000213e800

Heap:
 PSYoungGen      total 140288K, used 38224K [0x00000000eab00000, 0x00000000f4300000, 0x0000000100000000)
  eden space 128000K, 21% used [0x00000000eab00000,0x00000000ec5b3d78,0x00000000f2800000)
  from space 12288K, 88% used [0x00000000f3500000,0x00000000f3fa0338,0x00000000f4100000)
  to   space 13312K, 0% used [0x00000000f2800000,0x00000000f2800000,0x00000000f3500000)
 ParOldGen       total 44032K, used 19172K [0x00000000c0000000, 0x00000000c2b00000, 0x00000000eab00000)
  object space 44032K, 43% used [0x00000000c0000000,0x00000000c12b9358,0x00000000c2b00000)
 Metaspace       used 7208K, capacity 7928K, committed 8192K, reserved 1056768K
  class space    used 716K, capacity 752K, committed 768K, reserved 1048576K

Card table byte_map: [0x00000000119a0000,0x0000000011bb0000] byte_map_base: 0x00000000113a0000

Marking Bits: (ParMarkBitMap*) 0x000000006132d490
 Begin Bits: [0x0000000012220000, 0x0000000013220000)
 End Bits:   [0x0000000013220000, 0x0000000014220000)

Polling page: 0x0000000001b60000

CodeCache: size=245760Kb used=9546Kb max_used=9546Kb free=236213Kb
 bounds [0x00000000025e0000, 0x0000000002f40000, 0x00000000115e0000]
 total_blobs=3075 nmethods=2791 adapters=197
 compilation: enabled

Compilation events (10 events):
Event: 4.163 Thread 0x0000000056279800 2875 %     3       sun.security.provider.DigestBase::engineUpdate @ 136 (188 bytes)
Event: 4.164 Thread 0x0000000056279800 nmethod 2875% 0x0000000002f38f10 code [0x0000000002f39100, 0x0000000002f39cd8]
Event: 4.167 Thread 0x0000000056279800 2876       2       java.security.MessageDigest::update (45 bytes)
Event: 4.168 Thread 0x0000000056279800 nmethod 2876 0x0000000002f39f90 code [0x0000000002f3a120, 0x0000000002f3a3c8]
Event: 4.168 Thread 0x0000000056279800 2877       2       java.security.MessageDigest$Delegate::engineUpdate (11 bytes)
Event: 4.168 Thread 0x0000000056279800 nmethod 2877 0x0000000002f3a510 code [0x0000000002f3a680, 0x0000000002f3a808]
Event: 4.173 Thread 0x0000000056279800 2878       2       java.util.zip.Adler32::update (51 bytes)
Event: 4.173 Thread 0x0000000056279800 nmethod 2878 0x0000000002f3a890 code [0x0000000002f3aa20, 0x0000000002f3acc8]
Event: 4.175 Thread 0x0000000056279800 2880       2       java.util.regex.Pattern$BmpCharProperty::match (50 bytes)
Event: 4.175 Thread 0x0000000056279800 nmethod 2880 0x0000000002f3b1d0 code [0x0000000002f3b360, 0x0000000002f3b5a8]

GC Heap History (10 events):
Event: 1.192 GC heap before
{Heap before GC invocations=4 (full 0):
 PSYoungGen      total 18944K, used 18932K [0x00000000eab00000, 0x00000000ed000000, 0x0000000100000000)
  eden space 16384K, 100% used [0x00000000eab00000,0x00000000ebb00000,0x00000000ebb00000)
  from space 2560K, 99% used [0x00000000ebb00000,0x00000000ebd7d2d8,0x00000000ebd80000)
  to   space 2560K, 0% used [0x00000000ecd80000,0x00000000ecd80000,0x00000000ed000000)
 ParOldGen       total 44032K, used 6243K [0x00000000c0000000, 0x00000000c2b00000, 0x00000000eab00000)
  object space 44032K, 14% used [0x00000000c0000000,0x00000000c0618ce8,0x00000000c2b00000)
 Metaspace       used 5235K, capacity 6640K, committed 6784K, reserved 1056768K
  class space    used 534K, capacity 616K, committed 640K, reserved 1048576K
Event: 1.211 GC heap after
Heap after GC invocations=4 (full 0):
 PSYoungGen      total 35328K, used 2548K [0x00000000eab00000, 0x00000000ed000000, 0x0000000100000000)
  eden space 32768K, 0% used [0x00000000eab00000,0x00000000eab00000,0x00000000ecb00000)
  from space 2560K, 99% used [0x00000000ecd80000,0x00000000ecffd2c8,0x00000000ed000000)
  to   space 2560K, 0% used [0x00000000ecb00000,0x00000000ecb00000,0x00000000ecd80000)
 ParOldGen       total 44032K, used 10891K [0x00000000c0000000, 0x00000000c2b00000, 0x00000000eab00000)
  object space 44032K, 24% used [0x00000000c0000000,0x00000000c0aa2d50,0x00000000c2b00000)
 Metaspace       used 5235K, capacity 6640K, committed 6784K, reserved 1056768K
  class space    used 534K, capacity 616K, committed 640K, reserved 1048576K
}
Event: 1.574 GC heap before
{Heap before GC invocations=5 (full 0):
 PSYoungGen      total 35328K, used 35316K [0x00000000eab00000, 0x00000000ed000000, 0x0000000100000000)
  eden space 32768K, 100% used [0x00000000eab00000,0x00000000ecb00000,0x00000000ecb00000)
  from space 2560K, 99% used [0x00000000ecd80000,0x00000000ecffd2c8,0x00000000ed000000)
  to   space 2560K, 0% used [0x00000000ecb00000,0x00000000ecb00000,0x00000000ecd80000)
 ParOldGen       total 44032K, used 10891K [0x00000000c0000000, 0x00000000c2b00000, 0x00000000eab00000)
  object space 44032K, 24% used [0x00000000c0000000,0x00000000c0aa2d50,0x00000000c2b00000)
 Metaspace       used 5317K, capacity 6768K, committed 7040K, reserved 1056768K
  class space    used 536K, capacity 616K, committed 640K, reserved 1048576K
Event: 1.609 GC heap after
Heap after GC invocations=5 (full 0):
 PSYoungGen      total 35328K, used 2548K [0x00000000eab00000, 0x00000000efe00000, 0x0000000100000000)
  eden space 32768K, 0% used [0x00000000eab00000,0x00000000eab00000,0x00000000ecb00000)
  from space 2560K, 99% used [0x00000000ecb00000,0x00000000ecd7d198,0x00000000ecd80000)
  to   space 9728K, 0% used [0x00000000ef480000,0x00000000ef480000,0x00000000efe00000)
 ParOldGen       total 44032K, used 17067K [0x00000000c0000000, 0x00000000c2b00000, 0x00000000eab00000)
  object space 44032K, 38% used [0x00000000c0000000,0x00000000c10aacd8,0x00000000c2b00000)
 Metaspace       used 5317K, capacity 6768K, committed 7040K, reserved 1056768K
  class space    used 536K, capacity 616K, committed 640K, reserved 1048576K
}
Event: 1.945 GC heap before
{Heap before GC invocations=6 (full 0):
 PSYoungGen      total 35328K, used 35316K [0x00000000eab00000, 0x00000000efe00000, 0x0000000100000000)
  eden space 32768K, 100% used [0x00000000eab00000,0x00000000ecb00000,0x00000000ecb00000)
  from space 2560K, 99% used [0x00000000ecb00000,0x00000000ecd7d198,0x00000000ecd80000)
  to   space 9728K, 0% used [0x00000000ef480000,0x00000000ef480000,0x00000000efe00000)
 ParOldGen       total 44032K, used 17067K [0x00000000c0000000, 0x00000000c2b00000, 0x00000000eab00000)
  object space 44032K, 38% used [0x00000000c0000000,0x00000000c10aacd8,0x00000000c2b00000)
 Metaspace       used 5369K, capacity 6768K, committed 7040K, reserved 1056768K
  class space    used 537K, capacity 616K, committed 640K, reserved 1048576K
Event: 1.982 GC heap after
Heap after GC invocations=6 (full 0):
 PSYoungGen      total 74240K, used 8925K [0x00000000eab00000, 0x00000000f0000000, 0x0000000100000000)
  eden space 64512K, 0% used [0x00000000eab00000,0x00000000eab00000,0x00000000eea00000)
  from space 9728K, 91% used [0x00000000ef480000,0x00000000efd374b8,0x00000000efe00000)
  to   space 10752K, 0% used [0x00000000eea00000,0x00000000eea00000,0x00000000ef480000)
 ParOldGen       total 44032K, used 17075K [0x00000000c0000000, 0x00000000c2b00000, 0x00000000eab00000)
  object space 44032K, 38% used [0x00000000c0000000,0x00000000c10accd8,0x00000000c2b00000)
 Metaspace       used 5369K, capacity 6768K, committed 7040K, reserved 1056768K
  class space    used 537K, capacity 616K, committed 640K, reserved 1048576K
}
Event: 2.556 GC heap before
{Heap before GC invocations=7 (full 0):
 PSYoungGen      total 74240K, used 73437K [0x00000000eab00000, 0x00000000f0000000, 0x0000000100000000)
  eden space 64512K, 100% used [0x00000000eab00000,0x00000000eea00000,0x00000000eea00000)
  from space 9728K, 91% used [0x00000000ef480000,0x00000000efd374b8,0x00000000efe00000)
  to   space 10752K, 0% used [0x00000000eea00000,0x00000000eea00000,0x00000000ef480000)
 ParOldGen       total 44032K, used 17075K [0x00000000c0000000, 0x00000000c2b00000, 0x00000000eab00000)
  object space 44032K, 38% used [0x00000000c0000000,0x00000000c10accd8,0x00000000c2b00000)
 Metaspace       used 5409K, capacity 6832K, committed 7040K, reserved 1056768K
  class space    used 539K, capacity 616K, committed 640K, reserved 1048576K
Event: 2.623 GC heap after
Heap after GC invocations=7 (full 0):
 PSYoungGen      total 75264K, used 10410K [0x00000000eab00000, 0x00000000f4100000, 0x0000000100000000)
  eden space 64512K, 0% used [0x00000000eab00000,0x00000000eab00000,0x00000000eea00000)
  from space 10752K, 96% used [0x00000000eea00000,0x00000000ef42a900,0x00000000ef480000)
  to   space 12288K, 0% used [0x00000000f3500000,0x00000000f3500000,0x00000000f4100000)
 ParOldGen       total 44032K, used 18645K [0x00000000c0000000, 0x00000000c2b00000, 0x00000000eab00000)
  object space 44032K, 42% used [0x00000000c0000000,0x00000000c12355a8,0x00000000c2b00000)
 Metaspace       used 5409K, capacity 6832K, committed 7040K, reserved 1056768K
  class space    used 539K, capacity 616K, committed 640K, reserved 1048576K
}
Event: 3.844 GC heap before
{Heap before GC invocations=8 (full 0):
 PSYoungGen      total 75264K, used 74922K [0x00000000eab00000, 0x00000000f4100000, 0x0000000100000000)
  eden space 64512K, 100% used [0x00000000eab00000,0x00000000eea00000,0x00000000eea00000)
  from space 10752K, 96% used [0x00000000eea00000,0x00000000ef42a900,0x00000000ef480000)
  to   space 12288K, 0% used [0x00000000f3500000,0x00000000f3500000,0x00000000f4100000)
 ParOldGen       total 44032K, used 18645K [0x00000000c0000000, 0x00000000c2b00000, 0x00000000eab00000)
  object space 44032K, 42% used [0x00000000c0000000,0x00000000c12355a8,0x00000000c2b00000)
 Metaspace       used 6632K, capacity 7506K, committed 7680K, reserved 1056768K
  class space    used 644K, capacity 650K, committed 768K, reserved 1048576K
Event: 3.869 GC heap after
Heap after GC invocations=8 (full 0):
 PSYoungGen      total 140288K, used 10880K [0x00000000eab00000, 0x00000000f4300000, 0x0000000100000000)
  eden space 128000K, 0% used [0x00000000eab00000,0x00000000eab00000,0x00000000f2800000)
  from space 12288K, 88% used [0x00000000f3500000,0x00000000f3fa0338,0x00000000f4100000)
  to   space 13312K, 0% used [0x00000000f2800000,0x00000000f2800000,0x00000000f3500000)
 ParOldGen       total 44032K, used 19172K [0x00000000c0000000, 0x00000000c2b00000, 0x00000000eab00000)
  object space 44032K, 43% used [0x00000000c0000000,0x00000000c12b9358,0x00000000c2b00000)
 Metaspace       used 6632K, capacity 7506K, committed 7680K, reserved 1056768K
  class space    used 644K, capacity 650K, committed 768K, reserved 1048576K
}

Deoptimization events (10 events):
Event: 3.500 Thread 0x000000000213e800 Uncommon trap: reason=unreached action=reinterpret pc=0x00000000028c1a0c method=java.util.Arrays.copyOf([Ljava/lang/Object;ILjava/lang/Class;)[Ljava/lang/Object; @ 3
Event: 3.502 Thread 0x000000000213e800 Uncommon trap: reason=speculate_class_check action=maybe_recompile pc=0x0000000002ce794c method=java.util.HashMap.putVal(ILjava/lang/Object;Ljava/lang/Object;ZZ)Ljava/lang/Object; @ 56
Event: 3.502 Thread 0x000000000213e800 Uncommon trap: reason=speculate_class_check action=maybe_recompile pc=0x0000000002ce799c method=java.util.HashMap.putVal(ILjava/lang/Object;Ljava/lang/Object;ZZ)Ljava/lang/Object; @ 152
Event: 3.502 Thread 0x000000000213e800 Uncommon trap: reason=speculate_class_check action=maybe_recompile pc=0x0000000002ce794c method=java.util.HashMap.putVal(ILjava/lang/Object;Ljava/lang/Object;ZZ)Ljava/lang/Object; @ 56
Event: 3.502 Thread 0x000000000213e800 Uncommon trap: reason=speculate_class_check action=maybe_recompile pc=0x0000000002ce794c method=java.util.HashMap.putVal(ILjava/lang/Object;Ljava/lang/Object;ZZ)Ljava/lang/Object; @ 56
Event: 3.502 Thread 0x000000000213e800 Uncommon trap: reason=class_check action=maybe_recompile pc=0x0000000002cc04f4 method=java.util.HashMap.putVal(ILjava/lang/Object;Ljava/lang/Object;ZZ)Ljava/lang/Object; @ 56
Event: 3.502 Thread 0x000000000213e800 Uncommon trap: reason=class_check action=maybe_recompile pc=0x0000000002cc04f4 method=java.util.HashMap.putVal(ILjava/lang/Object;Ljava/lang/Object;ZZ)Ljava/lang/Object; @ 56
Event: 3.779 Thread 0x000000000213e800 Uncommon trap: reason=predicate action=maybe_recompile pc=0x0000000002e6b628 method=com.android.dex.Leb128.readUnsignedLeb128(Lcom/android/dex/util/ByteInput;)I @ 41
Event: 3.812 Thread 0x000000000213e800 Uncommon trap: reason=unreached action=reinterpret pc=0x0000000002a9d950 method=java.util.HashMap.resize()[Ljava/util/HashMap$Node; @ 206
Event: 3.813 Thread 0x000000000213e800 Uncommon trap: reason=unreached action=reinterpret pc=0x0000000002e1aaa0 method=java.util.HashMap.putVal(ILjava/lang/Object;Ljava/lang/Object;ZZ)Ljava/lang/Object; @ 109

Internal exceptions (5 events):
Event: 0.031 Thread 0x000000000213e800 Exception <a 'java/lang/NoSuchMethodError': Method sun.misc.Unsafe.defineClass(Ljava/lang/String;[BII)Ljava/lang/Class; name or signature does not match> (0x00000000eab0cc40) thrown at [D:\re\workspace\8-2-build-windows-amd64-cygwin\jdk8u25\1677\hotspot\sr·3!úY`Ÿ?
Event: 0.031 Thread 0x000000000213e800 Exception <a 'java/lang/NoSuchMethodError': Method sun.misc.Unsafe.prefetchRead(Ljava/lang/Object;J)V name or signature does not match> (0x00000000eab0ced0) thrown at [D:\re\workspace\8-2-build-windows-amd64-cygwin\jdk8u25\1677\hotspot\src\share\vm\prims\jJƒaj·†@
Event: 2.941 Thread 0x000000000213e800 Exception <a 'java/lang/ArrayIndexOutOfBoundsException': 18> (0x00000000ed6aaff8) thrown at [D:\re\workspace\8-2-build-windows-amd64-cygwin\jdk8u25\1677\hotspot\src\share\vm\interpreter\interpreterRuntime.cpp, line 366]
Event: 2.941 Thread 0x000000000213e800 Exception <a 'java/lang/ArrayIndexOutOfBoundsException': 145> (0x00000000ed6aca90) thrown at [D:\re\workspace\8-2-build-windows-amd64-cygwin\jdk8u25\1677\hotspot\src\share\vm\interpreter\interpreterRuntime.cpp, line 366]
Event: 2.942 Thread 0x000000000213e800 Exception <a 'java/lang/ArrayIndexOutOfBoundsException'> (0x00000000ed6adca8) thrown at [D:\re\workspace\8-2-build-windows-amd64-cygwin\jdk8u25\1677\hotspot\src\share\vm\runtime\sharedRuntime.cpp, line 604]

Events (10 events):
Event: 4.171 Thread 0x000000000213e800 DEOPT UNPACKING pc=0x00000000026275bf sp=0x000000000227ee20 mode 0
Event: 4.178 loading class java/io/FileOutputStream$1
Event: 4.178 loading class java/io/FileOutputStream$1 done
Event: 4.179 Thread 0x000000000213e800 Thread exited: 0x000000000213e800
Event: 4.179 Thread 0x000000000213e800 Thread added: 0x000000000213e800
Event: 4.179 loading class java/lang/Shutdown
Event: 4.179 loading class java/lang/Shutdown done
Event: 4.179 loading class java/lang/Shutdown$Lock
Event: 4.179 loading class java/lang/Shutdown$Lock done
Event: 4.179 Thread 0x000000000213e800 Thread exited: 0x000000000213e800


Dynamic libraries:
0x000000013f680000 - 0x000000013f6b4000 	C:\PROGRA~1\Java\JDK18~1.0_2\bin\java.exe
0x0000000077020000 - 0x00000000771c9000 	C:\Windows\SYSTEM32\ntdll.dll
0x0000000076e00000 - 0x0000000076f1f000 	C:\Windows\system32\kernel32.dll
0x000007fefc410000 - 0x000007fefc47c000 	C:\Windows\system32\KERNELBASE.dll
0x000007fefe1b0000 - 0x000007fefe28b000 	C:\Windows\system32\ADVAPI32.dll
0x000007fefe470000 - 0x000007fefe50f000 	C:\Windows\system32\msvcrt.dll
0x000007fefce50000 - 0x000007fefce6f000 	C:\Windows\SYSTEM32\sechost.dll
0x000007fefe510000 - 0x000007fefe63d000 	C:\Windows\system32\RPCRT4.dll
0x0000000076f20000 - 0x000000007701a000 	C:\Windows\system32\USER32.dll
0x000007fefc990000 - 0x000007fefc9f7000 	C:\Windows\system32\GDI32.dll
0x000007fefe410000 - 0x000007fefe41e000 	C:\Windows\system32\LPK.dll
0x000007fefce70000 - 0x000007fefcf39000 	C:\Windows\system32\USP10.dll
0x000007fefa610000 - 0x000007fefa804000 	C:\Windows\WinSxS\amd64_microsoft.windows.common-controls_6595b64144ccf1df_6.0.7601.17514_none_fa396087175ac9ac\COMCTL32.dll
0x000007fefc5a0000 - 0x000007fefc611000 	C:\Windows\system32\SHLWAPI.dll
0x000007fefe180000 - 0x000007fefe1ae000 	C:\Windows\system32\IMM32.DLL
0x000007fefc880000 - 0x000007fefc989000 	C:\Windows\system32\MSCTF.dll
0x00000000688a0000 - 0x0000000068972000 	C:\PROGRA~1\Java\JDK18~1.0_2\jre\bin\msvcr100.dll
0x0000000060b50000 - 0x00000000613aa000 	C:\PROGRA~1\Java\JDK18~1.0_2\jre\bin\server\jvm.dll
0x000007fef8bb0000 - 0x000007fef8bb9000 	C:\Windows\system32\WSOCK32.dll
0x000007fefe420000 - 0x000007fefe46d000 	C:\Windows\system32\WS2_32.dll
0x000007fefcf40000 - 0x000007fefcf48000 	C:\Windows\system32\NSI.dll
0x000007fef6710000 - 0x000007fef674b000 	C:\Windows\system32\WINMM.dll
0x00000000771f0000 - 0x00000000771f7000 	C:\Windows\system32\PSAPI.DLL
0x0000000069910000 - 0x000000006991f000 	C:\PROGRA~1\Java\JDK18~1.0_2\jre\bin\verify.dll
0x00000000698e0000 - 0x0000000069908000 	C:\PROGRA~1\Java\JDK18~1.0_2\jre\bin\java.dll
0x0000000069800000 - 0x0000000069816000 	C:\PROGRA~1\Java\JDK18~1.0_2\jre\bin\zip.dll
0x000007fefd3f0000 - 0x000007fefe178000 	C:\Windows\system32\SHELL32.dll
0x000007fefca00000 - 0x000007fefcc03000 	C:\Windows\system32\ole32.dll
0x000007fefc140000 - 0x000007fefc14f000 	C:\Windows\system32\profapi.dll
0x000007fef80f0000 - 0x000007fef8215000 	C:\Windows\system32\dbghelp.dll

VM Arguments:
jvm_args: -Xmx1024M -Xss1m -Djava.ext.dirs=C:\Users\Jason\Desktop\adt-bundle-windows-x86_64-20140702\sdk\build-tools\android-4.4W\lib 
java_command: C:\Users\Jason\Desktop\adt-bundle-windows-x86_64-20140702\sdk\build-tools\android-4.4W\lib\dx.jar --dex --output C:\Users\Jason\Documents\NetBeansProjects\CordovaTest\platforms\android\ant-build\classes.dex C:\Users\Jason\Documents\NetBeansProjects\CordovaTest\platforms\android\ant-build\classes C:\Users\Jason\Documents\NetBeansProjects\CordovaTest\platforms\android\ant-build\dexedLibs\classes-1fda059b713b4c743902bb8fe66b9ff9.jar C:\Users\Jason\Documents\NetBeansProjects\CordovaTest\platforms\android\ant-build\dexedLibs\com.google.zxing.client.android.captureactivity-501cceccfb2f6a9f127eb763f7bd97b2.jar
java_class_path (initial): C:\Users\Jason\Desktop\adt-bundle-windows-x86_64-20140702\sdk\build-tools\android-4.4W\lib\dx.jar
Launcher Type: SUN_STANDARD

Environment Variables:
JAVA_HOME=C:\Program Files\Java\jdk1.8.0_25
PATH=C:\ProgramData\Oracle\Java\javapath;C:\Program Files\Common Files\Microsoft Shared\Windows Live;C:\Program Files (x86)\Common Files\Microsoft Shared\Windows Live;C:\Windows\system32;C:\Windows;C:\Windows\System32\Wbem;C:\Windows\System32\WindowsPowerShell\v1.0;C:\Program Files (x86)\Intel\OpenCL SDK\2.0\bin\x86;C:\Program Files (x86)\Intel\OpenCL SDK\2.0\bin\x64;C:\Program Files (x86)\Windows Live\Shared;C:\Program Files\Microsoft SQL Server\110\Tools\Binn;C:\Program Files\nodejs;C:\Program Files (x86)\Git\cmd;C:\Program Files (x86)\SSH Communications Security\SSH Secure Shell;C:\Program Files\Java\jdk1.7.0_07\bin;C:\glassfish4\glassfish\bin;C:\Program Files (x86)\OpenVPN\bin;C:\Users\Jason\AppData\Roaming\npm;C:\Users\Jason\Desktop\adt-bundle-windows-x86_64-20140702\sdk\tools;C:\Users\Jason\Desktop\adt-bundle-windows-x86_64-20140702\sdk\platform-tools;C:\Program Files\Java\jdk1.8.0_25\bin;C:\NetBeans 8.0\extide\ant\bin
USERNAME=Jason
OS=Windows_NT
PROCESSOR_IDENTIFIER=Intel64 Family 6 Model 58 Stepping 9, GenuineIntel



---------------  S Y S T E M  ---------------

OS: Windows 7 , 64 bit Build 7601 Service Pack 1

CPU:total 4 (2 cores per cpu, 2 threads per core) family 6 model 58 stepping 9, cmov, cx8, fxsr, mmx, sse, sse2, sse3, ssse3, sse4.1, sse4.2, popcnt, avx, aes, clmul, erms, ht, tsc, tscinvbit, tscinv

Memory: 4k page, physical 4098764k(197556k free), swap 6960956k(37676k free)

vm_info: Java HotSpot(TM) 64-Bit Server VM (25.25-b02) for windows-amd64 JRE (1.8.0_25-b18), built on Oct  7 2014 14:25:37 by "java_re" with MS VC++ 10.0 (VS2010)

time: Sat Nov 01 14:36:08 2014
elapsed time: 9 seconds (0d 0h 0m 9s)

