#
# There is insufficient memory for the Java Runtime Environment to continue.
# Native memory allocation (malloc) failed to allocate 302896 bytes for Chunk::new
# Possible reasons:
#   The system is out of physical RAM or swap space
#   In 32 bit mode, the process size limit was hit
# Possible solutions:
#   Reduce memory load on the system
#   Increase physical memory or swap space
#   Check if swap backing store is full
#   Use 64 bit Java on a 64 bit OS
#   Decrease Java heap size (-Xmx/-Xms)
#   Decrease number of Java threads
#   Decrease Java thread stack sizes (-Xss)
#   Set larger code cache with -XX:ReservedCodeCacheSize=
# This output file may be truncated or incomplete.
#
#  Out of Memory Error (allocation.cpp:390), pid=12812, tid=5684
#
# JRE version: Java(TM) SE Runtime Environment (8.0_25-b18) (build 1.8.0_25-b18)
# Java VM: Java HotSpot(TM) 64-Bit Server VM (25.25-b02 mixed mode windows-amd64 compressed oops)
# Failed to write core dump. Minidumps are not enabled by default on client versions of Windows
#

---------------  T H R E A D  ---------------

Current thread (0x0000000056481000):  JavaThread "C2 CompilerThread0" daemon [_thread_in_native, id=5684, stack(0x0000000056d60000,0x0000000056e60000)]

Stack: [0x0000000056d60000,0x0000000056e60000]
Native frames: (J=compiled Java code, j=interpreted, Vv=VM code, C=native code)
V  [jvm.dll+0x31667a]


Current CompileTask:
C2:   5346 1842       4       com.android.dx.ssa.SCCP::simulateBranch (666 bytes)


---------------  P R O C E S S  ---------------

Java Threads: ( => current thread )
  0x0000000056502800 JavaThread "Service Thread" daemon [_thread_blocked, id=10160, stack(0x0000000057030000,0x0000000057130000)]
  0x0000000056489800 JavaThread "C1 CompilerThread2" daemon [_thread_blocked, id=13244, stack(0x0000000056ab0000,0x0000000056bb0000)]
  0x0000000056486800 JavaThread "C2 CompilerThread1" daemon [_thread_in_native, id=3376, stack(0x0000000056f00000,0x0000000057000000)]
=>0x0000000056481000 JavaThread "C2 CompilerThread0" daemon [_thread_in_native, id=5684, stack(0x0000000056d60000,0x0000000056e60000)]
  0x0000000056480800 JavaThread "Attach Listener" daemon [_thread_blocked, id=9012, stack(0x0000000056c30000,0x0000000056d30000)]
  0x0000000055115800 JavaThread "Signal Dispatcher" daemon [_thread_blocked, id=4328, stack(0x00000000569a0000,0x0000000056aa0000)]
  0x00000000550b5800 JavaThread "Finalizer" daemon [_thread_blocked, id=11244, stack(0x0000000056380000,0x0000000056480000)]
  0x00000000550ad000 JavaThread "Reference Handler" daemon [_thread_blocked, id=5316, stack(0x0000000056220000,0x0000000056320000)]
  0x000000000029e800 JavaThread "main" [_thread_in_Java, id=12112, stack(0x00000000021c0000,0x00000000022c0000)]

Other Threads:
  0x00000000550a7800 VMThread [stack: 0x00000000560f0000,0x00000000561f0000] [id=12928]
  0x000000005650d800 WatcherThread [stack: 0x00000000572d0000,0x00000000573d0000] [id=7380]

VM state:not at safepoint (normal execution)

VM Mutex/Monitor currently owned by a thread: None

Heap:
 PSYoungGen      total 72704K, used 10406K [0x00000000eab00000, 0x00000000efb00000, 0x0000000100000000)
  eden space 64512K, 16% used [0x00000000eab00000,0x00000000eb529a48,0x00000000eea00000)
  from space 8192K, 0% used [0x00000000eea00000,0x00000000eea00000,0x00000000ef200000)
  to   space 7168K, 0% used [0x00000000ef200000,0x00000000ef200000,0x00000000ef900000)
 ParOldGen       total 97280K, used 44013K [0x00000000c0000000, 0x00000000c5f00000, 0x00000000eab00000)
  object space 97280K, 45% used [0x00000000c0000000,0x00000000c2afb488,0x00000000c5f00000)
 Metaspace       used 5704K, capacity 6896K, committed 7040K, reserved 1056768K
  class space    used 563K, capacity 616K, committed 640K, reserved 1048576K

Card table byte_map: [0x0000000011a80000,0x0000000011c90000] byte_map_base: 0x0000000011480000

Marking Bits: (ParMarkBitMap*) 0x000000006132d490
 Begin Bits: [0x0000000012520000, 0x0000000013520000)
 End Bits:   [0x0000000013520000, 0x0000000014520000)

Polling page: 0x0000000000130000

CodeCache: size=245760Kb used=7993Kb max_used=7993Kb free=237766Kb
 bounds [0x00000000026c0000, 0x0000000002ea0000, 0x00000000116c0000]
 total_blobs=2110 nmethods=1851 adapters=173
 compilation: enabled

Compilation events (10 events):
Event: 4.964 Thread 0x0000000056489800 1898       2       com.android.dx.rop.code.SwitchInsn::withNewRegisters (22 bytes)
Event: 4.964 Thread 0x0000000056489800 nmethod 1898 0x0000000002e83a10 code [0x0000000002e83b80, 0x0000000002e83d68]
Event: 4.969 Thread 0x0000000056486800 nmethod 1856 0x0000000002e891d0 code [0x0000000002e89600, 0x0000000002e8d008]
Event: 4.970 Thread 0x0000000056486800 1889   !   4       com.android.dx.cf.code.RopperMachine::run (1550 bytes)
Event: 5.334 Thread 0x0000000056489800 1899       2       com.android.dx.dex.file.ClassDefsSection::orderItems0 (158 bytes)
Event: 5.336 Thread 0x0000000056489800 nmethod 1899 0x0000000002e826d0 code [0x0000000002e82900, 0x0000000002e83188]
Event: 5.336 Thread 0x0000000056489800 1900       2       java.util.TreeMap$KeyIterator::next (8 bytes)
Event: 5.337 Thread 0x0000000056489800 nmethod 1900 0x0000000002e88e10 code [0x0000000002e88f80, 0x0000000002e89108]
Event: 5.338 Thread 0x0000000056489800 1901   !   2       java.net.URL::<init> (543 bytes)
Event: 5.342 Thread 0x0000000056489800 nmethod 1901 0x0000000002e85d10 code [0x0000000002e86060, 0x0000000002e87248]

GC Heap History (10 events):
Event: 3.049 GC heap before
{Heap before GC invocations=7 (full 0):
 PSYoungGen      total 71680K, used 71673K [0x00000000eab00000, 0x00000000efb00000, 0x0000000100000000)
  eden space 64512K, 100% used [0x00000000eab00000,0x00000000eea00000,0x00000000eea00000)
  from space 7168K, 99% used [0x00000000ef200000,0x00000000ef8fe678,0x00000000ef900000)
  to   space 8192K, 0% used [0x00000000eea00000,0x00000000eea00000,0x00000000ef200000)
 ParOldGen       total 44032K, used 13614K [0x00000000c0000000, 0x00000000c2b00000, 0x00000000eab00000)
  object space 44032K, 30% used [0x00000000c0000000,0x00000000c0d4b8b0,0x00000000c2b00000)
 Metaspace       used 5580K, capacity 6832K, committed 7040K, reserved 1056768K
  class space    used 556K, capacity 616K, committed 640K, reserved 1048576K
Event: 3.100 GC heap after
Heap after GC invocations=7 (full 0):
 PSYoungGen      total 72704K, used 8185K [0x00000000eab00000, 0x00000000efb00000, 0x0000000100000000)
  eden space 64512K, 0% used [0x00000000eab00000,0x00000000eab00000,0x00000000eea00000)
  from space 8192K, 99% used [0x00000000eea00000,0x00000000ef1fe660,0x00000000ef200000)
  to   space 7168K, 0% used [0x00000000ef200000,0x00000000ef200000,0x00000000ef900000)
 ParOldGen       total 44032K, used 21229K [0x00000000c0000000, 0x00000000c2b00000, 0x00000000eab00000)
  object space 44032K, 48% used [0x00000000c0000000,0x00000000c14bb5b0,0x00000000c2b00000)
 Metaspace       used 5580K, capacity 6832K, committed 7040K, reserved 1056768K
  class space    used 556K, capacity 616K, committed 640K, reserved 1048576K
}
Event: 3.570 GC heap before
{Heap before GC invocations=8 (full 0):
 PSYoungGen      total 72704K, used 72697K [0x00000000eab00000, 0x00000000efb00000, 0x0000000100000000)
  eden space 64512K, 100% used [0x00000000eab00000,0x00000000eea00000,0x00000000eea00000)
  from space 8192K, 99% used [0x00000000eea00000,0x00000000ef1fe660,0x00000000ef200000)
  to   space 7168K, 0% used [0x00000000ef200000,0x00000000ef200000,0x00000000ef900000)
 ParOldGen       total 44032K, used 21229K [0x00000000c0000000, 0x00000000c2b00000, 0x00000000eab00000)
  object space 44032K, 48% used [0x00000000c0000000,0x00000000c14bb5b0,0x00000000c2b00000)
 Metaspace       used 5615K, capacity 6896K, committed 7040K, reserved 1056768K
  class space    used 556K, capacity 616K, committed 640K, reserved 1048576K
Event: 3.624 GC heap after
Heap after GC invocations=8 (full 0):
 PSYoungGen      total 71680K, used 7168K [0x00000000eab00000, 0x00000000efb00000, 0x0000000100000000)
  eden space 64512K, 0% used [0x00000000eab00000,0x00000000eab00000,0x00000000eea00000)
  from space 7168K, 100% used [0x00000000ef200000,0x00000000ef900000,0x00000000ef900000)
  to   space 8192K, 0% used [0x00000000eea00000,0x00000000eea00000,0x00000000ef200000)
 ParOldGen       total 44032K, used 30639K [0x00000000c0000000, 0x00000000c2b00000, 0x00000000eab00000)
  object space 44032K, 69% used [0x00000000c0000000,0x00000000c1debd28,0x00000000c2b00000)
 Metaspace       used 5615K, capacity 6896K, committed 7040K, reserved 1056768K
  class space    used 556K, capacity 616K, committed 640K, reserved 1048576K
}
Event: 3.991 GC heap before
{Heap before GC invocations=9 (full 0):
 PSYoungGen      total 71680K, used 71680K [0x00000000eab00000, 0x00000000efb00000, 0x0000000100000000)
  eden space 64512K, 100% used [0x00000000eab00000,0x00000000eea00000,0x00000000eea00000)
  from space 7168K, 100% used [0x00000000ef200000,0x00000000ef900000,0x00000000ef900000)
  to   space 8192K, 0% used [0x00000000eea00000,0x00000000eea00000,0x00000000ef200000)
 ParOldGen       total 44032K, used 30639K [0x00000000c0000000, 0x00000000c2b00000, 0x00000000eab00000)
  object space 44032K, 69% used [0x00000000c0000000,0x00000000c1debd28,0x00000000c2b00000)
 Metaspace       used 5633K, capacity 6896K, committed 7040K, reserved 1056768K
  class space    used 557K, capacity 616K, committed 640K, reserved 1048576K
Event: 4.059 GC heap after
Heap after GC invocations=9 (full 0):
 PSYoungGen      total 72704K, used 8173K [0x00000000eab00000, 0x00000000efb00000, 0x0000000100000000)
  eden space 64512K, 0% used [0x00000000eab00000,0x00000000eab00000,0x00000000eea00000)
  from space 8192K, 99% used [0x00000000eea00000,0x00000000ef1fb6e0,0x00000000ef200000)
  to   space 7168K, 0% used [0x00000000ef200000,0x00000000ef200000,0x00000000ef900000)
 ParOldGen       total 44032K, used 39375K [0x00000000c0000000, 0x00000000c2b00000, 0x00000000eab00000)
  object space 44032K, 89% used [0x00000000c0000000,0x00000000c2673ec8,0x00000000c2b00000)
 Metaspace       used 5633K, capacity 6896K, committed 7040K, reserved 1056768K
  class space    used 557K, capacity 616K, committed 640K, reserved 1048576K
}
Event: 4.059 GC heap before
{Heap before GC invocations=10 (full 1):
 PSYoungGen      total 72704K, used 8173K [0x00000000eab00000, 0x00000000efb00000, 0x0000000100000000)
  eden space 64512K, 0% used [0x00000000eab00000,0x00000000eab00000,0x00000000eea00000)
  from space 8192K, 99% used [0x00000000eea00000,0x00000000ef1fb6e0,0x00000000ef200000)
  to   space 7168K, 0% used [0x00000000ef200000,0x00000000ef200000,0x00000000ef900000)
 ParOldGen       total 44032K, used 39375K [0x00000000c0000000, 0x00000000c2b00000, 0x00000000eab00000)
  object space 44032K, 89% used [0x00000000c0000000,0x00000000c2673ec8,0x00000000c2b00000)
 Metaspace       used 5633K, capacity 6896K, committed 7040K, reserved 1056768K
  class space    used 557K, capacity 616K, committed 640K, reserved 1048576K
Event: 4.488 GC heap after
Heap after GC invocations=10 (full 1):
 PSYoungGen      total 72704K, used 492K [0x00000000eab00000, 0x00000000efb00000, 0x0000000100000000)
  eden space 64512K, 0% used [0x00000000eab00000,0x00000000eab00000,0x00000000eea00000)
  from space 8192K, 6% used [0x00000000eea00000,0x00000000eea7b008,0x00000000ef200000)
  to   space 7168K, 0% used [0x00000000ef200000,0x00000000ef200000,0x00000000ef900000)
 ParOldGen       total 44032K, used 43819K [0x00000000c0000000, 0x00000000c2b00000, 0x00000000eab00000)
  object space 44032K, 99% used [0x00000000c0000000,0x00000000c2acad80,0x00000000c2b00000)
 Metaspace       used 5633K, capacity 6896K, committed 7040K, reserved 1056768K
  class space    used 557K, capacity 616K, committed 640K, reserved 1048576K
}
Event: 4.977 GC heap before
{Heap before GC invocations=11 (full 2):
 PSYoungGen      total 72704K, used 65004K [0x00000000eab00000, 0x00000000efb00000, 0x0000000100000000)
  eden space 64512K, 100% used [0x00000000eab00000,0x00000000eea00000,0x00000000eea00000)
  from space 8192K, 6% used [0x00000000eea00000,0x00000000eea7b008,0x00000000ef200000)
  to   space 7168K, 0% used [0x00000000ef200000,0x00000000ef200000,0x00000000ef900000)
 ParOldGen       total 44032K, used 43819K [0x00000000c0000000, 0x00000000c2b00000, 0x00000000eab00000)
  object space 44032K, 99% used [0x00000000c0000000,0x00000000c2acad80,0x00000000c2b00000)
 Metaspace       used 5646K, capacity 6896K, committed 7040K, reserved 1056768K
  class space    used 557K, capacity 616K, committed 640K, reserved 1048576K
Event: 5.317 GC heap after
Heap after GC invocations=11 (full 2):
 PSYoungGen      total 72704K, used 6525K [0x00000000eab00000, 0x00000000efb00000, 0x0000000100000000)
  eden space 64512K, 10% used [0x00000000eab00000,0x00000000eb15f6a0,0x00000000eea00000)
  from space 8192K, 0% used [0x00000000eea00000,0x00000000eea00000,0x00000000ef200000)
  to   space 7168K, 0% used [0x00000000ef200000,0x00000000ef200000,0x00000000ef900000)
 ParOldGen       total 97280K, used 44013K [0x00000000c0000000, 0x00000000c5f00000, 0x00000000eab00000)
  object space 97280K, 45% used [0x00000000c0000000,0x00000000c2afb488,0x00000000c5f00000)
 Metaspace       used 5646K, capacity 6896K, committed 7040K, reserved 1056768K
  class space    used 557K, capacity 616K, committed 640K, reserved 1048576K
}

Deoptimization events (10 events):
Event: 4.820 Thread 0x000000000029e800 Uncommon trap: reason=class_check action=maybe_recompile pc=0x0000000002d71d18 method=com.android.dx.cf.code.RopperMachine.run(Lcom/android/dx/cf/code/Frame;II)V @ 310
Event: 4.820 Thread 0x000000000029e800 Uncommon trap: reason=class_check action=maybe_recompile pc=0x0000000002d476ec method=com.android.dx.cf.code.BaseMachine.addResult(Lcom/android/dx/rop/type/TypeBearer;)V @ 23
Event: 4.820 Thread 0x000000000029e800 Uncommon trap: reason=class_check action=maybe_recompile pc=0x0000000002d71d18 method=com.android.dx.cf.code.RopperMachine.run(Lcom/android/dx/cf/code/Frame;II)V @ 310
Event: 4.820 Thread 0x000000000029e800 Uncommon trap: reason=class_check action=maybe_recompile pc=0x0000000002d476ec method=com.android.dx.cf.code.BaseMachine.addResult(Lcom/android/dx/rop/type/TypeBearer;)V @ 23
Event: 4.820 Thread 0x000000000029e800 Uncommon trap: reason=class_check action=maybe_recompile pc=0x0000000002d71d18 method=com.android.dx.cf.code.RopperMachine.run(Lcom/android/dx/cf/code/Frame;II)V @ 310
Event: 5.344 Thread 0x000000000029e800 Uncommon trap: reason=class_check action=maybe_recompile pc=0x0000000002b04394 method=java.util.Arrays.hashCode([Ljava/lang/Object;)I @ 43
Event: 5.344 Thread 0x000000000029e800 Uncommon trap: reason=class_check action=maybe_recompile pc=0x0000000002b04394 method=java.util.Arrays.hashCode([Ljava/lang/Object;)I @ 43
Event: 5.344 Thread 0x000000000029e800 Uncommon trap: reason=class_check action=maybe_recompile pc=0x0000000002b04394 method=java.util.Arrays.hashCode([Ljava/lang/Object;)I @ 43
Event: 5.344 Thread 0x000000000029e800 Uncommon trap: reason=class_check action=maybe_recompile pc=0x0000000002b04394 method=java.util.Arrays.hashCode([Ljava/lang/Object;)I @ 43
Event: 5.344 Thread 0x000000000029e800 Uncommon trap: reason=class_check action=maybe_recompile pc=0x0000000002b01548 method=java.util.Arrays.hashCode([Ljava/lang/Object;)I @ 43

Internal exceptions (8 events):
Event: 0.027 Thread 0x000000000029e800 Exception <a 'java/lang/NoSuchMethodError': Method sun.misc.Unsafe.defineClass(Ljava/lang/String;[BII)Ljava/lang/Class; name or signature does not match> (0x00000000eab0c950) thrown at [D:\re\workspace\8-2-build-windows-amd64-cygwin\jdk8u25\1677\hotspot\sr“ﬂ#ï[õ?
Event: 0.027 Thread 0x000000000029e800 Exception <a 'java/lang/NoSuchMethodError': Method sun.misc.Unsafe.prefetchRead(Ljava/lang/Object;J)V name or signature does not match> (0x00000000eab0cbe0) thrown at [D:\re\workspace\8-2-build-windows-amd64-cygwin\jdk8u25\1677\hotspot\src\share\vm\prims\jGXÕ4:£Í?
Event: 0.832 Thread 0x000000000029e800 Implicit null exception at 0x0000000002a58c52 to 0x0000000002a58d42
Event: 1.032 Thread 0x000000000029e800 Implicit null exception at 0x0000000002b07b99 to 0x0000000002b09065
Event: 1.039 Thread 0x000000000029e800 Implicit null exception at 0x0000000002ac93e2 to 0x0000000002aca83d
Event: 2.344 Thread 0x000000000029e800 Exception <a 'java/lang/ArrayIndexOutOfBoundsException': 18> (0x00000000ec878330) thrown at [D:\re\workspace\8-2-build-windows-amd64-cygwin\jdk8u25\1677\hotspot\src\share\vm\interpreter\interpreterRuntime.cpp, line 366]
Event: 2.344 Thread 0x000000000029e800 Exception <a 'java/lang/ArrayIndexOutOfBoundsException'> (0x00000000ec879dc8) thrown at [D:\re\workspace\8-2-build-windows-amd64-cygwin\jdk8u25\1677\hotspot\src\share\vm\runtime\sharedRuntime.cpp, line 604]
Event: 2.345 Thread 0x000000000029e800 Exception <a 'java/lang/ArrayIndexOutOfBoundsException'> (0x00000000ec87afe0) thrown at [D:\re\workspace\8-2-build-windows-amd64-cygwin\jdk8u25\1677\hotspot\src\share\vm\runtime\sharedRuntime.cpp, line 604]

Events (10 events):
Event: 5.344 Thread 0x000000000029e800 DEOPT UNPACKING pc=0x000000000270556a sp=0x00000000022befb0 mode 2
Event: 5.344 Thread 0x000000000029e800 Uncommon trap: trap_request=0xffffffde fr.pc=0x0000000002b04394
Event: 5.344 Thread 0x000000000029e800 DEOPT PACKING pc=0x0000000002b04394 sp=0x00000000022bf0c0
Event: 5.344 Thread 0x000000000029e800 DEOPT UNPACKING pc=0x000000000270556a sp=0x00000000022beff0 mode 2
Event: 5.344 Thread 0x000000000029e800 Uncommon trap: trap_request=0xffffffde fr.pc=0x0000000002b04394
Event: 5.344 Thread 0x000000000029e800 DEOPT PACKING pc=0x0000000002b04394 sp=0x00000000022bf080
Event: 5.344 Thread 0x000000000029e800 DEOPT UNPACKING pc=0x000000000270556a sp=0x00000000022befb0 mode 2
Event: 5.344 Thread 0x000000000029e800 Uncommon trap: trap_request=0xffffffde fr.pc=0x0000000002b01548
Event: 5.344 Thread 0x000000000029e800 DEOPT PACKING pc=0x0000000002b01548 sp=0x00000000022bf060
Event: 5.344 Thread 0x000000000029e800 DEOPT UNPACKING pc=0x000000000270556a sp=0x00000000022befe8 mode 2


Dynamic libraries:
0x000000013f680000 - 0x000000013f6b4000 	C:\PROGRA~1\Java\JDK18~1.0_2\bin\java.exe
0x0000000077020000 - 0x00000000771c9000 	C:\Windows\SYSTEM32\ntdll.dll
0x0000000076e00000 - 0x0000000076f1f000 	C:\Windows\system32\kernel32.dll
0x000007fefc410000 - 0x000007fefc47c000 	C:\Windows\system32\KERNELBASE.dll
0x000007fefe1b0000 - 0x000007fefe28b000 	C:\Windows\system32\ADVAPI32.dll
0x000007fefe470000 - 0x000007fefe50f000 	C:\Windows\system32\msvcrt.dll
0x000007fefce50000 - 0x000007fefce6f000 	C:\Windows\SYSTEM32\sechost.dll
0x000007fefe510000 - 0x000007fefe63d000 	C:\Windows\system32\RPCRT4.dll
0x0000000076f20000 - 0x000000007701a000 	C:\Windows\system32\USER32.dll
0x000007fefc990000 - 0x000007fefc9f7000 	C:\Windows\system32\GDI32.dll
0x000007fefe410000 - 0x000007fefe41e000 	C:\Windows\system32\LPK.dll
0x000007fefce70000 - 0x000007fefcf39000 	C:\Windows\system32\USP10.dll
0x000007fefa610000 - 0x000007fefa804000 	C:\Windows\WinSxS\amd64_microsoft.windows.common-controls_6595b64144ccf1df_6.0.7601.17514_none_fa396087175ac9ac\COMCTL32.dll
0x000007fefc5a0000 - 0x000007fefc611000 	C:\Windows\system32\SHLWAPI.dll
0x000007fefe180000 - 0x000007fefe1ae000 	C:\Windows\system32\IMM32.DLL
0x000007fefc880000 - 0x000007fefc989000 	C:\Windows\system32\MSCTF.dll
0x00000000688a0000 - 0x0000000068972000 	C:\PROGRA~1\Java\JDK18~1.0_2\jre\bin\msvcr100.dll
0x0000000060b50000 - 0x00000000613aa000 	C:\PROGRA~1\Java\JDK18~1.0_2\jre\bin\server\jvm.dll
0x000007fef8bb0000 - 0x000007fef8bb9000 	C:\Windows\system32\WSOCK32.dll
0x000007fefe420000 - 0x000007fefe46d000 	C:\Windows\system32\WS2_32.dll
0x000007fefcf40000 - 0x000007fefcf48000 	C:\Windows\system32\NSI.dll
0x000007fef6710000 - 0x000007fef674b000 	C:\Windows\system32\WINMM.dll
0x00000000771f0000 - 0x00000000771f7000 	C:\Windows\system32\PSAPI.DLL
0x0000000069910000 - 0x000000006991f000 	C:\PROGRA~1\Java\JDK18~1.0_2\jre\bin\verify.dll
0x00000000698e0000 - 0x0000000069908000 	C:\PROGRA~1\Java\JDK18~1.0_2\jre\bin\java.dll
0x0000000069800000 - 0x0000000069816000 	C:\PROGRA~1\Java\JDK18~1.0_2\jre\bin\zip.dll
0x000007fefd3f0000 - 0x000007fefe178000 	C:\Windows\system32\SHELL32.dll
0x000007fefca00000 - 0x000007fefcc03000 	C:\Windows\system32\ole32.dll
0x000007fefc140000 - 0x000007fefc14f000 	C:\Windows\system32\profapi.dll

VM Arguments:
jvm_args: -Xmx1024M -Xss1m -Djava.ext.dirs=C:\Users\Jason\Desktop\adt-bundle-windows-x86_64-20140702\sdk\build-tools\android-4.4W\lib 
java_command: C:\Users\Jason\Desktop\adt-bundle-windows-x86_64-20140702\sdk\build-tools\android-4.4W\lib\dx.jar --dex --output C:\Users\Jason\Documents\NetBeansProjects\CordovaTest\platforms\android\ant-build\dexedLibs\com.google.zxing.client.android.captureactivity-501cceccfb2f6a9f127eb763f7bd97b2.jar C:\Users\Jason\Documents\NetBeansProjects\CordovaTest\platforms\android\libs\com.google.zxing.client.android.captureactivity.jar
java_class_path (initial): C:\Users\Jason\Desktop\adt-bundle-windows-x86_64-20140702\sdk\build-tools\android-4.4W\lib\dx.jar
Launcher Type: SUN_STANDARD

Environment Variables:
JAVA_HOME=C:\Program Files\Java\jdk1.8.0_25
PATH=C:\ProgramData\Oracle\Java\javapath;C:\Program Files\Common Files\Microsoft Shared\Windows Live;C:\Program Files (x86)\Common Files\Microsoft Shared\Windows Live;C:\Windows\system32;C:\Windows;C:\Windows\System32\Wbem;C:\Windows\System32\WindowsPowerShell\v1.0;C:\Program Files (x86)\Intel\OpenCL SDK\2.0\bin\x86;C:\Program Files (x86)\Intel\OpenCL SDK\2.0\bin\x64;C:\Program Files (x86)\Windows Live\Shared;C:\Program Files\Microsoft SQL Server\110\Tools\Binn;C:\Program Files\nodejs;C:\Program Files (x86)\Git\cmd;C:\Program Files (x86)\SSH Communications Security\SSH Secure Shell;C:\Program Files\Java\jdk1.7.0_07\bin;C:\glassfish4\glassfish\bin;C:\Program Files (x86)\OpenVPN\bin;C:\Users\Jason\AppData\Roaming\npm;C:\Users\Jason\Desktop\adt-bundle-windows-x86_64-20140702\sdk\tools;C:\Users\Jason\Desktop\adt-bundle-windows-x86_64-20140702\sdk\platform-tools;C:\Program Files\Java\jdk1.8.0_25\bin;C:\NetBeans 8.0\extide\ant\bin
USERNAME=Jason
OS=Windows_NT
PROCESSOR_IDENTIFIER=Intel64 Family 6 Model 58 Stepping 9, GenuineIntel



---------------  S Y S T E M  ---------------

OS: Windows 7 , 64 bit Build 7601 Service Pack 1

CPU:total 4 (2 cores per cpu, 2 threads per core) family 6 model 58 stepping 9, cmov, cx8, fxsr, mmx, sse, sse2, sse3, ssse3, sse4.1, sse4.2, popcnt, avx, aes, clmul, erms, ht, tsc, tscinvbit, tscinv

Memory: 4k page, physical 4098764k(103104k free), swap 6960956k(5160k free)

vm_info: Java HotSpot(TM) 64-Bit Server VM (25.25-b02) for windows-amd64 JRE (1.8.0_25-b18), built on Oct  7 2014 14:25:37 by "java_re" with MS VC++ 10.0 (VS2010)

time: Sat Nov 01 15:36:31 2014
elapsed time: 5 seconds (0d 0h 0m 5s)

