#
# There is insufficient memory for the Java Runtime Environment to continue.
# Native memory allocation (malloc) failed to allocate 329408 bytes for Chunk::new
# Possible reasons:
#   The system is out of physical RAM or swap space
#   In 32 bit mode, the process size limit was hit
# Possible solutions:
#   Reduce memory load on the system
#   Increase physical memory or swap space
#   Check if swap backing store is full
#   Use 64 bit Java on a 64 bit OS
#   Decrease Java heap size (-Xmx/-Xms)
#   Decrease number of Java threads
#   Decrease Java thread stack sizes (-Xss)
#   Set larger code cache with -XX:ReservedCodeCacheSize=
# This output file may be truncated or incomplete.
#
#  Out of Memory Error (allocation.cpp:390), pid=5960, tid=10988
#
# JRE version: Java(TM) SE Runtime Environment (8.0_25-b18) (build 1.8.0_25-b18)
# Java VM: Java HotSpot(TM) 64-Bit Server VM (25.25-b02 mixed mode windows-amd64 compressed oops)
# Failed to write core dump. Minidumps are not enabled by default on client versions of Windows
#

---------------  T H R E A D  ---------------

Current thread (0x00000000564a0800):  JavaThread "C2 CompilerThread0" daemon [_thread_in_native, id=10988, stack(0x0000000056df0000,0x0000000056ef0000)]

Stack: [0x0000000056df0000,0x0000000056ef0000]
Native frames: (J=compiled Java code, j=interpreted, Vv=VM code, C=native code)
V  [jvm.dll+0x31667a]


Current CompileTask:
C2:   3357 1787   !   4       com.android.dx.cf.code.RopperMachine::run (1550 bytes)


---------------  P R O C E S S  ---------------

Java Threads: ( => current thread )
  0x0000000056522800 JavaThread "Service Thread" daemon [_thread_blocked, id=3624, stack(0x0000000056ef0000,0x0000000056ff0000)]
  0x00000000564a9000 JavaThread "C1 CompilerThread2" daemon [_thread_blocked, id=12916, stack(0x00000000568a0000,0x00000000569a0000)]
  0x00000000564a5800 JavaThread "C2 CompilerThread1" daemon [_thread_in_native_trans, id=3784, stack(0x00000000562a0000,0x00000000563a0000)]
=>0x00000000564a0800 JavaThread "C2 CompilerThread0" daemon [_thread_in_native, id=10988, stack(0x0000000056df0000,0x0000000056ef0000)]
  0x0000000054f87000 JavaThread "Attach Listener" daemon [_thread_blocked, id=3576, stack(0x0000000056be0000,0x0000000056ce0000)]
  0x0000000054f83800 JavaThread "Signal Dispatcher" daemon [_thread_blocked, id=5644, stack(0x0000000056a10000,0x0000000056b10000)]
  0x0000000054f26000 JavaThread "Finalizer" daemon [_thread_blocked, id=11040, stack(0x00000000563a0000,0x00000000564a0000)]
  0x0000000054f1d000 JavaThread "Reference Handler" daemon [_thread_blocked, id=1584, stack(0x0000000056160000,0x0000000056260000)]
  0x000000000037e800 JavaThread "main" [_thread_in_vm, id=11976, stack(0x0000000002330000,0x0000000002430000)]

Other Threads:
  0x0000000054f17800 VMThread [stack: 0x0000000055fe0000,0x00000000560e0000] [id=13060]
  0x0000000056531800 WatcherThread [stack: 0x0000000057060000,0x0000000057160000] [id=4580]

VM state:not at safepoint (normal execution)

VM Mutex/Monitor currently owned by a thread: None

Heap:
 PSYoungGen      total 35328K, used 18872K [0x00000000eab00000, 0x00000000ef380000, 0x0000000100000000)
  eden space 32768K, 57% used [0x00000000eab00000,0x00000000ebd6e368,0x00000000ecb00000)
  from space 2560K, 0% used [0x00000000ecb00000,0x00000000ecb00000,0x00000000ecd80000)
  to   space 10752K, 0% used [0x00000000ee900000,0x00000000ee900000,0x00000000ef380000)
 ParOldGen       total 44032K, used 18054K [0x00000000c0000000, 0x00000000c2b00000, 0x00000000eab00000)
  object space 44032K, 41% used [0x00000000c0000000,0x00000000c11a18e8,0x00000000c2b00000)
 Metaspace       used 5685K, capacity 6896K, committed 7040K, reserved 1056768K
  class space    used 567K, capacity 616K, committed 640K, reserved 1048576K

Card table byte_map: [0x0000000011ac0000,0x0000000011cd0000] byte_map_base: 0x00000000114c0000

Marking Bits: (ParMarkBitMap*) 0x000000006132d490
 Begin Bits: [0x0000000012390000, 0x0000000013390000)
 End Bits:   [0x0000000013390000, 0x0000000014390000)

Polling page: 0x0000000000330000

CodeCache: size=245760Kb used=7460Kb max_used=7472Kb free=238299Kb
 bounds [0x0000000002700000, 0x0000000002e60000, 0x0000000011700000]
 total_blobs=2073 nmethods=1814 adapters=173
 compilation: enabled

Compilation events (10 events):
Event: 3.337 Thread 0x00000000564a9000 1892 %     3       com.android.dx.dex.code.OutputFinisher::addConstants @ 47 (93 bytes)
Event: 3.339 Thread 0x00000000564a9000 nmethod 1892% 0x0000000002e466d0 code [0x0000000002e46920, 0x0000000002e47b18]
Event: 3.339 Thread 0x00000000564a9000 1893       3       com.android.dx.dex.code.OutputFinisher::addConstants (93 bytes)
Event: 3.340 Thread 0x00000000564a9000 nmethod 1893 0x0000000002e48190 code [0x0000000002e483e0, 0x0000000002e49518]
Event: 3.340 Thread 0x00000000564a5800 nmethod 1848 0x0000000002e49b50 code [0x0000000002e49e60, 0x0000000002e4b5d8]
Event: 3.340 Thread 0x00000000564a5800 1890       4       java.util.HashMap::putVal (300 bytes)
Event: 3.342 Thread 0x00000000564a9000 1895       2       com.android.dx.dex.code.OutputFinisher::getAllConstants (47 bytes)
Event: 3.343 Thread 0x00000000564a9000 nmethod 1895 0x0000000002e45ed0 code [0x0000000002e46080, 0x0000000002e46448]
Event: 3.343 Thread 0x00000000564a9000 1896       2       com.android.dx.dex.file.CodeItem::addContents (174 bytes)
Event: 3.344 Thread 0x00000000564a9000 nmethod 1896 0x0000000002e44d90 code [0x0000000002e44fe0, 0x0000000002e45708]

GC Heap History (10 events):
Event: 2.213 GC heap before
{Heap before GC invocations=6 (full 0):
 PSYoungGen      total 35328K, used 35319K [0x00000000eab00000, 0x00000000ed000000, 0x0000000100000000)
  eden space 32768K, 100% used [0x00000000eab00000,0x00000000ecb00000,0x00000000ecb00000)
  from space 2560K, 99% used [0x00000000ecb00000,0x00000000ecd7ddf8,0x00000000ecd80000)
  to   space 2560K, 0% used [0x00000000ecd80000,0x00000000ecd80000,0x00000000ed000000)
 ParOldGen       total 44032K, used 17364K [0x00000000c0000000, 0x00000000c2b00000, 0x00000000eab00000)
  object space 44032K, 39% used [0x00000000c0000000,0x00000000c10f5380,0x00000000c2b00000)
 Metaspace       used 5402K, capacity 6768K, committed 7040K, reserved 1056768K
  class space    used 537K, capacity 616K, committed 640K, reserved 1048576K
Event: 2.242 GC heap after
Heap after GC invocations=6 (full 0):
 PSYoungGen      total 35328K, used 2544K [0x00000000eab00000, 0x00000000ed000000, 0x0000000100000000)
  eden space 32768K, 0% used [0x00000000eab00000,0x00000000eab00000,0x00000000ecb00000)
  from space 2560K, 99% used [0x00000000ecd80000,0x00000000ecffc108,0x00000000ed000000)
  to   space 2560K, 0% used [0x00000000ecb00000,0x00000000ecb00000,0x00000000ecd80000)
 ParOldGen       total 44032K, used 23840K [0x00000000c0000000, 0x00000000c2b00000, 0x00000000eab00000)
  object space 44032K, 54% used [0x00000000c0000000,0x00000000c17480a0,0x00000000c2b00000)
 Metaspace       used 5402K, capacity 6768K, committed 7040K, reserved 1056768K
  class space    used 537K, capacity 616K, committed 640K, reserved 1048576K
}
Event: 2.393 GC heap before
{Heap before GC invocations=7 (full 0):
 PSYoungGen      total 35328K, used 35312K [0x00000000eab00000, 0x00000000ed000000, 0x0000000100000000)
  eden space 32768K, 100% used [0x00000000eab00000,0x00000000ecb00000,0x00000000ecb00000)
  from space 2560K, 99% used [0x00000000ecd80000,0x00000000ecffc108,0x00000000ed000000)
  to   space 2560K, 0% used [0x00000000ecb00000,0x00000000ecb00000,0x00000000ecd80000)
 ParOldGen       total 44032K, used 23840K [0x00000000c0000000, 0x00000000c2b00000, 0x00000000eab00000)
  object space 44032K, 54% used [0x00000000c0000000,0x00000000c17480a0,0x00000000c2b00000)
 Metaspace       used 5403K, capacity 6768K, committed 7040K, reserved 1056768K
  class space    used 538K, capacity 616K, committed 640K, reserved 1048576K
Event: 2.414 GC heap after
Heap after GC invocations=7 (full 0):
 PSYoungGen      total 35328K, used 2552K [0x00000000eab00000, 0x00000000ed000000, 0x0000000100000000)
  eden space 32768K, 0% used [0x00000000eab00000,0x00000000eab00000,0x00000000ecb00000)
  from space 2560K, 99% used [0x00000000ecb00000,0x00000000ecd7e310,0x00000000ecd80000)
  to   space 2560K, 0% used [0x00000000ecd80000,0x00000000ecd80000,0x00000000ed000000)
 ParOldGen       total 44032K, used 29502K [0x00000000c0000000, 0x00000000c2b00000, 0x00000000eab00000)
  object space 44032K, 67% used [0x00000000c0000000,0x00000000c1ccfb48,0x00000000c2b00000)
 Metaspace       used 5403K, capacity 6768K, committed 7040K, reserved 1056768K
  class space    used 538K, capacity 616K, committed 640K, reserved 1048576K
}
Event: 2.647 GC heap before
{Heap before GC invocations=8 (full 0):
 PSYoungGen      total 35328K, used 35320K [0x00000000eab00000, 0x00000000ed000000, 0x0000000100000000)
  eden space 32768K, 100% used [0x00000000eab00000,0x00000000ecb00000,0x00000000ecb00000)
  from space 2560K, 99% used [0x00000000ecb00000,0x00000000ecd7e310,0x00000000ecd80000)
  to   space 2560K, 0% used [0x00000000ecd80000,0x00000000ecd80000,0x00000000ed000000)
 ParOldGen       total 44032K, used 29502K [0x00000000c0000000, 0x00000000c2b00000, 0x00000000eab00000)
  object space 44032K, 67% used [0x00000000c0000000,0x00000000c1ccfb48,0x00000000c2b00000)
 Metaspace       used 5443K, capacity 6832K, committed 7040K, reserved 1056768K
  class space    used 540K, capacity 616K, committed 640K, reserved 1048576K
Event: 2.669 GC heap after
Heap after GC invocations=8 (full 0):
 PSYoungGen      total 35328K, used 2552K [0x00000000eab00000, 0x00000000ed000000, 0x0000000100000000)
  eden space 32768K, 0% used [0x00000000eab00000,0x00000000eab00000,0x00000000ecb00000)
  from space 2560K, 99% used [0x00000000ecd80000,0x00000000ecffe310,0x00000000ed000000)
  to   space 2560K, 0% used [0x00000000ecb00000,0x00000000ecb00000,0x00000000ecd80000)
 ParOldGen       total 44032K, used 34782K [0x00000000c0000000, 0x00000000c2b00000, 0x00000000eab00000)
  object space 44032K, 78% used [0x00000000c0000000,0x00000000c21f7908,0x00000000c2b00000)
 Metaspace       used 5443K, capacity 6832K, committed 7040K, reserved 1056768K
  class space    used 540K, capacity 616K, committed 640K, reserved 1048576K
}
Event: 2.931 GC heap before
{Heap before GC invocations=9 (full 0):
 PSYoungGen      total 35328K, used 35320K [0x00000000eab00000, 0x00000000ed000000, 0x0000000100000000)
  eden space 32768K, 100% used [0x00000000eab00000,0x00000000ecb00000,0x00000000ecb00000)
  from space 2560K, 99% used [0x00000000ecd80000,0x00000000ecffe310,0x00000000ed000000)
  to   space 2560K, 0% used [0x00000000ecb00000,0x00000000ecb00000,0x00000000ecd80000)
 ParOldGen       total 44032K, used 34782K [0x00000000c0000000, 0x00000000c2b00000, 0x00000000eab00000)
  object space 44032K, 78% used [0x00000000c0000000,0x00000000c21f7908,0x00000000c2b00000)
 Metaspace       used 5493K, capacity 6896K, committed 7040K, reserved 1056768K
  class space    used 540K, capacity 616K, committed 640K, reserved 1048576K
Event: 2.942 GC heap after
Heap after GC invocations=9 (full 0):
 PSYoungGen      total 35328K, used 2545K [0x00000000eab00000, 0x00000000ef380000, 0x0000000100000000)
  eden space 32768K, 0% used [0x00000000eab00000,0x00000000eab00000,0x00000000ecb00000)
  from space 2560K, 99% used [0x00000000ecb00000,0x00000000ecd7c5a0,0x00000000ecd80000)
  to   space 10752K, 0% used [0x00000000ee900000,0x00000000ee900000,0x00000000ef380000)
 ParOldGen       total 44032K, used 38692K [0x00000000c0000000, 0x00000000c2b00000, 0x00000000eab00000)
  object space 44032K, 87% used [0x00000000c0000000,0x00000000c25c91b8,0x00000000c2b00000)
 Metaspace       used 5493K, capacity 6896K, committed 7040K, reserved 1056768K
  class space    used 540K, capacity 616K, committed 640K, reserved 1048576K
}
Event: 2.942 GC heap before
{Heap before GC invocations=10 (full 1):
 PSYoungGen      total 35328K, used 2545K [0x00000000eab00000, 0x00000000ef380000, 0x0000000100000000)
  eden space 32768K, 0% used [0x00000000eab00000,0x00000000eab00000,0x00000000ecb00000)
  from space 2560K, 99% used [0x00000000ecb00000,0x00000000ecd7c5a0,0x00000000ecd80000)
  to   space 10752K, 0% used [0x00000000ee900000,0x00000000ee900000,0x00000000ef380000)
 ParOldGen       total 44032K, used 38692K [0x00000000c0000000, 0x00000000c2b00000, 0x00000000eab00000)
  object space 44032K, 87% used [0x00000000c0000000,0x00000000c25c91b8,0x00000000c2b00000)
 Metaspace       used 5493K, capacity 6896K, committed 7040K, reserved 1056768K
  class space    used 540K, capacity 616K, committed 640K, reserved 1048576K
Event: 3.113 GC heap after
Heap after GC invocations=10 (full 1):
 PSYoungGen      total 35328K, used 0K [0x00000000eab00000, 0x00000000ef380000, 0x0000000100000000)
  eden space 32768K, 0% used [0x00000000eab00000,0x00000000eab00000,0x00000000ecb00000)
  from space 2560K, 0% used [0x00000000ecb00000,0x00000000ecb00000,0x00000000ecd80000)
  to   space 10752K, 0% used [0x00000000ee900000,0x00000000ee900000,0x00000000ef380000)
 ParOldGen       total 44032K, used 18054K [0x00000000c0000000, 0x00000000c2b00000, 0x00000000eab00000)
  object space 44032K, 41% used [0x00000000c0000000,0x00000000c11a18e8,0x00000000c2b00000)
 Metaspace       used 5493K, capacity 6896K, committed 7040K, reserved 1056768K
  class space    used 540K, capacity 616K, committed 640K, reserved 1048576K
}

Deoptimization events (10 events):
Event: 3.301 Thread 0x000000000037e800 Uncommon trap: reason=class_check action=maybe_recompile pc=0x0000000002cdded4 method=java.util.Arrays.hashCode([Ljava/lang/Object;)I @ 43
Event: 3.302 Thread 0x000000000037e800 Uncommon trap: reason=class_check action=maybe_recompile pc=0x0000000002cdded4 method=java.util.Arrays.hashCode([Ljava/lang/Object;)I @ 43
Event: 3.303 Thread 0x000000000037e800 Uncommon trap: reason=class_check action=maybe_recompile pc=0x0000000002cdded4 method=java.util.Arrays.hashCode([Ljava/lang/Object;)I @ 43
Event: 3.303 Thread 0x000000000037e800 Uncommon trap: reason=class_check action=maybe_recompile pc=0x0000000002ca0388 method=java.util.Arrays.hashCode([Ljava/lang/Object;)I @ 43
Event: 3.315 Thread 0x000000000037e800 Uncommon trap: reason=bimorphic action=maybe_recompile pc=0x0000000002c849ec method=java.util.HashMap.putVal(ILjava/lang/Object;Ljava/lang/Object;ZZ)Ljava/lang/Object; @ 203
Event: 3.316 Thread 0x000000000037e800 Uncommon trap: reason=bimorphic action=maybe_recompile pc=0x0000000002c849ec method=java.util.HashMap.putVal(ILjava/lang/Object;Ljava/lang/Object;ZZ)Ljava/lang/Object; @ 203
Event: 3.316 Thread 0x000000000037e800 Uncommon trap: reason=bimorphic action=maybe_recompile pc=0x0000000002c849ec method=java.util.HashMap.putVal(ILjava/lang/Object;Ljava/lang/Object;ZZ)Ljava/lang/Object; @ 203
Event: 3.316 Thread 0x000000000037e800 Uncommon trap: reason=bimorphic action=maybe_recompile pc=0x0000000002c849ec method=java.util.HashMap.putVal(ILjava/lang/Object;Ljava/lang/Object;ZZ)Ljava/lang/Object; @ 203
Event: 3.316 Thread 0x000000000037e800 Uncommon trap: reason=class_check action=maybe_recompile pc=0x0000000002ac2214 method=java.util.HashMap.putVal(ILjava/lang/Object;Ljava/lang/Object;ZZ)Ljava/lang/Object; @ 203
Event: 3.319 Thread 0x000000000037e800 Uncommon trap: reason=class_check action=maybe_recompile pc=0x0000000002ac2214 method=java.util.HashMap.putVal(ILjava/lang/Object;Ljava/lang/Object;ZZ)Ljava/lang/Object; @ 203

Internal exceptions (5 events):
Event: 0.034 Thread 0x000000000037e800 Exception <a 'java/lang/NoSuchMethodError': Method sun.misc.Unsafe.defineClass(Ljava/lang/String;[BII)Ljava/lang/Class; name or signature does not match> (0x00000000eab0cb10) thrown at [D:\re\workspace\8-2-build-windows-amd64-cygwin\jdk8u25\1677\hotspot\sruJ“B <¡?
Event: 0.034 Thread 0x000000000037e800 Exception <a 'java/lang/NoSuchMethodError': Method sun.misc.Unsafe.prefetchRead(Ljava/lang/Object;J)V name or signature does not match> (0x00000000eab0cda0) thrown at [D:\re\workspace\8-2-build-windows-amd64-cygwin\jdk8u25\1677\hotspot\src\share\vm\prims\j-£…ï¯	@
Event: 3.211 Thread 0x000000000037e800 Exception <a 'java/lang/ArrayIndexOutOfBoundsException': 18> (0x00000000eb504f00) thrown at [D:\re\workspace\8-2-build-windows-amd64-cygwin\jdk8u25\1677\hotspot\src\share\vm\interpreter\interpreterRuntime.cpp, line 366]
Event: 3.212 Thread 0x000000000037e800 Exception <a 'java/lang/ArrayIndexOutOfBoundsException'> (0x00000000eb506998) thrown at [D:\re\workspace\8-2-build-windows-amd64-cygwin\jdk8u25\1677\hotspot\src\share\vm\runtime\sharedRuntime.cpp, line 604]
Event: 3.213 Thread 0x000000000037e800 Exception <a 'java/lang/ArrayIndexOutOfBoundsException'> (0x00000000eb507bb0) thrown at [D:\re\workspace\8-2-build-windows-amd64-cygwin\jdk8u25\1677\hotspot\src\share\vm\runtime\sharedRuntime.cpp, line 604]

Events (10 events):
Event: 3.319 Thread 0x000000000037e800 DEOPT PACKING pc=0x0000000002ac2214 sp=0x000000000242f320
Event: 3.319 Thread 0x000000000037e800 DEOPT UNPACKING pc=0x000000000274556a sp=0x000000000242f298 mode 2
Event: 3.321 loading class java/util/HashMap$KeySet
Event: 3.321 loading class java/util/HashMap$KeySet done
Event: 3.321 loading class java/util/HashMap$KeyIterator
Event: 3.321 loading class java/util/HashMap$KeyIterator done
Event: 3.326 loading class com/android/dx/dex/file/CatchStructs
Event: 3.326 loading class com/android/dx/dex/file/CatchStructs done
Event: 3.340 Thread 0x000000000037e800 DEOPT PACKING pc=0x0000000002e3f4b8 sp=0x000000000242f290
Event: 3.340 Thread 0x000000000037e800 DEOPT UNPACKING pc=0x00000000027475bf sp=0x000000000242f048 mode 0


Dynamic libraries:
0x000000013f680000 - 0x000000013f6b4000 	C:\PROGRA~1\Java\JDK18~1.0_2\bin\java.exe
0x0000000077020000 - 0x00000000771c9000 	C:\Windows\SYSTEM32\ntdll.dll
0x0000000076e00000 - 0x0000000076f1f000 	C:\Windows\system32\kernel32.dll
0x000007fefc410000 - 0x000007fefc47c000 	C:\Windows\system32\KERNELBASE.dll
0x000007fefe1b0000 - 0x000007fefe28b000 	C:\Windows\system32\ADVAPI32.dll
0x000007fefe470000 - 0x000007fefe50f000 	C:\Windows\system32\msvcrt.dll
0x000007fefce50000 - 0x000007fefce6f000 	C:\Windows\SYSTEM32\sechost.dll
0x000007fefe510000 - 0x000007fefe63d000 	C:\Windows\system32\RPCRT4.dll
0x0000000076f20000 - 0x000000007701a000 	C:\Windows\system32\USER32.dll
0x000007fefc990000 - 0x000007fefc9f7000 	C:\Windows\system32\GDI32.dll
0x000007fefe410000 - 0x000007fefe41e000 	C:\Windows\system32\LPK.dll
0x000007fefce70000 - 0x000007fefcf39000 	C:\Windows\system32\USP10.dll
0x000007fefa610000 - 0x000007fefa804000 	C:\Windows\WinSxS\amd64_microsoft.windows.common-controls_6595b64144ccf1df_6.0.7601.17514_none_fa396087175ac9ac\COMCTL32.dll
0x000007fefc5a0000 - 0x000007fefc611000 	C:\Windows\system32\SHLWAPI.dll
0x000007fefe180000 - 0x000007fefe1ae000 	C:\Windows\system32\IMM32.DLL
0x000007fefc880000 - 0x000007fefc989000 	C:\Windows\system32\MSCTF.dll
0x00000000688a0000 - 0x0000000068972000 	C:\PROGRA~1\Java\JDK18~1.0_2\jre\bin\msvcr100.dll
0x0000000060b50000 - 0x00000000613aa000 	C:\PROGRA~1\Java\JDK18~1.0_2\jre\bin\server\jvm.dll
0x000007fef8bb0000 - 0x000007fef8bb9000 	C:\Windows\system32\WSOCK32.dll
0x000007fefe420000 - 0x000007fefe46d000 	C:\Windows\system32\WS2_32.dll
0x000007fefcf40000 - 0x000007fefcf48000 	C:\Windows\system32\NSI.dll
0x000007fef6710000 - 0x000007fef674b000 	C:\Windows\system32\WINMM.dll
0x00000000771f0000 - 0x00000000771f7000 	C:\Windows\system32\PSAPI.DLL
0x0000000069910000 - 0x000000006991f000 	C:\PROGRA~1\Java\JDK18~1.0_2\jre\bin\verify.dll
0x00000000698e0000 - 0x0000000069908000 	C:\PROGRA~1\Java\JDK18~1.0_2\jre\bin\java.dll
0x0000000069800000 - 0x0000000069816000 	C:\PROGRA~1\Java\JDK18~1.0_2\jre\bin\zip.dll
0x000007fefd3f0000 - 0x000007fefe178000 	C:\Windows\system32\SHELL32.dll
0x000007fefca00000 - 0x000007fefcc03000 	C:\Windows\system32\ole32.dll
0x000007fefc140000 - 0x000007fefc14f000 	C:\Windows\system32\profapi.dll

VM Arguments:
jvm_args: -Xmx1024M -Xss1m -Djava.ext.dirs=C:\Users\Jason\Desktop\adt-bundle-windows-x86_64-20140702\sdk\build-tools\android-4.4W\lib 
java_command: C:\Users\Jason\Desktop\adt-bundle-windows-x86_64-20140702\sdk\build-tools\android-4.4W\lib\dx.jar --dex --output C:\Users\Jason\Documents\NetBeansProjects\CordovaTest\platforms\android\ant-build\classes.dex C:\Users\Jason\Documents\NetBeansProjects\CordovaTest\platforms\android\ant-build\classes C:\Users\Jason\Documents\NetBeansProjects\CordovaTest\platforms\android\ant-build\dexedLibs\classes-1fda059b713b4c743902bb8fe66b9ff9.jar C:\Users\Jason\Documents\NetBeansProjects\CordovaTest\platforms\android\ant-build\dexedLibs\com.google.zxing.client.android.captureactivity-501cceccfb2f6a9f127eb763f7bd97b2.jar
java_class_path (initial): C:\Users\Jason\Desktop\adt-bundle-windows-x86_64-20140702\sdk\build-tools\android-4.4W\lib\dx.jar
Launcher Type: SUN_STANDARD

Environment Variables:
JAVA_HOME=C:\Program Files\Java\jdk1.8.0_25
PATH=C:\ProgramData\Oracle\Java\javapath;C:\Program Files\Common Files\Microsoft Shared\Windows Live;C:\Program Files (x86)\Common Files\Microsoft Shared\Windows Live;C:\Windows\system32;C:\Windows;C:\Windows\System32\Wbem;C:\Windows\System32\WindowsPowerShell\v1.0;C:\Program Files (x86)\Intel\OpenCL SDK\2.0\bin\x86;C:\Program Files (x86)\Intel\OpenCL SDK\2.0\bin\x64;C:\Program Files (x86)\Windows Live\Shared;C:\Program Files\Microsoft SQL Server\110\Tools\Binn;C:\Program Files\nodejs;C:\Program Files (x86)\Git\cmd;C:\Program Files (x86)\SSH Communications Security\SSH Secure Shell;C:\Program Files\Java\jdk1.7.0_07\bin;C:\glassfish4\glassfish\bin;C:\Program Files (x86)\OpenVPN\bin;C:\Users\Jason\AppData\Roaming\npm;C:\Users\Jason\Desktop\adt-bundle-windows-x86_64-20140702\sdk\tools;C:\Users\Jason\Desktop\adt-bundle-windows-x86_64-20140702\sdk\platform-tools;C:\Program Files\Java\jdk1.8.0_25\bin;C:\NetBeans 8.0\extide\ant\bin
USERNAME=Jason
OS=Windows_NT
PROCESSOR_IDENTIFIER=Intel64 Family 6 Model 58 Stepping 9, GenuineIntel



---------------  S Y S T E M  ---------------

OS: Windows 7 , 64 bit Build 7601 Service Pack 1

CPU:total 4 (2 cores per cpu, 2 threads per core) family 6 model 58 stepping 9, cmov, cx8, fxsr, mmx, sse, sse2, sse3, ssse3, sse4.1, sse4.2, popcnt, avx, aes, clmul, erms, ht, tsc, tscinvbit, tscinv

Memory: 4k page, physical 4098764k(265336k free), swap 6960956k(5128k free)

vm_info: Java HotSpot(TM) 64-Bit Server VM (25.25-b02) for windows-amd64 JRE (1.8.0_25-b18), built on Oct  7 2014 14:25:37 by "java_re" with MS VC++ 10.0 (VS2010)

time: Thu Oct 30 23:52:14 2014
elapsed time: 3 seconds (0d 0h 0m 3s)

