#
# There is insufficient memory for the Java Runtime Environment to continue.
# Native memory allocation (malloc) failed to allocate 2248016 bytes for Chunk::new
# Possible reasons:
#   The system is out of physical RAM or swap space
#   In 32 bit mode, the process size limit was hit
# Possible solutions:
#   Reduce memory load on the system
#   Increase physical memory or swap space
#   Check if swap backing store is full
#   Use 64 bit Java on a 64 bit OS
#   Decrease Java heap size (-Xmx/-Xms)
#   Decrease number of Java threads
#   Decrease Java thread stack sizes (-Xss)
#   Set larger code cache with -XX:ReservedCodeCacheSize=
# This output file may be truncated or incomplete.
#
#  Out of Memory Error (allocation.cpp:390), pid=11636, tid=13204
#
# JRE version: Java(TM) SE Runtime Environment (8.0_25-b18) (build 1.8.0_25-b18)
# Java VM: Java HotSpot(TM) 64-Bit Server VM (25.25-b02 mixed mode windows-amd64 compressed oops)
# Failed to write core dump. Minidumps are not enabled by default on client versions of Windows
#

---------------  T H R E A D  ---------------

Current thread (0x00000000565a1000):  JavaThread "C2 CompilerThread0" daemon [_thread_in_native, id=13204, stack(0x0000000056bb0000,0x0000000056cb0000)]

Stack: [0x0000000056bb0000,0x0000000056cb0000]
Native frames: (J=compiled Java code, j=interpreted, Vv=VM code, C=native code)
V  [jvm.dll+0x31667a]
V  [jvm.dll+0x267073]
V  [jvm.dll+0x267cb3]
V  [jvm.dll+0x25f5b5]
V  [jvm.dll+0xbf165]
V  [jvm.dll+0xbf60c]
V  [jvm.dll+0x45d672]
V  [jvm.dll+0x49e8ef]
V  [jvm.dll+0x452b41]
V  [jvm.dll+0x453864]
V  [jvm.dll+0x437372]
V  [jvm.dll+0x98a02]
V  [jvm.dll+0x991f3]
V  [jvm.dll+0x22bde4]
V  [jvm.dll+0x2852fa]
C  [msvcr100.dll+0x21d9f]
C  [msvcr100.dll+0x21e3b]
C  [kernel32.dll+0x159ed]
C  [ntdll.dll+0x2c541]


Current CompileTask:
C2:   4616 1835   !   4       com.android.dx.cf.cst.ConstantPoolParser::parse0 (731 bytes)


---------------  P R O C E S S  ---------------

Java Threads: ( => current thread )
  0x0000000056616000 JavaThread "Service Thread" daemon [_thread_blocked, id=4980, stack(0x0000000056ff0000,0x00000000570f0000)]
  0x0000000054fda800 JavaThread "C1 CompilerThread2" daemon [_thread_blocked, id=9736, stack(0x0000000056e10000,0x0000000056f10000)]
  0x00000000565b4000 JavaThread "C2 CompilerThread1" daemon [_thread_in_native, id=1888, stack(0x0000000056d10000,0x0000000056e10000)]
=>0x00000000565a1000 JavaThread "C2 CompilerThread0" daemon [_thread_in_native, id=13204, stack(0x0000000056bb0000,0x0000000056cb0000)]
  0x00000000565a0800 JavaThread "Attach Listener" daemon [_thread_blocked, id=7200, stack(0x0000000056a50000,0x0000000056b50000)]
  0x0000000054fd5000 JavaThread "Signal Dispatcher" daemon [_thread_blocked, id=5104, stack(0x0000000055fd0000,0x00000000560d0000)]
  0x0000000054f75800 JavaThread "Finalizer" daemon [_thread_blocked, id=9884, stack(0x00000000564a0000,0x00000000565a0000)]
  0x0000000054f6d000 JavaThread "Reference Handler" daemon [_thread_blocked, id=3404, stack(0x0000000056340000,0x0000000056440000)]
  0x000000000220e800 JavaThread "main" [_thread_in_Java, id=6324, stack(0x0000000002520000,0x0000000002620000)]

Other Threads:
  0x0000000054f67800 VMThread [stack: 0x0000000056180000,0x0000000056280000] [id=3176]
  0x0000000056629800 WatcherThread [stack: 0x0000000057240000,0x0000000057340000] [id=3068]

VM state:not at safepoint (normal execution)

VM Mutex/Monitor currently owned by a thread: None

Heap:
 PSYoungGen      total 72704K, used 45620K [0x00000000eab00000, 0x00000000efb00000, 0x0000000100000000)
  eden space 64512K, 70% used [0x00000000eab00000,0x00000000ed78d108,0x00000000eea00000)
  from space 8192K, 0% used [0x00000000eea00000,0x00000000eea00000,0x00000000ef200000)
  to   space 7168K, 0% used [0x00000000ef200000,0x00000000ef200000,0x00000000ef900000)
 ParOldGen       total 80896K, used 43952K [0x00000000c0000000, 0x00000000c4f00000, 0x00000000eab00000)
  object space 80896K, 54% used [0x00000000c0000000,0x00000000c2aec020,0x00000000c4f00000)
 Metaspace       used 5661K, capacity 6896K, committed 7040K, reserved 1056768K
  class space    used 557K, capacity 616K, committed 640K, reserved 1048576K

Card table byte_map: [0x0000000011cb0000,0x0000000011ec0000] byte_map_base: 0x00000000116b0000

Marking Bits: (ParMarkBitMap*) 0x000000006132d490
 Begin Bits: [0x00000000123e0000, 0x00000000133e0000)
 End Bits:   [0x00000000133e0000, 0x00000000143e0000)

Polling page: 0x0000000000130000

CodeCache: size=245760Kb used=7446Kb max_used=7446Kb free=238313Kb
 bounds [0x00000000028f0000, 0x0000000003040000, 0x00000000118f0000]
 total_blobs=2065 nmethods=1806 adapters=173
 compilation: enabled

Compilation events (10 events):
Event: 4.496 Thread 0x0000000054fda800 1864       2       sun.reflect.generics.reflectiveObjects.ParameterizedTypeImpl::getRawType (5 bytes)
Event: 4.496 Thread 0x0000000054fda800 nmethod 1864 0x0000000003035fd0 code [0x0000000003036120, 0x0000000003036270]
Event: 4.496 Thread 0x0000000054fda800 1865       2       sun.reflect.generics.reflectiveObjects.ParameterizedTypeImpl::getActualTypeArguments (11 bytes)
Event: 4.497 Thread 0x0000000054fda800 nmethod 1865 0x0000000003036310 code [0x0000000003036480, 0x0000000003036648]
Event: 4.515 Thread 0x0000000054fda800 1867       2       java.util.TimSort::binarySort (223 bytes)
Event: 4.516 Thread 0x0000000054fda800 nmethod 1867 0x0000000003036710 code [0x00000000030368c0, 0x0000000003036e78]
Event: 4.518 Thread 0x0000000054fda800 1868       2       com.android.dx.ssa.ConstCollector::updateConstUses (248 bytes)
Event: 4.520 Thread 0x0000000054fda800 nmethod 1868 0x00000000030372d0 code [0x0000000003037540, 0x0000000003037ed8]
Event: 4.520 Thread 0x0000000054fda800 1869       2       com.android.dx.ssa.ConstCollector$2::<init> (20 bytes)
Event: 4.521 Thread 0x0000000054fda800 nmethod 1869 0x0000000003038ad0 code [0x0000000003038c20, 0x0000000003038db0]

GC Heap History (10 events):
Event: 2.122 GC heap before
{Heap before GC invocations=6 (full 0):
 PSYoungGen      total 35328K, used 35321K [0x00000000eab00000, 0x00000000ef900000, 0x0000000100000000)
  eden space 32768K, 100% used [0x00000000eab00000,0x00000000ecb00000,0x00000000ecb00000)
  from space 2560K, 99% used [0x00000000ecb00000,0x00000000ecd7e678,0x00000000ecd80000)
  to   space 7168K, 0% used [0x00000000ef200000,0x00000000ef200000,0x00000000ef900000)
 ParOldGen       total 44032K, used 13209K [0x00000000c0000000, 0x00000000c2b00000, 0x00000000eab00000)
  object space 44032K, 29% used [0x00000000c0000000,0x00000000c0ce6480,0x00000000c2b00000)
 Metaspace       used 5581K, capacity 6832K, committed 7040K, reserved 1056768K
  class space    used 556K, capacity 616K, committed 640K, reserved 1048576K
Event: 2.141 GC heap after
Heap after GC invocations=6 (full 0):
 PSYoungGen      total 71680K, used 7145K [0x00000000eab00000, 0x00000000efb00000, 0x0000000100000000)
  eden space 64512K, 0% used [0x00000000eab00000,0x00000000eab00000,0x00000000eea00000)
  from space 7168K, 99% used [0x00000000ef200000,0x00000000ef8fa688,0x00000000ef900000)
  to   space 8192K, 0% used [0x00000000eea00000,0x00000000eea00000,0x00000000ef200000)
 ParOldGen       total 44032K, used 13401K [0x00000000c0000000, 0x00000000c2b00000, 0x00000000eab00000)
  object space 44032K, 30% used [0x00000000c0000000,0x00000000c0d16438,0x00000000c2b00000)
 Metaspace       used 5581K, capacity 6832K, committed 7040K, reserved 1056768K
  class space    used 556K, capacity 616K, committed 640K, reserved 1048576K
}
Event: 2.767 GC heap before
{Heap before GC invocations=7 (full 0):
 PSYoungGen      total 71680K, used 71657K [0x00000000eab00000, 0x00000000efb00000, 0x0000000100000000)
  eden space 64512K, 100% used [0x00000000eab00000,0x00000000eea00000,0x00000000eea00000)
  from space 7168K, 99% used [0x00000000ef200000,0x00000000ef8fa688,0x00000000ef900000)
  to   space 8192K, 0% used [0x00000000eea00000,0x00000000eea00000,0x00000000ef200000)
 ParOldGen       total 44032K, used 13401K [0x00000000c0000000, 0x00000000c2b00000, 0x00000000eab00000)
  object space 44032K, 30% used [0x00000000c0000000,0x00000000c0d16438,0x00000000c2b00000)
 Metaspace       used 5595K, capacity 6832K, committed 7040K, reserved 1056768K
  class space    used 556K, capacity 616K, committed 640K, reserved 1048576K
Event: 2.812 GC heap after
Heap after GC invocations=7 (full 0):
 PSYoungGen      total 72704K, used 8160K [0x00000000eab00000, 0x00000000efb00000, 0x0000000100000000)
  eden space 64512K, 0% used [0x00000000eab00000,0x00000000eab00000,0x00000000eea00000)
  from space 8192K, 99% used [0x00000000eea00000,0x00000000ef1f8010,0x00000000ef200000)
  to   space 7168K, 0% used [0x00000000ef200000,0x00000000ef200000,0x00000000ef900000)
 ParOldGen       total 44032K, used 21288K [0x00000000c0000000, 0x00000000c2b00000, 0x00000000eab00000)
  object space 44032K, 48% used [0x00000000c0000000,0x00000000c14ca3b0,0x00000000c2b00000)
 Metaspace       used 5595K, capacity 6832K, committed 7040K, reserved 1056768K
  class space    used 556K, capacity 616K, committed 640K, reserved 1048576K
}
Event: 3.342 GC heap before
{Heap before GC invocations=8 (full 0):
 PSYoungGen      total 72704K, used 72672K [0x00000000eab00000, 0x00000000efb00000, 0x0000000100000000)
  eden space 64512K, 100% used [0x00000000eab00000,0x00000000eea00000,0x00000000eea00000)
  from space 8192K, 99% used [0x00000000eea00000,0x00000000ef1f8010,0x00000000ef200000)
  to   space 7168K, 0% used [0x00000000ef200000,0x00000000ef200000,0x00000000ef900000)
 ParOldGen       total 44032K, used 21288K [0x00000000c0000000, 0x00000000c2b00000, 0x00000000eab00000)
  object space 44032K, 48% used [0x00000000c0000000,0x00000000c14ca3b0,0x00000000c2b00000)
 Metaspace       used 5633K, capacity 6896K, committed 7040K, reserved 1056768K
  class space    used 556K, capacity 616K, committed 640K, reserved 1048576K
Event: 3.389 GC heap after
Heap after GC invocations=8 (full 0):
 PSYoungGen      total 71680K, used 7152K [0x00000000eab00000, 0x00000000efb00000, 0x0000000100000000)
  eden space 64512K, 0% used [0x00000000eab00000,0x00000000eab00000,0x00000000eea00000)
  from space 7168K, 99% used [0x00000000ef200000,0x00000000ef8fc020,0x00000000ef900000)
  to   space 8192K, 0% used [0x00000000eea00000,0x00000000eea00000,0x00000000ef200000)
 ParOldGen       total 44032K, used 30286K [0x00000000c0000000, 0x00000000c2b00000, 0x00000000eab00000)
  object space 44032K, 68% used [0x00000000c0000000,0x00000000c1d939a8,0x00000000c2b00000)
 Metaspace       used 5633K, capacity 6896K, committed 7040K, reserved 1056768K
  class space    used 556K, capacity 616K, committed 640K, reserved 1048576K
}
Event: 3.867 GC heap before
{Heap before GC invocations=9 (full 0):
 PSYoungGen      total 71680K, used 71664K [0x00000000eab00000, 0x00000000efb00000, 0x0000000100000000)
  eden space 64512K, 100% used [0x00000000eab00000,0x00000000eea00000,0x00000000eea00000)
  from space 7168K, 99% used [0x00000000ef200000,0x00000000ef8fc020,0x00000000ef900000)
  to   space 8192K, 0% used [0x00000000eea00000,0x00000000eea00000,0x00000000ef200000)
 ParOldGen       total 44032K, used 30286K [0x00000000c0000000, 0x00000000c2b00000, 0x00000000eab00000)
  object space 44032K, 68% used [0x00000000c0000000,0x00000000c1d939a8,0x00000000c2b00000)
 Metaspace       used 5650K, capacity 6896K, committed 7040K, reserved 1056768K
  class space    used 557K, capacity 616K, committed 640K, reserved 1048576K
Event: 3.913 GC heap after
Heap after GC invocations=9 (full 0):
 PSYoungGen      total 72704K, used 8190K [0x00000000eab00000, 0x00000000efb00000, 0x0000000100000000)
  eden space 64512K, 0% used [0x00000000eab00000,0x00000000eab00000,0x00000000eea00000)
  from space 8192K, 99% used [0x00000000eea00000,0x00000000ef1ff810,0x00000000ef200000)
  to   space 7168K, 0% used [0x00000000ef200000,0x00000000ef200000,0x00000000ef900000)
 ParOldGen       total 44032K, used 38891K [0x00000000c0000000, 0x00000000c2b00000, 0x00000000eab00000)
  object space 44032K, 88% used [0x00000000c0000000,0x00000000c25fad58,0x00000000c2b00000)
 Metaspace       used 5650K, capacity 6896K, committed 7040K, reserved 1056768K
  class space    used 557K, capacity 616K, committed 640K, reserved 1048576K
}
Event: 3.913 GC heap before
{Heap before GC invocations=10 (full 1):
 PSYoungGen      total 72704K, used 8190K [0x00000000eab00000, 0x00000000efb00000, 0x0000000100000000)
  eden space 64512K, 0% used [0x00000000eab00000,0x00000000eab00000,0x00000000eea00000)
  from space 8192K, 99% used [0x00000000eea00000,0x00000000ef1ff810,0x00000000ef200000)
  to   space 7168K, 0% used [0x00000000ef200000,0x00000000ef200000,0x00000000ef900000)
 ParOldGen       total 44032K, used 38891K [0x00000000c0000000, 0x00000000c2b00000, 0x00000000eab00000)
  object space 44032K, 88% used [0x00000000c0000000,0x00000000c25fad58,0x00000000c2b00000)
 Metaspace       used 5650K, capacity 6896K, committed 7040K, reserved 1056768K
  class space    used 557K, capacity 616K, committed 640K, reserved 1048576K
Event: 4.346 GC heap after
Heap after GC invocations=10 (full 1):
 PSYoungGen      total 72704K, used 0K [0x00000000eab00000, 0x00000000efb00000, 0x0000000100000000)
  eden space 64512K, 0% used [0x00000000eab00000,0x00000000eab00000,0x00000000eea00000)
  from space 8192K, 0% used [0x00000000eea00000,0x00000000eea00000,0x00000000ef200000)
  to   space 7168K, 0% used [0x00000000ef200000,0x00000000ef200000,0x00000000ef900000)
 ParOldGen       total 80896K, used 43952K [0x00000000c0000000, 0x00000000c4f00000, 0x00000000eab00000)
  object space 80896K, 54% used [0x00000000c0000000,0x00000000c2aec020,0x00000000c4f00000)
 Metaspace       used 5650K, capacity 6896K, committed 7040K, reserved 1056768K
  class space    used 557K, capacity 616K, committed 640K, reserved 1048576K
}

Deoptimization events (10 events):
Event: 2.765 Thread 0x000000000220e800 Uncommon trap: reason=class_check action=maybe_recompile pc=0x0000000002e535ec method=java.util.HashMap.putVal(ILjava/lang/Object;Ljava/lang/Object;ZZ)Ljava/lang/Object; @ 203
Event: 2.765 Thread 0x000000000220e800 Uncommon trap: reason=class_check action=maybe_recompile pc=0x0000000002e535ec method=java.util.HashMap.putVal(ILjava/lang/Object;Ljava/lang/Object;ZZ)Ljava/lang/Object; @ 203
Event: 2.765 Thread 0x000000000220e800 Uncommon trap: reason=class_check action=maybe_recompile pc=0x0000000002e535ec method=java.util.HashMap.putVal(ILjava/lang/Object;Ljava/lang/Object;ZZ)Ljava/lang/Object; @ 203
Event: 3.624 Thread 0x000000000220e800 Uncommon trap: reason=bimorphic action=maybe_recompile pc=0x0000000002ffbeb8 method=com.android.dx.cf.code.BytecodeArray.parseInstruction(ILcom/android/dx/cf/code/BytecodeArray$Visitor;)I @ 1224
Event: 3.624 Thread 0x000000000220e800 Uncommon trap: reason=bimorphic action=maybe_recompile pc=0x0000000002ffbeb8 method=com.android.dx.cf.code.BytecodeArray.parseInstruction(ILcom/android/dx/cf/code/BytecodeArray$Visitor;)I @ 1224
Event: 3.847 Thread 0x000000000220e800 Uncommon trap: reason=bimorphic action=maybe_recompile pc=0x0000000002f10bc8 method=com.android.dx.ssa.LiteralOpUpgrader.tryReplacingWithConstant(Lcom/android/dx/ssa/NormalSsaInsn;)Z @ 62
Event: 3.847 Thread 0x000000000220e800 Uncommon trap: reason=unreached action=reinterpret pc=0x0000000002d52c0c method=com.android.dx.ssa.SsaMethod.updateOneDefinition(Lcom/android/dx/ssa/SsaInsn;Lcom/android/dx/rop/code/RegisterSpec;)V @ 4
Event: 3.849 Thread 0x000000000220e800 Uncommon trap: reason=bimorphic action=maybe_recompile pc=0x0000000002f10bc8 method=com.android.dx.ssa.LiteralOpUpgrader.tryReplacingWithConstant(Lcom/android/dx/ssa/NormalSsaInsn;)Z @ 62
Event: 3.851 Thread 0x000000000220e800 Uncommon trap: reason=bimorphic action=maybe_recompile pc=0x0000000002f10bc8 method=com.android.dx.ssa.LiteralOpUpgrader.tryReplacingWithConstant(Lcom/android/dx/ssa/NormalSsaInsn;)Z @ 62
Event: 3.851 Thread 0x000000000220e800 Uncommon trap: reason=bimorphic action=maybe_recompile pc=0x0000000002f10bc8 method=com.android.dx.ssa.LiteralOpUpgrader.tryReplacingWithConstant(Lcom/android/dx/ssa/NormalSsaInsn;)Z @ 62

Internal exceptions (8 events):
Event: 0.027 Thread 0x000000000220e800 Exception <a 'java/lang/NoSuchMethodError': Method sun.misc.Unsafe.defineClass(Ljava/lang/String;[BII)Ljava/lang/Class; name or signature does not match> (0x00000000eab0c7d8) thrown at [D:\re\workspace\8-2-build-windows-amd64-cygwin\jdk8u25\1677\hotspot\sr¸!©¢íÿ›?
Event: 0.027 Thread 0x000000000220e800 Exception <a 'java/lang/NoSuchMethodError': Method sun.misc.Unsafe.prefetchRead(Ljava/lang/Object;J)V name or signature does not match> (0x00000000eab0ca68) thrown at [D:\re\workspace\8-2-build-windows-amd64-cygwin\jdk8u25\1677\hotspot\src\share\vm\prims\j¼¨ŠÁë?
Event: 0.846 Thread 0x000000000220e800 Implicit null exception at 0x0000000002c14912 to 0x0000000002c14a02
Event: 0.974 Thread 0x000000000220e800 Implicit null exception at 0x0000000002d37178 to 0x0000000002d382dd
Event: 0.980 Thread 0x000000000220e800 Implicit null exception at 0x0000000002cf8f22 to 0x0000000002cfa37d
Event: 2.106 Thread 0x000000000220e800 Exception <a 'java/lang/ArrayIndexOutOfBoundsException': 18> (0x00000000ec991f58) thrown at [D:\re\workspace\8-2-build-windows-amd64-cygwin\jdk8u25\1677\hotspot\src\share\vm\interpreter\interpreterRuntime.cpp, line 366]
Event: 2.106 Thread 0x000000000220e800 Exception <a 'java/lang/ArrayIndexOutOfBoundsException': 145> (0x00000000ec9939f0) thrown at [D:\re\workspace\8-2-build-windows-amd64-cygwin\jdk8u25\1677\hotspot\src\share\vm\interpreter\interpreterRuntime.cpp, line 366]
Event: 2.108 Thread 0x000000000220e800 Exception <a 'java/lang/ArrayIndexOutOfBoundsException'> (0x00000000ec994c08) thrown at [D:\re\workspace\8-2-build-windows-amd64-cygwin\jdk8u25\1677\hotspot\src\share\vm\runtime\sharedRuntime.cpp, line 604]

Events (10 events):
Event: 4.483 Thread 0x000000000220e800 DEOPT PACKING pc=0x0000000002bde6a4 sp=0x000000000261e970
Event: 4.483 Thread 0x000000000220e800 DEOPT UNPACKING pc=0x00000000029375bf sp=0x000000000261e688 mode 0
Event: 4.490 Thread 0x000000000220e800 DEOPT PACKING pc=0x0000000002d7b3e4 sp=0x000000000261e700
Event: 4.490 Thread 0x000000000220e800 DEOPT UNPACKING pc=0x00000000029375bf sp=0x000000000261e400 mode 0
Event: 4.518 Thread 0x000000000220e800 DEOPT PACKING pc=0x0000000002d10098 sp=0x000000000261e730
Event: 4.518 Thread 0x000000000220e800 DEOPT UNPACKING pc=0x00000000029375bf sp=0x000000000261e488 mode 0
Event: 4.556 Thread 0x000000000220e800 DEOPT PACKING pc=0x0000000002bde6a4 sp=0x000000000261e8c0
Event: 4.556 Thread 0x000000000220e800 DEOPT UNPACKING pc=0x00000000029375bf sp=0x000000000261e5d8 mode 0
Event: 4.557 Thread 0x000000000220e800 DEOPT PACKING pc=0x0000000002bde6a4 sp=0x000000000261e8c0
Event: 4.557 Thread 0x000000000220e800 DEOPT UNPACKING pc=0x00000000029375bf sp=0x000000000261e5d8 mode 0


Dynamic libraries:
0x000000013f680000 - 0x000000013f6b4000 	C:\PROGRA~1\Java\JDK18~1.0_2\bin\java.exe
0x0000000077020000 - 0x00000000771c9000 	C:\Windows\SYSTEM32\ntdll.dll
0x0000000076e00000 - 0x0000000076f1f000 	C:\Windows\system32\kernel32.dll
0x000007fefc410000 - 0x000007fefc47c000 	C:\Windows\system32\KERNELBASE.dll
0x000007fefe1b0000 - 0x000007fefe28b000 	C:\Windows\system32\ADVAPI32.dll
0x000007fefe470000 - 0x000007fefe50f000 	C:\Windows\system32\msvcrt.dll
0x000007fefce50000 - 0x000007fefce6f000 	C:\Windows\SYSTEM32\sechost.dll
0x000007fefe510000 - 0x000007fefe63d000 	C:\Windows\system32\RPCRT4.dll
0x0000000076f20000 - 0x000000007701a000 	C:\Windows\system32\USER32.dll
0x000007fefc990000 - 0x000007fefc9f7000 	C:\Windows\system32\GDI32.dll
0x000007fefe410000 - 0x000007fefe41e000 	C:\Windows\system32\LPK.dll
0x000007fefce70000 - 0x000007fefcf39000 	C:\Windows\system32\USP10.dll
0x000007fefa610000 - 0x000007fefa804000 	C:\Windows\WinSxS\amd64_microsoft.windows.common-controls_6595b64144ccf1df_6.0.7601.17514_none_fa396087175ac9ac\COMCTL32.dll
0x000007fefc5a0000 - 0x000007fefc611000 	C:\Windows\system32\SHLWAPI.dll
0x000007fefe180000 - 0x000007fefe1ae000 	C:\Windows\system32\IMM32.DLL
0x000007fefc880000 - 0x000007fefc989000 	C:\Windows\system32\MSCTF.dll
0x00000000688a0000 - 0x0000000068972000 	C:\PROGRA~1\Java\JDK18~1.0_2\jre\bin\msvcr100.dll
0x0000000060b50000 - 0x00000000613aa000 	C:\PROGRA~1\Java\JDK18~1.0_2\jre\bin\server\jvm.dll
0x000007fef8bb0000 - 0x000007fef8bb9000 	C:\Windows\system32\WSOCK32.dll
0x000007fefe420000 - 0x000007fefe46d000 	C:\Windows\system32\WS2_32.dll
0x000007fefcf40000 - 0x000007fefcf48000 	C:\Windows\system32\NSI.dll
0x000007fef6710000 - 0x000007fef674b000 	C:\Windows\system32\WINMM.dll
0x00000000771f0000 - 0x00000000771f7000 	C:\Windows\system32\PSAPI.DLL
0x0000000069910000 - 0x000000006991f000 	C:\PROGRA~1\Java\JDK18~1.0_2\jre\bin\verify.dll
0x00000000698e0000 - 0x0000000069908000 	C:\PROGRA~1\Java\JDK18~1.0_2\jre\bin\java.dll
0x0000000069800000 - 0x0000000069816000 	C:\PROGRA~1\Java\JDK18~1.0_2\jre\bin\zip.dll
0x000007fefd3f0000 - 0x000007fefe178000 	C:\Windows\system32\SHELL32.dll
0x000007fefca00000 - 0x000007fefcc03000 	C:\Windows\system32\ole32.dll
0x000007fefc140000 - 0x000007fefc14f000 	C:\Windows\system32\profapi.dll
0x000007fef80f0000 - 0x000007fef8215000 	C:\Windows\system32\dbghelp.dll

VM Arguments:
jvm_args: -Xmx1024M -Xss1m -Djava.ext.dirs=C:\Users\Jason\Desktop\adt-bundle-windows-x86_64-20140702\sdk\build-tools\android-4.4W\lib 
java_command: C:\Users\Jason\Desktop\adt-bundle-windows-x86_64-20140702\sdk\build-tools\android-4.4W\lib\dx.jar --dex --output C:\Users\Jason\Documents\NetBeansProjects\CordovaTest\platforms\android\ant-build\dexedLibs\com.google.zxing.client.android.captureactivity-501cceccfb2f6a9f127eb763f7bd97b2.jar C:\Users\Jason\Documents\NetBeansProjects\CordovaTest\platforms\android\libs\com.google.zxing.client.android.captureactivity.jar
java_class_path (initial): C:\Users\Jason\Desktop\adt-bundle-windows-x86_64-20140702\sdk\build-tools\android-4.4W\lib\dx.jar
Launcher Type: SUN_STANDARD

Environment Variables:
JAVA_HOME=C:\Program Files\Java\jdk1.8.0_25
PATH=C:\ProgramData\Oracle\Java\javapath;C:\Program Files\Common Files\Microsoft Shared\Windows Live;C:\Program Files (x86)\Common Files\Microsoft Shared\Windows Live;C:\Windows\system32;C:\Windows;C:\Windows\System32\Wbem;C:\Windows\System32\WindowsPowerShell\v1.0;C:\Program Files (x86)\Intel\OpenCL SDK\2.0\bin\x86;C:\Program Files (x86)\Intel\OpenCL SDK\2.0\bin\x64;C:\Program Files (x86)\Windows Live\Shared;C:\Program Files\Microsoft SQL Server\110\Tools\Binn;C:\Program Files\nodejs;C:\Program Files (x86)\Git\cmd;C:\Program Files (x86)\SSH Communications Security\SSH Secure Shell;C:\Program Files\Java\jdk1.7.0_07\bin;C:\glassfish4\glassfish\bin;C:\Program Files (x86)\OpenVPN\bin;C:\Users\Jason\AppData\Roaming\npm;C:\Users\Jason\Desktop\adt-bundle-windows-x86_64-20140702\sdk\tools;C:\Users\Jason\Desktop\adt-bundle-windows-x86_64-20140702\sdk\platform-tools;C:\Program Files\Java\jdk1.8.0_25\bin;C:\NetBeans 8.0\extide\ant\bin
USERNAME=Jason
OS=Windows_NT
PROCESSOR_IDENTIFIER=Intel64 Family 6 Model 58 Stepping 9, GenuineIntel



---------------  S Y S T E M  ---------------

OS: Windows 7 , 64 bit Build 7601 Service Pack 1

CPU:total 4 (2 cores per cpu, 2 threads per core) family 6 model 58 stepping 9, cmov, cx8, fxsr, mmx, sse, sse2, sse3, ssse3, sse4.1, sse4.2, popcnt, avx, aes, clmul, erms, ht, tsc, tscinvbit, tscinv

Memory: 4k page, physical 4098764k(62908k free), swap 6960956k(5740k free)

vm_info: Java HotSpot(TM) 64-Bit Server VM (25.25-b02) for windows-amd64 JRE (1.8.0_25-b18), built on Oct  7 2014 14:25:37 by "java_re" with MS VC++ 10.0 (VS2010)

time: Sat Nov 01 16:09:16 2014
elapsed time: 4 seconds (0d 0h 0m 4s)

