#
# There is insufficient memory for the Java Runtime Environment to continue.
# Native memory allocation (malloc) failed to allocate 2006976 bytes for Chunk::new
# Possible reasons:
#   The system is out of physical RAM or swap space
#   In 32 bit mode, the process size limit was hit
# Possible solutions:
#   Reduce memory load on the system
#   Increase physical memory or swap space
#   Check if swap backing store is full
#   Use 64 bit Java on a 64 bit OS
#   Decrease Java heap size (-Xmx/-Xms)
#   Decrease number of Java threads
#   Decrease Java thread stack sizes (-Xss)
#   Set larger code cache with -XX:ReservedCodeCacheSize=
# This output file may be truncated or incomplete.
#
#  Out of Memory Error (allocation.cpp:390), pid=4448, tid=8064
#
# JRE version: Java(TM) SE Runtime Environment (8.0_25-b18) (build 1.8.0_25-b18)
# Java VM: Java HotSpot(TM) 64-Bit Server VM (25.25-b02 mixed mode windows-amd64 compressed oops)
# Failed to write core dump. Minidumps are not enabled by default on client versions of Windows
#

---------------  T H R E A D  ---------------

Current thread (0x00000000563e1000):  JavaThread "C2 CompilerThread0" daemon [_thread_in_native, id=8064, stack(0x0000000056a30000,0x0000000056b30000)]

Stack: [0x0000000056a30000,0x0000000056b30000]
Native frames: (J=compiled Java code, j=interpreted, Vv=VM code, C=native code)
V  [jvm.dll+0x31667a]
V  [jvm.dll+0x267073]
V  [jvm.dll+0x267cb3]
V  [jvm.dll+0x25f5b5]
V  [jvm.dll+0xbf165]
V  [jvm.dll+0xbf60c]
V  [jvm.dll+0x45d672]
V  [jvm.dll+0x49e8ef]
V  [jvm.dll+0x452b41]
V  [jvm.dll+0x453864]
V  [jvm.dll+0x437372]
V  [jvm.dll+0x98a02]
V  [jvm.dll+0x991f3]
V  [jvm.dll+0x22bde4]
V  [jvm.dll+0x2852fa]
C  [msvcr100.dll+0x21d9f]
C  [msvcr100.dll+0x21e3b]
C  [kernel32.dll+0x159ed]
C  [ntdll.dll+0x2c541]


Current CompileTask:
C2:   7501 1833   !   4       com.android.dx.cf.code.BytecodeArray::parseInstruction (2764 bytes)


---------------  P R O C E S S  ---------------

Java Threads: ( => current thread )
  0x000000005643c800 JavaThread "Service Thread" daemon [_thread_blocked, id=5284, stack(0x0000000056f80000,0x0000000057080000)]
  0x0000000056428000 JavaThread "C1 CompilerThread2" daemon [_thread_blocked, id=8472, stack(0x0000000056dd0000,0x0000000056ed0000)]
  0x000000005641d800 JavaThread "C2 CompilerThread1" daemon [_thread_in_native, id=12664, stack(0x0000000056c30000,0x0000000056d30000)]
=>0x00000000563e1000 JavaThread "C2 CompilerThread0" daemon [_thread_in_native, id=8064, stack(0x0000000056a30000,0x0000000056b30000)]
  0x00000000563e0800 JavaThread "Attach Listener" daemon [_thread_blocked, id=2860, stack(0x00000000567f0000,0x00000000568f0000)]
  0x0000000054fd3800 JavaThread "Signal Dispatcher" daemon [_thread_blocked, id=4240, stack(0x0000000056170000,0x0000000056270000)]
  0x0000000054f76000 JavaThread "Finalizer" daemon [_thread_blocked, id=11328, stack(0x00000000562e0000,0x00000000563e0000)]
  0x0000000054f6d000 JavaThread "Reference Handler" daemon [_thread_blocked, id=6912, stack(0x0000000056070000,0x0000000056170000)]
  0x000000000216e800 JavaThread "main" [_thread_in_native, id=1736, stack(0x0000000002170000,0x0000000002270000)]

Other Threads:
  0x0000000054f67800 VMThread [stack: 0x0000000055e40000,0x0000000055f40000] [id=8584]
  0x0000000056440000 WatcherThread [stack: 0x0000000056b30000,0x0000000056c30000] [id=5312]

VM state:not at safepoint (normal execution)

VM Mutex/Monitor currently owned by a thread: None

Heap:
 PSYoungGen      total 57856K, used 4762K [0x00000000eab00000, 0x00000000f4400000, 0x0000000100000000)
  eden space 55296K, 3% used [0x00000000eab00000,0x00000000ead275e0,0x00000000ee100000)
  from space 2560K, 99% used [0x00000000eed80000,0x00000000eefff480,0x00000000ef000000)
  to   space 12800K, 0% used [0x00000000ee100000,0x00000000ee100000,0x00000000eed80000)
 ParOldGen       total 44032K, used 30319K [0x00000000c0000000, 0x00000000c2b00000, 0x00000000eab00000)
  object space 44032K, 68% used [0x00000000c0000000,0x00000000c1d9bca8,0x00000000c2b00000)
 Metaspace       used 5483K, capacity 6896K, committed 7040K, reserved 1056768K
  class space    used 540K, capacity 616K, committed 640K, reserved 1048576K

Card table byte_map: [0x00000000119b0000,0x0000000011bc0000] byte_map_base: 0x00000000113b0000

Marking Bits: (ParMarkBitMap*) 0x000000006132d490
 Begin Bits: [0x00000000123e0000, 0x00000000133e0000)
 End Bits:   [0x00000000133e0000, 0x00000000143e0000)

Polling page: 0x0000000000330000

CodeCache: size=245760Kb used=8818Kb max_used=8848Kb free=236941Kb
 bounds [0x00000000025f0000, 0x0000000002ea0000, 0x00000000115f0000]
 total_blobs=2082 nmethods=1823 adapters=173
 compilation: enabled

Compilation events (10 events):
Event: 7.294 Thread 0x000000005641d800 nmethod 1843 0x0000000002e90c50 code [0x0000000002e90fc0, 0x0000000002e91f38]
Event: 7.295 Thread 0x0000000056428000 1844       3       com.android.dx.dex.code.RopTranslator$TranslationVisitor::visitThrowingInsn (118 bytes)
Event: 7.297 Thread 0x0000000056428000 nmethod 1844 0x0000000002e93690 code [0x0000000002e939a0, 0x0000000002e95208]
Event: 7.301 Thread 0x000000005641d800 1845       4       com.android.dx.cf.code.ByteCatchList::toTargetList (114 bytes)
Event: 7.301 Thread 0x0000000056428000 1846       3       com.android.dx.dex.file.ClassDefItem::addVirtualMethod (9 bytes)
Event: 7.302 Thread 0x0000000056428000 nmethod 1846 0x0000000002e8f850 code [0x0000000002e8fa00, 0x0000000002e90098]
Event: 7.302 Thread 0x0000000056428000 1847       3       com.android.dx.dex.file.ClassDataItem::addVirtualMethod (24 bytes)
Event: 7.302 Thread 0x0000000056428000 nmethod 1847 0x0000000002e8ecd0 code [0x0000000002e8ee80, 0x0000000002e8f4f8]
Event: 7.404 Thread 0x000000005641d800 nmethod 1845 0x0000000002e997d0 code [0x0000000002e99980, 0x0000000002e9a558]
Event: 7.405 Thread 0x000000005641d800 1848   !   4       com.android.dx.cf.code.Ropper::processBlock (1101 bytes)

GC Heap History (10 events):
Event: 1.678 GC heap before
{Heap before GC invocations=2 (full 0):
 PSYoungGen      total 18944K, used 18912K [0x00000000eab00000, 0x00000000ed000000, 0x0000000100000000)
  eden space 16384K, 100% used [0x00000000eab00000,0x00000000ebb00000,0x00000000ebb00000)
  from space 2560K, 98% used [0x00000000ebb00000,0x00000000ebd78038,0x00000000ebd80000)
  to   space 2560K, 0% used [0x00000000ecd80000,0x00000000ecd80000,0x00000000ed000000)
 ParOldGen       total 44032K, used 1131K [0x00000000c0000000, 0x00000000c2b00000, 0x00000000eab00000)
  object space 44032K, 2% used [0x00000000c0000000,0x00000000c011ad38,0x00000000c2b00000)
 Metaspace       used 5188K, capacity 6640K, committed 6784K, reserved 1056768K
  class space    used 534K, capacity 616K, committed 640K, reserved 1048576K
Event: 1.756 GC heap after
Heap after GC invocations=2 (full 0):
 PSYoungGen      total 35328K, used 2551K [0x00000000eab00000, 0x00000000ed000000, 0x0000000100000000)
  eden space 32768K, 0% used [0x00000000eab00000,0x00000000eab00000,0x00000000ecb00000)
  from space 2560K, 99% used [0x00000000ecd80000,0x00000000ecffde20,0x00000000ed000000)
  to   space 2560K, 0% used [0x00000000ecb00000,0x00000000ecb00000,0x00000000ecd80000)
 ParOldGen       total 44032K, used 3466K [0x00000000c0000000, 0x00000000c2b00000, 0x00000000eab00000)
  object space 44032K, 7% used [0x00000000c0000000,0x00000000c0362890,0x00000000c2b00000)
 Metaspace       used 5188K, capacity 6640K, committed 6784K, reserved 1056768K
  class space    used 534K, capacity 616K, committed 640K, reserved 1048576K
}
Event: 2.396 GC heap before
{Heap before GC invocations=3 (full 0):
 PSYoungGen      total 35328K, used 35319K [0x00000000eab00000, 0x00000000ed000000, 0x0000000100000000)
  eden space 32768K, 100% used [0x00000000eab00000,0x00000000ecb00000,0x00000000ecb00000)
  from space 2560K, 99% used [0x00000000ecd80000,0x00000000ecffde20,0x00000000ed000000)
  to   space 2560K, 0% used [0x00000000ecb00000,0x00000000ecb00000,0x00000000ecd80000)
 ParOldGen       total 44032K, used 3466K [0x00000000c0000000, 0x00000000c2b00000, 0x00000000eab00000)
  object space 44032K, 7% used [0x00000000c0000000,0x00000000c0362890,0x00000000c2b00000)
 Metaspace       used 5245K, capacity 6640K, committed 6784K, reserved 1056768K
  class space    used 534K, capacity 616K, committed 640K, reserved 1048576K
Event: 2.420 GC heap after
Heap after GC invocations=3 (full 0):
 PSYoungGen      total 35328K, used 2532K [0x00000000eab00000, 0x00000000ef000000, 0x0000000100000000)
  eden space 32768K, 0% used [0x00000000eab00000,0x00000000eab00000,0x00000000ecb00000)
  from space 2560K, 98% used [0x00000000ecb00000,0x00000000ecd79170,0x00000000ecd80000)
  to   space 2560K, 0% used [0x00000000eed80000,0x00000000eed80000,0x00000000ef000000)
 ParOldGen       total 44032K, used 11192K [0x00000000c0000000, 0x00000000c2b00000, 0x00000000eab00000)
  object space 44032K, 25% used [0x00000000c0000000,0x00000000c0aee350,0x00000000c2b00000)
 Metaspace       used 5245K, capacity 6640K, committed 6784K, reserved 1056768K
  class space    used 534K, capacity 616K, committed 640K, reserved 1048576K
}
Event: 4.175 GC heap before
{Heap before GC invocations=4 (full 0):
 PSYoungGen      total 35328K, used 35300K [0x00000000eab00000, 0x00000000ef000000, 0x0000000100000000)
  eden space 32768K, 100% used [0x00000000eab00000,0x00000000ecb00000,0x00000000ecb00000)
  from space 2560K, 98% used [0x00000000ecb00000,0x00000000ecd79170,0x00000000ecd80000)
  to   space 2560K, 0% used [0x00000000eed80000,0x00000000eed80000,0x00000000ef000000)
 ParOldGen       total 44032K, used 11192K [0x00000000c0000000, 0x00000000c2b00000, 0x00000000eab00000)
  object space 44032K, 25% used [0x00000000c0000000,0x00000000c0aee350,0x00000000c2b00000)
 Metaspace       used 5393K, capacity 6768K, committed 7040K, reserved 1056768K
  class space    used 537K, capacity 616K, committed 640K, reserved 1048576K
Event: 4.223 GC heap after
Heap after GC invocations=4 (full 0):
 PSYoungGen      total 68096K, used 2532K [0x00000000eab00000, 0x00000000ef000000, 0x0000000100000000)
  eden space 65536K, 0% used [0x00000000eab00000,0x00000000eab00000,0x00000000eeb00000)
  from space 2560K, 98% used [0x00000000eed80000,0x00000000eeff9170,0x00000000ef000000)
  to   space 2560K, 0% used [0x00000000eeb00000,0x00000000eeb00000,0x00000000eed80000)
 ParOldGen       total 44032K, used 17492K [0x00000000c0000000, 0x00000000c2b00000, 0x00000000eab00000)
  object space 44032K, 39% used [0x00000000c0000000,0x00000000c11150b0,0x00000000c2b00000)
 Metaspace       used 5393K, capacity 6768K, committed 7040K, reserved 1056768K
  class space    used 537K, capacity 616K, committed 640K, reserved 1048576K
}
Event: 6.180 GC heap before
{Heap before GC invocations=5 (full 0):
 PSYoungGen      total 68096K, used 68068K [0x00000000eab00000, 0x00000000ef000000, 0x0000000100000000)
  eden space 65536K, 100% used [0x00000000eab00000,0x00000000eeb00000,0x00000000eeb00000)
  from space 2560K, 98% used [0x00000000eed80000,0x00000000eeff9170,0x00000000ef000000)
  to   space 2560K, 0% used [0x00000000eeb00000,0x00000000eeb00000,0x00000000eed80000)
 ParOldGen       total 44032K, used 17492K [0x00000000c0000000, 0x00000000c2b00000, 0x00000000eab00000)
  object space 44032K, 39% used [0x00000000c0000000,0x00000000c11150b0,0x00000000c2b00000)
 Metaspace       used 5423K, capacity 6832K, committed 7040K, reserved 1056768K
  class space    used 538K, capacity 616K, committed 640K, reserved 1048576K
Event: 6.377 GC heap after
Heap after GC invocations=5 (full 0):
 PSYoungGen      total 68096K, used 2550K [0x00000000eab00000, 0x00000000ef000000, 0x0000000100000000)
  eden space 65536K, 0% used [0x00000000eab00000,0x00000000eab00000,0x00000000eeb00000)
  from space 2560K, 99% used [0x00000000eeb00000,0x00000000eed7da18,0x00000000eed80000)
  to   space 2560K, 0% used [0x00000000eed80000,0x00000000eed80000,0x00000000ef000000)
 ParOldGen       total 44032K, used 25472K [0x00000000c0000000, 0x00000000c2b00000, 0x00000000eab00000)
  object space 44032K, 57% used [0x00000000c0000000,0x00000000c18e0148,0x00000000c2b00000)
 Metaspace       used 5423K, capacity 6832K, committed 7040K, reserved 1056768K
  class space    used 538K, capacity 616K, committed 640K, reserved 1048576K
}
Event: 7.312 GC heap before
{Heap before GC invocations=6 (full 0):
 PSYoungGen      total 68096K, used 68086K [0x00000000eab00000, 0x00000000ef000000, 0x0000000100000000)
  eden space 65536K, 100% used [0x00000000eab00000,0x00000000eeb00000,0x00000000eeb00000)
  from space 2560K, 99% used [0x00000000eeb00000,0x00000000eed7da18,0x00000000eed80000)
  to   space 2560K, 0% used [0x00000000eed80000,0x00000000eed80000,0x00000000ef000000)
 ParOldGen       total 44032K, used 25472K [0x00000000c0000000, 0x00000000c2b00000, 0x00000000eab00000)
  object space 44032K, 57% used [0x00000000c0000000,0x00000000c18e0148,0x00000000c2b00000)
 Metaspace       used 5483K, capacity 6896K, committed 7040K, reserved 1056768K
  class space    used 540K, capacity 616K, committed 640K, reserved 1048576K
Event: 7.403 GC heap after
Heap after GC invocations=6 (full 0):
 PSYoungGen      total 57856K, used 2557K [0x00000000eab00000, 0x00000000f4400000, 0x0000000100000000)
  eden space 55296K, 0% used [0x00000000eab00000,0x00000000eab00000,0x00000000ee100000)
  from space 2560K, 99% used [0x00000000eed80000,0x00000000eefff480,0x00000000ef000000)
  to   space 12800K, 0% used [0x00000000ee100000,0x00000000ee100000,0x00000000eed80000)
 ParOldGen       total 44032K, used 30319K [0x00000000c0000000, 0x00000000c2b00000, 0x00000000eab00000)
  object space 44032K, 68% used [0x00000000c0000000,0x00000000c1d9bca8,0x00000000c2b00000)
 Metaspace       used 5483K, capacity 6896K, committed 7040K, reserved 1056768K
  class space    used 540K, capacity 616K, committed 640K, reserved 1048576K
}

Deoptimization events (10 events):
Event: 6.515 Thread 0x000000000216e800 Uncommon trap: reason=class_check action=maybe_recompile pc=0x0000000002bc7418 method=com.android.dx.cf.code.BaseMachine.storeResults(Lcom/android/dx/cf/code/Frame;)V @ 41
Event: 6.518 Thread 0x000000000216e800 Uncommon trap: reason=null_assert action=make_not_entrant pc=0x0000000002c008fc method=com.android.dx.cf.code.RopperMachine.run(Lcom/android/dx/cf/code/Frame;II)V @ 765
Event: 6.522 Thread 0x000000000216e800 Uncommon trap: reason=bimorphic action=maybe_recompile pc=0x0000000002b94bcc method=com.android.dx.cf.code.Merger.mergeType(Lcom/android/dx/rop/type/TypeBearer;Lcom/android/dx/rop/type/TypeBearer;)Lcom/android/dx/rop/type/TypeBearer; @ 21
Event: 6.540 Thread 0x000000000216e800 Uncommon trap: reason=class_check action=maybe_recompile pc=0x0000000002bc7418 method=com.android.dx.cf.code.BaseMachine.storeResults(Lcom/android/dx/cf/code/Frame;)V @ 41
Event: 6.665 Thread 0x000000000216e800 Uncommon trap: reason=speculate_class_check action=maybe_recompile pc=0x0000000002dc0a28 method=com.android.dx.rop.code.Insn.contentEquals(Lcom/android/dx/rop/code/Insn;)Z @ 65
Event: 6.665 Thread 0x000000000216e800 Uncommon trap: reason=speculate_class_check action=maybe_recompile pc=0x0000000002dc0a28 method=com.android.dx.rop.code.Insn.contentEquals(Lcom/android/dx/rop/code/Insn;)Z @ 65
Event: 6.665 Thread 0x000000000216e800 Uncommon trap: reason=speculate_class_check action=maybe_recompile pc=0x0000000002dc0a28 method=com.android.dx.rop.code.Insn.contentEquals(Lcom/android/dx/rop/code/Insn;)Z @ 65
Event: 6.665 Thread 0x000000000216e800 Uncommon trap: reason=speculate_class_check action=maybe_recompile pc=0x0000000002dc0a28 method=com.android.dx.rop.code.Insn.contentEquals(Lcom/android/dx/rop/code/Insn;)Z @ 65
Event: 7.262 Thread 0x000000000216e800 Uncommon trap: reason=bimorphic action=maybe_recompile pc=0x0000000002af9868 method=com.android.dx.ssa.LiteralOpUpgrader.tryReplacingWithConstant(Lcom/android/dx/ssa/NormalSsaInsn;)Z @ 52
Event: 7.269 Thread 0x000000000216e800 Uncommon trap: reason=bimorphic action=maybe_recompile pc=0x0000000002af9868 method=com.android.dx.ssa.LiteralOpUpgrader.tryReplacingWithConstant(Lcom/android/dx/ssa/NormalSsaInsn;)Z @ 52

Internal exceptions (4 events):
Event: 0.035 Thread 0x000000000216e800 Exception <a 'java/lang/NoSuchMethodError': Method sun.misc.Unsafe.defineClass(Ljava/lang/String;[BII)Ljava/lang/Class; name or signature does not match> (0x00000000eab0ca90) thrown at [D:\re\workspace\8-2-build-windows-amd64-cygwin\jdk8u25\1677\hotspot\sr[G+òﬂ°?
Event: 0.035 Thread 0x000000000216e800 Exception <a 'java/lang/NoSuchMethodError': Method sun.misc.Unsafe.prefetchRead(Ljava/lang/Object;J)V name or signature does not match> (0x00000000eab0cd20) thrown at [D:\re\workspace\8-2-build-windows-amd64-cygwin\jdk8u25\1677\hotspot\src\share\vm\prims\j£K‰Îﬂt@
Event: 4.114 Thread 0x000000000216e800 Implicit null exception at 0x0000000002c11789 to 0x0000000002c11895
Event: 5.366 Thread 0x000000000216e800 Implicit null exception at 0x0000000002cab5ba to 0x0000000002cb3931

Events (10 events):
Event: 7.405 Executing VM operation: RevokeBias
Event: 7.405 Executing VM operation: RevokeBias done
Event: 7.406 Executing VM operation: RevokeBias
Event: 7.406 Executing VM operation: RevokeBias done
Event: 7.406 Executing VM operation: RevokeBias
Event: 7.406 Executing VM operation: RevokeBias done
Event: 7.406 Executing VM operation: RevokeBias
Event: 7.406 Executing VM operation: RevokeBias done
Event: 7.468 Executing VM operation: RevokeBias
Event: 7.468 Executing VM operation: RevokeBias done


Dynamic libraries:
0x000000013f680000 - 0x000000013f6b4000 	C:\PROGRA~1\Java\JDK18~1.0_2\bin\java.exe
0x0000000077020000 - 0x00000000771c9000 	C:\Windows\SYSTEM32\ntdll.dll
0x0000000076e00000 - 0x0000000076f1f000 	C:\Windows\system32\kernel32.dll
0x000007fefc410000 - 0x000007fefc47c000 	C:\Windows\system32\KERNELBASE.dll
0x000007fefe1b0000 - 0x000007fefe28b000 	C:\Windows\system32\ADVAPI32.dll
0x000007fefe470000 - 0x000007fefe50f000 	C:\Windows\system32\msvcrt.dll
0x000007fefce50000 - 0x000007fefce6f000 	C:\Windows\SYSTEM32\sechost.dll
0x000007fefe510000 - 0x000007fefe63d000 	C:\Windows\system32\RPCRT4.dll
0x0000000076f20000 - 0x000000007701a000 	C:\Windows\system32\USER32.dll
0x000007fefc990000 - 0x000007fefc9f7000 	C:\Windows\system32\GDI32.dll
0x000007fefe410000 - 0x000007fefe41e000 	C:\Windows\system32\LPK.dll
0x000007fefce70000 - 0x000007fefcf39000 	C:\Windows\system32\USP10.dll
0x000007fefa610000 - 0x000007fefa804000 	C:\Windows\WinSxS\amd64_microsoft.windows.common-controls_6595b64144ccf1df_6.0.7601.17514_none_fa396087175ac9ac\COMCTL32.dll
0x000007fefc5a0000 - 0x000007fefc611000 	C:\Windows\system32\SHLWAPI.dll
0x000007fefe180000 - 0x000007fefe1ae000 	C:\Windows\system32\IMM32.DLL
0x000007fefc880000 - 0x000007fefc989000 	C:\Windows\system32\MSCTF.dll
0x00000000688a0000 - 0x0000000068972000 	C:\PROGRA~1\Java\JDK18~1.0_2\jre\bin\msvcr100.dll
0x0000000060b50000 - 0x00000000613aa000 	C:\PROGRA~1\Java\JDK18~1.0_2\jre\bin\server\jvm.dll
0x000007fef8bb0000 - 0x000007fef8bb9000 	C:\Windows\system32\WSOCK32.dll
0x000007fefe420000 - 0x000007fefe46d000 	C:\Windows\system32\WS2_32.dll
0x000007fefcf40000 - 0x000007fefcf48000 	C:\Windows\system32\NSI.dll
0x000007fef6710000 - 0x000007fef674b000 	C:\Windows\system32\WINMM.dll
0x00000000771f0000 - 0x00000000771f7000 	C:\Windows\system32\PSAPI.DLL
0x0000000069910000 - 0x000000006991f000 	C:\PROGRA~1\Java\JDK18~1.0_2\jre\bin\verify.dll
0x00000000698e0000 - 0x0000000069908000 	C:\PROGRA~1\Java\JDK18~1.0_2\jre\bin\java.dll
0x0000000069800000 - 0x0000000069816000 	C:\PROGRA~1\Java\JDK18~1.0_2\jre\bin\zip.dll
0x000007fefd3f0000 - 0x000007fefe178000 	C:\Windows\system32\SHELL32.dll
0x000007fefca00000 - 0x000007fefcc03000 	C:\Windows\system32\ole32.dll
0x000007fefc140000 - 0x000007fefc14f000 	C:\Windows\system32\profapi.dll
0x000007fef80f0000 - 0x000007fef8215000 	C:\Windows\system32\dbghelp.dll

VM Arguments:
jvm_args: -Xmx1024M -Xss1m -Djava.ext.dirs=C:\Users\Jason\Desktop\adt-bundle-windows-x86_64-20140702\sdk\build-tools\android-4.4W\lib 
java_command: C:\Users\Jason\Desktop\adt-bundle-windows-x86_64-20140702\sdk\build-tools\android-4.4W\lib\dx.jar --dex --output C:\Users\Jason\Documents\NetBeansProjects\CordovaTest\platforms\android\ant-build\classes.dex C:\Users\Jason\Documents\NetBeansProjects\CordovaTest\platforms\android\ant-build\classes C:\Users\Jason\Documents\NetBeansProjects\CordovaTest\platforms\android\ant-build\dexedLibs\classes-1fda059b713b4c743902bb8fe66b9ff9.jar
java_class_path (initial): C:\Users\Jason\Desktop\adt-bundle-windows-x86_64-20140702\sdk\build-tools\android-4.4W\lib\dx.jar
Launcher Type: SUN_STANDARD

Environment Variables:
JAVA_HOME=C:\Program Files\Java\jdk1.8.0_25
PATH=C:\ProgramData\Oracle\Java\javapath;C:\Program Files\Common Files\Microsoft Shared\Windows Live;C:\Program Files (x86)\Common Files\Microsoft Shared\Windows Live;C:\Windows\system32;C:\Windows;C:\Windows\System32\Wbem;C:\Windows\System32\WindowsPowerShell\v1.0;C:\Program Files (x86)\Intel\OpenCL SDK\2.0\bin\x86;C:\Program Files (x86)\Intel\OpenCL SDK\2.0\bin\x64;C:\Program Files (x86)\Windows Live\Shared;C:\Program Files\Microsoft SQL Server\110\Tools\Binn;C:\Program Files\nodejs;C:\Program Files (x86)\Git\cmd;C:\Program Files (x86)\SSH Communications Security\SSH Secure Shell;C:\Program Files\Java\jdk1.7.0_07\bin;C:\glassfish4\glassfish\bin;C:\Program Files (x86)\OpenVPN\bin;C:\Users\Jason\AppData\Roaming\npm;C:\Users\Jason\Desktop\adt-bundle-windows-x86_64-20140702\sdk\tools;C:\Users\Jason\Desktop\adt-bundle-windows-x86_64-20140702\sdk\platform-tools;C:\Program Files\Java\jdk1.8.0_25\bin;C:\NetBeans 8.0\extide\ant\bin
USERNAME=Jason
OS=Windows_NT
PROCESSOR_IDENTIFIER=Intel64 Family 6 Model 58 Stepping 9, GenuineIntel



---------------  S Y S T E M  ---------------

OS: Windows 7 , 64 bit Build 7601 Service Pack 1

CPU:total 4 (2 cores per cpu, 2 threads per core) family 6 model 58 stepping 9, cmov, cx8, fxsr, mmx, sse, sse2, sse3, ssse3, sse4.1, sse4.2, popcnt, avx, aes, clmul, erms, ht, tsc, tscinvbit, tscinv

Memory: 4k page, physical 4098764k(129220k free), swap 6960956k(6652k free)

vm_info: Java HotSpot(TM) 64-Bit Server VM (25.25-b02) for windows-amd64 JRE (1.8.0_25-b18), built on Oct  7 2014 14:25:37 by "java_re" with MS VC++ 10.0 (VS2010)

time: Sat Nov 01 15:08:50 2014
elapsed time: 7 seconds (0d 0h 0m 7s)

