#
# There is insufficient memory for the Java Runtime Environment to continue.
# Native memory allocation (malloc) failed to allocate 880784 bytes for Chunk::new
# Possible reasons:
#   The system is out of physical RAM or swap space
#   In 32 bit mode, the process size limit was hit
# Possible solutions:
#   Reduce memory load on the system
#   Increase physical memory or swap space
#   Check if swap backing store is full
#   Use 64 bit Java on a 64 bit OS
#   Decrease Java heap size (-Xmx/-Xms)
#   Decrease number of Java threads
#   Decrease Java thread stack sizes (-Xss)
#   Set larger code cache with -XX:ReservedCodeCacheSize=
# This output file may be truncated or incomplete.
#
#  Out of Memory Error (allocation.cpp:390), pid=9944, tid=12028
#
# JRE version: Java(TM) SE Runtime Environment (8.0_25-b18) (build 1.8.0_25-b18)
# Java VM: Java HotSpot(TM) 64-Bit Server VM (25.25-b02 mixed mode windows-amd64 compressed oops)
# Failed to write core dump. Minidumps are not enabled by default on client versions of Windows
#

---------------  T H R E A D  ---------------

Current thread (0x0000000056301000):  JavaThread "C2 CompilerThread0" daemon [_thread_in_native, id=12028, stack(0x0000000056a00000,0x0000000056b00000)]

Stack: [0x0000000056a00000,0x0000000056b00000]
Native frames: (J=compiled Java code, j=interpreted, Vv=VM code, C=native code)
V  [jvm.dll+0x31667a]


Current CompileTask:
C2:   5512 1859   !   4       com.android.dx.cf.code.RopperMachine::run (1550 bytes)


---------------  P R O C E S S  ---------------

Java Threads: ( => current thread )
  0x0000000054f9e800 JavaThread "Service Thread" daemon [_thread_blocked, id=1208, stack(0x0000000056f50000,0x0000000057050000)]
  0x0000000056309800 JavaThread "C1 CompilerThread2" daemon [_thread_blocked, id=9208, stack(0x0000000056d30000,0x0000000056e30000)]
  0x0000000056306800 JavaThread "C2 CompilerThread1" daemon [_thread_in_native, id=9844, stack(0x0000000056bd0000,0x0000000056cd0000)]
=>0x0000000056301000 JavaThread "C2 CompilerThread0" daemon [_thread_in_native, id=12028, stack(0x0000000056a00000,0x0000000056b00000)]
  0x0000000056300800 JavaThread "Attach Listener" daemon [_thread_blocked, id=10144, stack(0x00000000568a0000,0x00000000569a0000)]
  0x0000000054f95800 JavaThread "Signal Dispatcher" daemon [_thread_blocked, id=5064, stack(0x0000000056750000,0x0000000056850000)]
  0x0000000054f30000 JavaThread "Finalizer" daemon [_thread_blocked, id=8044, stack(0x0000000056200000,0x0000000056300000)]
  0x0000000054f2d000 JavaThread "Reference Handler" daemon [_thread_blocked, id=5580, stack(0x0000000055fb0000,0x00000000560b0000)]
  0x000000000215e800 JavaThread "main" [_thread_in_Java, id=9904, stack(0x0000000002450000,0x0000000002550000)]

Other Threads:
  0x0000000054f27800 VMThread [stack: 0x00000000560e0000,0x00000000561e0000] [id=2124]
  0x000000005637a000 WatcherThread [stack: 0x00000000570e0000,0x00000000571e0000] [id=7532]

VM state:not at safepoint (normal execution)

VM Mutex/Monitor currently owned by a thread: None

Heap:
 PSYoungGen      total 143360K, used 59483K [0x00000000eab00000, 0x00000000fd700000, 0x0000000100000000)
  eden space 129536K, 41% used [0x00000000eab00000,0x00000000ee01ca30,0x00000000f2980000)
  from space 13824K, 36% used [0x00000000f2980000,0x00000000f2e7a428,0x00000000f3700000)
  to   space 24064K, 0% used [0x00000000fbf80000,0x00000000fbf80000,0x00000000fd700000)
 ParOldGen       total 44032K, used 43686K [0x00000000c0000000, 0x00000000c2b00000, 0x00000000eab00000)
  object space 44032K, 99% used [0x00000000c0000000,0x00000000c2aa9bf8,0x00000000c2b00000)
 Metaspace       used 5994K, capacity 7152K, committed 7296K, reserved 1056768K
  class space    used 577K, capacity 616K, committed 640K, reserved 1048576K

Card table byte_map: [0x0000000011be0000,0x0000000011df0000] byte_map_base: 0x00000000115e0000

Marking Bits: (ParMarkBitMap*) 0x000000006132d490
 Begin Bits: [0x00000000123a0000, 0x00000000133a0000)
 End Bits:   [0x00000000133a0000, 0x00000000143a0000)

Polling page: 0x0000000000430000

CodeCache: size=245760Kb used=8766Kb max_used=8766Kb free=236993Kb
 bounds [0x0000000002820000, 0x00000000030c0000, 0x0000000011820000]
 total_blobs=2402 nmethods=2143 adapters=173
 compilation: enabled

Compilation events (10 events):
Event: 5.499 Thread 0x0000000056309800 2232       1       com.android.dx.dex.code.form.Form21t::codeSize (2 bytes)
Event: 5.499 Thread 0x0000000056309800 nmethod 2232 0x00000000030b34d0 code [0x00000000030b3620, 0x00000000030b3730]
Event: 5.503 Thread 0x0000000056309800 2233       1       com.android.dx.dex.code.form.Form12x::codeSize (2 bytes)
Event: 5.503 Thread 0x0000000056309800 nmethod 2233 0x00000000030b3790 code [0x00000000030b38e0, 0x00000000030b39f0]
Event: 5.503 Thread 0x0000000056309800 2234       3       com.android.dx.dex.code.form.Form35c::wordCount (74 bytes)
Event: 5.503 Thread 0x0000000056309800 nmethod 2234 0x00000000030b3a50 code [0x00000000030b3c40, 0x00000000030b4888]
Event: 5.507 Thread 0x0000000056309800 2235       1       com.android.dx.dex.code.form.Form10t::codeSize (2 bytes)
Event: 5.507 Thread 0x0000000056309800 nmethod 2235 0x00000000030b4d10 code [0x00000000030b4e60, 0x00000000030b4f70]
Event: 5.507 Thread 0x0000000056309800 2236       2       com.android.dx.dex.code.form.Form31t::branchFits (2 bytes)
Event: 5.507 Thread 0x0000000056309800 nmethod 2236 0x00000000030b4fd0 code [0x00000000030b5120, 0x00000000030b5270]

GC Heap History (10 events):
Event: 1.726 GC heap before
{Heap before GC invocations=4 (full 0):
 PSYoungGen      total 35328K, used 35321K [0x00000000eab00000, 0x00000000ef000000, 0x0000000100000000)
  eden space 32768K, 100% used [0x00000000eab00000,0x00000000ecb00000,0x00000000ecb00000)
  from space 2560K, 99% used [0x00000000ecb00000,0x00000000ecd7e678,0x00000000ecd80000)
  to   space 2560K, 0% used [0x00000000eed80000,0x00000000eed80000,0x00000000ef000000)
 ParOldGen       total 44032K, used 8310K [0x00000000c0000000, 0x00000000c2b00000, 0x00000000eab00000)
  object space 44032K, 18% used [0x00000000c0000000,0x00000000c081d970,0x00000000c2b00000)
 Metaspace       used 5465K, capacity 6832K, committed 7040K, reserved 1056768K
  class space    used 537K, capacity 616K, committed 640K, reserved 1048576K
Event: 1.780 GC heap after
Heap after GC invocations=4 (full 0):
 PSYoungGen      total 68096K, used 2553K [0x00000000eab00000, 0x00000000ef000000, 0x0000000100000000)
  eden space 65536K, 0% used [0x00000000eab00000,0x00000000eab00000,0x00000000eeb00000)
  from space 2560K, 99% used [0x00000000eed80000,0x00000000eeffe678,0x00000000ef000000)
  to   space 2560K, 0% used [0x00000000eeb00000,0x00000000eeb00000,0x00000000eed80000)
 ParOldGen       total 44032K, used 12962K [0x00000000c0000000, 0x00000000c2b00000, 0x00000000eab00000)
  object space 44032K, 29% used [0x00000000c0000000,0x00000000c0ca8a18,0x00000000c2b00000)
 Metaspace       used 5465K, capacity 6832K, committed 7040K, reserved 1056768K
  class space    used 537K, capacity 616K, committed 640K, reserved 1048576K
}
Event: 2.402 GC heap before
{Heap before GC invocations=5 (full 0):
 PSYoungGen      total 68096K, used 68089K [0x00000000eab00000, 0x00000000ef000000, 0x0000000100000000)
  eden space 65536K, 100% used [0x00000000eab00000,0x00000000eeb00000,0x00000000eeb00000)
  from space 2560K, 99% used [0x00000000eed80000,0x00000000eeffe678,0x00000000ef000000)
  to   space 2560K, 0% used [0x00000000eeb00000,0x00000000eeb00000,0x00000000eed80000)
 ParOldGen       total 44032K, used 12962K [0x00000000c0000000, 0x00000000c2b00000, 0x00000000eab00000)
  object space 44032K, 29% used [0x00000000c0000000,0x00000000c0ca8a18,0x00000000c2b00000)
 Metaspace       used 5574K, capacity 6832K, committed 7040K, reserved 1056768K
  class space    used 556K, capacity 616K, committed 640K, reserved 1048576K
Event: 2.432 GC heap after
Heap after GC invocations=5 (full 0):
 PSYoungGen      total 68096K, used 2528K [0x00000000eab00000, 0x00000000f4300000, 0x0000000100000000)
  eden space 65536K, 0% used [0x00000000eab00000,0x00000000eab00000,0x00000000eeb00000)
  from space 2560K, 98% used [0x00000000eeb00000,0x00000000eed78028,0x00000000eed80000)
  to   space 12288K, 0% used [0x00000000f3700000,0x00000000f3700000,0x00000000f4300000)
 ParOldGen       total 44032K, used 22254K [0x00000000c0000000, 0x00000000c2b00000, 0x00000000eab00000)
  object space 44032K, 50% used [0x00000000c0000000,0x00000000c15bba20,0x00000000c2b00000)
 Metaspace       used 5574K, capacity 6832K, committed 7040K, reserved 1056768K
  class space    used 556K, capacity 616K, committed 640K, reserved 1048576K
}
Event: 3.054 GC heap before
{Heap before GC invocations=6 (full 0):
 PSYoungGen      total 68096K, used 68064K [0x00000000eab00000, 0x00000000f4300000, 0x0000000100000000)
  eden space 65536K, 100% used [0x00000000eab00000,0x00000000eeb00000,0x00000000eeb00000)
  from space 2560K, 98% used [0x00000000eeb00000,0x00000000eed78028,0x00000000eed80000)
  to   space 12288K, 0% used [0x00000000f3700000,0x00000000f3700000,0x00000000f4300000)
 ParOldGen       total 44032K, used 22254K [0x00000000c0000000, 0x00000000c2b00000, 0x00000000eab00000)
  object space 44032K, 50% used [0x00000000c0000000,0x00000000c15bba20,0x00000000c2b00000)
 Metaspace       used 5606K, capacity 6832K, committed 7040K, reserved 1056768K
  class space    used 556K, capacity 616K, committed 640K, reserved 1048576K
Event: 3.101 GC heap after
Heap after GC invocations=6 (full 0):
 PSYoungGen      total 141824K, used 11230K [0x00000000eab00000, 0x00000000f4600000, 0x0000000100000000)
  eden space 129536K, 0% used [0x00000000eab00000,0x00000000eab00000,0x00000000f2980000)
  from space 12288K, 91% used [0x00000000f3700000,0x00000000f41f7aa8,0x00000000f4300000)
  to   space 13824K, 0% used [0x00000000f2980000,0x00000000f2980000,0x00000000f3700000)
 ParOldGen       total 44032K, used 22254K [0x00000000c0000000, 0x00000000c2b00000, 0x00000000eab00000)
  object space 44032K, 50% used [0x00000000c0000000,0x00000000c15bba20,0x00000000c2b00000)
 Metaspace       used 5606K, capacity 6832K, committed 7040K, reserved 1056768K
  class space    used 556K, capacity 616K, committed 640K, reserved 1048576K
}
Event: 4.192 GC heap before
{Heap before GC invocations=7 (full 0):
 PSYoungGen      total 141824K, used 140766K [0x00000000eab00000, 0x00000000f4600000, 0x0000000100000000)
  eden space 129536K, 100% used [0x00000000eab00000,0x00000000f2980000,0x00000000f2980000)
  from space 12288K, 91% used [0x00000000f3700000,0x00000000f41f7aa8,0x00000000f4300000)
  to   space 13824K, 0% used [0x00000000f2980000,0x00000000f2980000,0x00000000f3700000)
 ParOldGen       total 44032K, used 22254K [0x00000000c0000000, 0x00000000c2b00000, 0x00000000eab00000)
  object space 44032K, 50% used [0x00000000c0000000,0x00000000c15bba20,0x00000000c2b00000)
 Metaspace       used 5662K, capacity 6896K, committed 7040K, reserved 1056768K
  class space    used 557K, capacity 616K, committed 640K, reserved 1048576K
Event: 4.251 GC heap after
Heap after GC invocations=7 (full 0):
 PSYoungGen      total 143360K, used 13820K [0x00000000eab00000, 0x00000000fd700000, 0x0000000100000000)
  eden space 129536K, 0% used [0x00000000eab00000,0x00000000eab00000,0x00000000f2980000)
  from space 13824K, 99% used [0x00000000f2980000,0x00000000f36ff348,0x00000000f3700000)
  to   space 24064K, 0% used [0x00000000fbf80000,0x00000000fbf80000,0x00000000fd700000)
 ParOldGen       total 44032K, used 37666K [0x00000000c0000000, 0x00000000c2b00000, 0x00000000eab00000)
  object space 44032K, 85% used [0x00000000c0000000,0x00000000c24c8990,0x00000000c2b00000)
 Metaspace       used 5662K, capacity 6896K, committed 7040K, reserved 1056768K
  class space    used 557K, capacity 616K, committed 640K, reserved 1048576K
}
Event: 4.251 GC heap before
{Heap before GC invocations=8 (full 1):
 PSYoungGen      total 143360K, used 13820K [0x00000000eab00000, 0x00000000fd700000, 0x0000000100000000)
  eden space 129536K, 0% used [0x00000000eab00000,0x00000000eab00000,0x00000000f2980000)
  from space 13824K, 99% used [0x00000000f2980000,0x00000000f36ff348,0x00000000f3700000)
  to   space 24064K, 0% used [0x00000000fbf80000,0x00000000fbf80000,0x00000000fd700000)
 ParOldGen       total 44032K, used 37666K [0x00000000c0000000, 0x00000000c2b00000, 0x00000000eab00000)
  object space 44032K, 85% used [0x00000000c0000000,0x00000000c24c8990,0x00000000c2b00000)
 Metaspace       used 5662K, capacity 6896K, committed 7040K, reserved 1056768K
  class space    used 557K, capacity 616K, committed 640K, reserved 1048576K
Event: 4.690 GC heap after
Heap after GC invocations=8 (full 1):
 PSYoungGen      total 143360K, used 5097K [0x00000000eab00000, 0x00000000fd700000, 0x0000000100000000)
  eden space 129536K, 0% used [0x00000000eab00000,0x00000000eab00000,0x00000000f2980000)
  from space 13824K, 36% used [0x00000000f2980000,0x00000000f2e7a428,0x00000000f3700000)
  to   space 24064K, 0% used [0x00000000fbf80000,0x00000000fbf80000,0x00000000fd700000)
 ParOldGen       total 44032K, used 43686K [0x00000000c0000000, 0x00000000c2b00000, 0x00000000eab00000)
  object space 44032K, 99% used [0x00000000c0000000,0x00000000c2aa9bf8,0x00000000c2b00000)
 Metaspace       used 5662K, capacity 6896K, committed 7040K, reserved 1056768K
  class space    used 557K, capacity 616K, committed 640K, reserved 1048576K
}

Deoptimization events (10 events):
Event: 4.967 Thread 0x000000000215e800 Uncommon trap: reason=class_check action=maybe_recompile pc=0x0000000002db9ad4 method=java.util.Arrays.hashCode([Ljava/lang/Object;)I @ 43
Event: 4.968 Thread 0x000000000215e800 Uncommon trap: reason=class_check action=maybe_recompile pc=0x0000000002c2a508 method=java.util.Arrays.hashCode([Ljava/lang/Object;)I @ 43
Event: 5.232 Thread 0x000000000215e800 Uncommon trap: reason=speculate_class_check action=maybe_recompile pc=0x0000000002bea660 method=com.android.dx.util.FixedSizeList.equals(Ljava/lang/Object;)Z @ 25
Event: 5.232 Thread 0x000000000215e800 Uncommon trap: reason=class_check action=maybe_recompile pc=0x0000000002bd9edc method=java.util.Arrays.equals([Ljava/lang/Object;[Ljava/lang/Object;)Z @ 62
Event: 5.232 Thread 0x000000000215e800 Uncommon trap: reason=speculate_class_check action=maybe_recompile pc=0x0000000002bea660 method=com.android.dx.util.FixedSizeList.equals(Ljava/lang/Object;)Z @ 25
Event: 5.239 Thread 0x000000000215e800 Uncommon trap: reason=speculate_class_check action=maybe_recompile pc=0x0000000002bea660 method=com.android.dx.util.FixedSizeList.equals(Ljava/lang/Object;)Z @ 25
Event: 5.239 Thread 0x000000000215e800 Uncommon trap: reason=class_check action=maybe_recompile pc=0x0000000002bd9edc method=java.util.Arrays.equals([Ljava/lang/Object;[Ljava/lang/Object;)Z @ 62
Event: 5.239 Thread 0x000000000215e800 Uncommon trap: reason=speculate_class_check action=maybe_recompile pc=0x0000000002bea660 method=com.android.dx.util.FixedSizeList.equals(Ljava/lang/Object;)Z @ 25
Event: 5.239 Thread 0x000000000215e800 Uncommon trap: reason=class_check action=maybe_recompile pc=0x0000000002bd9edc method=java.util.Arrays.equals([Ljava/lang/Object;[Ljava/lang/Object;)Z @ 62
Event: 5.239 Thread 0x000000000215e800 Uncommon trap: reason=class_check action=maybe_recompile pc=0x0000000002bd9edc method=java.util.Arrays.equals([Ljava/lang/Object;[Ljava/lang/Object;)Z @ 62

Internal exceptions (7 events):
Event: 0.029 Thread 0x000000000215e800 Exception <a 'java/lang/NoSuchMethodError': Method sun.misc.Unsafe.defineClass(Ljava/lang/String;[BII)Ljava/lang/Class; name or signature does not match> (0x00000000eab0c990) thrown at [D:\re\workspace\8-2-build-windows-amd64-cygwin\jdk8u25\1677\hotspot\sr…aF\‰–ù?
Event: 0.029 Thread 0x000000000215e800 Exception <a 'java/lang/NoSuchMethodError': Method sun.misc.Unsafe.prefetchRead(Ljava/lang/Object;J)V name or signature does not match> (0x00000000eab0cc20) thrown at [D:\re\workspace\8-2-build-windows-amd64-cygwin\jdk8u25\1677\hotspot\src\share\vm\prims\j[åTˇDÁ?
Event: 0.727 Thread 0x000000000215e800 Implicit null exception at 0x0000000002b907d2 to 0x0000000002b908c2
Event: 0.870 Thread 0x000000000215e800 Implicit null exception at 0x0000000002c0e0e2 to 0x0000000002c0f53d
Event: 2.042 Thread 0x000000000215e800 Exception <a 'java/lang/ArrayIndexOutOfBoundsException': 18> (0x00000000ec9fb810) thrown at [D:\re\workspace\8-2-build-windows-amd64-cygwin\jdk8u25\1677\hotspot\src\share\vm\interpreter\interpreterRuntime.cpp, line 366]
Event: 2.043 Thread 0x000000000215e800 Exception <a 'java/lang/ArrayIndexOutOfBoundsException'> (0x00000000ec9fd2a8) thrown at [D:\re\workspace\8-2-build-windows-amd64-cygwin\jdk8u25\1677\hotspot\src\share\vm\runtime\sharedRuntime.cpp, line 604]
Event: 2.044 Thread 0x000000000215e800 Exception <a 'java/lang/ArrayIndexOutOfBoundsException'> (0x00000000ec9fe4c0) thrown at [D:\re\workspace\8-2-build-windows-amd64-cygwin\jdk8u25\1677\hotspot\src\share\vm\runtime\sharedRuntime.cpp, line 604]

Events (10 events):
Event: 5.336 Thread 0x000000000215e800 DEOPT PACKING pc=0x0000000003060981 sp=0x000000000254ee10
Event: 5.336 Thread 0x000000000215e800 DEOPT UNPACKING pc=0x00000000028675bf sp=0x000000000254ebd8 mode 0
Event: 5.336 Thread 0x000000000215e800 DEOPT PACKING pc=0x000000000305fbbe sp=0x000000000254eec0
Event: 5.336 Thread 0x000000000215e800 DEOPT UNPACKING pc=0x00000000028675bf sp=0x000000000254ec38 mode 0
Event: 5.351 Thread 0x000000000215e800 DEOPT PACKING pc=0x0000000003062ff1 sp=0x000000000254ee20
Event: 5.351 Thread 0x000000000215e800 DEOPT UNPACKING pc=0x00000000028675bf sp=0x000000000254eba8 mode 0
Event: 5.457 Thread 0x000000000215e800 DEOPT PACKING pc=0x0000000003075e99 sp=0x000000000254efb0
Event: 5.457 Thread 0x000000000215e800 DEOPT UNPACKING pc=0x00000000028675bf sp=0x000000000254ed30 mode 0
Event: 5.458 Thread 0x000000000215e800 DEOPT PACKING pc=0x0000000003041b69 sp=0x000000000254ef60
Event: 5.458 Thread 0x000000000215e800 DEOPT UNPACKING pc=0x00000000028675bf sp=0x000000000254ed68 mode 0


Dynamic libraries:
0x000000013f680000 - 0x000000013f6b4000 	C:\PROGRA~1\Java\JDK18~1.0_2\bin\java.exe
0x0000000077020000 - 0x00000000771c9000 	C:\Windows\SYSTEM32\ntdll.dll
0x0000000076e00000 - 0x0000000076f1f000 	C:\Windows\system32\kernel32.dll
0x000007fefc410000 - 0x000007fefc47c000 	C:\Windows\system32\KERNELBASE.dll
0x000007fefe1b0000 - 0x000007fefe28b000 	C:\Windows\system32\ADVAPI32.dll
0x000007fefe470000 - 0x000007fefe50f000 	C:\Windows\system32\msvcrt.dll
0x000007fefce50000 - 0x000007fefce6f000 	C:\Windows\SYSTEM32\sechost.dll
0x000007fefe510000 - 0x000007fefe63d000 	C:\Windows\system32\RPCRT4.dll
0x0000000076f20000 - 0x000000007701a000 	C:\Windows\system32\USER32.dll
0x000007fefc990000 - 0x000007fefc9f7000 	C:\Windows\system32\GDI32.dll
0x000007fefe410000 - 0x000007fefe41e000 	C:\Windows\system32\LPK.dll
0x000007fefce70000 - 0x000007fefcf39000 	C:\Windows\system32\USP10.dll
0x000007fefa610000 - 0x000007fefa804000 	C:\Windows\WinSxS\amd64_microsoft.windows.common-controls_6595b64144ccf1df_6.0.7601.17514_none_fa396087175ac9ac\COMCTL32.dll
0x000007fefc5a0000 - 0x000007fefc611000 	C:\Windows\system32\SHLWAPI.dll
0x000007fefe180000 - 0x000007fefe1ae000 	C:\Windows\system32\IMM32.DLL
0x000007fefc880000 - 0x000007fefc989000 	C:\Windows\system32\MSCTF.dll
0x00000000688a0000 - 0x0000000068972000 	C:\PROGRA~1\Java\JDK18~1.0_2\jre\bin\msvcr100.dll
0x0000000060b50000 - 0x00000000613aa000 	C:\PROGRA~1\Java\JDK18~1.0_2\jre\bin\server\jvm.dll
0x000007fef8bb0000 - 0x000007fef8bb9000 	C:\Windows\system32\WSOCK32.dll
0x000007fefe420000 - 0x000007fefe46d000 	C:\Windows\system32\WS2_32.dll
0x000007fefcf40000 - 0x000007fefcf48000 	C:\Windows\system32\NSI.dll
0x000007fef6710000 - 0x000007fef674b000 	C:\Windows\system32\WINMM.dll
0x00000000771f0000 - 0x00000000771f7000 	C:\Windows\system32\PSAPI.DLL
0x0000000069910000 - 0x000000006991f000 	C:\PROGRA~1\Java\JDK18~1.0_2\jre\bin\verify.dll
0x00000000698e0000 - 0x0000000069908000 	C:\PROGRA~1\Java\JDK18~1.0_2\jre\bin\java.dll
0x0000000069800000 - 0x0000000069816000 	C:\PROGRA~1\Java\JDK18~1.0_2\jre\bin\zip.dll
0x000007fefd3f0000 - 0x000007fefe178000 	C:\Windows\system32\SHELL32.dll
0x000007fefca00000 - 0x000007fefcc03000 	C:\Windows\system32\ole32.dll
0x000007fefc140000 - 0x000007fefc14f000 	C:\Windows\system32\profapi.dll

VM Arguments:
jvm_args: -Xmx1024M -Xss1m -Djava.ext.dirs=C:\Users\Jason\Desktop\adt-bundle-windows-x86_64-20140702\sdk\build-tools\android-4.4W\lib 
java_command: C:\Users\Jason\Desktop\adt-bundle-windows-x86_64-20140702\sdk\build-tools\android-4.4W\lib\dx.jar --dex --output C:\Users\Jason\Documents\NetBeansProjects\CordovaTest\platforms\android\ant-build\dexedLibs\com.google.zxing.client.android.captureactivity-501cceccfb2f6a9f127eb763f7bd97b2.jar C:\Users\Jason\Documents\NetBeansProjects\CordovaTest\platforms\android\libs\com.google.zxing.client.android.captureactivity.jar
java_class_path (initial): C:\Users\Jason\Desktop\adt-bundle-windows-x86_64-20140702\sdk\build-tools\android-4.4W\lib\dx.jar
Launcher Type: SUN_STANDARD

Environment Variables:
JAVA_HOME=C:\Program Files\Java\jdk1.8.0_25
PATH=C:\ProgramData\Oracle\Java\javapath;C:\Program Files\Common Files\Microsoft Shared\Windows Live;C:\Program Files (x86)\Common Files\Microsoft Shared\Windows Live;C:\Windows\system32;C:\Windows;C:\Windows\System32\Wbem;C:\Windows\System32\WindowsPowerShell\v1.0;C:\Program Files (x86)\Intel\OpenCL SDK\2.0\bin\x86;C:\Program Files (x86)\Intel\OpenCL SDK\2.0\bin\x64;C:\Program Files (x86)\Windows Live\Shared;C:\Program Files\Microsoft SQL Server\110\Tools\Binn;C:\Program Files\nodejs;C:\Program Files (x86)\Git\cmd;C:\Program Files (x86)\SSH Communications Security\SSH Secure Shell;C:\Program Files\Java\jdk1.7.0_07\bin;C:\glassfish4\glassfish\bin;C:\Program Files (x86)\OpenVPN\bin;C:\Users\Jason\AppData\Roaming\npm;C:\Users\Jason\Desktop\adt-bundle-windows-x86_64-20140702\sdk\tools;C:\Users\Jason\Desktop\adt-bundle-windows-x86_64-20140702\sdk\platform-tools;C:\Program Files\Java\jdk1.8.0_25\bin;C:\NetBeans 8.0\extide\ant\bin
USERNAME=Jason
OS=Windows_NT
PROCESSOR_IDENTIFIER=Intel64 Family 6 Model 58 Stepping 9, GenuineIntel



---------------  S Y S T E M  ---------------

OS: Windows 7 , 64 bit Build 7601 Service Pack 1

CPU:total 4 (2 cores per cpu, 2 threads per core) family 6 model 58 stepping 9, cmov, cx8, fxsr, mmx, sse, sse2, sse3, ssse3, sse4.1, sse4.2, popcnt, avx, aes, clmul, erms, ht, tsc, tscinvbit, tscinv

Memory: 4k page, physical 4098764k(319412k free), swap 6960956k(6796k free)

vm_info: Java HotSpot(TM) 64-Bit Server VM (25.25-b02) for windows-amd64 JRE (1.8.0_25-b18), built on Oct  7 2014 14:25:37 by "java_re" with MS VC++ 10.0 (VS2010)

time: Thu Oct 30 15:38:27 2014
elapsed time: 5 seconds (0d 0h 0m 5s)

