#
# There is insufficient memory for the Java Runtime Environment to continue.
# Native memory allocation (malloc) failed to allocate 2011216 bytes for Chunk::new
# Possible reasons:
#   The system is out of physical RAM or swap space
#   In 32 bit mode, the process size limit was hit
# Possible solutions:
#   Reduce memory load on the system
#   Increase physical memory or swap space
#   Check if swap backing store is full
#   Use 64 bit Java on a 64 bit OS
#   Decrease Java heap size (-Xmx/-Xms)
#   Decrease number of Java threads
#   Decrease Java thread stack sizes (-Xss)
#   Set larger code cache with -XX:ReservedCodeCacheSize=
# This output file may be truncated or incomplete.
#
#  Out of Memory Error (allocation.cpp:390), pid=10016, tid=11248
#
# JRE version: Java(TM) SE Runtime Environment (8.0_25-b18) (build 1.8.0_25-b18)
# Java VM: Java HotSpot(TM) 64-Bit Server VM (25.25-b02 mixed mode windows-amd64 compressed oops)
# Failed to write core dump. Minidumps are not enabled by default on client versions of Windows
#

---------------  T H R E A D  ---------------

Current thread (0x0000000056761000):  JavaThread "C2 CompilerThread0" daemon [_thread_in_native, id=11248, stack(0x0000000056e30000,0x0000000056f30000)]

Stack: [0x0000000056e30000,0x0000000056f30000]
Native frames: (J=compiled Java code, j=interpreted, Vv=VM code, C=native code)
V  [jvm.dll+0x31667a]
V  [jvm.dll+0x267073]
V  [jvm.dll+0x267cb3]
V  [jvm.dll+0x25f5b5]
V  [jvm.dll+0xbf165]
V  [jvm.dll+0xbf60c]
V  [jvm.dll+0x45d672]
V  [jvm.dll+0x49e8ef]
V  [jvm.dll+0x452b41]
V  [jvm.dll+0x453864]
V  [jvm.dll+0x437372]
V  [jvm.dll+0x98a02]
V  [jvm.dll+0x991f3]
V  [jvm.dll+0x22bde4]
V  [jvm.dll+0x2852fa]
C  [msvcr100.dll+0x21d9f]
C  [msvcr100.dll+0x21e3b]
C  [kernel32.dll+0x159ed]
C  [ntdll.dll+0x2c541]


Current CompileTask:
C2:   4337 1801   !   4       com.android.dx.cf.code.BytecodeArray::parseInstruction (2764 bytes)


---------------  P R O C E S S  ---------------

Java Threads: ( => current thread )
  0x00000000567da800 JavaThread "Service Thread" daemon [_thread_blocked, id=10840, stack(0x0000000056f60000,0x0000000057060000)]
  0x0000000056769800 JavaThread "C1 CompilerThread2" daemon [_thread_blocked, id=10572, stack(0x0000000057060000,0x0000000057160000)]
  0x0000000056766800 JavaThread "C2 CompilerThread1" daemon [_thread_in_native, id=4364, stack(0x0000000056c70000,0x0000000056d70000)]
=>0x0000000056761000 JavaThread "C2 CompilerThread0" daemon [_thread_in_native, id=11248, stack(0x0000000056e30000,0x0000000056f30000)]
  0x0000000056760800 JavaThread "Attach Listener" daemon [_thread_blocked, id=4644, stack(0x0000000056b60000,0x0000000056c60000)]
  0x0000000055105800 JavaThread "Signal Dispatcher" daemon [_thread_blocked, id=10096, stack(0x0000000056530000,0x0000000056630000)]
  0x00000000550a5800 JavaThread "Finalizer" daemon [_thread_blocked, id=5292, stack(0x0000000056660000,0x0000000056760000)]
  0x000000005509c800 JavaThread "Reference Handler" daemon [_thread_blocked, id=12068, stack(0x00000000563a0000,0x00000000564a0000)]
  0x000000000217e800 JavaThread "main" [_thread_in_Java, id=9988, stack(0x00000000024e0000,0x00000000025e0000)]

Other Threads:
  0x0000000055097000 VMThread [stack: 0x00000000561c0000,0x00000000562c0000] [id=9484]
  0x00000000567dd800 WatcherThread [stack: 0x0000000057220000,0x0000000057320000] [id=8844]

VM state:not at safepoint (normal execution)

VM Mutex/Monitor currently owned by a thread: None

Heap:
 PSYoungGen      total 72704K, used 10306K [0x00000000eab00000, 0x00000000efb00000, 0x0000000100000000)
  eden space 64512K, 15% used [0x00000000eab00000,0x00000000eb5109e0,0x00000000eea00000)
  from space 8192K, 0% used [0x00000000eea00000,0x00000000eea00000,0x00000000ef200000)
  to   space 7168K, 0% used [0x00000000ef200000,0x00000000ef200000,0x00000000ef900000)
 ParOldGen       total 79872K, used 43874K [0x00000000c0000000, 0x00000000c4e00000, 0x00000000eab00000)
  object space 79872K, 54% used [0x00000000c0000000,0x00000000c2ad8bb0,0x00000000c4e00000)
 Metaspace       used 5644K, capacity 6896K, committed 7040K, reserved 1056768K
  class space    used 557K, capacity 616K, committed 640K, reserved 1048576K

Card table byte_map: [0x0000000011c70000,0x0000000011e80000] byte_map_base: 0x0000000011670000

Marking Bits: (ParMarkBitMap*) 0x000000006132d490
 Begin Bits: [0x0000000012510000, 0x0000000013510000)
 End Bits:   [0x0000000013510000, 0x0000000014510000)

Polling page: 0x0000000000240000

CodeCache: size=245760Kb used=7658Kb max_used=7666Kb free=238101Kb
 bounds [0x00000000028b0000, 0x0000000003040000, 0x00000000118b0000]
 total_blobs=2035 nmethods=1776 adapters=173
 compilation: enabled

Compilation events (10 events):
Event: 3.751 Thread 0x0000000056769800 1820 %     3       com.android.dx.cf.code.BytecodeArray::parseNewarray @ 245 (594 bytes)
Event: 3.755 Thread 0x0000000056769800 nmethod 1820% 0x0000000002ffb850 code [0x0000000002ffbc20, 0x0000000002ffe5a8]
Event: 3.801 Thread 0x0000000056769800 1823       2       com.android.dx.ssa.SsaMethod::updateOneDefinition (70 bytes)
Event: 3.802 Thread 0x0000000056769800 nmethod 1823 0x0000000002ffb110 code [0x0000000002ffb2a0, 0x0000000002ffb5a8]
Event: 3.806 Thread 0x0000000056769800 1824       2       com.android.dx.ssa.LiteralOpUpgrader$1::visitNonMoveInsn (203 bytes)
Event: 3.808 Thread 0x0000000056769800 nmethod 1824 0x0000000003022950 code [0x0000000003022c80, 0x0000000003023a08]
Event: 3.817 Thread 0x0000000056766800 nmethod 1698 0x0000000003029ed0 code [0x000000000302ab20, 0x000000000302edf8]
Event: 3.817 Thread 0x0000000056766800 1808 %     4       java.util.BitSet::cardinality @ 4 (32 bytes)
Event: 3.820 Thread 0x0000000056766800 nmethod 1808% 0x0000000002ffad50 code [0x0000000002ffaea0, 0x0000000002ffb018]
Event: 3.820 Thread 0x0000000056766800 1746       4       com.android.dx.rop.code.LocalVariableExtractor::processBlock (327 bytes)

GC Heap History (10 events):
Event: 2.151 GC heap before
{Heap before GC invocations=6 (full 0):
 PSYoungGen      total 35328K, used 35296K [0x00000000eab00000, 0x00000000ef900000, 0x0000000100000000)
  eden space 32768K, 100% used [0x00000000eab00000,0x00000000ecb00000,0x00000000ecb00000)
  from space 2560K, 98% used [0x00000000ecb00000,0x00000000ecd78010,0x00000000ecd80000)
  to   space 7168K, 0% used [0x00000000ef200000,0x00000000ef200000,0x00000000ef900000)
 ParOldGen       total 44032K, used 13266K [0x00000000c0000000, 0x00000000c2b00000, 0x00000000eab00000)
  object space 44032K, 30% used [0x00000000c0000000,0x00000000c0cf4ac0,0x00000000c2b00000)
 Metaspace       used 5564K, capacity 6832K, committed 7040K, reserved 1056768K
  class space    used 556K, capacity 616K, committed 640K, reserved 1048576K
Event: 2.189 GC heap after
Heap after GC invocations=6 (full 0):
 PSYoungGen      total 71680K, used 7161K [0x00000000eab00000, 0x00000000efb00000, 0x0000000100000000)
  eden space 64512K, 0% used [0x00000000eab00000,0x00000000eab00000,0x00000000eea00000)
  from space 7168K, 99% used [0x00000000ef200000,0x00000000ef8fe660,0x00000000ef900000)
  to   space 8192K, 0% used [0x00000000eea00000,0x00000000eea00000,0x00000000ef200000)
 ParOldGen       total 44032K, used 13429K [0x00000000c0000000, 0x00000000c2b00000, 0x00000000eab00000)
  object space 44032K, 30% used [0x00000000c0000000,0x00000000c0d1d660,0x00000000c2b00000)
 Metaspace       used 5564K, capacity 6832K, committed 7040K, reserved 1056768K
  class space    used 556K, capacity 616K, committed 640K, reserved 1048576K
}
Event: 2.749 GC heap before
{Heap before GC invocations=7 (full 0):
 PSYoungGen      total 71680K, used 71673K [0x00000000eab00000, 0x00000000efb00000, 0x0000000100000000)
  eden space 64512K, 100% used [0x00000000eab00000,0x00000000eea00000,0x00000000eea00000)
  from space 7168K, 99% used [0x00000000ef200000,0x00000000ef8fe660,0x00000000ef900000)
  to   space 8192K, 0% used [0x00000000eea00000,0x00000000eea00000,0x00000000ef200000)
 ParOldGen       total 44032K, used 13429K [0x00000000c0000000, 0x00000000c2b00000, 0x00000000eab00000)
  object space 44032K, 30% used [0x00000000c0000000,0x00000000c0d1d660,0x00000000c2b00000)
 Metaspace       used 5581K, capacity 6832K, committed 7040K, reserved 1056768K
  class space    used 556K, capacity 616K, committed 640K, reserved 1048576K
Event: 2.788 GC heap after
Heap after GC invocations=7 (full 0):
 PSYoungGen      total 72704K, used 8169K [0x00000000eab00000, 0x00000000efb00000, 0x0000000100000000)
  eden space 64512K, 0% used [0x00000000eab00000,0x00000000eab00000,0x00000000eea00000)
  from space 8192K, 99% used [0x00000000eea00000,0x00000000ef1fa670,0x00000000ef200000)
  to   space 7168K, 0% used [0x00000000ef200000,0x00000000ef200000,0x00000000ef900000)
 ParOldGen       total 44032K, used 21321K [0x00000000c0000000, 0x00000000c2b00000, 0x00000000eab00000)
  object space 44032K, 48% used [0x00000000c0000000,0x00000000c14d2610,0x00000000c2b00000)
 Metaspace       used 5581K, capacity 6832K, committed 7040K, reserved 1056768K
  class space    used 556K, capacity 616K, committed 640K, reserved 1048576K
}
Event: 3.311 GC heap before
{Heap before GC invocations=8 (full 0):
 PSYoungGen      total 72704K, used 72681K [0x00000000eab00000, 0x00000000efb00000, 0x0000000100000000)
  eden space 64512K, 100% used [0x00000000eab00000,0x00000000eea00000,0x00000000eea00000)
  from space 8192K, 99% used [0x00000000eea00000,0x00000000ef1fa670,0x00000000ef200000)
  to   space 7168K, 0% used [0x00000000ef200000,0x00000000ef200000,0x00000000ef900000)
 ParOldGen       total 44032K, used 21321K [0x00000000c0000000, 0x00000000c2b00000, 0x00000000eab00000)
  object space 44032K, 48% used [0x00000000c0000000,0x00000000c14d2610,0x00000000c2b00000)
 Metaspace       used 5627K, capacity 6896K, committed 7040K, reserved 1056768K
  class space    used 556K, capacity 616K, committed 640K, reserved 1048576K
Event: 3.370 GC heap after
Heap after GC invocations=8 (full 0):
 PSYoungGen      total 71680K, used 7141K [0x00000000eab00000, 0x00000000efb00000, 0x0000000100000000)
  eden space 64512K, 0% used [0x00000000eab00000,0x00000000eab00000,0x00000000eea00000)
  from space 7168K, 99% used [0x00000000ef200000,0x00000000ef8f9440,0x00000000ef900000)
  to   space 8192K, 0% used [0x00000000eea00000,0x00000000eea00000,0x00000000ef200000)
 ParOldGen       total 44032K, used 30435K [0x00000000c0000000, 0x00000000c2b00000, 0x00000000eab00000)
  object space 44032K, 69% used [0x00000000c0000000,0x00000000c1db8d40,0x00000000c2b00000)
 Metaspace       used 5627K, capacity 6896K, committed 7040K, reserved 1056768K
  class space    used 556K, capacity 616K, committed 640K, reserved 1048576K
}
Event: 3.827 GC heap before
{Heap before GC invocations=9 (full 0):
 PSYoungGen      total 71680K, used 71653K [0x00000000eab00000, 0x00000000efb00000, 0x0000000100000000)
  eden space 64512K, 100% used [0x00000000eab00000,0x00000000eea00000,0x00000000eea00000)
  from space 7168K, 99% used [0x00000000ef200000,0x00000000ef8f9440,0x00000000ef900000)
  to   space 8192K, 0% used [0x00000000eea00000,0x00000000eea00000,0x00000000ef200000)
 ParOldGen       total 44032K, used 30435K [0x00000000c0000000, 0x00000000c2b00000, 0x00000000eab00000)
  object space 44032K, 69% used [0x00000000c0000000,0x00000000c1db8d40,0x00000000c2b00000)
 Metaspace       used 5642K, capacity 6896K, committed 7040K, reserved 1056768K
  class space    used 557K, capacity 616K, committed 640K, reserved 1048576K
Event: 3.876 GC heap after
Heap after GC invocations=9 (full 0):
 PSYoungGen      total 72704K, used 8178K [0x00000000eab00000, 0x00000000efb00000, 0x0000000100000000)
  eden space 64512K, 0% used [0x00000000eab00000,0x00000000eab00000,0x00000000eea00000)
  from space 8192K, 99% used [0x00000000eea00000,0x00000000ef1fcb20,0x00000000ef200000)
  to   space 7168K, 0% used [0x00000000ef200000,0x00000000ef200000,0x00000000ef900000)
 ParOldGen       total 44032K, used 39083K [0x00000000c0000000, 0x00000000c2b00000, 0x00000000eab00000)
  object space 44032K, 88% used [0x00000000c0000000,0x00000000c262af20,0x00000000c2b00000)
 Metaspace       used 5642K, capacity 6896K, committed 7040K, reserved 1056768K
  class space    used 557K, capacity 616K, committed 640K, reserved 1048576K
}
Event: 3.876 GC heap before
{Heap before GC invocations=10 (full 1):
 PSYoungGen      total 72704K, used 8178K [0x00000000eab00000, 0x00000000efb00000, 0x0000000100000000)
  eden space 64512K, 0% used [0x00000000eab00000,0x00000000eab00000,0x00000000eea00000)
  from space 8192K, 99% used [0x00000000eea00000,0x00000000ef1fcb20,0x00000000ef200000)
  to   space 7168K, 0% used [0x00000000ef200000,0x00000000ef200000,0x00000000ef900000)
 ParOldGen       total 44032K, used 39083K [0x00000000c0000000, 0x00000000c2b00000, 0x00000000eab00000)
  object space 44032K, 88% used [0x00000000c0000000,0x00000000c262af20,0x00000000c2b00000)
 Metaspace       used 5642K, capacity 6896K, committed 7040K, reserved 1056768K
  class space    used 557K, capacity 616K, committed 640K, reserved 1048576K
Event: 4.279 GC heap after
Heap after GC invocations=10 (full 1):
 PSYoungGen      total 72704K, used 0K [0x00000000eab00000, 0x00000000efb00000, 0x0000000100000000)
  eden space 64512K, 0% used [0x00000000eab00000,0x00000000eab00000,0x00000000eea00000)
  from space 8192K, 0% used [0x00000000eea00000,0x00000000eea00000,0x00000000ef200000)
  to   space 7168K, 0% used [0x00000000ef200000,0x00000000ef200000,0x00000000ef900000)
 ParOldGen       total 79872K, used 43874K [0x00000000c0000000, 0x00000000c4e00000, 0x00000000eab00000)
  object space 79872K, 54% used [0x00000000c0000000,0x00000000c2ad8bb0,0x00000000c4e00000)
 Metaspace       used 5642K, capacity 6896K, committed 7040K, reserved 1056768K
  class space    used 557K, capacity 616K, committed 640K, reserved 1048576K
}

Deoptimization events (10 events):
Event: 2.640 Thread 0x000000000217e800 Uncommon trap: reason=unreached action=reinterpret pc=0x0000000002f4012c method=java.util.HashMap.putVal(ILjava/lang/Object;Ljava/lang/Object;ZZ)Ljava/lang/Object; @ 109
Event: 2.747 Thread 0x000000000217e800 Uncommon trap: reason=class_check action=maybe_recompile pc=0x0000000002d44068 method=java.util.HashMap.putVal(ILjava/lang/Object;Ljava/lang/Object;ZZ)Ljava/lang/Object; @ 203
Event: 2.747 Thread 0x000000000217e800 Uncommon trap: reason=class_check action=maybe_recompile pc=0x0000000002d44068 method=java.util.HashMap.putVal(ILjava/lang/Object;Ljava/lang/Object;ZZ)Ljava/lang/Object; @ 203
Event: 3.592 Thread 0x000000000217e800 Uncommon trap: reason=bimorphic action=maybe_recompile pc=0x0000000002fcc134 method=com.android.dx.cf.code.BytecodeArray.parseInstruction(ILcom/android/dx/cf/code/BytecodeArray$Visitor;)I @ 1224
Event: 3.592 Thread 0x000000000217e800 Uncommon trap: reason=bimorphic action=maybe_recompile pc=0x0000000002fcc134 method=com.android.dx.cf.code.BytecodeArray.parseInstruction(ILcom/android/dx/cf/code/BytecodeArray$Visitor;)I @ 1224
Event: 3.801 Thread 0x000000000217e800 Uncommon trap: reason=bimorphic action=maybe_recompile pc=0x0000000002f13108 method=com.android.dx.ssa.LiteralOpUpgrader.tryReplacingWithConstant(Lcom/android/dx/ssa/NormalSsaInsn;)Z @ 62
Event: 3.801 Thread 0x000000000217e800 Uncommon trap: reason=unreached action=reinterpret pc=0x0000000002bfe54c method=com.android.dx.ssa.SsaMethod.updateOneDefinition(Lcom/android/dx/ssa/SsaInsn;Lcom/android/dx/rop/code/RegisterSpec;)V @ 4
Event: 3.802 Thread 0x000000000217e800 Uncommon trap: reason=bimorphic action=maybe_recompile pc=0x0000000002f13108 method=com.android.dx.ssa.LiteralOpUpgrader.tryReplacingWithConstant(Lcom/android/dx/ssa/NormalSsaInsn;)Z @ 62
Event: 3.804 Thread 0x000000000217e800 Uncommon trap: reason=bimorphic action=maybe_recompile pc=0x0000000002f13108 method=com.android.dx.ssa.LiteralOpUpgrader.tryReplacingWithConstant(Lcom/android/dx/ssa/NormalSsaInsn;)Z @ 62
Event: 3.804 Thread 0x000000000217e800 Uncommon trap: reason=bimorphic action=maybe_recompile pc=0x0000000002f13108 method=com.android.dx.ssa.LiteralOpUpgrader.tryReplacingWithConstant(Lcom/android/dx/ssa/NormalSsaInsn;)Z @ 62

Internal exceptions (8 events):
Event: 0.028 Thread 0x000000000217e800 Exception <a 'java/lang/NoSuchMethodError': Method sun.misc.Unsafe.defineClass(Ljava/lang/String;[BII)Ljava/lang/Class; name or signature does not match> (0x00000000eab0c7d8) thrown at [D:\re\workspace\8-2-build-windows-amd64-cygwin\jdk8u25\1677\hotspot\sriïœwBú?
Event: 0.028 Thread 0x000000000217e800 Exception <a 'java/lang/NoSuchMethodError': Method sun.misc.Unsafe.prefetchRead(Ljava/lang/Object;J)V name or signature does not match> (0x00000000eab0ca68) thrown at [D:\re\workspace\8-2-build-windows-amd64-cygwin\jdk8u25\1677\hotspot\src\share\vm\prims\j-É≈çÁ?
Event: 0.736 Thread 0x000000000217e800 Implicit null exception at 0x0000000002c1f252 to 0x0000000002c1f342
Event: 0.948 Thread 0x000000000217e800 Implicit null exception at 0x0000000002d07559 to 0x0000000002d08a29
Event: 0.990 Thread 0x000000000217e800 Implicit null exception at 0x0000000002cb5c62 to 0x0000000002cb70b5
Event: 2.133 Thread 0x000000000217e800 Exception <a 'java/lang/ArrayIndexOutOfBoundsException': 18> (0x00000000ec952340) thrown at [D:\re\workspace\8-2-build-windows-amd64-cygwin\jdk8u25\1677\hotspot\src\share\vm\interpreter\interpreterRuntime.cpp, line 366]
Event: 2.134 Thread 0x000000000217e800 Exception <a 'java/lang/ArrayIndexOutOfBoundsException': 145> (0x00000000ec953dd8) thrown at [D:\re\workspace\8-2-build-windows-amd64-cygwin\jdk8u25\1677\hotspot\src\share\vm\interpreter\interpreterRuntime.cpp, line 366]
Event: 2.134 Thread 0x000000000217e800 Exception <a 'java/lang/ArrayIndexOutOfBoundsException'> (0x00000000ec954ff0) thrown at [D:\re\workspace\8-2-build-windows-amd64-cygwin\jdk8u25\1677\hotspot\src\share\vm\runtime\sharedRuntime.cpp, line 604]

Events (10 events):
Event: 3.802 Thread 0x000000000217e800 DEOPT PACKING pc=0x0000000002f13108 sp=0x00000000025de660
Event: 3.802 Thread 0x000000000217e800 DEOPT UNPACKING pc=0x00000000028f556a sp=0x00000000025de548 mode 2
Event: 3.804 Thread 0x000000000217e800 Uncommon trap: trap_request=0xffffffc6 fr.pc=0x0000000002f13108
Event: 3.804 Thread 0x000000000217e800 DEOPT PACKING pc=0x0000000002f13108 sp=0x00000000025de710
Event: 3.804 Thread 0x000000000217e800 DEOPT UNPACKING pc=0x00000000028f556a sp=0x00000000025de5f8 mode 2
Event: 3.804 Thread 0x000000000217e800 Uncommon trap: trap_request=0xffffffc6 fr.pc=0x0000000002f13108
Event: 3.804 Thread 0x000000000217e800 DEOPT PACKING pc=0x0000000002f13108 sp=0x00000000025de710
Event: 3.804 Thread 0x000000000217e800 DEOPT UNPACKING pc=0x00000000028f556a sp=0x00000000025de5f8 mode 2
Event: 3.827 Executing VM operation: ParallelGCFailedAllocation
Event: 4.279 Executing VM operation: ParallelGCFailedAllocation done


Dynamic libraries:
0x000000013f680000 - 0x000000013f6b4000 	C:\PROGRA~1\Java\JDK18~1.0_2\bin\java.exe
0x0000000077020000 - 0x00000000771c9000 	C:\Windows\SYSTEM32\ntdll.dll
0x0000000076e00000 - 0x0000000076f1f000 	C:\Windows\system32\kernel32.dll
0x000007fefc410000 - 0x000007fefc47c000 	C:\Windows\system32\KERNELBASE.dll
0x000007fefe1b0000 - 0x000007fefe28b000 	C:\Windows\system32\ADVAPI32.dll
0x000007fefe470000 - 0x000007fefe50f000 	C:\Windows\system32\msvcrt.dll
0x000007fefce50000 - 0x000007fefce6f000 	C:\Windows\SYSTEM32\sechost.dll
0x000007fefe510000 - 0x000007fefe63d000 	C:\Windows\system32\RPCRT4.dll
0x0000000076f20000 - 0x000000007701a000 	C:\Windows\system32\USER32.dll
0x000007fefc990000 - 0x000007fefc9f7000 	C:\Windows\system32\GDI32.dll
0x000007fefe410000 - 0x000007fefe41e000 	C:\Windows\system32\LPK.dll
0x000007fefce70000 - 0x000007fefcf39000 	C:\Windows\system32\USP10.dll
0x000007fefa610000 - 0x000007fefa804000 	C:\Windows\WinSxS\amd64_microsoft.windows.common-controls_6595b64144ccf1df_6.0.7601.17514_none_fa396087175ac9ac\COMCTL32.dll
0x000007fefc5a0000 - 0x000007fefc611000 	C:\Windows\system32\SHLWAPI.dll
0x000007fefe180000 - 0x000007fefe1ae000 	C:\Windows\system32\IMM32.DLL
0x000007fefc880000 - 0x000007fefc989000 	C:\Windows\system32\MSCTF.dll
0x00000000688a0000 - 0x0000000068972000 	C:\PROGRA~1\Java\JDK18~1.0_2\jre\bin\msvcr100.dll
0x0000000060b50000 - 0x00000000613aa000 	C:\PROGRA~1\Java\JDK18~1.0_2\jre\bin\server\jvm.dll
0x000007fef8bb0000 - 0x000007fef8bb9000 	C:\Windows\system32\WSOCK32.dll
0x000007fefe420000 - 0x000007fefe46d000 	C:\Windows\system32\WS2_32.dll
0x000007fefcf40000 - 0x000007fefcf48000 	C:\Windows\system32\NSI.dll
0x000007fef6710000 - 0x000007fef674b000 	C:\Windows\system32\WINMM.dll
0x00000000771f0000 - 0x00000000771f7000 	C:\Windows\system32\PSAPI.DLL
0x0000000069910000 - 0x000000006991f000 	C:\PROGRA~1\Java\JDK18~1.0_2\jre\bin\verify.dll
0x00000000698e0000 - 0x0000000069908000 	C:\PROGRA~1\Java\JDK18~1.0_2\jre\bin\java.dll
0x0000000069800000 - 0x0000000069816000 	C:\PROGRA~1\Java\JDK18~1.0_2\jre\bin\zip.dll
0x000007fefd3f0000 - 0x000007fefe178000 	C:\Windows\system32\SHELL32.dll
0x000007fefca00000 - 0x000007fefcc03000 	C:\Windows\system32\ole32.dll
0x000007fefc140000 - 0x000007fefc14f000 	C:\Windows\system32\profapi.dll
0x000007fef80f0000 - 0x000007fef8215000 	C:\Windows\system32\dbghelp.dll

VM Arguments:
jvm_args: -Xmx1024M -Xss1m -Djava.ext.dirs=C:\Users\Jason\Desktop\adt-bundle-windows-x86_64-20140702\sdk\build-tools\android-4.4W\lib 
java_command: C:\Users\Jason\Desktop\adt-bundle-windows-x86_64-20140702\sdk\build-tools\android-4.4W\lib\dx.jar --dex --output C:\Users\Jason\Documents\NetBeansProjects\CordovaTest\platforms\android\ant-build\dexedLibs\com.google.zxing.client.android.captureactivity-501cceccfb2f6a9f127eb763f7bd97b2.jar C:\Users\Jason\Documents\NetBeansProjects\CordovaTest\platforms\android\libs\com.google.zxing.client.android.captureactivity.jar
java_class_path (initial): C:\Users\Jason\Desktop\adt-bundle-windows-x86_64-20140702\sdk\build-tools\android-4.4W\lib\dx.jar
Launcher Type: SUN_STANDARD

Environment Variables:
JAVA_HOME=C:\Program Files\Java\jdk1.8.0_25
PATH=C:\ProgramData\Oracle\Java\javapath;C:\Program Files\Common Files\Microsoft Shared\Windows Live;C:\Program Files (x86)\Common Files\Microsoft Shared\Windows Live;C:\Windows\system32;C:\Windows;C:\Windows\System32\Wbem;C:\Windows\System32\WindowsPowerShell\v1.0;C:\Program Files (x86)\Intel\OpenCL SDK\2.0\bin\x86;C:\Program Files (x86)\Intel\OpenCL SDK\2.0\bin\x64;C:\Program Files (x86)\Windows Live\Shared;C:\Program Files\Microsoft SQL Server\110\Tools\Binn;C:\Program Files\nodejs;C:\Program Files (x86)\Git\cmd;C:\Program Files (x86)\SSH Communications Security\SSH Secure Shell;C:\Program Files\Java\jdk1.7.0_07\bin;C:\glassfish4\glassfish\bin;C:\Program Files (x86)\OpenVPN\bin;C:\Users\Jason\AppData\Roaming\npm;C:\Users\Jason\Desktop\adt-bundle-windows-x86_64-20140702\sdk\tools;C:\Users\Jason\Desktop\adt-bundle-windows-x86_64-20140702\sdk\platform-tools;C:\Program Files\Java\jdk1.8.0_25\bin;C:\NetBeans 8.0\extide\ant\bin
USERNAME=Jason
OS=Windows_NT
PROCESSOR_IDENTIFIER=Intel64 Family 6 Model 58 Stepping 9, GenuineIntel



---------------  S Y S T E M  ---------------

OS: Windows 7 , 64 bit Build 7601 Service Pack 1

CPU:total 4 (2 cores per cpu, 2 threads per core) family 6 model 58 stepping 9, cmov, cx8, fxsr, mmx, sse, sse2, sse3, ssse3, sse4.1, sse4.2, popcnt, avx, aes, clmul, erms, ht, tsc, tscinvbit, tscinv

Memory: 4k page, physical 4098764k(48948k free), swap 6960956k(5400k free)

vm_info: Java HotSpot(TM) 64-Bit Server VM (25.25-b02) for windows-amd64 JRE (1.8.0_25-b18), built on Oct  7 2014 14:25:37 by "java_re" with MS VC++ 10.0 (VS2010)

time: Sat Nov 01 15:55:47 2014
elapsed time: 4 seconds (0d 0h 0m 4s)

