#
# There is insufficient memory for the Java Runtime Environment to continue.
# Native memory allocation (malloc) failed to allocate 803840 bytes for Chunk::new
# Possible reasons:
#   The system is out of physical RAM or swap space
#   In 32 bit mode, the process size limit was hit
# Possible solutions:
#   Reduce memory load on the system
#   Increase physical memory or swap space
#   Check if swap backing store is full
#   Use 64 bit Java on a 64 bit OS
#   Decrease Java heap size (-Xmx/-Xms)
#   Decrease number of Java threads
#   Decrease Java thread stack sizes (-Xss)
#   Set larger code cache with -XX:ReservedCodeCacheSize=
# This output file may be truncated or incomplete.
#
#  Out of Memory Error (allocation.cpp:390), pid=4728, tid=2356
#
# JRE version: Java(TM) SE Runtime Environment (8.0_25-b18) (build 1.8.0_25-b18)
# Java VM: Java HotSpot(TM) 64-Bit Server VM (25.25-b02 mixed mode windows-amd64 compressed oops)
# Failed to write core dump. Minidumps are not enabled by default on client versions of Windows
#

---------------  T H R E A D  ---------------

Current thread (0x00000000564f6800):  JavaThread "C2 CompilerThread1" daemon [_thread_in_native, id=2356, stack(0x0000000056e00000,0x0000000056f00000)]

Stack: [0x0000000056e00000,0x0000000056f00000]
Native frames: (J=compiled Java code, j=interpreted, Vv=VM code, C=native code)
V  [jvm.dll+0x31667a]
V  [jvm.dll+0x267073]
V  [jvm.dll+0x267cb3]
V  [jvm.dll+0x25f5b5]
V  [jvm.dll+0xbf165]
V  [jvm.dll+0xbf60c]
V  [jvm.dll+0x479017]
V  [jvm.dll+0x4463eb]
V  [jvm.dll+0x45130e]
V  [jvm.dll+0x4538f8]
V  [jvm.dll+0x437372]
V  [jvm.dll+0x98a02]
V  [jvm.dll+0x991f3]
V  [jvm.dll+0x22bde4]
V  [jvm.dll+0x2852fa]
C  [msvcr100.dll+0x21d9f]
C  [msvcr100.dll+0x21e3b]
C  [kernel32.dll+0x159ed]


Current CompileTask:
C2:   3152 1719   !   4       com.android.dx.cf.code.RopperMachine::run (1550 bytes)


---------------  P R O C E S S  ---------------

Java Threads: ( => current thread )
  0x0000000056568800 JavaThread "Service Thread" daemon [_thread_blocked, id=1296, stack(0x00000000570d0000,0x00000000571d0000)]
  0x00000000564f9800 JavaThread "C1 CompilerThread2" daemon [_thread_in_native, id=2852, stack(0x0000000056f30000,0x0000000057030000)]
=>0x00000000564f6800 JavaThread "C2 CompilerThread1" daemon [_thread_in_native, id=2356, stack(0x0000000056e00000,0x0000000056f00000)]
  0x00000000564f1000 JavaThread "C2 CompilerThread0" daemon [_thread_in_native, id=5228, stack(0x0000000056c60000,0x0000000056d60000)]
  0x00000000564f0800 JavaThread "Attach Listener" daemon [_thread_blocked, id=11248, stack(0x0000000056a70000,0x0000000056b70000)]
  0x0000000055245800 JavaThread "Signal Dispatcher" daemon [_thread_blocked, id=8024, stack(0x0000000056290000,0x0000000056390000)]
  0x00000000551e5800 JavaThread "Finalizer" daemon [_thread_blocked, id=11896, stack(0x00000000563f0000,0x00000000564f0000)]
  0x00000000551dd000 JavaThread "Reference Handler" daemon [_thread_blocked, id=1332, stack(0x0000000056120000,0x0000000056220000)]
  0x000000000215e800 JavaThread "main" [_thread_in_Java, id=8628, stack(0x0000000002550000,0x0000000002650000)]

Other Threads:
  0x00000000551d7800 VMThread [stack: 0x0000000055f50000,0x0000000056050000] [id=6396]
  0x0000000056573800 WatcherThread [stack: 0x0000000057240000,0x0000000057340000] [id=6024]

VM state:not at safepoint (normal execution)

VM Mutex/Monitor currently owned by a thread: None

Heap:
 PSYoungGen      total 72704K, used 46898K [0x00000000eab00000, 0x00000000f4300000, 0x0000000100000000)
  eden space 64512K, 60% used [0x00000000eab00000,0x00000000ed0ce560,0x00000000eea00000)
  from space 8192K, 99% used [0x00000000eea00000,0x00000000ef1fe660,0x00000000ef200000)
  to   space 13312K, 0% used [0x00000000f3600000,0x00000000f3600000,0x00000000f4300000)
 ParOldGen       total 44032K, used 21300K [0x00000000c0000000, 0x00000000c2b00000, 0x00000000eab00000)
  object space 44032K, 48% used [0x00000000c0000000,0x00000000c14cd050,0x00000000c2b00000)
 Metaspace       used 5615K, capacity 6832K, committed 7040K, reserved 1056768K
  class space    used 556K, capacity 616K, committed 640K, reserved 1048576K

Card table byte_map: [0x0000000011ce0000,0x0000000011ef0000] byte_map_base: 0x00000000116e0000

Marking Bits: (ParMarkBitMap*) 0x000000006132d490
 Begin Bits: [0x0000000012650000, 0x0000000013650000)
 End Bits:   [0x0000000013650000, 0x0000000014650000)

Polling page: 0x0000000000430000

CodeCache: size=245760Kb used=7127Kb max_used=7127Kb free=238632Kb
 bounds [0x0000000002920000, 0x0000000003020000, 0x0000000011920000]
 total_blobs=2014 nmethods=1755 adapters=173
 compilation: enabled

Compilation events (10 events):
Event: 3.077 Thread 0x00000000564f9800 1789       2       com.android.dx.dex.code.VariableSizeInsn::<init> (10 bytes)
Event: 3.077 Thread 0x00000000564f9800 nmethod 1789 0x0000000003019510 code [0x0000000003019680, 0x0000000003019808]
Event: 3.077 Thread 0x00000000564f9800 1790       1       com.android.dx.rop.code.FillArrayDataInsn::getConstant (5 bytes)
Event: 3.077 Thread 0x00000000564f9800 nmethod 1790 0x0000000002ff7410 code [0x0000000002ff7560, 0x0000000002ff7670]
Event: 3.077 Thread 0x00000000564f9800 1791       1       com.android.dx.rop.code.FillArrayDataInsn::getInitValues (5 bytes)
Event: 3.077 Thread 0x00000000564f9800 nmethod 1791 0x0000000003019890 code [0x00000000030199e0, 0x0000000003019af0]
Event: 3.085 Thread 0x00000000564f9800 1792       2       com.android.dx.ssa.SsaMethod$2::visitMoveInsn (6 bytes)
Event: 3.086 Thread 0x00000000564f9800 nmethod 1792 0x0000000003019b50 code [0x0000000003019cc0, 0x0000000003019e28]
Event: 3.106 Thread 0x00000000564f9800 1795       2       com.android.dx.rop.code.Rops::opPutStatic (97 bytes)
Event: 3.106 Thread 0x00000000564f9800 nmethod 1795 0x0000000003019ed0 code [0x000000000301a0a0, 0x000000000301a5d8]

GC Heap History (10 events):
Event: 1.248 GC heap before
{Heap before GC invocations=3 (full 0):
 PSYoungGen      total 18944K, used 18935K [0x00000000eab00000, 0x00000000ed000000, 0x0000000100000000)
  eden space 16384K, 100% used [0x00000000eab00000,0x00000000ebb00000,0x00000000ebb00000)
  from space 2560K, 99% used [0x00000000ebd80000,0x00000000ebffdc88,0x00000000ec000000)
  to   space 2560K, 0% used [0x00000000ebb00000,0x00000000ebb00000,0x00000000ebd80000)
 ParOldGen       total 44032K, used 3503K [0x00000000c0000000, 0x00000000c2b00000, 0x00000000eab00000)
  object space 44032K, 7% used [0x00000000c0000000,0x00000000c036bef0,0x00000000c2b00000)
 Metaspace       used 5329K, capacity 6704K, committed 6784K, reserved 1056768K
  class space    used 535K, capacity 616K, committed 640K, reserved 1048576K
Event: 1.278 GC heap after
Heap after GC invocations=3 (full 0):
 PSYoungGen      total 18944K, used 2528K [0x00000000eab00000, 0x00000000ed000000, 0x0000000100000000)
  eden space 16384K, 0% used [0x00000000eab00000,0x00000000eab00000,0x00000000ebb00000)
  from space 2560K, 98% used [0x00000000ebb00000,0x00000000ebd78028,0x00000000ebd80000)
  to   space 2560K, 0% used [0x00000000ecd80000,0x00000000ecd80000,0x00000000ed000000)
 ParOldGen       total 44032K, used 5992K [0x00000000c0000000, 0x00000000c2b00000, 0x00000000eab00000)
  object space 44032K, 13% used [0x00000000c0000000,0x00000000c05da2c0,0x00000000c2b00000)
 Metaspace       used 5329K, capacity 6704K, committed 6784K, reserved 1056768K
  class space    used 535K, capacity 616K, committed 640K, reserved 1048576K
}
Event: 1.453 GC heap before
{Heap before GC invocations=4 (full 0):
 PSYoungGen      total 18944K, used 18912K [0x00000000eab00000, 0x00000000ed000000, 0x0000000100000000)
  eden space 16384K, 100% used [0x00000000eab00000,0x00000000ebb00000,0x00000000ebb00000)
  from space 2560K, 98% used [0x00000000ebb00000,0x00000000ebd78028,0x00000000ebd80000)
  to   space 2560K, 0% used [0x00000000ecd80000,0x00000000ecd80000,0x00000000ed000000)
 ParOldGen       total 44032K, used 5992K [0x00000000c0000000, 0x00000000c2b00000, 0x00000000eab00000)
  object space 44032K, 13% used [0x00000000c0000000,0x00000000c05da2c0,0x00000000c2b00000)
 Metaspace       used 5366K, capacity 6704K, committed 6784K, reserved 1056768K
  class space    used 535K, capacity 616K, committed 640K, reserved 1048576K
Event: 1.462 GC heap after
Heap after GC invocations=4 (full 0):
 PSYoungGen      total 35328K, used 2553K [0x00000000eab00000, 0x00000000ed000000, 0x0000000100000000)
  eden space 32768K, 0% used [0x00000000eab00000,0x00000000eab00000,0x00000000ecb00000)
  from space 2560K, 99% used [0x00000000ecd80000,0x00000000ecffe678,0x00000000ed000000)
  to   space 2560K, 0% used [0x00000000ecb00000,0x00000000ecb00000,0x00000000ecd80000)
 ParOldGen       total 44032K, used 8570K [0x00000000c0000000, 0x00000000c2b00000, 0x00000000eab00000)
  object space 44032K, 19% used [0x00000000c0000000,0x00000000c085ea98,0x00000000c2b00000)
 Metaspace       used 5366K, capacity 6704K, committed 6784K, reserved 1056768K
  class space    used 535K, capacity 616K, committed 640K, reserved 1048576K
}
Event: 1.839 GC heap before
{Heap before GC invocations=5 (full 0):
 PSYoungGen      total 35328K, used 35321K [0x00000000eab00000, 0x00000000ed000000, 0x0000000100000000)
  eden space 32768K, 100% used [0x00000000eab00000,0x00000000ecb00000,0x00000000ecb00000)
  from space 2560K, 99% used [0x00000000ecd80000,0x00000000ecffe678,0x00000000ed000000)
  to   space 2560K, 0% used [0x00000000ecb00000,0x00000000ecb00000,0x00000000ecd80000)
 ParOldGen       total 44032K, used 8570K [0x00000000c0000000, 0x00000000c2b00000, 0x00000000eab00000)
  object space 44032K, 19% used [0x00000000c0000000,0x00000000c085ea98,0x00000000c2b00000)
 Metaspace       used 5472K, capacity 6832K, committed 7040K, reserved 1056768K
  class space    used 537K, capacity 616K, committed 640K, reserved 1048576K
Event: 1.873 GC heap after
Heap after GC invocations=5 (full 0):
 PSYoungGen      total 35328K, used 2553K [0x00000000eab00000, 0x00000000ef900000, 0x0000000100000000)
  eden space 32768K, 0% used [0x00000000eab00000,0x00000000eab00000,0x00000000ecb00000)
  from space 2560K, 99% used [0x00000000ecb00000,0x00000000ecd7e678,0x00000000ecd80000)
  to   space 7168K, 0% used [0x00000000ef200000,0x00000000ef200000,0x00000000ef900000)
 ParOldGen       total 44032K, used 13198K [0x00000000c0000000, 0x00000000c2b00000, 0x00000000eab00000)
  object space 44032K, 29% used [0x00000000c0000000,0x00000000c0ce3af0,0x00000000c2b00000)
 Metaspace       used 5472K, capacity 6832K, committed 7040K, reserved 1056768K
  class space    used 537K, capacity 616K, committed 640K, reserved 1048576K
}
Event: 2.222 GC heap before
{Heap before GC invocations=6 (full 0):
 PSYoungGen      total 35328K, used 35321K [0x00000000eab00000, 0x00000000ef900000, 0x0000000100000000)
  eden space 32768K, 100% used [0x00000000eab00000,0x00000000ecb00000,0x00000000ecb00000)
  from space 2560K, 99% used [0x00000000ecb00000,0x00000000ecd7e678,0x00000000ecd80000)
  to   space 7168K, 0% used [0x00000000ef200000,0x00000000ef200000,0x00000000ef900000)
 ParOldGen       total 44032K, used 13198K [0x00000000c0000000, 0x00000000c2b00000, 0x00000000eab00000)
  object space 44032K, 29% used [0x00000000c0000000,0x00000000c0ce3af0,0x00000000c2b00000)
 Metaspace       used 5577K, capacity 6832K, committed 7040K, reserved 1056768K
  class space    used 556K, capacity 616K, committed 640K, reserved 1048576K
Event: 2.244 GC heap after
Heap after GC invocations=6 (full 0):
 PSYoungGen      total 71680K, used 7161K [0x00000000eab00000, 0x00000000efb00000, 0x0000000100000000)
  eden space 64512K, 0% used [0x00000000eab00000,0x00000000eab00000,0x00000000eea00000)
  from space 7168K, 99% used [0x00000000ef200000,0x00000000ef8fe678,0x00000000ef900000)
  to   space 8192K, 0% used [0x00000000eea00000,0x00000000eea00000,0x00000000ef200000)
 ParOldGen       total 44032K, used 13362K [0x00000000c0000000, 0x00000000c2b00000, 0x00000000eab00000)
  object space 44032K, 30% used [0x00000000c0000000,0x00000000c0d0ca18,0x00000000c2b00000)
 Metaspace       used 5577K, capacity 6832K, committed 7040K, reserved 1056768K
  class space    used 556K, capacity 616K, committed 640K, reserved 1048576K
}
Event: 2.811 GC heap before
{Heap before GC invocations=7 (full 0):
 PSYoungGen      total 71680K, used 71673K [0x00000000eab00000, 0x00000000efb00000, 0x0000000100000000)
  eden space 64512K, 100% used [0x00000000eab00000,0x00000000eea00000,0x00000000eea00000)
  from space 7168K, 99% used [0x00000000ef200000,0x00000000ef8fe678,0x00000000ef900000)
  to   space 8192K, 0% used [0x00000000eea00000,0x00000000eea00000,0x00000000ef200000)
 ParOldGen       total 44032K, used 13362K [0x00000000c0000000, 0x00000000c2b00000, 0x00000000eab00000)
  object space 44032K, 30% used [0x00000000c0000000,0x00000000c0d0ca18,0x00000000c2b00000)
 Metaspace       used 5591K, capacity 6832K, committed 7040K, reserved 1056768K
  class space    used 556K, capacity 616K, committed 640K, reserved 1048576K
Event: 2.867 GC heap after
Heap after GC invocations=7 (full 0):
 PSYoungGen      total 72704K, used 8185K [0x00000000eab00000, 0x00000000f4300000, 0x0000000100000000)
  eden space 64512K, 0% used [0x00000000eab00000,0x00000000eab00000,0x00000000eea00000)
  from space 8192K, 99% used [0x00000000eea00000,0x00000000ef1fe660,0x00000000ef200000)
  to   space 13312K, 0% used [0x00000000f3600000,0x00000000f3600000,0x00000000f4300000)
 ParOldGen       total 44032K, used 21300K [0x00000000c0000000, 0x00000000c2b00000, 0x00000000eab00000)
  object space 44032K, 48% used [0x00000000c0000000,0x00000000c14cd050,0x00000000c2b00000)
 Metaspace       used 5591K, capacity 6832K, committed 7040K, reserved 1056768K
  class space    used 556K, capacity 616K, committed 640K, reserved 1048576K
}

Deoptimization events (10 events):
Event: 1.406 Thread 0x000000000215e800 Uncommon trap: reason=bimorphic action=maybe_recompile pc=0x0000000002b1e13c method=java.util.HashMap.getNode(ILjava/lang/Object;)Ljava/util/HashMap$Node; @ 126
Event: 1.406 Thread 0x000000000215e800 Uncommon trap: reason=class_check action=maybe_recompile pc=0x0000000002d61d24 method=java.util.HashMap.putVal(ILjava/lang/Object;Ljava/lang/Object;ZZ)Ljava/lang/Object; @ 203
Event: 2.201 Thread 0x000000000215e800 Uncommon trap: reason=unreached action=reinterpret pc=0x0000000002c54c40 method=java.util.HashMap.getNode(ILjava/lang/Object;)Ljava/util/HashMap$Node; @ 84
Event: 2.201 Thread 0x000000000215e800 Uncommon trap: reason=unreached action=reinterpret pc=0x0000000002b6cbfc method=java.util.HashMap.getNode(ILjava/lang/Object;)Ljava/util/HashMap$Node; @ 84
Event: 2.201 Thread 0x000000000215e800 Uncommon trap: reason=unreached action=reinterpret pc=0x0000000002b1e120 method=java.util.HashMap.getNode(ILjava/lang/Object;)Ljava/util/HashMap$Node; @ 84
Event: 2.267 Thread 0x000000000215e800 Uncommon trap: reason=class_check action=maybe_recompile pc=0x0000000002d61d24 method=java.util.HashMap.putVal(ILjava/lang/Object;Ljava/lang/Object;ZZ)Ljava/lang/Object; @ 203
Event: 2.489 Thread 0x000000000215e800 Uncommon trap: reason=unreached action=reinterpret pc=0x0000000002f0aee8 method=com.android.dx.ssa.SCCP.simulateBranch(Lcom/android/dx/ssa/SsaInsn;)V @ 132
Event: 2.507 Thread 0x000000000215e800 Uncommon trap: reason=unreached action=reinterpret pc=0x0000000002f4083c method=com.android.dx.ssa.LocalVariableExtractor.processBlock(I)V @ 251
Event: 2.698 Thread 0x000000000215e800 Uncommon trap: reason=unreached action=reinterpret pc=0x0000000002d61ccc method=java.util.HashMap.putVal(ILjava/lang/Object;Ljava/lang/Object;ZZ)Ljava/lang/Object; @ 109
Event: 2.961 Thread 0x000000000215e800 Uncommon trap: reason=unreached action=reinterpret pc=0x0000000003003710 method=com.android.dx.rop.code.RegisterSpec.intersect(Lcom/android/dx/rop/code/RegisterSpec;Z)Lcom/android/dx/rop/code/RegisterSpec; @ 59

Internal exceptions (8 events):
Event: 0.034 Thread 0x000000000215e800 Exception <a 'java/lang/NoSuchMethodError': Method sun.misc.Unsafe.defineClass(Ljava/lang/String;[BII)Ljava/lang/Class; name or signature does not match> (0x00000000eab0cac0) thrown at [D:\re\workspace\8-2-build-windows-amd64-cygwin\jdk8u25\1677\hotspot\sr­ùðÆ‚¡?
Event: 0.034 Thread 0x000000000215e800 Exception <a 'java/lang/NoSuchMethodError': Method sun.misc.Unsafe.prefetchRead(Ljava/lang/Object;J)V name or signature does not match> (0x00000000eab0cd50) thrown at [D:\re\workspace\8-2-build-windows-amd64-cygwin\jdk8u25\1677\hotspot\src\share\vm\prims\jb#¥Rîé?
Event: 0.810 Thread 0x000000000215e800 Implicit null exception at 0x0000000002c770d2 to 0x0000000002c771c2
Event: 0.987 Thread 0x000000000215e800 Implicit null exception at 0x0000000002d4f3d5 to 0x0000000002d50949
Event: 0.994 Thread 0x000000000215e800 Implicit null exception at 0x0000000002d378e2 to 0x0000000002d38d3d
Event: 2.198 Thread 0x000000000215e800 Exception <a 'java/lang/ArrayIndexOutOfBoundsException': 18> (0x00000000ec992598) thrown at [D:\re\workspace\8-2-build-windows-amd64-cygwin\jdk8u25\1677\hotspot\src\share\vm\interpreter\interpreterRuntime.cpp, line 366]
Event: 2.199 Thread 0x000000000215e800 Exception <a 'java/lang/ArrayIndexOutOfBoundsException'> (0x00000000ec994030) thrown at [D:\re\workspace\8-2-build-windows-amd64-cygwin\jdk8u25\1677\hotspot\src\share\vm\runtime\sharedRuntime.cpp, line 604]
Event: 2.200 Thread 0x000000000215e800 Exception <a 'java/lang/ArrayIndexOutOfBoundsException'> (0x00000000ec995248) thrown at [D:\re\workspace\8-2-build-windows-amd64-cygwin\jdk8u25\1677\hotspot\src\share\vm\runtime\sharedRuntime.cpp, line 604]

Events (10 events):
Event: 2.698 Thread 0x000000000215e800 DEOPT UNPACKING pc=0x000000000296556a sp=0x000000000264e130 mode 2
Event: 2.808 Thread 0x000000000215e800 DEOPT PACKING pc=0x0000000002f9c74a sp=0x000000000264e2e0
Event: 2.808 Thread 0x000000000215e800 DEOPT UNPACKING pc=0x00000000029675bf sp=0x000000000264e0a0 mode 0
Event: 2.811 Executing VM operation: ParallelGCFailedAllocation
Event: 2.867 Executing VM operation: ParallelGCFailedAllocation done
Event: 2.961 Thread 0x000000000215e800 Uncommon trap: trap_request=0xffffffad fr.pc=0x0000000003003710
Event: 2.961 Thread 0x000000000215e800 DEOPT PACKING pc=0x0000000003003710 sp=0x000000000264e6d0
Event: 2.961 Thread 0x000000000215e800 DEOPT UNPACKING pc=0x000000000296556a sp=0x000000000264e4f0 mode 2
Event: 3.015 Thread 0x000000000215e800 DEOPT PACKING pc=0x0000000002f67509 sp=0x000000000264e230
Event: 3.015 Thread 0x000000000215e800 DEOPT UNPACKING pc=0x00000000029675bf sp=0x000000000264df78 mode 0


Dynamic libraries:
0x000000013f680000 - 0x000000013f6b4000 	C:\PROGRA~1\Java\JDK18~1.0_2\bin\java.exe
0x0000000077020000 - 0x00000000771c9000 	C:\Windows\SYSTEM32\ntdll.dll
0x0000000076e00000 - 0x0000000076f1f000 	C:\Windows\system32\kernel32.dll
0x000007fefc410000 - 0x000007fefc47c000 	C:\Windows\system32\KERNELBASE.dll
0x000007fefe1b0000 - 0x000007fefe28b000 	C:\Windows\system32\ADVAPI32.dll
0x000007fefe470000 - 0x000007fefe50f000 	C:\Windows\system32\msvcrt.dll
0x000007fefce50000 - 0x000007fefce6f000 	C:\Windows\SYSTEM32\sechost.dll
0x000007fefe510000 - 0x000007fefe63d000 	C:\Windows\system32\RPCRT4.dll
0x0000000076f20000 - 0x000000007701a000 	C:\Windows\system32\USER32.dll
0x000007fefc990000 - 0x000007fefc9f7000 	C:\Windows\system32\GDI32.dll
0x000007fefe410000 - 0x000007fefe41e000 	C:\Windows\system32\LPK.dll
0x000007fefce70000 - 0x000007fefcf39000 	C:\Windows\system32\USP10.dll
0x000007fefa610000 - 0x000007fefa804000 	C:\Windows\WinSxS\amd64_microsoft.windows.common-controls_6595b64144ccf1df_6.0.7601.17514_none_fa396087175ac9ac\COMCTL32.dll
0x000007fefc5a0000 - 0x000007fefc611000 	C:\Windows\system32\SHLWAPI.dll
0x000007fefe180000 - 0x000007fefe1ae000 	C:\Windows\system32\IMM32.DLL
0x000007fefc880000 - 0x000007fefc989000 	C:\Windows\system32\MSCTF.dll
0x00000000688a0000 - 0x0000000068972000 	C:\PROGRA~1\Java\JDK18~1.0_2\jre\bin\msvcr100.dll
0x0000000060b50000 - 0x00000000613aa000 	C:\PROGRA~1\Java\JDK18~1.0_2\jre\bin\server\jvm.dll
0x000007fef8bb0000 - 0x000007fef8bb9000 	C:\Windows\system32\WSOCK32.dll
0x000007fefe420000 - 0x000007fefe46d000 	C:\Windows\system32\WS2_32.dll
0x000007fefcf40000 - 0x000007fefcf48000 	C:\Windows\system32\NSI.dll
0x000007fef6710000 - 0x000007fef674b000 	C:\Windows\system32\WINMM.dll
0x00000000771f0000 - 0x00000000771f7000 	C:\Windows\system32\PSAPI.DLL
0x0000000069910000 - 0x000000006991f000 	C:\PROGRA~1\Java\JDK18~1.0_2\jre\bin\verify.dll
0x00000000698e0000 - 0x0000000069908000 	C:\PROGRA~1\Java\JDK18~1.0_2\jre\bin\java.dll
0x0000000069800000 - 0x0000000069816000 	C:\PROGRA~1\Java\JDK18~1.0_2\jre\bin\zip.dll
0x000007fefd3f0000 - 0x000007fefe178000 	C:\Windows\system32\SHELL32.dll
0x000007fefca00000 - 0x000007fefcc03000 	C:\Windows\system32\ole32.dll
0x000007fefc140000 - 0x000007fefc14f000 	C:\Windows\system32\profapi.dll
0x000007fef80f0000 - 0x000007fef8215000 	C:\Windows\system32\dbghelp.dll

VM Arguments:
jvm_args: -Xmx1024M -Xss1m -Djava.ext.dirs=C:\Users\Jason\Desktop\adt-bundle-windows-x86_64-20140702\sdk\build-tools\android-4.4W\lib 
java_command: C:\Users\Jason\Desktop\adt-bundle-windows-x86_64-20140702\sdk\build-tools\android-4.4W\lib\dx.jar --dex --output C:\Users\Jason\Documents\NetBeansProjects\CordovaTest\platforms\android\ant-build\dexedLibs\com.google.zxing.client.android.captureactivity-501cceccfb2f6a9f127eb763f7bd97b2.jar C:\Users\Jason\Documents\NetBeansProjects\CordovaTest\platforms\android\libs\com.google.zxing.client.android.captureactivity.jar
java_class_path (initial): C:\Users\Jason\Desktop\adt-bundle-windows-x86_64-20140702\sdk\build-tools\android-4.4W\lib\dx.jar
Launcher Type: SUN_STANDARD

Environment Variables:
JAVA_HOME=C:\Program Files\Java\jdk1.8.0_25
PATH=C:\ProgramData\Oracle\Java\javapath;C:\Program Files\Common Files\Microsoft Shared\Windows Live;C:\Program Files (x86)\Common Files\Microsoft Shared\Windows Live;C:\Windows\system32;C:\Windows;C:\Windows\System32\Wbem;C:\Windows\System32\WindowsPowerShell\v1.0;C:\Program Files (x86)\Intel\OpenCL SDK\2.0\bin\x86;C:\Program Files (x86)\Intel\OpenCL SDK\2.0\bin\x64;C:\Program Files (x86)\Windows Live\Shared;C:\Program Files\Microsoft SQL Server\110\Tools\Binn;C:\Program Files\nodejs;C:\Program Files (x86)\Git\cmd;C:\Program Files (x86)\SSH Communications Security\SSH Secure Shell;C:\Program Files\Java\jdk1.7.0_07\bin;C:\glassfish4\glassfish\bin;C:\Program Files (x86)\OpenVPN\bin;C:\Users\Jason\AppData\Roaming\npm;C:\Users\Jason\Desktop\adt-bundle-windows-x86_64-20140702\sdk\tools;C:\Users\Jason\Desktop\adt-bundle-windows-x86_64-20140702\sdk\platform-tools;C:\Program Files\Java\jdk1.8.0_25\bin;C:\NetBeans 8.0\extide\ant\bin
USERNAME=Jason
OS=Windows_NT
PROCESSOR_IDENTIFIER=Intel64 Family 6 Model 58 Stepping 9, GenuineIntel



---------------  S Y S T E M  ---------------

OS: Windows 7 , 64 bit Build 7601 Service Pack 1

CPU:total 4 (2 cores per cpu, 2 threads per core) family 6 model 58 stepping 9, cmov, cx8, fxsr, mmx, sse, sse2, sse3, ssse3, sse4.1, sse4.2, popcnt, avx, aes, clmul, erms, ht, tsc, tscinvbit, tscinv

Memory: 4k page, physical 4098764k(92780k free), swap 6960956k(5396k free)

vm_info: Java HotSpot(TM) 64-Bit Server VM (25.25-b02) for windows-amd64 JRE (1.8.0_25-b18), built on Oct  7 2014 14:25:37 by "java_re" with MS VC++ 10.0 (VS2010)

time: Sat Nov 01 16:13:23 2014
elapsed time: 3 seconds (0d 0h 0m 3s)

