#
# There is insufficient memory for the Java Runtime Environment to continue.
# Native memory allocation (malloc) failed to allocate 65552 bytes for Chunk::new
# Possible reasons:
#   The system is out of physical RAM or swap space
#   In 32 bit mode, the process size limit was hit
# Possible solutions:
#   Reduce memory load on the system
#   Increase physical memory or swap space
#   Check if swap backing store is full
#   Use 64 bit Java on a 64 bit OS
#   Decrease Java heap size (-Xmx/-Xms)
#   Decrease number of Java threads
#   Decrease Java thread stack sizes (-Xss)
#   Set larger code cache with -XX:ReservedCodeCacheSize=
# This output file may be truncated or incomplete.
#
#  Out of Memory Error (allocation.cpp:390), pid=10132, tid=13308
#
# JRE version: Java(TM) SE Runtime Environment (8.0_25-b18) (build 1.8.0_25-b18)
# Java VM: Java HotSpot(TM) 64-Bit Server VM (25.25-b02 mixed mode windows-amd64 compressed oops)
# Failed to write core dump. Minidumps are not enabled by default on client versions of Windows
#

---------------  T H R E A D  ---------------

Current thread (0x0000000056546800):  JavaThread "C2 CompilerThread1" daemon [_thread_in_native, id=13308, stack(0x00000000560c0000,0x00000000561c0000)]

Stack: [0x00000000560c0000,0x00000000561c0000]
Native frames: (J=compiled Java code, j=interpreted, Vv=VM code, C=native code)
V  [jvm.dll+0x31667a]


Current CompileTask:
C2:   1814 1402   !   4       com.android.dx.cf.code.BytecodeArray::parseInstruction (2764 bytes)


---------------  P R O C E S S  ---------------

Java Threads: ( => current thread )
  0x00000000565bc000 JavaThread "Service Thread" daemon [_thread_blocked, id=6540, stack(0x0000000057110000,0x0000000057210000)]
  0x000000005654a000 JavaThread "C1 CompilerThread2" daemon [_thread_blocked, id=1160, stack(0x0000000056eb0000,0x0000000056fb0000)]
=>0x0000000056546800 JavaThread "C2 CompilerThread1" daemon [_thread_in_native, id=13308, stack(0x00000000560c0000,0x00000000561c0000)]
  0x0000000056541000 JavaThread "C2 CompilerThread0" daemon [_thread_in_native, id=8540, stack(0x0000000056cb0000,0x0000000056db0000)]
  0x0000000056540800 JavaThread "Attach Listener" daemon [_thread_blocked, id=11468, stack(0x0000000056b80000,0x0000000056c80000)]
  0x0000000055283800 JavaThread "Signal Dispatcher" daemon [_thread_blocked, id=2632, stack(0x0000000056960000,0x0000000056a60000)]
  0x0000000055225800 JavaThread "Finalizer" daemon [_thread_blocked, id=8364, stack(0x0000000056340000,0x0000000056440000)]
  0x000000005521d000 JavaThread "Reference Handler" daemon [_thread_blocked, id=7236, stack(0x0000000056440000,0x0000000056540000)]
  0x000000000229e800 JavaThread "main" [_thread_in_native, id=7288, stack(0x00000000024b0000,0x00000000025b0000)]

Other Threads:
  0x0000000055217800 VMThread [stack: 0x00000000561e0000,0x00000000562e0000] [id=11276]
  0x00000000565c7800 WatcherThread [stack: 0x00000000572c0000,0x00000000573c0000] [id=10460]

VM state:not at safepoint (normal execution)

VM Mutex/Monitor currently owned by a thread: None

Heap:
 PSYoungGen      total 35328K, used 7154K [0x00000000eab00000, 0x00000000efe00000, 0x0000000100000000)
  eden space 32768K, 14% used [0x00000000eab00000,0x00000000eaf847d0,0x00000000ecb00000)
  from space 2560K, 98% used [0x00000000ecb00000,0x00000000ecd78270,0x00000000ecd80000)
  to   space 9728K, 0% used [0x00000000ef480000,0x00000000ef480000,0x00000000efe00000)
 ParOldGen       total 44032K, used 17299K [0x00000000c0000000, 0x00000000c2b00000, 0x00000000eab00000)
  object space 44032K, 39% used [0x00000000c0000000,0x00000000c10e4c78,0x00000000c2b00000)
 Metaspace       used 5335K, capacity 6768K, committed 7040K, reserved 1056768K
  class space    used 536K, capacity 616K, committed 640K, reserved 1048576K

Card table byte_map: [0x0000000011c40000,0x0000000011e50000] byte_map_base: 0x0000000011640000

Marking Bits: (ParMarkBitMap*) 0x000000006132d490
 Begin Bits: [0x0000000012690000, 0x0000000013690000)
 End Bits:   [0x0000000013690000, 0x0000000014690000)

Polling page: 0x0000000000130000

CodeCache: size=245760Kb used=5695Kb max_used=5695Kb free=240064Kb
 bounds [0x0000000002880000, 0x0000000002e20000, 0x0000000011880000]
 total_blobs=1688 nmethods=1429 adapters=173
 compilation: enabled

Compilation events (10 events):
Event: 1.809 Thread 0x000000005654a000 1461       2       com.android.dx.cf.direct.MemberListParser::getCount (17 bytes)
Event: 1.810 Thread 0x000000005654a000 nmethod 1461 0x0000000002e0f910 code [0x0000000002e0fa80, 0x0000000002e0fca8]
Event: 1.810 Thread 0x000000005654a000 1462       2       com.android.dx.cf.direct.MemberListParser::parseIfNecessary (12 bytes)
Event: 1.810 Thread 0x000000005654a000 nmethod 1462 0x0000000002e0f590 code [0x0000000002e0f700, 0x0000000002e0f888]
Event: 1.810 Thread 0x000000005654a000 1463       1       com.android.dx.dex.file.DexFile::getFieldIds (5 bytes)
Event: 1.810 Thread 0x000000005654a000 nmethod 1463 0x0000000002e09950 code [0x0000000002e09aa0, 0x0000000002e09bb0]
Event: 1.810 Thread 0x000000005654a000 1464       1       com.android.dx.dex.file.DexFile::getMethodIds (5 bytes)
Event: 1.810 Thread 0x000000005654a000 nmethod 1464 0x0000000002e140d0 code [0x0000000002e14220, 0x0000000002e14330]
Event: 1.810 Thread 0x000000005654a000 1465       1       com.android.dx.dex.file.DexFile::getTypeIds (5 bytes)
Event: 1.810 Thread 0x000000005654a000 nmethod 1465 0x0000000002e13e10 code [0x0000000002e13f60, 0x0000000002e14070]

GC Heap History (10 events):
Event: 0.669 GC heap before
{Heap before GC invocations=1 (full 0):
 PSYoungGen      total 18944K, used 16384K [0x00000000eab00000, 0x00000000ec000000, 0x0000000100000000)
  eden space 16384K, 100% used [0x00000000eab00000,0x00000000ebb00000,0x00000000ebb00000)
  from space 2560K, 0% used [0x00000000ebd80000,0x00000000ebd80000,0x00000000ec000000)
  to   space 2560K, 0% used [0x00000000ebb00000,0x00000000ebb00000,0x00000000ebd80000)
 ParOldGen       total 44032K, used 0K [0x00000000c0000000, 0x00000000c2b00000, 0x00000000eab00000)
  object space 44032K, 0% used [0x00000000c0000000,0x00000000c0000000,0x00000000c2b00000)
 Metaspace       used 5012K, capacity 6512K, committed 6784K, reserved 1056768K
  class space    used 531K, capacity 616K, committed 640K, reserved 1048576K
Event: 0.675 GC heap after
Heap after GC invocations=1 (full 0):
 PSYoungGen      total 18944K, used 2544K [0x00000000eab00000, 0x00000000ec000000, 0x0000000100000000)
  eden space 16384K, 0% used [0x00000000eab00000,0x00000000eab00000,0x00000000ebb00000)
  from space 2560K, 99% used [0x00000000ebb00000,0x00000000ebd7c048,0x00000000ebd80000)
  to   space 2560K, 0% used [0x00000000ebd80000,0x00000000ebd80000,0x00000000ec000000)
 ParOldGen       total 44032K, used 1139K [0x00000000c0000000, 0x00000000c2b00000, 0x00000000eab00000)
  object space 44032K, 2% used [0x00000000c0000000,0x00000000c011cd38,0x00000000c2b00000)
 Metaspace       used 5012K, capacity 6512K, committed 6784K, reserved 1056768K
  class space    used 531K, capacity 616K, committed 640K, reserved 1048576K
}
Event: 0.918 GC heap before
{Heap before GC invocations=2 (full 0):
 PSYoungGen      total 18944K, used 18928K [0x00000000eab00000, 0x00000000ec000000, 0x0000000100000000)
  eden space 16384K, 100% used [0x00000000eab00000,0x00000000ebb00000,0x00000000ebb00000)
  from space 2560K, 99% used [0x00000000ebb00000,0x00000000ebd7c048,0x00000000ebd80000)
  to   space 2560K, 0% used [0x00000000ebd80000,0x00000000ebd80000,0x00000000ec000000)
 ParOldGen       total 44032K, used 1139K [0x00000000c0000000, 0x00000000c2b00000, 0x00000000eab00000)
  object space 44032K, 2% used [0x00000000c0000000,0x00000000c011cd38,0x00000000c2b00000)
 Metaspace       used 5167K, capacity 6576K, committed 6784K, reserved 1056768K
  class space    used 534K, capacity 616K, committed 640K, reserved 1048576K
Event: 0.938 GC heap after
Heap after GC invocations=2 (full 0):
 PSYoungGen      total 18944K, used 2548K [0x00000000eab00000, 0x00000000ed000000, 0x0000000100000000)
  eden space 16384K, 0% used [0x00000000eab00000,0x00000000eab00000,0x00000000ebb00000)
  from space 2560K, 99% used [0x00000000ebd80000,0x00000000ebffd1a8,0x00000000ec000000)
  to   space 2560K, 0% used [0x00000000ebb00000,0x00000000ebb00000,0x00000000ebd80000)
 ParOldGen       total 44032K, used 3421K [0x00000000c0000000, 0x00000000c2b00000, 0x00000000eab00000)
  object space 44032K, 7% used [0x00000000c0000000,0x00000000c03576d8,0x00000000c2b00000)
 Metaspace       used 5167K, capacity 6576K, committed 6784K, reserved 1056768K
  class space    used 534K, capacity 616K, committed 640K, reserved 1048576K
}
Event: 1.111 GC heap before
{Heap before GC invocations=3 (full 0):
 PSYoungGen      total 18944K, used 18932K [0x00000000eab00000, 0x00000000ed000000, 0x0000000100000000)
  eden space 16384K, 100% used [0x00000000eab00000,0x00000000ebb00000,0x00000000ebb00000)
  from space 2560K, 99% used [0x00000000ebd80000,0x00000000ebffd1a8,0x00000000ec000000)
  to   space 2560K, 0% used [0x00000000ebb00000,0x00000000ebb00000,0x00000000ebd80000)
 ParOldGen       total 44032K, used 3421K [0x00000000c0000000, 0x00000000c2b00000, 0x00000000eab00000)
  object space 44032K, 7% used [0x00000000c0000000,0x00000000c03576d8,0x00000000c2b00000)
 Metaspace       used 5194K, capacity 6640K, committed 6784K, reserved 1056768K
  class space    used 534K, capacity 616K, committed 640K, reserved 1048576K
Event: 1.123 GC heap after
Heap after GC invocations=3 (full 0):
 PSYoungGen      total 18944K, used 2535K [0x00000000eab00000, 0x00000000ed000000, 0x0000000100000000)
  eden space 16384K, 0% used [0x00000000eab00000,0x00000000eab00000,0x00000000ebb00000)
  from space 2560K, 99% used [0x00000000ebb00000,0x00000000ebd79f50,0x00000000ebd80000)
  to   space 2560K, 0% used [0x00000000ecd80000,0x00000000ecd80000,0x00000000ed000000)
 ParOldGen       total 44032K, used 6410K [0x00000000c0000000, 0x00000000c2b00000, 0x00000000eab00000)
  object space 44032K, 14% used [0x00000000c0000000,0x00000000c0642960,0x00000000c2b00000)
 Metaspace       used 5194K, capacity 6640K, committed 6784K, reserved 1056768K
  class space    used 534K, capacity 616K, committed 640K, reserved 1048576K
}
Event: 1.234 GC heap before
{Heap before GC invocations=4 (full 0):
 PSYoungGen      total 18944K, used 18919K [0x00000000eab00000, 0x00000000ed000000, 0x0000000100000000)
  eden space 16384K, 100% used [0x00000000eab00000,0x00000000ebb00000,0x00000000ebb00000)
  from space 2560K, 99% used [0x00000000ebb00000,0x00000000ebd79f50,0x00000000ebd80000)
  to   space 2560K, 0% used [0x00000000ecd80000,0x00000000ecd80000,0x00000000ed000000)
 ParOldGen       total 44032K, used 6410K [0x00000000c0000000, 0x00000000c2b00000, 0x00000000eab00000)
  object space 44032K, 14% used [0x00000000c0000000,0x00000000c0642960,0x00000000c2b00000)
 Metaspace       used 5221K, capacity 6640K, committed 6784K, reserved 1056768K
  class space    used 534K, capacity 616K, committed 640K, reserved 1048576K
Event: 1.263 GC heap after
Heap after GC invocations=4 (full 0):
 PSYoungGen      total 35328K, used 2551K [0x00000000eab00000, 0x00000000ed000000, 0x0000000100000000)
  eden space 32768K, 0% used [0x00000000eab00000,0x00000000eab00000,0x00000000ecb00000)
  from space 2560K, 99% used [0x00000000ecd80000,0x00000000ecffddf8,0x00000000ed000000)
  to   space 2560K, 0% used [0x00000000ecb00000,0x00000000ecb00000,0x00000000ecd80000)
 ParOldGen       total 44032K, used 10976K [0x00000000c0000000, 0x00000000c2b00000, 0x00000000eab00000)
  object space 44032K, 24% used [0x00000000c0000000,0x00000000c0ab8258,0x00000000c2b00000)
 Metaspace       used 5221K, capacity 6640K, committed 6784K, reserved 1056768K
  class space    used 534K, capacity 616K, committed 640K, reserved 1048576K
}
Event: 1.719 GC heap before
{Heap before GC invocations=5 (full 0):
 PSYoungGen      total 35328K, used 35319K [0x00000000eab00000, 0x00000000ed000000, 0x0000000100000000)
  eden space 32768K, 100% used [0x00000000eab00000,0x00000000ecb00000,0x00000000ecb00000)
  from space 2560K, 99% used [0x00000000ecd80000,0x00000000ecffddf8,0x00000000ed000000)
  to   space 2560K, 0% used [0x00000000ecb00000,0x00000000ecb00000,0x00000000ecd80000)
 ParOldGen       total 44032K, used 10976K [0x00000000c0000000, 0x00000000c2b00000, 0x00000000eab00000)
  object space 44032K, 24% used [0x00000000c0000000,0x00000000c0ab8258,0x00000000c2b00000)
 Metaspace       used 5324K, capacity 6768K, committed 7040K, reserved 1056768K
  class space    used 536K, capacity 616K, committed 640K, reserved 1048576K
Event: 1.734 GC heap after
Heap after GC invocations=5 (full 0):
 PSYoungGen      total 35328K, used 2528K [0x00000000eab00000, 0x00000000efe00000, 0x0000000100000000)
  eden space 32768K, 0% used [0x00000000eab00000,0x00000000eab00000,0x00000000ecb00000)
  from space 2560K, 98% used [0x00000000ecb00000,0x00000000ecd78270,0x00000000ecd80000)
  to   space 9728K, 0% used [0x00000000ef480000,0x00000000ef480000,0x00000000efe00000)
 ParOldGen       total 44032K, used 17299K [0x00000000c0000000, 0x00000000c2b00000, 0x00000000eab00000)
  object space 44032K, 39% used [0x00000000c0000000,0x00000000c10e4c78,0x00000000c2b00000)
 Metaspace       used 5324K, capacity 6768K, committed 7040K, reserved 1056768K
  class space    used 536K, capacity 616K, committed 640K, reserved 1048576K
}

Deoptimization events (10 events):
Event: 1.339 Thread 0x000000000229e800 Uncommon trap: reason=bimorphic action=maybe_recompile pc=0x0000000002d23058 method=com.android.dx.ssa.SCCP.simulatePhi(Lcom/android/dx/ssa/PhiInsn;)V @ 124
Event: 1.339 Thread 0x000000000229e800 Uncommon trap: reason=bimorphic action=maybe_recompile pc=0x0000000002d23058 method=com.android.dx.ssa.SCCP.simulatePhi(Lcom/android/dx/ssa/PhiInsn;)V @ 124
Event: 1.340 Thread 0x000000000229e800 Uncommon trap: reason=bimorphic action=maybe_recompile pc=0x0000000002d23058 method=com.android.dx.ssa.SCCP.simulatePhi(Lcom/android/dx/ssa/PhiInsn;)V @ 124
Event: 1.340 Thread 0x000000000229e800 Uncommon trap: reason=bimorphic action=maybe_recompile pc=0x0000000002d23058 method=com.android.dx.ssa.SCCP.simulatePhi(Lcom/android/dx/ssa/PhiInsn;)V @ 124
Event: 1.516 Thread 0x000000000229e800 Uncommon trap: reason=bimorphic action=maybe_recompile pc=0x0000000002a635c0 method=java.util.HashMap.getNode(ILjava/lang/Object;)Ljava/util/HashMap$Node; @ 126
Event: 1.516 Thread 0x000000000229e800 Uncommon trap: reason=class_check action=maybe_recompile pc=0x0000000002c3cba0 method=java.util.HashMap.putVal(ILjava/lang/Object;Ljava/lang/Object;ZZ)Ljava/lang/Object; @ 203
Event: 1.546 Thread 0x000000000229e800 Uncommon trap: reason=bimorphic action=maybe_recompile pc=0x0000000002a635c0 method=java.util.HashMap.getNode(ILjava/lang/Object;)Ljava/util/HashMap$Node; @ 126
Event: 1.546 Thread 0x000000000229e800 Uncommon trap: reason=class_check action=maybe_recompile pc=0x0000000002c3cba0 method=java.util.HashMap.putVal(ILjava/lang/Object;Ljava/lang/Object;ZZ)Ljava/lang/Object; @ 203
Event: 1.717 Thread 0x000000000229e800 Uncommon trap: reason=bimorphic action=maybe_recompile pc=0x0000000002ce1468 method=com.android.dx.ssa.LiteralOpUpgrader.tryReplacingWithConstant(Lcom/android/dx/ssa/NormalSsaInsn;)Z @ 52
Event: 1.779 Thread 0x000000000229e800 Uncommon trap: reason=bimorphic action=maybe_recompile pc=0x0000000002aa2e54 method=java.util.HashMap.getNode(ILjava/lang/Object;)Ljava/util/HashMap$Node; @ 126

Internal exceptions (2 events):
Event: 0.036 Thread 0x000000000229e800 Exception <a 'java/lang/NoSuchMethodError': Method sun.misc.Unsafe.defineClass(Ljava/lang/String;[BII)Ljava/lang/Class; name or signature does not match> (0x00000000eab0cae0) thrown at [D:\re\workspace\8-2-build-windows-amd64-cygwin\jdk8u25\1677\hotspot\srùﬁ¡ﬂ{N¢?
Event: 0.036 Thread 0x000000000229e800 Exception <a 'java/lang/NoSuchMethodError': Method sun.misc.Unsafe.prefetchRead(Ljava/lang/Object;J)V name or signature does not match> (0x00000000eab0cd70) thrown at [D:\re\workspace\8-2-build-windows-amd64-cygwin\jdk8u25\1677\hotspot\src\share\vm\prims\j

Events (10 events):
Event: 1.702 Thread 0x000000000229e800 DEOPT PACKING pc=0x0000000002ae603b sp=0x00000000025ae1c0
Event: 1.702 Thread 0x000000000229e800 DEOPT UNPACKING pc=0x00000000028c75bf sp=0x00000000025adf88 mode 0
Event: 1.717 Thread 0x000000000229e800 Uncommon trap: trap_request=0xffffffc6 fr.pc=0x0000000002ce1468
Event: 1.717 Thread 0x000000000229e800 DEOPT PACKING pc=0x0000000002ce1468 sp=0x00000000025ae2b0
Event: 1.717 Thread 0x000000000229e800 DEOPT UNPACKING pc=0x00000000028c556a sp=0x00000000025ae178 mode 2
Event: 1.719 Executing VM operation: ParallelGCFailedAllocation
Event: 1.734 Executing VM operation: ParallelGCFailedAllocation done
Event: 1.779 Thread 0x000000000229e800 Uncommon trap: trap_request=0xffffffc6 fr.pc=0x0000000002aa2e54
Event: 1.779 Thread 0x000000000229e800 DEOPT PACKING pc=0x0000000002aa2e54 sp=0x00000000025ae270
Event: 1.779 Thread 0x000000000229e800 DEOPT UNPACKING pc=0x00000000028c556a sp=0x00000000025ae178 mode 2


Dynamic libraries:
0x000000013f680000 - 0x000000013f6b4000 	C:\PROGRA~1\Java\JDK18~1.0_2\bin\java.exe
0x0000000077020000 - 0x00000000771c9000 	C:\Windows\SYSTEM32\ntdll.dll
0x0000000076e00000 - 0x0000000076f1f000 	C:\Windows\system32\kernel32.dll
0x000007fefc410000 - 0x000007fefc47c000 	C:\Windows\system32\KERNELBASE.dll
0x000007fefe1b0000 - 0x000007fefe28b000 	C:\Windows\system32\ADVAPI32.dll
0x000007fefe470000 - 0x000007fefe50f000 	C:\Windows\system32\msvcrt.dll
0x000007fefce50000 - 0x000007fefce6f000 	C:\Windows\SYSTEM32\sechost.dll
0x000007fefe510000 - 0x000007fefe63d000 	C:\Windows\system32\RPCRT4.dll
0x0000000076f20000 - 0x000000007701a000 	C:\Windows\system32\USER32.dll
0x000007fefc990000 - 0x000007fefc9f7000 	C:\Windows\system32\GDI32.dll
0x000007fefe410000 - 0x000007fefe41e000 	C:\Windows\system32\LPK.dll
0x000007fefce70000 - 0x000007fefcf39000 	C:\Windows\system32\USP10.dll
0x000007fefa610000 - 0x000007fefa804000 	C:\Windows\WinSxS\amd64_microsoft.windows.common-controls_6595b64144ccf1df_6.0.7601.17514_none_fa396087175ac9ac\COMCTL32.dll
0x000007fefc5a0000 - 0x000007fefc611000 	C:\Windows\system32\SHLWAPI.dll
0x000007fefe180000 - 0x000007fefe1ae000 	C:\Windows\system32\IMM32.DLL
0x000007fefc880000 - 0x000007fefc989000 	C:\Windows\system32\MSCTF.dll
0x00000000688a0000 - 0x0000000068972000 	C:\PROGRA~1\Java\JDK18~1.0_2\jre\bin\msvcr100.dll
0x0000000060b50000 - 0x00000000613aa000 	C:\PROGRA~1\Java\JDK18~1.0_2\jre\bin\server\jvm.dll
0x000007fef8bb0000 - 0x000007fef8bb9000 	C:\Windows\system32\WSOCK32.dll
0x000007fefe420000 - 0x000007fefe46d000 	C:\Windows\system32\WS2_32.dll
0x000007fefcf40000 - 0x000007fefcf48000 	C:\Windows\system32\NSI.dll
0x000007fef6710000 - 0x000007fef674b000 	C:\Windows\system32\WINMM.dll
0x00000000771f0000 - 0x00000000771f7000 	C:\Windows\system32\PSAPI.DLL
0x0000000069910000 - 0x000000006991f000 	C:\PROGRA~1\Java\JDK18~1.0_2\jre\bin\verify.dll
0x00000000698e0000 - 0x0000000069908000 	C:\PROGRA~1\Java\JDK18~1.0_2\jre\bin\java.dll
0x0000000069800000 - 0x0000000069816000 	C:\PROGRA~1\Java\JDK18~1.0_2\jre\bin\zip.dll
0x000007fefd3f0000 - 0x000007fefe178000 	C:\Windows\system32\SHELL32.dll
0x000007fefca00000 - 0x000007fefcc03000 	C:\Windows\system32\ole32.dll
0x000007fefc140000 - 0x000007fefc14f000 	C:\Windows\system32\profapi.dll

VM Arguments:
jvm_args: -Xmx1024M -Xss1m -Djava.ext.dirs=C:\Users\Jason\Desktop\adt-bundle-windows-x86_64-20140702\sdk\build-tools\android-4.4W\lib 
java_command: C:\Users\Jason\Desktop\adt-bundle-windows-x86_64-20140702\sdk\build-tools\android-4.4W\lib\dx.jar --dex --output C:\Users\Jason\Documents\NetBeansProjects\CordovaTest\platforms\android\ant-build\classes.dex C:\Users\Jason\Documents\NetBeansProjects\CordovaTest\platforms\android\ant-build\classes C:\Users\Jason\Documents\NetBeansProjects\CordovaTest\platforms\android\ant-build\dexedLibs\classes-1fda059b713b4c743902bb8fe66b9ff9.jar
java_class_path (initial): C:\Users\Jason\Desktop\adt-bundle-windows-x86_64-20140702\sdk\build-tools\android-4.4W\lib\dx.jar
Launcher Type: SUN_STANDARD

Environment Variables:
JAVA_HOME=C:\Program Files\Java\jdk1.8.0_25
PATH=C:\ProgramData\Oracle\Java\javapath;C:\Program Files\Common Files\Microsoft Shared\Windows Live;C:\Program Files (x86)\Common Files\Microsoft Shared\Windows Live;C:\Windows\system32;C:\Windows;C:\Windows\System32\Wbem;C:\Windows\System32\WindowsPowerShell\v1.0;C:\Program Files (x86)\Intel\OpenCL SDK\2.0\bin\x86;C:\Program Files (x86)\Intel\OpenCL SDK\2.0\bin\x64;C:\Program Files (x86)\Windows Live\Shared;C:\Program Files\Microsoft SQL Server\110\Tools\Binn;C:\Program Files\nodejs;C:\Program Files (x86)\Git\cmd;C:\Program Files (x86)\SSH Communications Security\SSH Secure Shell;C:\Program Files\Java\jdk1.7.0_07\bin;C:\glassfish4\glassfish\bin;C:\Program Files (x86)\OpenVPN\bin;C:\Users\Jason\AppData\Roaming\npm;C:\Users\Jason\Desktop\adt-bundle-windows-x86_64-20140702\sdk\tools;C:\Users\Jason\Desktop\adt-bundle-windows-x86_64-20140702\sdk\platform-tools;C:\Program Files\Java\jdk1.8.0_25\bin;C:\NetBeans 8.0\extide\ant\bin
USERNAME=Jason
OS=Windows_NT
PROCESSOR_IDENTIFIER=Intel64 Family 6 Model 58 Stepping 9, GenuineIntel



---------------  S Y S T E M  ---------------

OS: Windows 7 , 64 bit Build 7601 Service Pack 1

CPU:total 4 (2 cores per cpu, 2 threads per core) family 6 model 58 stepping 9, cmov, cx8, fxsr, mmx, sse, sse2, sse3, ssse3, sse4.1, sse4.2, popcnt, avx, aes, clmul, erms, ht, tsc, tscinvbit, tscinv

Memory: 4k page, physical 4098764k(321728k free), swap 6960956k(5116k free)

vm_info: Java HotSpot(TM) 64-Bit Server VM (25.25-b02) for windows-amd64 JRE (1.8.0_25-b18), built on Oct  7 2014 14:25:37 by "java_re" with MS VC++ 10.0 (VS2010)

time: Thu Oct 30 23:51:22 2014
elapsed time: 1 seconds (0d 0h 0m 1s)

