#
# There is insufficient memory for the Java Runtime Environment to continue.
# Native memory allocation (malloc) failed to allocate 67108880 bytes for Chunk::new
# Possible reasons:
#   The system is out of physical RAM or swap space
#   In 32 bit mode, the process size limit was hit
# Possible solutions:
#   Reduce memory load on the system
#   Increase physical memory or swap space
#   Check if swap backing store is full
#   Use 64 bit Java on a 64 bit OS
#   Decrease Java heap size (-Xmx/-Xms)
#   Decrease number of Java threads
#   Decrease Java thread stack sizes (-Xss)
#   Set larger code cache with -XX:ReservedCodeCacheSize=
# This output file may be truncated or incomplete.
#
#  Out of Memory Error (allocation.cpp:390), pid=5108, tid=5140
#
# JRE version: Java(TM) SE Runtime Environment (8.0_25-b18) (build 1.8.0_25-b18)
# Java VM: Java HotSpot(TM) 64-Bit Server VM (25.25-b02 mixed mode windows-amd64 compressed oops)
# Failed to write core dump. Minidumps are not enabled by default on client versions of Windows
#

---------------  T H R E A D  ---------------

Current thread (0x0000000056510800):  JavaThread "C2 CompilerThread0" daemon [_thread_in_native, id=5140, stack(0x0000000056bc0000,0x0000000056cc0000)]

Stack: [0x0000000056bc0000,0x0000000056cc0000]
Native frames: (J=compiled Java code, j=interpreted, Vv=VM code, C=native code)
V  [jvm.dll+0x31667a]
V  [jvm.dll+0x267073]
V  [jvm.dll+0x267cb3]
V  [jvm.dll+0x25f5b5]
V  [jvm.dll+0xbf165]
V  [jvm.dll+0xbf60c]
V  [jvm.dll+0x40c68]
V  [jvm.dll+0x45f0b0]
V  [jvm.dll+0x45f36a]
V  [jvm.dll+0x46024f]
V  [jvm.dll+0x4625fa]
V  [jvm.dll+0x464745]
V  [jvm.dll+0x4650cc]
V  [jvm.dll+0x465413]
V  [jvm.dll+0x4522c3]
V  [jvm.dll+0x453864]
V  [jvm.dll+0x437372]
V  [jvm.dll+0x98a02]
V  [jvm.dll+0x991f3]
V  [jvm.dll+0x22bde4]
V  [jvm.dll+0x2852fa]
C  [msvcr100.dll+0x21d9f]
C  [msvcr100.dll+0x21e3b]
C  [kernel32.dll+0x159ed]
C  [ntdll.dll+0x2c541]


Current CompileTask:
C2:   5178 1798   !   4       com.android.dx.cf.code.Ropper::processBlock (1101 bytes)


---------------  P R O C E S S  ---------------

Java Threads: ( => current thread )
  0x0000000056589800 JavaThread "Service Thread" daemon [_thread_blocked, id=9464, stack(0x0000000056f20000,0x0000000057020000)]
  0x0000000056518000 JavaThread "C1 CompilerThread2" daemon [_thread_blocked, id=2216, stack(0x0000000056910000,0x0000000056a10000)]
  0x0000000056515800 JavaThread "C2 CompilerThread1" daemon [_thread_blocked, id=4200, stack(0x0000000056d60000,0x0000000056e60000)]
=>0x0000000056510800 JavaThread "C2 CompilerThread0" daemon [_thread_in_native, id=5140, stack(0x0000000056bc0000,0x0000000056cc0000)]
  0x0000000054f9a000 JavaThread "Attach Listener" daemon [_thread_blocked, id=8944, stack(0x0000000056300000,0x0000000056400000)]
  0x0000000054f96800 JavaThread "Signal Dispatcher" daemon [_thread_blocked, id=6384, stack(0x0000000056a20000,0x0000000056b20000)]
  0x0000000054f39800 JavaThread "Finalizer" daemon [_thread_blocked, id=12272, stack(0x0000000056410000,0x0000000056510000)]
  0x0000000054f30800 JavaThread "Reference Handler" daemon [_thread_blocked, id=11484, stack(0x0000000056200000,0x0000000056300000)]

Other Threads:
  0x0000000054f2b000 VMThread [stack: 0x0000000055fa0000,0x00000000560a0000] [id=4888]

VM state:at safepoint (normal execution)

VM Mutex/Monitor currently owned by a thread:  ([mutex/lock_event])
[0x000000000225cdc0] Threads_lock - owner thread: 0x0000000054f2b000
[0x000000000225d2c0] Heap_lock - owner thread: 0x000000000225e800

Heap:
 PSYoungGen      total 138240K, used 38384K [0x00000000eab00000, 0x00000000f4200000, 0x0000000100000000)
  eden space 126464K, 21% used [0x00000000eab00000,0x00000000ec568c30,0x00000000f2680000)
  from space 11776K, 96% used [0x00000000f3380000,0x00000000f3e93590,0x00000000f3f00000)
  to   space 13312K, 0% used [0x00000000f2680000,0x00000000f2680000,0x00000000f3380000)
 ParOldGen       total 44032K, used 18154K [0x00000000c0000000, 0x00000000c2b00000, 0x00000000eab00000)
  object space 44032K, 41% used [0x00000000c0000000,0x00000000c11ba970,0x00000000c2b00000)
 Metaspace       used 7246K, capacity 7928K, committed 8192K, reserved 1056768K
  class space    used 716K, capacity 752K, committed 768K, reserved 1048576K

Card table byte_map: [0x0000000011a10000,0x0000000011c20000] byte_map_base: 0x0000000011410000

Marking Bits: (ParMarkBitMap*) 0x000000006132d490
 Begin Bits: [0x00000000123a0000, 0x00000000133a0000)
 End Bits:   [0x00000000133a0000, 0x00000000143a0000)

Polling page: 0x0000000000140000

CodeCache: size=245760Kb used=9810Kb max_used=9810Kb free=235949Kb
 bounds [0x0000000002650000, 0x0000000002ff0000, 0x0000000011650000]
 total_blobs=3054 nmethods=2770 adapters=197
 compilation: enabled

Compilation events (10 events):
Event: 4.373 Thread 0x0000000056518000 2842       3       sun.security.provider.DigestBase::engineUpdate (188 bytes)
Event: 4.374 Thread 0x0000000056518000 nmethod 2842 0x0000000002feba10 code [0x0000000002febc00, 0x0000000002fec718]
Event: 4.376 Thread 0x0000000056518000 2843       2       java.security.MessageDigest::update (45 bytes)
Event: 4.376 Thread 0x0000000056518000 nmethod 2843 0x0000000002fdc790 code [0x0000000002fdc920, 0x0000000002fdcbc8]
Event: 4.376 Thread 0x0000000056518000 2844       2       java.security.MessageDigest$Delegate::engineUpdate (11 bytes)
Event: 4.376 Thread 0x0000000056518000 nmethod 2844 0x0000000002fdc410 code [0x0000000002fdc580, 0x0000000002fdc708]
Event: 4.378 Thread 0x0000000056518000 2845       2       java.util.zip.Adler32::update (51 bytes)
Event: 4.379 Thread 0x0000000056518000 nmethod 2845 0x0000000002fec990 code [0x0000000002fecb20, 0x0000000002fecdc8]
Event: 4.381 Thread 0x0000000056518000 2847       2       java.util.regex.Pattern$BmpCharProperty::match (50 bytes)
Event: 4.381 Thread 0x0000000056518000 nmethod 2847 0x0000000002fed2d0 code [0x0000000002fed460, 0x0000000002fed6a8]

GC Heap History (10 events):
Event: 1.378 GC heap before
{Heap before GC invocations=4 (full 0):
 PSYoungGen      total 18944K, used 18918K [0x00000000eab00000, 0x00000000ed000000, 0x0000000100000000)
  eden space 16384K, 100% used [0x00000000eab00000,0x00000000ebb00000,0x00000000ebb00000)
  from space 2560K, 99% used [0x00000000ebb00000,0x00000000ebd79a40,0x00000000ebd80000)
  to   space 2560K, 0% used [0x00000000ecd80000,0x00000000ecd80000,0x00000000ed000000)
 ParOldGen       total 44032K, used 6681K [0x00000000c0000000, 0x00000000c2b00000, 0x00000000eab00000)
  object space 44032K, 15% used [0x00000000c0000000,0x00000000c06864d0,0x00000000c2b00000)
 Metaspace       used 5243K, capacity 6640K, committed 6784K, reserved 1056768K
  class space    used 534K, capacity 616K, committed 640K, reserved 1048576K
Event: 1.398 GC heap after
Heap after GC invocations=4 (full 0):
 PSYoungGen      total 35328K, used 2534K [0x00000000eab00000, 0x00000000ed000000, 0x0000000100000000)
  eden space 32768K, 0% used [0x00000000eab00000,0x00000000eab00000,0x00000000ecb00000)
  from space 2560K, 99% used [0x00000000ecd80000,0x00000000ecff9a40,0x00000000ed000000)
  to   space 2560K, 0% used [0x00000000ecb00000,0x00000000ecb00000,0x00000000ecd80000)
 ParOldGen       total 44032K, used 11241K [0x00000000c0000000, 0x00000000c2b00000, 0x00000000eab00000)
  object space 44032K, 25% used [0x00000000c0000000,0x00000000c0afa4b8,0x00000000c2b00000)
 Metaspace       used 5243K, capacity 6640K, committed 6784K, reserved 1056768K
  class space    used 534K, capacity 616K, committed 640K, reserved 1048576K
}
Event: 1.856 GC heap before
{Heap before GC invocations=5 (full 0):
 PSYoungGen      total 35328K, used 35302K [0x00000000eab00000, 0x00000000ed000000, 0x0000000100000000)
  eden space 32768K, 100% used [0x00000000eab00000,0x00000000ecb00000,0x00000000ecb00000)
  from space 2560K, 99% used [0x00000000ecd80000,0x00000000ecff9a40,0x00000000ed000000)
  to   space 2560K, 0% used [0x00000000ecb00000,0x00000000ecb00000,0x00000000ecd80000)
 ParOldGen       total 44032K, used 11241K [0x00000000c0000000, 0x00000000c2b00000, 0x00000000eab00000)
  object space 44032K, 25% used [0x00000000c0000000,0x00000000c0afa4b8,0x00000000c2b00000)
 Metaspace       used 5332K, capacity 6768K, committed 7040K, reserved 1056768K
  class space    used 536K, capacity 616K, committed 640K, reserved 1048576K
Event: 1.875 GC heap after
Heap after GC invocations=5 (full 0):
 PSYoungGen      total 35328K, used 2547K [0x00000000eab00000, 0x00000000efe00000, 0x0000000100000000)
  eden space 32768K, 0% used [0x00000000eab00000,0x00000000eab00000,0x00000000ecb00000)
  from space 2560K, 99% used [0x00000000ecb00000,0x00000000ecd7cef8,0x00000000ecd80000)
  to   space 9728K, 0% used [0x00000000ef480000,0x00000000ef480000,0x00000000efe00000)
 ParOldGen       total 44032K, used 17488K [0x00000000c0000000, 0x00000000c2b00000, 0x00000000eab00000)
  object space 44032K, 39% used [0x00000000c0000000,0x00000000c11143f0,0x00000000c2b00000)
 Metaspace       used 5332K, capacity 6768K, committed 7040K, reserved 1056768K
  class space    used 536K, capacity 616K, committed 640K, reserved 1048576K
}
Event: 2.315 GC heap before
{Heap before GC invocations=6 (full 0):
 PSYoungGen      total 35328K, used 35315K [0x00000000eab00000, 0x00000000efe00000, 0x0000000100000000)
  eden space 32768K, 100% used [0x00000000eab00000,0x00000000ecb00000,0x00000000ecb00000)
  from space 2560K, 99% used [0x00000000ecb00000,0x00000000ecd7cef8,0x00000000ecd80000)
  to   space 9728K, 0% used [0x00000000ef480000,0x00000000ef480000,0x00000000efe00000)
 ParOldGen       total 44032K, used 17488K [0x00000000c0000000, 0x00000000c2b00000, 0x00000000eab00000)
  object space 44032K, 39% used [0x00000000c0000000,0x00000000c11143f0,0x00000000c2b00000)
 Metaspace       used 5418K, capacity 6832K, committed 7040K, reserved 1056768K
  class space    used 538K, capacity 616K, committed 640K, reserved 1048576K
Event: 2.349 GC heap after
Heap after GC invocations=6 (full 0):
 PSYoungGen      total 73728K, used 9273K [0x00000000eab00000, 0x00000000f0100000, 0x0000000100000000)
  eden space 64000K, 0% used [0x00000000eab00000,0x00000000eab00000,0x00000000ee980000)
  from space 9728K, 95% used [0x00000000ef480000,0x00000000efd8e580,0x00000000efe00000)
  to   space 11264K, 0% used [0x00000000ee980000,0x00000000ee980000,0x00000000ef480000)
 ParOldGen       total 44032K, used 17488K [0x00000000c0000000, 0x00000000c2b00000, 0x00000000eab00000)
  object space 44032K, 39% used [0x00000000c0000000,0x00000000c11143f0,0x00000000c2b00000)
 Metaspace       used 5418K, capacity 6832K, committed 7040K, reserved 1056768K
  class space    used 538K, capacity 616K, committed 640K, reserved 1048576K
}
Event: 2.752 GC heap before
{Heap before GC invocations=7 (full 0):
 PSYoungGen      total 73728K, used 73273K [0x00000000eab00000, 0x00000000f0100000, 0x0000000100000000)
  eden space 64000K, 100% used [0x00000000eab00000,0x00000000ee980000,0x00000000ee980000)
  from space 9728K, 95% used [0x00000000ef480000,0x00000000efd8e580,0x00000000efe00000)
  to   space 11264K, 0% used [0x00000000ee980000,0x00000000ee980000,0x00000000ef480000)
 ParOldGen       total 44032K, used 17488K [0x00000000c0000000, 0x00000000c2b00000, 0x00000000eab00000)
  object space 44032K, 39% used [0x00000000c0000000,0x00000000c11143f0,0x00000000c2b00000)
 Metaspace       used 5458K, capacity 6832K, committed 7040K, reserved 1056768K
  class space    used 540K, capacity 616K, committed 640K, reserved 1048576K
Event: 2.788 GC heap after
Heap after GC invocations=7 (full 0):
 PSYoungGen      total 75264K, used 9205K [0x00000000eab00000, 0x00000000f3f00000, 0x0000000100000000)
  eden space 64000K, 0% used [0x00000000eab00000,0x00000000eab00000,0x00000000ee980000)
  from space 11264K, 81% used [0x00000000ee980000,0x00000000ef27d410,0x00000000ef480000)
  to   space 11776K, 0% used [0x00000000f3380000,0x00000000f3380000,0x00000000f3f00000)
 ParOldGen       total 44032K, used 18098K [0x00000000c0000000, 0x00000000c2b00000, 0x00000000eab00000)
  object space 44032K, 41% used [0x00000000c0000000,0x00000000c11ac970,0x00000000c2b00000)
 Metaspace       used 5458K, capacity 6832K, committed 7040K, reserved 1056768K
  class space    used 540K, capacity 616K, committed 640K, reserved 1048576K
}
Event: 4.036 GC heap before
{Heap before GC invocations=8 (full 0):
 PSYoungGen      total 75264K, used 73205K [0x00000000eab00000, 0x00000000f3f00000, 0x0000000100000000)
  eden space 64000K, 100% used [0x00000000eab00000,0x00000000ee980000,0x00000000ee980000)
  from space 11264K, 81% used [0x00000000ee980000,0x00000000ef27d410,0x00000000ef480000)
  to   space 11776K, 0% used [0x00000000f3380000,0x00000000f3380000,0x00000000f3f00000)
 ParOldGen       total 44032K, used 18098K [0x00000000c0000000, 0x00000000c2b00000, 0x00000000eab00000)
  object space 44032K, 41% used [0x00000000c0000000,0x00000000c11ac970,0x00000000c2b00000)
 Metaspace       used 6853K, capacity 7732K, committed 7936K, reserved 1056768K
  class space    used 678K, capacity 684K, committed 768K, reserved 1048576K
Event: 4.061 GC heap after
Heap after GC invocations=8 (full 0):
 PSYoungGen      total 138240K, used 11341K [0x00000000eab00000, 0x00000000f4200000, 0x0000000100000000)
  eden space 126464K, 0% used [0x00000000eab00000,0x00000000eab00000,0x00000000f2680000)
  from space 11776K, 96% used [0x00000000f3380000,0x00000000f3e93590,0x00000000f3f00000)
  to   space 13312K, 0% used [0x00000000f2680000,0x00000000f2680000,0x00000000f3380000)
 ParOldGen       total 44032K, used 18154K [0x00000000c0000000, 0x00000000c2b00000, 0x00000000eab00000)
  object space 44032K, 41% used [0x00000000c0000000,0x00000000c11ba970,0x00000000c2b00000)
 Metaspace       used 6853K, capacity 7732K, committed 7936K, reserved 1056768K
  class space    used 678K, capacity 684K, committed 768K, reserved 1048576K
}

Deoptimization events (10 events):
Event: 3.330 Thread 0x000000000225e800 Uncommon trap: reason=class_check action=maybe_recompile pc=0x00000000029c4464 method=java.util.Arrays.equals([Ljava/lang/Object;[Ljava/lang/Object;)Z @ 62
Event: 3.330 Thread 0x000000000225e800 Uncommon trap: reason=speculate_class_check action=maybe_recompile pc=0x00000000029b3dd8 method=com.android.dx.util.FixedSizeList.equals(Ljava/lang/Object;)Z @ 25
Event: 3.330 Thread 0x000000000225e800 Uncommon trap: reason=class_check action=maybe_recompile pc=0x00000000029c4464 method=java.util.Arrays.equals([Ljava/lang/Object;[Ljava/lang/Object;)Z @ 62
Event: 3.773 Thread 0x000000000225e800 Uncommon trap: reason=unreached action=reinterpret pc=0x000000000292a90c method=java.util.Arrays.copyOf([Ljava/lang/Object;ILjava/lang/Class;)[Ljava/lang/Object; @ 3
Event: 3.775 Thread 0x000000000225e800 Uncommon trap: reason=class_check action=maybe_recompile pc=0x0000000002dc2e74 method=java.util.HashMap.putVal(ILjava/lang/Object;Ljava/lang/Object;ZZ)Ljava/lang/Object; @ 56
Event: 3.775 Thread 0x000000000225e800 Uncommon trap: reason=class_check action=maybe_recompile pc=0x0000000002dc2edc method=java.util.HashMap.putVal(ILjava/lang/Object;Ljava/lang/Object;ZZ)Ljava/lang/Object; @ 152
Event: 3.775 Thread 0x000000000225e800 Uncommon trap: reason=class_check action=maybe_recompile pc=0x0000000002dc2e74 method=java.util.HashMap.putVal(ILjava/lang/Object;Ljava/lang/Object;ZZ)Ljava/lang/Object; @ 56
Event: 3.988 Thread 0x000000000225e800 Uncommon trap: reason=unreached action=reinterpret pc=0x0000000002c06694 method=java.util.HashMap.resize()[Ljava/util/HashMap$Node; @ 206
Event: 3.989 Thread 0x000000000225e800 Uncommon trap: reason=unreached action=reinterpret pc=0x0000000002f0dbf8 method=java.util.HashMap.putVal(ILjava/lang/Object;Ljava/lang/Object;ZZ)Ljava/lang/Object; @ 109
Event: 4.275 Thread 0x000000000225e800 Uncommon trap: reason=predicate action=maybe_recompile pc=0x0000000002f455e8 method=com.android.dex.Leb128.readUnsignedLeb128(Lcom/android/dex/util/ByteInput;)I @ 41

Internal exceptions (5 events):
Event: 0.026 Thread 0x000000000225e800 Exception <a 'java/lang/NoSuchMethodError': Method sun.misc.Unsafe.defineClass(Ljava/lang/String;[BII)Ljava/lang/Class; name or signature does not match> (0x00000000eab0cc60) thrown at [D:\re\workspace\8-2-build-windows-amd64-cygwin\jdk8u25\1677\hotspot\sr˜hýù1›?
Event: 0.026 Thread 0x000000000225e800 Exception <a 'java/lang/NoSuchMethodError': Method sun.misc.Unsafe.prefetchRead(Ljava/lang/Object;J)V name or signature does not match> (0x00000000eab0cef0) thrown at [D:\re\workspace\8-2-build-windows-amd64-cygwin\jdk8u25\1677\hotspot\src\share\vm\prims\j@¤ùôå@
Event: 3.112 Thread 0x000000000225e800 Exception <a 'java/lang/ArrayIndexOutOfBoundsException': 18> (0x00000000ed583240) thrown at [D:\re\workspace\8-2-build-windows-amd64-cygwin\jdk8u25\1677\hotspot\src\share\vm\interpreter\interpreterRuntime.cpp, line 366]
Event: 3.113 Thread 0x000000000225e800 Exception <a 'java/lang/ArrayIndexOutOfBoundsException'> (0x00000000ed584cd8) thrown at [D:\re\workspace\8-2-build-windows-amd64-cygwin\jdk8u25\1677\hotspot\src\share\vm\runtime\sharedRuntime.cpp, line 604]
Event: 3.114 Thread 0x000000000225e800 Exception <a 'java/lang/ArrayIndexOutOfBoundsException'> (0x00000000ed585ef0) thrown at [D:\re\workspace\8-2-build-windows-amd64-cygwin\jdk8u25\1677\hotspot\src\share\vm\runtime\sharedRuntime.cpp, line 604]

Events (10 events):
Event: 4.374 Thread 0x000000000225e800 DEOPT UNPACKING pc=0x00000000026975bf sp=0x000000000237eb38 mode 0
Event: 4.384 loading class java/io/FileOutputStream$1
Event: 4.384 loading class java/io/FileOutputStream$1 done
Event: 4.385 Thread 0x000000000225e800 Thread exited: 0x000000000225e800
Event: 4.385 Thread 0x000000000225e800 Thread added: 0x000000000225e800
Event: 4.385 loading class java/lang/Shutdown
Event: 4.385 loading class java/lang/Shutdown done
Event: 4.385 loading class java/lang/Shutdown$Lock
Event: 4.385 loading class java/lang/Shutdown$Lock done
Event: 4.386 Thread 0x000000000225e800 Thread exited: 0x000000000225e800


Dynamic libraries:
0x000000013f680000 - 0x000000013f6b4000 	C:\PROGRA~1\Java\JDK18~1.0_2\bin\java.exe
0x0000000077020000 - 0x00000000771c9000 	C:\Windows\SYSTEM32\ntdll.dll
0x0000000076e00000 - 0x0000000076f1f000 	C:\Windows\system32\kernel32.dll
0x000007fefc410000 - 0x000007fefc47c000 	C:\Windows\system32\KERNELBASE.dll
0x000007fefe1b0000 - 0x000007fefe28b000 	C:\Windows\system32\ADVAPI32.dll
0x000007fefe470000 - 0x000007fefe50f000 	C:\Windows\system32\msvcrt.dll
0x000007fefce50000 - 0x000007fefce6f000 	C:\Windows\SYSTEM32\sechost.dll
0x000007fefe510000 - 0x000007fefe63d000 	C:\Windows\system32\RPCRT4.dll
0x0000000076f20000 - 0x000000007701a000 	C:\Windows\system32\USER32.dll
0x000007fefc990000 - 0x000007fefc9f7000 	C:\Windows\system32\GDI32.dll
0x000007fefe410000 - 0x000007fefe41e000 	C:\Windows\system32\LPK.dll
0x000007fefce70000 - 0x000007fefcf39000 	C:\Windows\system32\USP10.dll
0x000007fefa610000 - 0x000007fefa804000 	C:\Windows\WinSxS\amd64_microsoft.windows.common-controls_6595b64144ccf1df_6.0.7601.17514_none_fa396087175ac9ac\COMCTL32.dll
0x000007fefc5a0000 - 0x000007fefc611000 	C:\Windows\system32\SHLWAPI.dll
0x000007fefe180000 - 0x000007fefe1ae000 	C:\Windows\system32\IMM32.DLL
0x000007fefc880000 - 0x000007fefc989000 	C:\Windows\system32\MSCTF.dll
0x00000000688a0000 - 0x0000000068972000 	C:\PROGRA~1\Java\JDK18~1.0_2\jre\bin\msvcr100.dll
0x0000000060b50000 - 0x00000000613aa000 	C:\PROGRA~1\Java\JDK18~1.0_2\jre\bin\server\jvm.dll
0x000007fef8bb0000 - 0x000007fef8bb9000 	C:\Windows\system32\WSOCK32.dll
0x000007fefe420000 - 0x000007fefe46d000 	C:\Windows\system32\WS2_32.dll
0x000007fefcf40000 - 0x000007fefcf48000 	C:\Windows\system32\NSI.dll
0x000007fef6710000 - 0x000007fef674b000 	C:\Windows\system32\WINMM.dll
0x00000000771f0000 - 0x00000000771f7000 	C:\Windows\system32\PSAPI.DLL
0x0000000069910000 - 0x000000006991f000 	C:\PROGRA~1\Java\JDK18~1.0_2\jre\bin\verify.dll
0x00000000698e0000 - 0x0000000069908000 	C:\PROGRA~1\Java\JDK18~1.0_2\jre\bin\java.dll
0x0000000069800000 - 0x0000000069816000 	C:\PROGRA~1\Java\JDK18~1.0_2\jre\bin\zip.dll
0x000007fefd3f0000 - 0x000007fefe178000 	C:\Windows\system32\SHELL32.dll
0x000007fefca00000 - 0x000007fefcc03000 	C:\Windows\system32\ole32.dll
0x000007fefc140000 - 0x000007fefc14f000 	C:\Windows\system32\profapi.dll
0x000007fef80f0000 - 0x000007fef8215000 	C:\Windows\system32\dbghelp.dll

VM Arguments:
jvm_args: -Xmx1024M -Xss1m -Djava.ext.dirs=C:\Users\Jason\Desktop\adt-bundle-windows-x86_64-20140702\sdk\build-tools\android-4.4W\lib 
java_command: C:\Users\Jason\Desktop\adt-bundle-windows-x86_64-20140702\sdk\build-tools\android-4.4W\lib\dx.jar --dex --output C:\Users\Jason\Documents\NetBeansProjects\CordovaTest\platforms\android\ant-build\classes.dex C:\Users\Jason\Documents\NetBeansProjects\CordovaTest\platforms\android\ant-build\classes C:\Users\Jason\Documents\NetBeansProjects\CordovaTest\platforms\android\ant-build\dexedLibs\classes-1fda059b713b4c743902bb8fe66b9ff9.jar C:\Users\Jason\Documents\NetBeansProjects\CordovaTest\platforms\android\ant-build\dexedLibs\com.google.zxing.client.android.captureactivity-501cceccfb2f6a9f127eb763f7bd97b2.jar
java_class_path (initial): C:\Users\Jason\Desktop\adt-bundle-windows-x86_64-20140702\sdk\build-tools\android-4.4W\lib\dx.jar
Launcher Type: SUN_STANDARD

Environment Variables:
JAVA_HOME=C:\Program Files\Java\jdk1.8.0_25
PATH=C:\ProgramData\Oracle\Java\javapath;C:\Program Files\Common Files\Microsoft Shared\Windows Live;C:\Program Files (x86)\Common Files\Microsoft Shared\Windows Live;C:\Windows\system32;C:\Windows;C:\Windows\System32\Wbem;C:\Windows\System32\WindowsPowerShell\v1.0;C:\Program Files (x86)\Intel\OpenCL SDK\2.0\bin\x86;C:\Program Files (x86)\Intel\OpenCL SDK\2.0\bin\x64;C:\Program Files (x86)\Windows Live\Shared;C:\Program Files\Microsoft SQL Server\110\Tools\Binn;C:\Program Files\nodejs;C:\Program Files (x86)\Git\cmd;C:\Program Files (x86)\SSH Communications Security\SSH Secure Shell;C:\Program Files\Java\jdk1.7.0_07\bin;C:\glassfish4\glassfish\bin;C:\Program Files (x86)\OpenVPN\bin;C:\Users\Jason\AppData\Roaming\npm;C:\Users\Jason\Desktop\adt-bundle-windows-x86_64-20140702\sdk\tools;C:\Users\Jason\Desktop\adt-bundle-windows-x86_64-20140702\sdk\platform-tools;C:\Program Files\Java\jdk1.8.0_25\bin;C:\NetBeans 8.0\extide\ant\bin
USERNAME=Jason
OS=Windows_NT
PROCESSOR_IDENTIFIER=Intel64 Family 6 Model 58 Stepping 9, GenuineIntel



---------------  S Y S T E M  ---------------

OS: Windows 7 , 64 bit Build 7601 Service Pack 1

CPU:total 4 (2 cores per cpu, 2 threads per core) family 6 model 58 stepping 9, cmov, cx8, fxsr, mmx, sse, sse2, sse3, ssse3, sse4.1, sse4.2, popcnt, avx, aes, clmul, erms, ht, tsc, tscinvbit, tscinv

Memory: 4k page, physical 4098764k(352736k free), swap 6960956k(64704k free)

vm_info: Java HotSpot(TM) 64-Bit Server VM (25.25-b02) for windows-amd64 JRE (1.8.0_25-b18), built on Oct  7 2014 14:25:37 by "java_re" with MS VC++ 10.0 (VS2010)

time: Thu Oct 30 19:29:57 2014
elapsed time: 5 seconds (0d 0h 0m 5s)

