#
# There is insufficient memory for the Java Runtime Environment to continue.
# Native memory allocation (malloc) failed to allocate 1321936 bytes for Chunk::new
# Possible reasons:
#   The system is out of physical RAM or swap space
#   In 32 bit mode, the process size limit was hit
# Possible solutions:
#   Reduce memory load on the system
#   Increase physical memory or swap space
#   Check if swap backing store is full
#   Use 64 bit Java on a 64 bit OS
#   Decrease Java heap size (-Xmx/-Xms)
#   Decrease number of Java threads
#   Decrease Java thread stack sizes (-Xss)
#   Set larger code cache with -XX:ReservedCodeCacheSize=
# This output file may be truncated or incomplete.
#
#  Out of Memory Error (allocation.cpp:390), pid=12996, tid=4868
#
# JRE version: Java(TM) SE Runtime Environment (8.0_25-b18) (build 1.8.0_25-b18)
# Java VM: Java HotSpot(TM) 64-Bit Server VM (25.25-b02 mixed mode windows-amd64 compressed oops)
# Failed to write core dump. Minidumps are not enabled by default on client versions of Windows
#

---------------  T H R E A D  ---------------

Current thread (0x0000000056582800):  JavaThread "C2 CompilerThread1" daemon [_thread_in_native, id=4868, stack(0x0000000056040000,0x0000000056140000)]

Stack: [0x0000000056040000,0x0000000056140000]
Native frames: (J=compiled Java code, j=interpreted, Vv=VM code, C=native code)
V  [jvm.dll+0x31667a]
V  [jvm.dll+0x267073]
V  [jvm.dll+0x267cb3]
V  [jvm.dll+0x25f5b5]
V  [jvm.dll+0xbf165]
V  [jvm.dll+0xbf60c]
V  [jvm.dll+0x478fbc]
V  [jvm.dll+0x4465b0]
V  [jvm.dll+0x45130e]
V  [jvm.dll+0x4538f8]
V  [jvm.dll+0x437372]
V  [jvm.dll+0x98a02]
V  [jvm.dll+0x991f3]
V  [jvm.dll+0x22bde4]
V  [jvm.dll+0x2852fa]
C  [msvcr100.dll+0x21d9f]
C  [msvcr100.dll+0x21e3b]
C  [kernel32.dll+0x159ed]
C  [ntdll.dll+0x2c541]


Current CompileTask:
C2:   7322 1816   !   4       com.android.dx.cf.code.BytecodeArray::parseInstruction (2764 bytes)


---------------  P R O C E S S  ---------------

Java Threads: ( => current thread )
  0x00000000565f6800 JavaThread "Service Thread" daemon [_thread_blocked, id=11092, stack(0x0000000056f90000,0x0000000057090000)]
  0x0000000056585000 JavaThread "C1 CompilerThread2" daemon [_thread_blocked, id=6816, stack(0x0000000056d30000,0x0000000056e30000)]
=>0x0000000056582800 JavaThread "C2 CompilerThread1" daemon [_thread_in_native, id=4868, stack(0x0000000056040000,0x0000000056140000)]
  0x00000000550ec800 JavaThread "C2 CompilerThread0" daemon [_thread_in_native, id=8376, stack(0x0000000056ae0000,0x0000000056be0000)]
  0x00000000550eb800 JavaThread "Attach Listener" daemon [_thread_blocked, id=10520, stack(0x0000000056c10000,0x0000000056d10000)]
  0x00000000550e8800 JavaThread "Signal Dispatcher" daemon [_thread_blocked, id=6628, stack(0x00000000569e0000,0x0000000056ae0000)]
  0x0000000055089000 JavaThread "Finalizer" daemon [_thread_blocked, id=1416, stack(0x0000000056480000,0x0000000056580000)]
  0x0000000055080800 JavaThread "Reference Handler" daemon [_thread_blocked, id=5764, stack(0x0000000056350000,0x0000000056450000)]
  0x00000000021fe800 JavaThread "main" [_thread_in_Java, id=12212, stack(0x0000000002370000,0x0000000002470000)]

Other Threads:
  0x000000005507b000 VMThread [stack: 0x0000000056150000,0x0000000056250000] [id=9520]
  0x0000000056601800 WatcherThread [stack: 0x0000000057190000,0x0000000057290000] [id=1596]

VM state:not at safepoint (normal execution)

VM Mutex/Monitor currently owned by a thread: None

Heap:
 PSYoungGen      total 73216K, used 61288K [0x00000000eab00000, 0x00000000efb00000, 0x0000000100000000)
  eden space 65024K, 92% used [0x00000000eab00000,0x00000000ee5df308,0x00000000eea80000)
  from space 8192K, 12% used [0x00000000eea80000,0x00000000eeb7ada0,0x00000000ef280000)
  to   space 7680K, 0% used [0x00000000ef280000,0x00000000ef280000,0x00000000efa00000)
 ParOldGen       total 44032K, used 43644K [0x00000000c0000000, 0x00000000c2b00000, 0x00000000eab00000)
  object space 44032K, 99% used [0x00000000c0000000,0x00000000c2a9f0c8,0x00000000c2b00000)
 Metaspace       used 5665K, capacity 6896K, committed 7040K, reserved 1056768K
  class space    used 557K, capacity 616K, committed 640K, reserved 1048576K

Card table byte_map: [0x0000000011b00000,0x0000000011d10000] byte_map_base: 0x0000000011500000

Marking Bits: (ParMarkBitMap*) 0x000000006132d490
 Begin Bits: [0x00000000124f0000, 0x00000000134f0000)
 End Bits:   [0x00000000134f0000, 0x00000000144f0000)

Polling page: 0x00000000005c0000

CodeCache: size=245760Kb used=7930Kb max_used=7930Kb free=237829Kb
 bounds [0x0000000002740000, 0x0000000002f10000, 0x0000000011740000]
 total_blobs=2083 nmethods=1824 adapters=173
 compilation: enabled

Compilation events (10 events):
Event: 7.201 Thread 0x0000000056585000 1877   !   2       com.android.dx.cf.attrib.AttExceptions::<init> (45 bytes)
Event: 7.201 Thread 0x0000000056585000 nmethod 1877 0x0000000002f03710 code [0x0000000002f038a0, 0x0000000002f03ba8]
Event: 7.201 Thread 0x0000000056585000 1878       2       com.android.dx.cf.direct.DirectClassFile$DcfTypeList::isMutable (2 bytes)
Event: 7.201 Thread 0x0000000056585000 nmethod 1878 0x0000000002f03d50 code [0x0000000002f03ea0, 0x0000000002f03ff0]
Event: 7.201 Thread 0x0000000056585000 1879       2       com.android.dx.cf.attrib.AttExceptions::byteLength (15 bytes)
Event: 7.201 Thread 0x0000000056585000 nmethod 1879 0x0000000002f04090 code [0x0000000002f04200, 0x0000000002f04388]
Event: 7.246 Thread 0x0000000056585000 1883       1       com.android.dx.cf.attrib.AttInnerClasses::getInnerClasses (5 bytes)
Event: 7.247 Thread 0x0000000056585000 nmethod 1883 0x0000000002f04410 code [0x0000000002f04560, 0x0000000002f04670]
Event: 7.247 Thread 0x0000000056585000 1884       2       com.android.dx.ssa.PhiInsn::isPhiOrMove (2 bytes)
Event: 7.247 Thread 0x0000000056585000 nmethod 1884 0x0000000002f046d0 code [0x0000000002f04820, 0x0000000002f04970]

GC Heap History (10 events):
Event: 3.689 GC heap before
{Heap before GC invocations=6 (full 0):
 PSYoungGen      total 35328K, used 35321K [0x00000000eab00000, 0x00000000efa00000, 0x0000000100000000)
  eden space 32768K, 100% used [0x00000000eab00000,0x00000000ecb00000,0x00000000ecb00000)
  from space 2560K, 99% used [0x00000000ecb00000,0x00000000ecd7e680,0x00000000ecd80000)
  to   space 7680K, 0% used [0x00000000ef280000,0x00000000ef280000,0x00000000efa00000)
 ParOldGen       total 44032K, used 13389K [0x00000000c0000000, 0x00000000c2b00000, 0x00000000eab00000)
  object space 44032K, 30% used [0x00000000c0000000,0x00000000c0d13598,0x00000000c2b00000)
 Metaspace       used 5576K, capacity 6832K, committed 7040K, reserved 1056768K
  class space    used 556K, capacity 616K, committed 640K, reserved 1048576K
Event: 3.716 GC heap after
Heap after GC invocations=6 (full 0):
 PSYoungGen      total 72704K, used 7401K [0x00000000eab00000, 0x00000000efb00000, 0x0000000100000000)
  eden space 65024K, 0% used [0x00000000eab00000,0x00000000eab00000,0x00000000eea80000)
  from space 7680K, 96% used [0x00000000ef280000,0x00000000ef9ba690,0x00000000efa00000)
  to   space 8192K, 0% used [0x00000000eea80000,0x00000000eea80000,0x00000000ef280000)
 ParOldGen       total 44032K, used 13389K [0x00000000c0000000, 0x00000000c2b00000, 0x00000000eab00000)
  object space 44032K, 30% used [0x00000000c0000000,0x00000000c0d13598,0x00000000c2b00000)
 Metaspace       used 5576K, capacity 6832K, committed 7040K, reserved 1056768K
  class space    used 556K, capacity 616K, committed 640K, reserved 1048576K
}
Event: 4.746 GC heap before
{Heap before GC invocations=7 (full 0):
 PSYoungGen      total 72704K, used 72425K [0x00000000eab00000, 0x00000000efb00000, 0x0000000100000000)
  eden space 65024K, 100% used [0x00000000eab00000,0x00000000eea80000,0x00000000eea80000)
  from space 7680K, 96% used [0x00000000ef280000,0x00000000ef9ba690,0x00000000efa00000)
  to   space 8192K, 0% used [0x00000000eea80000,0x00000000eea80000,0x00000000ef280000)
 ParOldGen       total 44032K, used 13389K [0x00000000c0000000, 0x00000000c2b00000, 0x00000000eab00000)
  object space 44032K, 30% used [0x00000000c0000000,0x00000000c0d13598,0x00000000c2b00000)
 Metaspace       used 5596K, capacity 6832K, committed 7040K, reserved 1056768K
  class space    used 556K, capacity 616K, committed 640K, reserved 1048576K
Event: 4.867 GC heap after
Heap after GC invocations=7 (full 0):
 PSYoungGen      total 73216K, used 8185K [0x00000000eab00000, 0x00000000efb00000, 0x0000000100000000)
  eden space 65024K, 0% used [0x00000000eab00000,0x00000000eab00000,0x00000000eea80000)
  from space 8192K, 99% used [0x00000000eea80000,0x00000000ef27e660,0x00000000ef280000)
  to   space 7680K, 0% used [0x00000000ef280000,0x00000000ef280000,0x00000000efa00000)
 ParOldGen       total 44032K, used 21262K [0x00000000c0000000, 0x00000000c2b00000, 0x00000000eab00000)
  object space 44032K, 48% used [0x00000000c0000000,0x00000000c14c3aa0,0x00000000c2b00000)
 Metaspace       used 5596K, capacity 6832K, committed 7040K, reserved 1056768K
  class space    used 556K, capacity 616K, committed 640K, reserved 1048576K
}
Event: 5.483 GC heap before
{Heap before GC invocations=8 (full 0):
 PSYoungGen      total 73216K, used 73209K [0x00000000eab00000, 0x00000000efb00000, 0x0000000100000000)
  eden space 65024K, 100% used [0x00000000eab00000,0x00000000eea80000,0x00000000eea80000)
  from space 8192K, 99% used [0x00000000eea80000,0x00000000ef27e660,0x00000000ef280000)
  to   space 7680K, 0% used [0x00000000ef280000,0x00000000ef280000,0x00000000efa00000)
 ParOldGen       total 44032K, used 21262K [0x00000000c0000000, 0x00000000c2b00000, 0x00000000eab00000)
  object space 44032K, 48% used [0x00000000c0000000,0x00000000c14c3aa0,0x00000000c2b00000)
 Metaspace       used 5636K, capacity 6896K, committed 7040K, reserved 1056768K
  class space    used 556K, capacity 616K, committed 640K, reserved 1048576K
Event: 5.633 GC heap after
Heap after GC invocations=8 (full 0):
 PSYoungGen      total 72704K, used 7674K [0x00000000eab00000, 0x00000000efb00000, 0x0000000100000000)
  eden space 65024K, 0% used [0x00000000eab00000,0x00000000eab00000,0x00000000eea80000)
  from space 7680K, 99% used [0x00000000ef280000,0x00000000ef9fea80,0x00000000efa00000)
  to   space 8192K, 0% used [0x00000000eea80000,0x00000000eea80000,0x00000000ef280000)
 ParOldGen       total 44032K, used 30307K [0x00000000c0000000, 0x00000000c2b00000, 0x00000000eab00000)
  object space 44032K, 68% used [0x00000000c0000000,0x00000000c1d98e00,0x00000000c2b00000)
 Metaspace       used 5636K, capacity 6896K, committed 7040K, reserved 1056768K
  class space    used 556K, capacity 616K, committed 640K, reserved 1048576K
}
Event: 6.126 GC heap before
{Heap before GC invocations=9 (full 0):
 PSYoungGen      total 72704K, used 72698K [0x00000000eab00000, 0x00000000efb00000, 0x0000000100000000)
  eden space 65024K, 100% used [0x00000000eab00000,0x00000000eea80000,0x00000000eea80000)
  from space 7680K, 99% used [0x00000000ef280000,0x00000000ef9fea80,0x00000000efa00000)
  to   space 8192K, 0% used [0x00000000eea80000,0x00000000eea80000,0x00000000ef280000)
 ParOldGen       total 44032K, used 30307K [0x00000000c0000000, 0x00000000c2b00000, 0x00000000eab00000)
  object space 44032K, 68% used [0x00000000c0000000,0x00000000c1d98e00,0x00000000c2b00000)
 Metaspace       used 5651K, capacity 6896K, committed 7040K, reserved 1056768K
  class space    used 557K, capacity 616K, committed 640K, reserved 1048576K
Event: 6.267 GC heap after
Heap after GC invocations=9 (full 0):
 PSYoungGen      total 73216K, used 8174K [0x00000000eab00000, 0x00000000efb00000, 0x0000000100000000)
  eden space 65024K, 0% used [0x00000000eab00000,0x00000000eab00000,0x00000000eea80000)
  from space 8192K, 99% used [0x00000000eea80000,0x00000000ef27b840,0x00000000ef280000)
  to   space 7680K, 0% used [0x00000000ef280000,0x00000000ef280000,0x00000000efa00000)
 ParOldGen       total 44032K, used 39467K [0x00000000c0000000, 0x00000000c2b00000, 0x00000000eab00000)
  object space 44032K, 89% used [0x00000000c0000000,0x00000000c268ac90,0x00000000c2b00000)
 Metaspace       used 5651K, capacity 6896K, committed 7040K, reserved 1056768K
  class space    used 557K, capacity 616K, committed 640K, reserved 1048576K
}
Event: 6.267 GC heap before
{Heap before GC invocations=10 (full 1):
 PSYoungGen      total 73216K, used 8174K [0x00000000eab00000, 0x00000000efb00000, 0x0000000100000000)
  eden space 65024K, 0% used [0x00000000eab00000,0x00000000eab00000,0x00000000eea80000)
  from space 8192K, 99% used [0x00000000eea80000,0x00000000ef27b840,0x00000000ef280000)
  to   space 7680K, 0% used [0x00000000ef280000,0x00000000ef280000,0x00000000efa00000)
 ParOldGen       total 44032K, used 39467K [0x00000000c0000000, 0x00000000c2b00000, 0x00000000eab00000)
  object space 44032K, 89% used [0x00000000c0000000,0x00000000c268ac90,0x00000000c2b00000)
 Metaspace       used 5651K, capacity 6896K, committed 7040K, reserved 1056768K
  class space    used 557K, capacity 616K, committed 640K, reserved 1048576K
Event: 6.876 GC heap after
Heap after GC invocations=10 (full 1):
 PSYoungGen      total 73216K, used 1003K [0x00000000eab00000, 0x00000000efb00000, 0x0000000100000000)
  eden space 65024K, 0% used [0x00000000eab00000,0x00000000eab00000,0x00000000eea80000)
  from space 8192K, 12% used [0x00000000eea80000,0x00000000eeb7ada0,0x00000000ef280000)
  to   space 7680K, 0% used [0x00000000ef280000,0x00000000ef280000,0x00000000efa00000)
 ParOldGen       total 44032K, used 43644K [0x00000000c0000000, 0x00000000c2b00000, 0x00000000eab00000)
  object space 44032K, 99% used [0x00000000c0000000,0x00000000c2a9f0c8,0x00000000c2b00000)
 Metaspace       used 5651K, capacity 6896K, committed 7040K, reserved 1056768K
  class space    used 557K, capacity 616K, committed 640K, reserved 1048576K
}

Deoptimization events (10 events):
Event: 6.027 Thread 0x00000000021fe800 Uncommon trap: reason=bimorphic action=maybe_recompile pc=0x0000000002cb25c4 method=com.android.dx.ssa.LiteralOpUpgrader.tryReplacingWithConstant(Lcom/android/dx/ssa/NormalSsaInsn;)Z @ 62
Event: 6.027 Thread 0x00000000021fe800 Uncommon trap: reason=bimorphic action=maybe_recompile pc=0x0000000002cb25c4 method=com.android.dx.ssa.LiteralOpUpgrader.tryReplacingWithConstant(Lcom/android/dx/ssa/NormalSsaInsn;)Z @ 62
Event: 7.154 Thread 0x00000000021fe800 Uncommon trap: reason=class_check action=maybe_recompile pc=0x0000000002e6e9c0 method=com.android.dx.cf.code.BaseMachine.addResult(Lcom/android/dx/rop/type/TypeBearer;)V @ 23
Event: 7.154 Thread 0x00000000021fe800 Uncommon trap: reason=class_check action=maybe_recompile pc=0x0000000002e48cd0 method=com.android.dx.cf.code.RopperMachine.run(Lcom/android/dx/cf/code/Frame;II)V @ 310
Event: 7.154 Thread 0x00000000021fe800 Uncommon trap: reason=class_check action=maybe_recompile pc=0x0000000002e6e9c0 method=com.android.dx.cf.code.BaseMachine.addResult(Lcom/android/dx/rop/type/TypeBearer;)V @ 23
Event: 7.155 Thread 0x00000000021fe800 Uncommon trap: reason=class_check action=maybe_recompile pc=0x0000000002e48cd0 method=com.android.dx.cf.code.RopperMachine.run(Lcom/android/dx/cf/code/Frame;II)V @ 310
Event: 7.155 Thread 0x00000000021fe800 Uncommon trap: reason=class_check action=maybe_recompile pc=0x0000000002e6e9c0 method=com.android.dx.cf.code.BaseMachine.addResult(Lcom/android/dx/rop/type/TypeBearer;)V @ 23
Event: 7.155 Thread 0x00000000021fe800 Uncommon trap: reason=class_check action=maybe_recompile pc=0x0000000002e48cd0 method=com.android.dx.cf.code.RopperMachine.run(Lcom/android/dx/cf/code/Frame;II)V @ 310
Event: 7.155 Thread 0x00000000021fe800 Uncommon trap: reason=class_check action=maybe_recompile pc=0x0000000002e6e9c0 method=com.android.dx.cf.code.BaseMachine.addResult(Lcom/android/dx/rop/type/TypeBearer;)V @ 23
Event: 7.155 Thread 0x00000000021fe800 Uncommon trap: reason=class_check action=maybe_recompile pc=0x0000000002e48cd0 method=com.android.dx.cf.code.RopperMachine.run(Lcom/android/dx/cf/code/Frame;II)V @ 310

Internal exceptions (7 events):
Event: 0.032 Thread 0x00000000021fe800 Exception <a 'java/lang/NoSuchMethodError': Method sun.misc.Unsafe.defineClass(Ljava/lang/String;[BII)Ljava/lang/Class; name or signature does not match> (0x00000000eab0cae0) thrown at [D:\re\workspace\8-2-build-windows-amd64-cygwin\jdk8u25\1677\hotspot\sr,e
2— ?
Event: 0.032 Thread 0x00000000021fe800 Exception <a 'java/lang/NoSuchMethodError': Method sun.misc.Unsafe.prefetchRead(Ljava/lang/Object;J)V name or signature does not match> (0x00000000eab0cd70) thrown at [D:\re\workspace\8-2-build-windows-amd64-cygwin\jdk8u25\1677\hotspot\src\share\vm\prims\jº‰ÉÞ?“ð?
Event: 1.036 Thread 0x00000000021fe800 Implicit null exception at 0x0000000002a7cf52 to 0x0000000002a7d042
Event: 1.271 Thread 0x00000000021fe800 Implicit null exception at 0x0000000002b23dd8 to 0x0000000002b24ee5
Event: 3.657 Thread 0x00000000021fe800 Exception <a 'java/lang/ArrayIndexOutOfBoundsException': 18> (0x00000000ec85cb38) thrown at [D:\re\workspace\8-2-build-windows-amd64-cygwin\jdk8u25\1677\hotspot\src\share\vm\interpreter\interpreterRuntime.cpp, line 366]
Event: 3.658 Thread 0x00000000021fe800 Exception <a 'java/lang/ArrayIndexOutOfBoundsException'> (0x00000000ec85e5d0) thrown at [D:\re\workspace\8-2-build-windows-amd64-cygwin\jdk8u25\1677\hotspot\src\share\vm\runtime\sharedRuntime.cpp, line 604]
Event: 3.659 Thread 0x00000000021fe800 Exception <a 'java/lang/ArrayIndexOutOfBoundsException'> (0x00000000ec85f7e8) thrown at [D:\re\workspace\8-2-build-windows-amd64-cygwin\jdk8u25\1677\hotspot\src\share\vm\runtime\sharedRuntime.cpp, line 604]

Events (10 events):
Event: 7.155 Thread 0x00000000021fe800 DEOPT UNPACKING pc=0x000000000278556a sp=0x000000000246ddb8 mode 2
Event: 7.155 Thread 0x00000000021fe800 Uncommon trap: trap_request=0xffffffde fr.pc=0x0000000002e48cd0
Event: 7.155 Thread 0x00000000021fe800 DEOPT PACKING pc=0x0000000002e48cd0 sp=0x000000000246dee0
Event: 7.155 Thread 0x00000000021fe800 DEOPT UNPACKING pc=0x000000000278556a sp=0x000000000246de80 mode 2
Event: 7.155 Thread 0x00000000021fe800 Uncommon trap: trap_request=0xffffffde fr.pc=0x0000000002e6e9c0
Event: 7.155 Thread 0x00000000021fe800 DEOPT PACKING pc=0x0000000002e6e9c0 sp=0x000000000246de10
Event: 7.155 Thread 0x00000000021fe800 DEOPT UNPACKING pc=0x000000000278556a sp=0x000000000246ddb8 mode 2
Event: 7.155 Thread 0x00000000021fe800 Uncommon trap: trap_request=0xffffffde fr.pc=0x0000000002e48cd0
Event: 7.155 Thread 0x00000000021fe800 DEOPT PACKING pc=0x0000000002e48cd0 sp=0x000000000246dee0
Event: 7.155 Thread 0x00000000021fe800 DEOPT UNPACKING pc=0x000000000278556a sp=0x000000000246de80 mode 2


Dynamic libraries:
0x000000013f680000 - 0x000000013f6b4000 	C:\PROGRA~1\Java\JDK18~1.0_2\bin\java.exe
0x0000000077020000 - 0x00000000771c9000 	C:\Windows\SYSTEM32\ntdll.dll
0x0000000076e00000 - 0x0000000076f1f000 	C:\Windows\system32\kernel32.dll
0x000007fefc410000 - 0x000007fefc47c000 	C:\Windows\system32\KERNELBASE.dll
0x000007fefe1b0000 - 0x000007fefe28b000 	C:\Windows\system32\ADVAPI32.dll
0x000007fefe470000 - 0x000007fefe50f000 	C:\Windows\system32\msvcrt.dll
0x000007fefce50000 - 0x000007fefce6f000 	C:\Windows\SYSTEM32\sechost.dll
0x000007fefe510000 - 0x000007fefe63d000 	C:\Windows\system32\RPCRT4.dll
0x0000000076f20000 - 0x000000007701a000 	C:\Windows\system32\USER32.dll
0x000007fefc990000 - 0x000007fefc9f7000 	C:\Windows\system32\GDI32.dll
0x000007fefe410000 - 0x000007fefe41e000 	C:\Windows\system32\LPK.dll
0x000007fefce70000 - 0x000007fefcf39000 	C:\Windows\system32\USP10.dll
0x000007fefa610000 - 0x000007fefa804000 	C:\Windows\WinSxS\amd64_microsoft.windows.common-controls_6595b64144ccf1df_6.0.7601.17514_none_fa396087175ac9ac\COMCTL32.dll
0x000007fefc5a0000 - 0x000007fefc611000 	C:\Windows\system32\SHLWAPI.dll
0x000007fefe180000 - 0x000007fefe1ae000 	C:\Windows\system32\IMM32.DLL
0x000007fefc880000 - 0x000007fefc989000 	C:\Windows\system32\MSCTF.dll
0x00000000688a0000 - 0x0000000068972000 	C:\PROGRA~1\Java\JDK18~1.0_2\jre\bin\msvcr100.dll
0x0000000060b50000 - 0x00000000613aa000 	C:\PROGRA~1\Java\JDK18~1.0_2\jre\bin\server\jvm.dll
0x000007fef8bb0000 - 0x000007fef8bb9000 	C:\Windows\system32\WSOCK32.dll
0x000007fefe420000 - 0x000007fefe46d000 	C:\Windows\system32\WS2_32.dll
0x000007fefcf40000 - 0x000007fefcf48000 	C:\Windows\system32\NSI.dll
0x000007fef6710000 - 0x000007fef674b000 	C:\Windows\system32\WINMM.dll
0x00000000771f0000 - 0x00000000771f7000 	C:\Windows\system32\PSAPI.DLL
0x0000000069910000 - 0x000000006991f000 	C:\PROGRA~1\Java\JDK18~1.0_2\jre\bin\verify.dll
0x00000000698e0000 - 0x0000000069908000 	C:\PROGRA~1\Java\JDK18~1.0_2\jre\bin\java.dll
0x0000000069800000 - 0x0000000069816000 	C:\PROGRA~1\Java\JDK18~1.0_2\jre\bin\zip.dll
0x000007fefd3f0000 - 0x000007fefe178000 	C:\Windows\system32\SHELL32.dll
0x000007fefca00000 - 0x000007fefcc03000 	C:\Windows\system32\ole32.dll
0x000007fefc140000 - 0x000007fefc14f000 	C:\Windows\system32\profapi.dll
0x000007fef80f0000 - 0x000007fef8215000 	C:\Windows\system32\dbghelp.dll

VM Arguments:
jvm_args: -Xmx1024M -Xss1m -Djava.ext.dirs=C:\Users\Jason\Desktop\adt-bundle-windows-x86_64-20140702\sdk\build-tools\android-4.4W\lib 
java_command: C:\Users\Jason\Desktop\adt-bundle-windows-x86_64-20140702\sdk\build-tools\android-4.4W\lib\dx.jar --dex --output C:\Users\Jason\Documents\NetBeansProjects\CordovaTest\platforms\android\ant-build\dexedLibs\com.google.zxing.client.android.captureactivity-501cceccfb2f6a9f127eb763f7bd97b2.jar C:\Users\Jason\Documents\NetBeansProjects\CordovaTest\platforms\android\libs\com.google.zxing.client.android.captureactivity.jar
java_class_path (initial): C:\Users\Jason\Desktop\adt-bundle-windows-x86_64-20140702\sdk\build-tools\android-4.4W\lib\dx.jar
Launcher Type: SUN_STANDARD

Environment Variables:
JAVA_HOME=C:\Program Files\Java\jdk1.8.0_25
PATH=C:\ProgramData\Oracle\Java\javapath;C:\Program Files\Common Files\Microsoft Shared\Windows Live;C:\Program Files (x86)\Common Files\Microsoft Shared\Windows Live;C:\Windows\system32;C:\Windows;C:\Windows\System32\Wbem;C:\Windows\System32\WindowsPowerShell\v1.0;C:\Program Files (x86)\Intel\OpenCL SDK\2.0\bin\x86;C:\Program Files (x86)\Intel\OpenCL SDK\2.0\bin\x64;C:\Program Files (x86)\Windows Live\Shared;C:\Program Files\Microsoft SQL Server\110\Tools\Binn;C:\Program Files\nodejs;C:\Program Files (x86)\Git\cmd;C:\Program Files (x86)\SSH Communications Security\SSH Secure Shell;C:\Program Files\Java\jdk1.7.0_07\bin;C:\glassfish4\glassfish\bin;C:\Program Files (x86)\OpenVPN\bin;C:\Users\Jason\AppData\Roaming\npm;C:\Users\Jason\Desktop\adt-bundle-windows-x86_64-20140702\sdk\tools;C:\Users\Jason\Desktop\adt-bundle-windows-x86_64-20140702\sdk\platform-tools;C:\Program Files\Java\jdk1.8.0_25\bin;C:\NetBeans 8.0\extide\ant\bin
USERNAME=Jason
OS=Windows_NT
PROCESSOR_IDENTIFIER=Intel64 Family 6 Model 58 Stepping 9, GenuineIntel



---------------  S Y S T E M  ---------------

OS: Windows 7 , 64 bit Build 7601 Service Pack 1

CPU:total 4 (2 cores per cpu, 2 threads per core) family 6 model 58 stepping 9, cmov, cx8, fxsr, mmx, sse, sse2, sse3, ssse3, sse4.1, sse4.2, popcnt, avx, aes, clmul, erms, ht, tsc, tscinvbit, tscinv

Memory: 4k page, physical 4098764k(20424k free), swap 6960956k(5124k free)

vm_info: Java HotSpot(TM) 64-Bit Server VM (25.25-b02) for windows-amd64 JRE (1.8.0_25-b18), built on Oct  7 2014 14:25:37 by "java_re" with MS VC++ 10.0 (VS2010)

time: Sat Nov 01 15:09:53 2014
elapsed time: 7 seconds (0d 0h 0m 7s)

