#
# There is insufficient memory for the Java Runtime Environment to continue.
# Native memory allocation (malloc) failed to allocate 128000 bytes for AllocateHeap
# Possible reasons:
#   The system is out of physical RAM or swap space
#   In 32 bit mode, the process size limit was hit
# Possible solutions:
#   Reduce memory load on the system
#   Increase physical memory or swap space
#   Check if swap backing store is full
#   Use 64 bit Java on a 64 bit OS
#   Decrease Java heap size (-Xmx/-Xms)
#   Decrease number of Java threads
#   Decrease Java thread stack sizes (-Xss)
#   Set larger code cache with -XX:ReservedCodeCacheSize=
# This output file may be truncated or incomplete.
#
#  Out of Memory Error (memory/allocation.inline.hpp:62), pid=11480, tid=10216
#
# JRE version: Java(TM) SE Runtime Environment (8.0_25-b18) (build 1.8.0_25-b18)
# Java VM: Java HotSpot(TM) 64-Bit Server VM (25.25-b02 mixed mode windows-amd64 compressed oops)
# Failed to write core dump. Minidumps are not enabled by default on client versions of Windows
#

---------------  T H R E A D  ---------------

Current thread (0x0000000055209000):  VMThread [stack: 0x0000000055fc0000,0x00000000560c0000] [id=10216]

Stack: [0x0000000055fc0000,0x00000000560c0000]
Native frames: (J=compiled Java code, j=interpreted, Vv=VM code, C=native code)
V  [jvm.dll+0x31667a]
V  [jvm.dll+0x267073]
V  [jvm.dll+0x267cb3]
V  [jvm.dll+0x25f5b5]
V  [jvm.dll+0x260f8a]
V  [jvm.dll+0x40c68]
V  [jvm.dll+0x67ce3]
V  [jvm.dll+0x11a43b]
V  [jvm.dll+0x8b6a1]
V  [jvm.dll+0x83305]
V  [jvm.dll+0x67c8d]
V  [jvm.dll+0x5982c]
V  [jvm.dll+0x6dc94]
V  [jvm.dll+0x3dcbaf]
V  [jvm.dll+0x3de0d0]
V  [jvm.dll+0x3de66b]
V  [jvm.dll+0xa1805]
V  [jvm.dll+0x27aa86]
V  [jvm.dll+0x2325e7]
V  [jvm.dll+0x231826]
V  [jvm.dll+0x231cc1]
V  [jvm.dll+0x231ede]
V  [jvm.dll+0x2852fa]
C  [msvcr100.dll+0x21d9f]
C  [msvcr100.dll+0x21e3b]
C  [kernel32.dll+0x159ed]
C  [ntdll.dll+0x2c541]

VM_Operation (0x000000005956de60): CollectForMetadataAllocation, mode: safepoint, requested by thread 0x000000005808a000


---------------  P R O C E S S  ---------------

Java Threads: ( => current thread )
  0x000000005808a800 JavaThread "Thread-10" daemon [_thread_blocked, id=11212, stack(0x0000000056c40000,0x0000000056d40000)]
  0x000000005808a000 JavaThread "Thread-9" daemon [_thread_blocked, id=8144, stack(0x0000000059470000,0x0000000059570000)]
  0x000000005651b800 JavaThread "Service Thread" daemon [_thread_blocked, id=2612, stack(0x0000000057000000,0x0000000057100000)]
  0x000000005527c000 JavaThread "C1 CompilerThread2" daemon [_thread_blocked, id=10800, stack(0x0000000056f00000,0x0000000057000000)]
  0x000000005649b000 JavaThread "C2 CompilerThread1" daemon [_thread_blocked, id=4808, stack(0x0000000056d80000,0x0000000056e80000)]
  0x0000000056496800 JavaThread "C2 CompilerThread0" daemon [_thread_blocked, id=10476, stack(0x0000000056b20000,0x0000000056c20000)]
  0x0000000055275800 JavaThread "Attach Listener" daemon [_thread_blocked, id=12392, stack(0x0000000056a20000,0x0000000056b20000)]
  0x0000000055274800 JavaThread "Signal Dispatcher" daemon [_thread_blocked, id=3492, stack(0x00000000568a0000,0x00000000569a0000)]
  0x0000000055217800 JavaThread "Finalizer" daemon [_thread_blocked, id=1304, stack(0x0000000056390000,0x0000000056490000)]
  0x000000005520e800 JavaThread "Reference Handler" daemon [_thread_blocked, id=9400, stack(0x0000000056210000,0x0000000056310000)]
  0x00000000001bf000 JavaThread "main" [_thread_blocked, id=1500, stack(0x0000000002500000,0x0000000002600000)]

Other Threads:
=>0x0000000055209000 VMThread [stack: 0x0000000055fc0000,0x00000000560c0000] [id=10216]
  0x000000005651e800 WatcherThread [stack: 0x0000000057120000,0x0000000057220000] [id=3848]

VM state:at safepoint (normal execution)

VM Mutex/Monitor currently owned by a thread:  ([mutex/lock_event])
[0x00000000001bc520] Threads_lock - owner thread: 0x0000000055209000
[0x00000000001bca20] Heap_lock - owner thread: 0x000000005808a000

Heap:
 PSYoungGen      total 37376K, used 4590K [0x00000000eb200000, 0x00000000efb00000, 0x0000000100000000)
  eden space 32768K, 0% used [0x00000000eb200000,0x00000000eb200000,0x00000000ed200000)
  from space 4608K, 99% used [0x00000000ef680000,0x00000000efafb840,0x00000000efb00000)
  to   space 2560K, 0% used [0x00000000ed200000,0x00000000ed200000,0x00000000ed480000)
 ParOldGen       total 44032K, used 11021K [0x00000000c1600000, 0x00000000c4100000, 0x00000000eb200000)
  object space 44032K, 25% used [0x00000000c1600000,0x00000000c20c3710,0x00000000c4100000)
 Metaspace       used 18506K, capacity 18932K, committed 19072K, reserved 1067008K
  class space    used 2226K, capacity 2366K, committed 2432K, reserved 1048576K

Card table byte_map: [0x0000000011c90000,0x0000000011e90000] byte_map_base: 0x0000000011685000

Marking Bits: (ParMarkBitMap*) 0x000000006132d490
 Begin Bits: [0x0000000012730000, 0x00000000136d8000)
 End Bits:   [0x00000000136d8000, 0x0000000014680000)

Polling page: 0x0000000000140000

CodeCache: size=245760Kb used=8191Kb max_used=8204Kb free=237568Kb
 bounds [0x00000000028d0000, 0x00000000030e0000, 0x00000000118d0000]
 total_blobs=2604 nmethods=2248 adapters=269
 compilation: enabled

Compilation events (10 events):
Event: 11.138 Thread 0x000000005527c000 2244       3       java.util.ArrayList$SubList$1::hasNext (20 bytes)
Event: 11.138 Thread 0x000000005527c000 nmethod 2244 0x00000000030d3cd0 code [0x00000000030d3e20, 0x00000000030d3ff0]
Event: 11.138 Thread 0x000000005527c000 2247       3       java.io.Writer::write (11 bytes)
Event: 11.138 Thread 0x000000005527c000 nmethod 2247 0x00000000030d3710 code [0x00000000030d3880, 0x00000000030d3b88]
Event: 11.138 Thread 0x000000005527c000 2245       3       java.util.ArrayList$SubList$1::next (79 bytes)
Event: 11.139 Thread 0x000000005527c000 nmethod 2245 0x00000000030d2d90 code [0x00000000030d2f40, 0x00000000030d3448]
Event: 11.139 Thread 0x000000005527c000 2248       1       org.apache.tools.ant.DemuxOutputStream$BufferInfo::access$200 (5 bytes)
Event: 11.139 Thread 0x000000005527c000 nmethod 2248 0x00000000030d2ad0 code [0x00000000030d2c20, 0x00000000030d2d10]
Event: 11.139 Thread 0x000000005527c000 2246       3       java.util.ArrayList$SubList$1::checkForComodification (26 bytes)
Event: 11.139 Thread 0x000000005527c000 nmethod 2246 0x00000000030d2610 code [0x00000000030d2780, 0x00000000030d29c8]

GC Heap History (10 events):
Event: 1.199 GC heap after
Heap after GC invocations=2 (full 0):
 PSYoungGen      total 18944K, used 2528K [0x00000000eb200000, 0x00000000ec700000, 0x0000000100000000)
  eden space 16384K, 0% used [0x00000000eb200000,0x00000000eb200000,0x00000000ec200000)
  from space 2560K, 98% used [0x00000000ec480000,0x00000000ec6f8068,0x00000000ec700000)
  to   space 2560K, 0% used [0x00000000ec200000,0x00000000ec200000,0x00000000ec480000)
 ParOldGen       total 44032K, used 2745K [0x00000000c1600000, 0x00000000c4100000, 0x00000000eb200000)
  object space 44032K, 6% used [0x00000000c1600000,0x00000000c18ae630,0x00000000c4100000)
 Metaspace       used 10108K, capacity 10442K, committed 10496K, reserved 1058816K
  class space    used 1154K, capacity 1231K, committed 1280K, reserved 1048576K
}
Event: 1.525 GC heap before
{Heap before GC invocations=3 (full 0):
 PSYoungGen      total 18944K, used 18912K [0x00000000eb200000, 0x00000000ec700000, 0x0000000100000000)
  eden space 16384K, 100% used [0x00000000eb200000,0x00000000ec200000,0x00000000ec200000)
  from space 2560K, 98% used [0x00000000ec480000,0x00000000ec6f8068,0x00000000ec700000)
  to   space 2560K, 0% used [0x00000000ec200000,0x00000000ec200000,0x00000000ec480000)
 ParOldGen       total 44032K, used 2745K [0x00000000c1600000, 0x00000000c4100000, 0x00000000eb200000)
  object space 44032K, 6% used [0x00000000c1600000,0x00000000c18ae630,0x00000000c4100000)
 Metaspace       used 11443K, capacity 11942K, committed 12288K, reserved 1060864K
  class space    used 1329K, capacity 1457K, committed 1536K, reserved 1048576K
Event: 1.547 GC heap after
Heap after GC invocations=3 (full 0):
 PSYoungGen      total 18944K, used 2544K [0x00000000eb200000, 0x00000000ed700000, 0x0000000100000000)
  eden space 16384K, 0% used [0x00000000eb200000,0x00000000eb200000,0x00000000ec200000)
  from space 2560K, 99% used [0x00000000ec200000,0x00000000ec47c030,0x00000000ec480000)
  to   space 2560K, 0% used [0x00000000ed480000,0x00000000ed480000,0x00000000ed700000)
 ParOldGen       total 44032K, used 4206K [0x00000000c1600000, 0x00000000c4100000, 0x00000000eb200000)
  object space 44032K, 9% used [0x00000000c1600000,0x00000000c1a1b910,0x00000000c4100000)
 Metaspace       used 11443K, capacity 11942K, committed 12288K, reserved 1060864K
  class space    used 1329K, capacity 1457K, committed 1536K, reserved 1048576K
}
Event: 1.983 GC heap before
{Heap before GC invocations=4 (full 0):
 PSYoungGen      total 18944K, used 18928K [0x00000000eb200000, 0x00000000ed700000, 0x0000000100000000)
  eden space 16384K, 100% used [0x00000000eb200000,0x00000000ec200000,0x00000000ec200000)
  from space 2560K, 99% used [0x00000000ec200000,0x00000000ec47c030,0x00000000ec480000)
  to   space 2560K, 0% used [0x00000000ed480000,0x00000000ed480000,0x00000000ed700000)
 ParOldGen       total 44032K, used 4206K [0x00000000c1600000, 0x00000000c4100000, 0x00000000eb200000)
  object space 44032K, 9% used [0x00000000c1600000,0x00000000c1a1b910,0x00000000c4100000)
 Metaspace       used 12506K, capacity 12996K, committed 13184K, reserved 1060864K
  class space    used 1469K, capacity 1590K, committed 1664K, reserved 1048576K
Event: 1.993 GC heap after
Heap after GC invocations=4 (full 0):
 PSYoungGen      total 35328K, used 2544K [0x00000000eb200000, 0x00000000ed700000, 0x0000000100000000)
  eden space 32768K, 0% used [0x00000000eb200000,0x00000000eb200000,0x00000000ed200000)
  from space 2560K, 99% used [0x00000000ed480000,0x00000000ed6fc010,0x00000000ed700000)
  to   space 2560K, 0% used [0x00000000ed200000,0x00000000ed200000,0x00000000ed480000)
 ParOldGen       total 44032K, used 5546K [0x00000000c1600000, 0x00000000c4100000, 0x00000000eb200000)
  object space 44032K, 12% used [0x00000000c1600000,0x00000000c1b6a888,0x00000000c4100000)
 Metaspace       used 12506K, capacity 12996K, committed 13184K, reserved 1060864K
  class space    used 1469K, capacity 1590K, committed 1664K, reserved 1048576K
}
Event: 3.088 GC heap before
{Heap before GC invocations=5 (full 0):
 PSYoungGen      total 35328K, used 35312K [0x00000000eb200000, 0x00000000ed700000, 0x0000000100000000)
  eden space 32768K, 100% used [0x00000000eb200000,0x00000000ed200000,0x00000000ed200000)
  from space 2560K, 99% used [0x00000000ed480000,0x00000000ed6fc010,0x00000000ed700000)
  to   space 2560K, 0% used [0x00000000ed200000,0x00000000ed200000,0x00000000ed480000)
 ParOldGen       total 44032K, used 5546K [0x00000000c1600000, 0x00000000c4100000, 0x00000000eb200000)
  object space 44032K, 12% used [0x00000000c1600000,0x00000000c1b6a888,0x00000000c4100000)
 Metaspace       used 16004K, capacity 16488K, committed 16768K, reserved 1064960K
  class space    used 1962K, capacity 2108K, committed 2176K, reserved 1048576K
Event: 3.095 GC heap after
Heap after GC invocations=5 (full 0):
 PSYoungGen      total 35328K, used 2544K [0x00000000eb200000, 0x00000000efb00000, 0x0000000100000000)
  eden space 32768K, 0% used [0x00000000eb200000,0x00000000eb200000,0x00000000ed200000)
  from space 2560K, 99% used [0x00000000ed200000,0x00000000ed47c010,0x00000000ed480000)
  to   space 4608K, 0% used [0x00000000ef680000,0x00000000ef680000,0x00000000efb00000)
 ParOldGen       total 44032K, used 7110K [0x00000000c1600000, 0x00000000c4100000, 0x00000000eb200000)
  object space 44032K, 16% used [0x00000000c1600000,0x00000000c1cf1940,0x00000000c4100000)
 Metaspace       used 16004K, capacity 16488K, committed 16768K, reserved 1064960K
  class space    used 1962K, capacity 2108K, committed 2176K, reserved 1048576K
}
Event: 14.766 GC heap before
{Heap before GC invocations=6 (full 0):
 PSYoungGen      total 35328K, used 26571K [0x00000000eb200000, 0x00000000efb00000, 0x0000000100000000)
  eden space 32768K, 73% used [0x00000000eb200000,0x00000000ec976cb0,0x00000000ed200000)
  from space 2560K, 99% used [0x00000000ed200000,0x00000000ed47c010,0x00000000ed480000)
  to   space 4608K, 0% used [0x00000000ef680000,0x00000000ef680000,0x00000000efb00000)
 ParOldGen       total 44032K, used 7110K [0x00000000c1600000, 0x00000000c4100000, 0x00000000eb200000)
  object space 44032K, 16% used [0x00000000c1600000,0x00000000c1cf1940,0x00000000c4100000)
 Metaspace       used 18506K, capacity 18932K, committed 19072K, reserved 1067008K
  class space    used 2226K, capacity 2366K, committed 2432K, reserved 1048576K
Event: 14.807 GC heap after
Heap after GC invocations=6 (full 0):
 PSYoungGen      total 37376K, used 4590K [0x00000000eb200000, 0x00000000efb00000, 0x0000000100000000)
  eden space 32768K, 0% used [0x00000000eb200000,0x00000000eb200000,0x00000000ed200000)
  from space 4608K, 99% used [0x00000000ef680000,0x00000000efafb840,0x00000000efb00000)
  to   space 2560K, 0% used [0x00000000ed200000,0x00000000ed200000,0x00000000ed480000)
 ParOldGen       total 44032K, used 11021K [0x00000000c1600000, 0x00000000c4100000, 0x00000000eb200000)
  object space 44032K, 25% used [0x00000000c1600000,0x00000000c20c3710,0x00000000c4100000)
 Metaspace       used 18506K, capacity 18932K, committed 19072K, reserved 1067008K
  class space    used 2226K, capacity 2366K, committed 2432K, reserved 1048576K
}
Event: 14.807 GC heap before
{Heap before GC invocations=7 (full 1):
 PSYoungGen      total 37376K, used 4590K [0x00000000eb200000, 0x00000000efb00000, 0x0000000100000000)
  eden space 32768K, 0% used [0x00000000eb200000,0x00000000eb200000,0x00000000ed200000)
  from space 4608K, 99% used [0x00000000ef680000,0x00000000efafb840,0x00000000efb00000)
  to   space 2560K, 0% used [0x00000000ed200000,0x00000000ed200000,0x00000000ed480000)
 ParOldGen       total 44032K, used 11021K [0x00000000c1600000, 0x00000000c4100000, 0x00000000eb200000)
  object space 44032K, 25% used [0x00000000c1600000,0x00000000c20c3710,0x00000000c4100000)
 Metaspace       used 18506K, capacity 18932K, committed 19072K, reserved 1067008K
  class space    used 2226K, capacity 2366K, committed 2432K, reserved 1048576K

Deoptimization events (10 events):
Event: 3.207 Thread 0x00000000001bf000 Uncommon trap: reason=class_check action=maybe_recompile pc=0x0000000002b47fb4 method=sun.misc.URLClassPath.getLoader(I)Lsun/misc/URLClassPath$Loader; @ 94
Event: 3.260 Thread 0x00000000001bf000 Uncommon trap: reason=class_check action=maybe_recompile pc=0x0000000002b27c20 method=java.util.Collections$UnmodifiableCollection$1.<init>(Ljava/util/Collections$UnmodifiableCollection;)V @ 17
Event: 3.260 Thread 0x00000000001bf000 Uncommon trap: reason=class_check action=maybe_recompile pc=0x0000000002b21c00 method=java.util.Collections$UnmodifiableCollection$1.next()Ljava/lang/Object; @ 4
Event: 3.327 Thread 0x00000000001bf000 Uncommon trap: reason=class_check action=maybe_recompile pc=0x0000000002b27c20 method=java.util.Collections$UnmodifiableCollection$1.<init>(Ljava/util/Collections$UnmodifiableCollection;)V @ 17
Event: 3.523 Thread 0x00000000001bf000 Uncommon trap: reason=class_check action=maybe_recompile pc=0x0000000002cdfaec method=java.util.HashMap.putVal(ILjava/lang/Object;Ljava/lang/Object;ZZ)Ljava/lang/Object; @ 253
Event: 3.546 Thread 0x00000000001bf000 Uncommon trap: reason=class_check action=maybe_recompile pc=0x0000000002cdfaec method=java.util.HashMap.putVal(ILjava/lang/Object;Ljava/lang/Object;ZZ)Ljava/lang/Object; @ 253
Event: 3.547 Thread 0x00000000001bf000 Uncommon trap: reason=class_check action=maybe_recompile pc=0x0000000002cdfaec method=java.util.HashMap.putVal(ILjava/lang/Object;Ljava/lang/Object;ZZ)Ljava/lang/Object; @ 253
Event: 3.571 Thread 0x00000000001bf000 Uncommon trap: reason=class_check action=maybe_recompile pc=0x000000000303e1c0 method=com.sun.tools.javac.code.Types$18.visitClassType(Lcom/sun/tools/javac/code/Type$ClassType;Ljava/lang/Void;)Lcom/sun/tools/javac/code/Type; @ 19
Event: 3.595 Thread 0x00000000001bf000 Uncommon trap: reason=class_check action=maybe_recompile pc=0x0000000002cdfaec method=java.util.HashMap.putVal(ILjava/lang/Object;Ljava/lang/Object;ZZ)Ljava/lang/Object; @ 253
Event: 3.597 Thread 0x00000000001bf000 Uncommon trap: reason=class_check action=maybe_recompile pc=0x0000000002ce291c method=java.util.HashMap.putVal(ILjava/lang/Object;Ljava/lang/Object;ZZ)Ljava/lang/Object; @ 253

Internal exceptions (10 events):
Event: 3.681 Thread 0x00000000001bf000 Exception <a 'java/security/PrivilegedActionException'> (0x00000000ec7432e0) thrown at [D:\re\workspace\8-2-build-windows-amd64-cygwin\jdk8u25\1677\hotspot\src\share\vm\prims\jvm.cpp, line 1312]
Event: 3.681 Thread 0x00000000001bf000 Exception <a 'java/security/PrivilegedActionException'> (0x00000000ec744250) thrown at [D:\re\workspace\8-2-build-windows-amd64-cygwin\jdk8u25\1677\hotspot\src\share\vm\prims\jvm.cpp, line 1312]
Event: 3.681 Thread 0x00000000001bf000 Exception <a 'java/security/PrivilegedActionException'> (0x00000000ec746e40) thrown at [D:\re\workspace\8-2-build-windows-amd64-cygwin\jdk8u25\1677\hotspot\src\share\vm\prims\jvm.cpp, line 1312]
Event: 3.682 Thread 0x00000000001bf000 Exception <a 'java/security/PrivilegedActionException'> (0x00000000ec74e310) thrown at [D:\re\workspace\8-2-build-windows-amd64-cygwin\jdk8u25\1677\hotspot\src\share\vm\prims\jvm.cpp, line 1312]
Event: 3.682 Thread 0x00000000001bf000 Exception <a 'java/security/PrivilegedActionException'> (0x00000000ec74f270) thrown at [D:\re\workspace\8-2-build-windows-amd64-cygwin\jdk8u25\1677\hotspot\src\share\vm\prims\jvm.cpp, line 1312]
Event: 3.682 Thread 0x00000000001bf000 Exception <a 'java/security/PrivilegedActionException'> (0x00000000ec751da0) thrown at [D:\re\workspace\8-2-build-windows-amd64-cygwin\jdk8u25\1677\hotspot\src\share\vm\prims\jvm.cpp, line 1312]
Event: 3.683 Thread 0x00000000001bf000 Exception <a 'java/security/PrivilegedActionException'> (0x00000000ec758b58) thrown at [D:\re\workspace\8-2-build-windows-amd64-cygwin\jdk8u25\1677\hotspot\src\share\vm\prims\jvm.cpp, line 1312]
Event: 3.683 Thread 0x00000000001bf000 Exception <a 'java/security/PrivilegedActionException'> (0x00000000ec759ab8) thrown at [D:\re\workspace\8-2-build-windows-amd64-cygwin\jdk8u25\1677\hotspot\src\share\vm\prims\jvm.cpp, line 1312]
Event: 3.685 Thread 0x00000000001bf000 Exception <a 'java/security/PrivilegedActionException'> (0x00000000ec75c5e8) thrown at [D:\re\workspace\8-2-build-windows-amd64-cygwin\jdk8u25\1677\hotspot\src\share\vm\prims\jvm.cpp, line 1312]
Event: 14.765 Thread 0x000000005808a000 Exception <a 'java/lang/StackOverflowError'> (0x00000000ec8d2ef8) thrown at [D:\re\workspace\8-2-build-windows-amd64-cygwin\jdk8u25\1677\hotspot\src\share\vm\interpreter\interpreterRuntime.cpp, line 323]

Events (10 events):
Event: 11.141 Thread 0x000000005808a000 Thread added: 0x000000005808a000
Event: 11.141 Thread 0x000000005808a800 Thread added: 0x000000005808a800
Event: 14.765 Executing VM operation: RevokeBias
Event: 14.765 Executing VM operation: RevokeBias done
Event: 14.765 loading class java/lang/Throwable$WrappedPrintStream
Event: 14.765 loading class java/lang/Throwable$PrintStreamOrWriter
Event: 14.765 loading class java/lang/Throwable$PrintStreamOrWriter done
Event: 14.765 loading class java/lang/Throwable$WrappedPrintStream done
Event: 14.766 loading class java/util/IdentityHashMap$KeySet
Event: 14.766 Executing VM operation: CollectForMetadataAllocation


Dynamic libraries:
0x000000013f680000 - 0x000000013f6b4000 	C:\Program Files\Java\jdk1.8.0_25\bin\java.exe
0x0000000077020000 - 0x00000000771c9000 	C:\Windows\SYSTEM32\ntdll.dll
0x0000000076e00000 - 0x0000000076f1f000 	C:\Windows\system32\kernel32.dll
0x000007fefc410000 - 0x000007fefc47c000 	C:\Windows\system32\KERNELBASE.dll
0x000007fefe1b0000 - 0x000007fefe28b000 	C:\Windows\system32\ADVAPI32.dll
0x000007fefe470000 - 0x000007fefe50f000 	C:\Windows\system32\msvcrt.dll
0x000007fefce50000 - 0x000007fefce6f000 	C:\Windows\SYSTEM32\sechost.dll
0x000007fefe510000 - 0x000007fefe63d000 	C:\Windows\system32\RPCRT4.dll
0x0000000076f20000 - 0x000000007701a000 	C:\Windows\system32\USER32.dll
0x000007fefc990000 - 0x000007fefc9f7000 	C:\Windows\system32\GDI32.dll
0x000007fefe410000 - 0x000007fefe41e000 	C:\Windows\system32\LPK.dll
0x000007fefce70000 - 0x000007fefcf39000 	C:\Windows\system32\USP10.dll
0x000007fefa610000 - 0x000007fefa804000 	C:\Windows\WinSxS\amd64_microsoft.windows.common-controls_6595b64144ccf1df_6.0.7601.17514_none_fa396087175ac9ac\COMCTL32.dll
0x000007fefc5a0000 - 0x000007fefc611000 	C:\Windows\system32\SHLWAPI.dll
0x000007fefe180000 - 0x000007fefe1ae000 	C:\Windows\system32\IMM32.DLL
0x000007fefc880000 - 0x000007fefc989000 	C:\Windows\system32\MSCTF.dll
0x00000000688a0000 - 0x0000000068972000 	C:\Program Files\Java\jdk1.8.0_25\jre\bin\msvcr100.dll
0x0000000060b50000 - 0x00000000613aa000 	C:\Program Files\Java\jdk1.8.0_25\jre\bin\server\jvm.dll
0x000007fef8bb0000 - 0x000007fef8bb9000 	C:\Windows\system32\WSOCK32.dll
0x000007fefe420000 - 0x000007fefe46d000 	C:\Windows\system32\WS2_32.dll
0x000007fefcf40000 - 0x000007fefcf48000 	C:\Windows\system32\NSI.dll
0x000007fef6710000 - 0x000007fef674b000 	C:\Windows\system32\WINMM.dll
0x00000000771f0000 - 0x00000000771f7000 	C:\Windows\system32\PSAPI.DLL
0x0000000069910000 - 0x000000006991f000 	C:\Program Files\Java\jdk1.8.0_25\jre\bin\verify.dll
0x00000000698e0000 - 0x0000000069908000 	C:\Program Files\Java\jdk1.8.0_25\jre\bin\java.dll
0x0000000069800000 - 0x0000000069816000 	C:\Program Files\Java\jdk1.8.0_25\jre\bin\zip.dll
0x000007fefd3f0000 - 0x000007fefe178000 	C:\Windows\system32\SHELL32.dll
0x000007fefca00000 - 0x000007fefcc03000 	C:\Windows\system32\ole32.dll
0x000007fefc140000 - 0x000007fefc14f000 	C:\Windows\system32\profapi.dll
0x000007fefbf80000 - 0x000007fefbfd7000 	C:\Windows\system32\apphelp.dll
0x000007fef80f0000 - 0x000007fef8215000 	C:\Windows\system32\dbghelp.dll

VM Arguments:
jvm_args: -Dant.home=C:\NetBeans 8.0\extide\ant\bin\.. 
java_command: org.apache.tools.ant.launch.Launcher debug -f C:\Users\Jason\Documents\NetBeansProjects\CordovaTest\platforms\android\build.xml -Dout.dir ant-build -Dgen.absolute.dir ant-gen
java_class_path (initial): C:\NetBeans 8.0\extide\ant\bin\..\lib\ant-launcher.jar
Launcher Type: SUN_STANDARD

Environment Variables:
JAVA_HOME=C:\Program Files\Java\jdk1.8.0_25
PATH=C:\ProgramData\Oracle\Java\javapath;C:\Program Files\Common Files\Microsoft Shared\Windows Live;C:\Program Files (x86)\Common Files\Microsoft Shared\Windows Live;C:\Windows\system32;C:\Windows;C:\Windows\System32\Wbem;C:\Windows\System32\WindowsPowerShell\v1.0;C:\Program Files (x86)\Intel\OpenCL SDK\2.0\bin\x86;C:\Program Files (x86)\Intel\OpenCL SDK\2.0\bin\x64;C:\Program Files (x86)\Windows Live\Shared;C:\Program Files\Microsoft SQL Server\110\Tools\Binn;C:\Program Files\nodejs;C:\Program Files (x86)\Git\cmd;C:\Program Files (x86)\SSH Communications Security\SSH Secure Shell;C:\Program Files\Java\jdk1.7.0_07\bin;C:\glassfish4\glassfish\bin;C:\Program Files (x86)\OpenVPN\bin;C:\Users\Jason\AppData\Roaming\npm;C:\Users\Jason\Desktop\adt-bundle-windows-x86_64-20140702\sdk\tools;C:\Users\Jason\Desktop\adt-bundle-windows-x86_64-20140702\sdk\platform-tools;C:\Program Files\Java\jdk1.8.0_25\bin;C:\NetBeans 8.0\extide\ant\bin
USERNAME=Jason
OS=Windows_NT
PROCESSOR_IDENTIFIER=Intel64 Family 6 Model 58 Stepping 9, GenuineIntel



---------------  S Y S T E M  ---------------

OS: Windows 7 , 64 bit Build 7601 Service Pack 1

CPU:total 4 (2 cores per cpu, 2 threads per core) family 6 model 58 stepping 9, cmov, cx8, fxsr, mmx, sse, sse2, sse3, ssse3, sse4.1, sse4.2, popcnt, avx, aes, clmul, erms, ht, tsc, tscinvbit, tscinv

Memory: 4k page, physical 4098764k(373056k free), swap 6960956k(224236k free)

vm_info: Java HotSpot(TM) 64-Bit Server VM (25.25-b02) for windows-amd64 JRE (1.8.0_25-b18), built on Oct  7 2014 14:25:37 by "java_re" with MS VC++ 10.0 (VS2010)

time: Thu Oct 30 23:52:14 2014
elapsed time: 14 seconds (0d 0h 0m 14s)

