#
# There is insufficient memory for the Java Runtime Environment to continue.
# Native memory allocation (malloc) failed to allocate 32744 bytes for ChunkPool::allocate
# Possible reasons:
#   The system is out of physical RAM or swap space
#   In 32 bit mode, the process size limit was hit
# Possible solutions:
#   Reduce memory load on the system
#   Increase physical memory or swap space
#   Check if swap backing store is full
#   Use 64 bit Java on a 64 bit OS
#   Decrease Java heap size (-Xmx/-Xms)
#   Decrease number of Java threads
#   Decrease Java thread stack sizes (-Xss)
#   Set larger code cache with -XX:ReservedCodeCacheSize=
# This output file may be truncated or incomplete.
#
#  Out of Memory Error (allocation.cpp:273), pid=6700, tid=8336
#
# JRE version: Java(TM) SE Runtime Environment (8.0_25-b18) (build 1.8.0_25-b18)
# Java VM: Java HotSpot(TM) 64-Bit Server VM (25.25-b02 mixed mode windows-amd64 compressed oops)
# Failed to write core dump. Minidumps are not enabled by default on client versions of Windows
#

---------------  T H R E A D  ---------------

Current thread (0x000000005655b000):  JavaThread "C1 CompilerThread2" daemon [_thread_in_native, id=8336, stack(0x0000000056f30000,0x0000000057030000)]

Stack: [0x0000000056f30000,0x0000000057030000]
Native frames: (J=compiled Java code, j=interpreted, Vv=VM code, C=native code)
V  [jvm.dll+0x31667a]


Current CompileTask:
C1:   7315 2015  s    3       java.io.BufferedOutputStream::write (67 bytes)


---------------  P R O C E S S  ---------------

Java Threads: ( => current thread )
  0x0000000057e4d000 JavaThread "Thread-8" daemon [_thread_blocked, id=10832, stack(0x0000000059790000,0x0000000059890000)]
  0x00000000580ad000 JavaThread "Thread-7" daemon [_thread_blocked, id=10752, stack(0x00000000595d0000,0x00000000596d0000)]
  0x00000000565d6000 JavaThread "Service Thread" daemon [_thread_blocked, id=6652, stack(0x0000000057130000,0x0000000057230000)]
=>0x000000005655b000 JavaThread "C1 CompilerThread2" daemon [_thread_in_native, id=8336, stack(0x0000000056f30000,0x0000000057030000)]
  0x0000000056557800 JavaThread "C2 CompilerThread1" daemon [_thread_blocked, id=12112, stack(0x0000000056da0000,0x0000000056ea0000)]
  0x0000000056552800 JavaThread "C2 CompilerThread0" daemon [_thread_blocked, id=4208, stack(0x0000000056bf0000,0x0000000056cf0000)]
  0x00000000551b4000 JavaThread "Attach Listener" daemon [_thread_blocked, id=6000, stack(0x0000000056350000,0x0000000056450000)]
  0x00000000551b2800 JavaThread "Signal Dispatcher" daemon [_thread_blocked, id=10796, stack(0x0000000056a60000,0x0000000056b60000)]
  0x0000000055154800 JavaThread "Finalizer" daemon [_thread_blocked, id=1492, stack(0x0000000056450000,0x0000000056550000)]
  0x000000005514b800 JavaThread "Reference Handler" daemon [_thread_blocked, id=13164, stack(0x00000000561f0000,0x00000000562f0000)]
  0x00000000020ef000 JavaThread "main" [_thread_in_native, id=11240, stack(0x0000000002470000,0x0000000002570000)]

Other Threads:
  0x0000000055146000 VMThread [stack: 0x00000000560e0000,0x00000000561e0000] [id=11468]
  0x00000000565d9800 WatcherThread [stack: 0x00000000572c0000,0x00000000573c0000] [id=8480]

VM state:not at safepoint (normal execution)

VM Mutex/Monitor currently owned by a thread: None

Heap:
 PSYoungGen      total 35328K, used 23992K [0x00000000eb200000, 0x00000000efc00000, 0x0000000100000000)
  eden space 32768K, 65% used [0x00000000eb200000,0x00000000ec6f2088,0x00000000ed200000)
  from space 2560K, 99% used [0x00000000ed200000,0x00000000ed47c010,0x00000000ed480000)
  to   space 5120K, 0% used [0x00000000ef700000,0x00000000ef700000,0x00000000efc00000)
 ParOldGen       total 44032K, used 7902K [0x00000000c1600000, 0x00000000c4100000, 0x00000000eb200000)
  object space 44032K, 17% used [0x00000000c1600000,0x00000000c1db7838,0x00000000c4100000)
 Metaspace       used 18266K, capacity 18724K, committed 19072K, reserved 1067008K
  class space    used 2220K, capacity 2366K, committed 2432K, reserved 1048576K

Card table byte_map: [0x0000000011c00000,0x0000000011e00000] byte_map_base: 0x00000000115f5000

Marking Bits: (ParMarkBitMap*) 0x000000006132d490
 Begin Bits: [0x0000000012670000, 0x0000000013618000)
 End Bits:   [0x0000000013618000, 0x00000000145c0000)

Polling page: 0x0000000000140000

CodeCache: size=245760Kb used=7520Kb max_used=7540Kb free=238239Kb
 bounds [0x0000000002840000, 0x0000000002fb0000, 0x0000000011840000]
 total_blobs=2368 nmethods=2014 adapters=267
 compilation: enabled

Compilation events (10 events):
Event: 3.032 Thread 0x000000005655b000 nmethod 2012 0x0000000002f8bb50 code [0x0000000002f8bd00, 0x0000000002f8c3f8]
Event: 3.032 Thread 0x000000005655b000 2013       3       java.util.LinkedList::poll (19 bytes)
Event: 3.032 Thread 0x000000005655b000 nmethod 2013 0x0000000002f8b750 code [0x0000000002f8b8c0, 0x0000000002f8baa8]
Event: 3.032 Thread 0x000000005655b000 2014       3       java.util.ArrayList$SubList$1::hasNext (20 bytes)
Event: 3.032 Thread 0x000000005655b000 nmethod 2014 0x0000000002f90b90 code [0x0000000002f90ce0, 0x0000000002f90eb0]
Event: 3.084 Thread 0x0000000056557800 nmethod 2006 0x0000000002f955d0 code [0x0000000002f959a0, 0x0000000002f973c0]
Event: 3.085 Thread 0x0000000056557800 2005   !   4       java.net.URI::encode (142 bytes)
Event: 3.089 Thread 0x0000000056557800 nmethod 2005 0x0000000002f92290 code [0x0000000002f923e0, 0x0000000002f92618]
Event: 3.117 Thread 0x0000000056552800 nmethod 2004 0x0000000002f9ef90 code [0x0000000002f9f400, 0x0000000002fa17e0]
Event: 7.312 Thread 0x000000005655b000 2015  s    3       java.io.BufferedOutputStream::write (67 bytes)

GC Heap History (10 events):
Event: 0.747 GC heap before
{Heap before GC invocations=1 (full 0):
 PSYoungGen      total 18944K, used 16384K [0x00000000eb200000, 0x00000000ec700000, 0x0000000100000000)
  eden space 16384K, 100% used [0x00000000eb200000,0x00000000ec200000,0x00000000ec200000)
  from space 2560K, 0% used [0x00000000ec480000,0x00000000ec480000,0x00000000ec700000)
  to   space 2560K, 0% used [0x00000000ec200000,0x00000000ec200000,0x00000000ec480000)
 ParOldGen       total 44032K, used 0K [0x00000000c1600000, 0x00000000c4100000, 0x00000000eb200000)
  object space 44032K, 0% used [0x00000000c1600000,0x00000000c1600000,0x00000000c4100000)
 Metaspace       used 7002K, capacity 7318K, committed 7552K, reserved 1056768K
  class space    used 766K, capacity 837K, committed 896K, reserved 1048576K
Event: 0.753 GC heap after
Heap after GC invocations=1 (full 0):
 PSYoungGen      total 18944K, used 2533K [0x00000000eb200000, 0x00000000ec700000, 0x0000000100000000)
  eden space 16384K, 0% used [0x00000000eb200000,0x00000000eb200000,0x00000000ec200000)
  from space 2560K, 98% used [0x00000000ec200000,0x00000000ec479410,0x00000000ec480000)
  to   space 2560K, 0% used [0x00000000ec480000,0x00000000ec480000,0x00000000ec700000)
 ParOldGen       total 44032K, used 1855K [0x00000000c1600000, 0x00000000c4100000, 0x00000000eb200000)
  object space 44032K, 4% used [0x00000000c1600000,0x00000000c17cfc60,0x00000000c4100000)
 Metaspace       used 7002K, capacity 7318K, committed 7552K, reserved 1056768K
  class space    used 766K, capacity 837K, committed 896K, reserved 1048576K
}
Event: 1.100 GC heap before
{Heap before GC invocations=2 (full 0):
 PSYoungGen      total 18944K, used 18917K [0x00000000eb200000, 0x00000000ec700000, 0x0000000100000000)
  eden space 16384K, 100% used [0x00000000eb200000,0x00000000ec200000,0x00000000ec200000)
  from space 2560K, 98% used [0x00000000ec200000,0x00000000ec479410,0x00000000ec480000)
  to   space 2560K, 0% used [0x00000000ec480000,0x00000000ec480000,0x00000000ec700000)
 ParOldGen       total 44032K, used 1855K [0x00000000c1600000, 0x00000000c4100000, 0x00000000eb200000)
  object space 44032K, 4% used [0x00000000c1600000,0x00000000c17cfc60,0x00000000c4100000)
 Metaspace       used 10081K, capacity 10362K, committed 10496K, reserved 1058816K
  class space    used 1153K, capacity 1231K, committed 1280K, reserved 1048576K
Event: 1.105 GC heap after
Heap after GC invocations=2 (full 0):
 PSYoungGen      total 18944K, used 2528K [0x00000000eb200000, 0x00000000ed700000, 0x0000000100000000)
  eden space 16384K, 0% used [0x00000000eb200000,0x00000000eb200000,0x00000000ec200000)
  from space 2560K, 98% used [0x00000000ec480000,0x00000000ec6f8020,0x00000000ec700000)
  to   space 2560K, 0% used [0x00000000ec200000,0x00000000ec200000,0x00000000ec480000)
 ParOldGen       total 44032K, used 2968K [0x00000000c1600000, 0x00000000c4100000, 0x00000000eb200000)
  object space 44032K, 6% used [0x00000000c1600000,0x00000000c18e63a8,0x00000000c4100000)
 Metaspace       used 10081K, capacity 10362K, committed 10496K, reserved 1058816K
  class space    used 1153K, capacity 1231K, committed 1280K, reserved 1048576K
}
Event: 1.421 GC heap before
{Heap before GC invocations=3 (full 0):
 PSYoungGen      total 18944K, used 18912K [0x00000000eb200000, 0x00000000ed700000, 0x0000000100000000)
  eden space 16384K, 100% used [0x00000000eb200000,0x00000000ec200000,0x00000000ec200000)
  from space 2560K, 98% used [0x00000000ec480000,0x00000000ec6f8020,0x00000000ec700000)
  to   space 2560K, 0% used [0x00000000ec200000,0x00000000ec200000,0x00000000ec480000)
 ParOldGen       total 44032K, used 2968K [0x00000000c1600000, 0x00000000c4100000, 0x00000000eb200000)
  object space 44032K, 6% used [0x00000000c1600000,0x00000000c18e63a8,0x00000000c4100000)
 Metaspace       used 11417K, capacity 11862K, committed 12032K, reserved 1060864K
  class space    used 1329K, capacity 1457K, committed 1536K, reserved 1048576K
Event: 1.442 GC heap after
Heap after GC invocations=3 (full 0):
 PSYoungGen      total 18944K, used 2544K [0x00000000eb200000, 0x00000000ed700000, 0x0000000100000000)
  eden space 16384K, 0% used [0x00000000eb200000,0x00000000eb200000,0x00000000ec200000)
  from space 2560K, 99% used [0x00000000ec200000,0x00000000ec47c030,0x00000000ec480000)
  to   space 2560K, 0% used [0x00000000ed480000,0x00000000ed480000,0x00000000ed700000)
 ParOldGen       total 44032K, used 4516K [0x00000000c1600000, 0x00000000c4100000, 0x00000000eb200000)
  object space 44032K, 10% used [0x00000000c1600000,0x00000000c1a69380,0x00000000c4100000)
 Metaspace       used 11417K, capacity 11862K, committed 12032K, reserved 1060864K
  class space    used 1329K, capacity 1457K, committed 1536K, reserved 1048576K
}
Event: 1.839 GC heap before
{Heap before GC invocations=4 (full 0):
 PSYoungGen      total 18944K, used 18928K [0x00000000eb200000, 0x00000000ed700000, 0x0000000100000000)
  eden space 16384K, 100% used [0x00000000eb200000,0x00000000ec200000,0x00000000ec200000)
  from space 2560K, 99% used [0x00000000ec200000,0x00000000ec47c030,0x00000000ec480000)
  to   space 2560K, 0% used [0x00000000ed480000,0x00000000ed480000,0x00000000ed700000)
 ParOldGen       total 44032K, used 4516K [0x00000000c1600000, 0x00000000c4100000, 0x00000000eb200000)
  object space 44032K, 10% used [0x00000000c1600000,0x00000000c1a69380,0x00000000c4100000)
 Metaspace       used 12487K, capacity 12916K, committed 13184K, reserved 1060864K
  class space    used 1469K, capacity 1590K, committed 1664K, reserved 1048576K
Event: 1.856 GC heap after
Heap after GC invocations=4 (full 0):
 PSYoungGen      total 35328K, used 2560K [0x00000000eb200000, 0x00000000ed700000, 0x0000000100000000)
  eden space 32768K, 0% used [0x00000000eb200000,0x00000000eb200000,0x00000000ed200000)
  from space 2560K, 100% used [0x00000000ed480000,0x00000000ed700000,0x00000000ed700000)
  to   space 2560K, 0% used [0x00000000ed200000,0x00000000ed200000,0x00000000ed480000)
 ParOldGen       total 44032K, used 5915K [0x00000000c1600000, 0x00000000c4100000, 0x00000000eb200000)
  object space 44032K, 13% used [0x00000000c1600000,0x00000000c1bc6ff8,0x00000000c4100000)
 Metaspace       used 12487K, capacity 12916K, committed 13184K, reserved 1060864K
  class space    used 1469K, capacity 1590K, committed 1664K, reserved 1048576K
}
Event: 2.525 GC heap before
{Heap before GC invocations=5 (full 0):
 PSYoungGen      total 35328K, used 35328K [0x00000000eb200000, 0x00000000ed700000, 0x0000000100000000)
  eden space 32768K, 100% used [0x00000000eb200000,0x00000000ed200000,0x00000000ed200000)
  from space 2560K, 100% used [0x00000000ed480000,0x00000000ed700000,0x00000000ed700000)
  to   space 2560K, 0% used [0x00000000ed200000,0x00000000ed200000,0x00000000ed480000)
 ParOldGen       total 44032K, used 5915K [0x00000000c1600000, 0x00000000c4100000, 0x00000000eb200000)
  object space 44032K, 13% used [0x00000000c1600000,0x00000000c1bc6ff8,0x00000000c4100000)
 Metaspace       used 16114K, capacity 16568K, committed 16768K, reserved 1064960K
  class space    used 1986K, capacity 2140K, committed 2176K, reserved 1048576K
Event: 2.555 GC heap after
Heap after GC invocations=5 (full 0):
 PSYoungGen      total 35328K, used 2544K [0x00000000eb200000, 0x00000000efc00000, 0x0000000100000000)
  eden space 32768K, 0% used [0x00000000eb200000,0x00000000eb200000,0x00000000ed200000)
  from space 2560K, 99% used [0x00000000ed200000,0x00000000ed47c010,0x00000000ed480000)
  to   space 5120K, 0% used [0x00000000ef700000,0x00000000ef700000,0x00000000efc00000)
 ParOldGen       total 44032K, used 7902K [0x00000000c1600000, 0x00000000c4100000, 0x00000000eb200000)
  object space 44032K, 17% used [0x00000000c1600000,0x00000000c1db7838,0x00000000c4100000)
 Metaspace       used 16114K, capacity 16568K, committed 16768K, reserved 1064960K
  class space    used 1986K, capacity 2140K, committed 2176K, reserved 1048576K
}

Deoptimization events (10 events):
Event: 2.654 Thread 0x00000000020ef000 Uncommon trap: reason=class_check action=maybe_recompile pc=0x0000000002ab5fac method=sun.misc.URLClassPath.getLoader(I)Lsun/misc/URLClassPath$Loader; @ 94
Event: 2.686 Thread 0x00000000020ef000 Uncommon trap: reason=class_check action=maybe_recompile pc=0x0000000002a8bf20 method=java.util.Collections$UnmodifiableCollection$1.<init>(Ljava/util/Collections$UnmodifiableCollection;)V @ 17
Event: 2.686 Thread 0x00000000020ef000 Uncommon trap: reason=class_check action=maybe_recompile pc=0x0000000002a91180 method=java.util.Collections$UnmodifiableCollection$1.next()Ljava/lang/Object; @ 4
Event: 2.741 Thread 0x00000000020ef000 Uncommon trap: reason=class_check action=maybe_recompile pc=0x0000000002a91180 method=java.util.Collections$UnmodifiableCollection$1.next()Ljava/lang/Object; @ 4
Event: 2.771 Thread 0x00000000020ef000 Uncommon trap: reason=class_check action=maybe_recompile pc=0x0000000002a8bf20 method=java.util.Collections$UnmodifiableCollection$1.<init>(Ljava/util/Collections$UnmodifiableCollection;)V @ 17
Event: 2.939 Thread 0x00000000020ef000 Uncommon trap: reason=class_check action=maybe_recompile pc=0x0000000002c2e7ec method=java.util.HashMap.putVal(ILjava/lang/Object;Ljava/lang/Object;ZZ)Ljava/lang/Object; @ 253
Event: 2.959 Thread 0x00000000020ef000 Uncommon trap: reason=class_check action=maybe_recompile pc=0x0000000002c2e7ec method=java.util.HashMap.putVal(ILjava/lang/Object;Ljava/lang/Object;ZZ)Ljava/lang/Object; @ 253
Event: 2.960 Thread 0x00000000020ef000 Uncommon trap: reason=class_check action=maybe_recompile pc=0x0000000002c2e7ec method=java.util.HashMap.putVal(ILjava/lang/Object;Ljava/lang/Object;ZZ)Ljava/lang/Object; @ 253
Event: 2.981 Thread 0x00000000020ef000 Uncommon trap: reason=class_check action=maybe_recompile pc=0x0000000002c2e7ec method=java.util.HashMap.putVal(ILjava/lang/Object;Ljava/lang/Object;ZZ)Ljava/lang/Object; @ 253
Event: 2.982 Thread 0x00000000020ef000 Uncommon trap: reason=class_check action=maybe_recompile pc=0x0000000002c2f918 method=java.util.HashMap.putVal(ILjava/lang/Object;Ljava/lang/Object;ZZ)Ljava/lang/Object; @ 253

Internal exceptions (10 events):
Event: 3.025 Thread 0x00000000020ef000 Exception <a 'java/security/PrivilegedActionException'> (0x00000000ec52b9e8) thrown at [D:\re\workspace\8-2-build-windows-amd64-cygwin\jdk8u25\1677\hotspot\src\share\vm\prims\jvm.cpp, line 1312]
Event: 3.026 Thread 0x00000000020ef000 Exception <a 'java/security/PrivilegedActionException'> (0x00000000ec534600) thrown at [D:\re\workspace\8-2-build-windows-amd64-cygwin\jdk8u25\1677\hotspot\src\share\vm\prims\jvm.cpp, line 1312]
Event: 3.026 Thread 0x00000000020ef000 Exception <a 'java/security/PrivilegedActionException'> (0x00000000ec535560) thrown at [D:\re\workspace\8-2-build-windows-amd64-cygwin\jdk8u25\1677\hotspot\src\share\vm\prims\jvm.cpp, line 1312]
Event: 3.026 Thread 0x00000000020ef000 Exception <a 'java/security/PrivilegedActionException'> (0x00000000ec538090) thrown at [D:\re\workspace\8-2-build-windows-amd64-cygwin\jdk8u25\1677\hotspot\src\share\vm\prims\jvm.cpp, line 1312]
Event: 3.027 Thread 0x00000000020ef000 Exception <a 'java/security/PrivilegedActionException'> (0x00000000ec53ecd8) thrown at [D:\re\workspace\8-2-build-windows-amd64-cygwin\jdk8u25\1677\hotspot\src\share\vm\prims\jvm.cpp, line 1312]
Event: 3.027 Thread 0x00000000020ef000 Exception <a 'java/security/PrivilegedActionException'> (0x00000000ec53fc48) thrown at [D:\re\workspace\8-2-build-windows-amd64-cygwin\jdk8u25\1677\hotspot\src\share\vm\prims\jvm.cpp, line 1312]
Event: 3.027 Thread 0x00000000020ef000 Exception <a 'java/security/PrivilegedActionException'> (0x00000000ec542838) thrown at [D:\re\workspace\8-2-build-windows-amd64-cygwin\jdk8u25\1677\hotspot\src\share\vm\prims\jvm.cpp, line 1312]
Event: 3.028 Thread 0x00000000020ef000 Exception <a 'java/security/PrivilegedActionException'> (0x00000000ec549d08) thrown at [D:\re\workspace\8-2-build-windows-amd64-cygwin\jdk8u25\1677\hotspot\src\share\vm\prims\jvm.cpp, line 1312]
Event: 3.028 Thread 0x00000000020ef000 Exception <a 'java/security/PrivilegedActionException'> (0x00000000ec54ac68) thrown at [D:\re\workspace\8-2-build-windows-amd64-cygwin\jdk8u25\1677\hotspot\src\share\vm\prims\jvm.cpp, line 1312]
Event: 3.028 Thread 0x00000000020ef000 Exception <a 'java/security/PrivilegedActionException'> (0x00000000ec54d798) thrown at [D:\re\workspace\8-2-build-windows-amd64-cygwin\jdk8u25\1677\hotspot\src\share\vm\prims\jvm.cpp, line 1312]

Events (10 events):
Event: 3.026 loading class com/google/common/hash/HashCode$LongHashCode
Event: 3.026 loading class com/google/common/hash/HashCode$LongHashCode done
Event: 3.027 loading class com/google/common/hash/HashCode$BytesHashCode
Event: 3.027 loading class com/google/common/hash/HashCode$BytesHashCode done
Event: 3.028 loading class com/google/common/hash/HashCode$IntHashCode
Event: 3.028 loading class com/google/common/hash/HashCode$IntHashCode done
Event: 3.035 Thread 0x00000000580ad000 Thread added: 0x00000000580ad000
Event: 3.035 Thread 0x0000000057e4d000 Thread added: 0x0000000057e4d000
Event: 4.209 Executing VM operation: EnableBiasedLocking
Event: 4.210 Executing VM operation: EnableBiasedLocking done


Dynamic libraries:
0x000000013f680000 - 0x000000013f6b4000 	C:\Program Files\Java\jdk1.8.0_25\bin\java.exe
0x0000000077020000 - 0x00000000771c9000 	C:\Windows\SYSTEM32\ntdll.dll
0x0000000076e00000 - 0x0000000076f1f000 	C:\Windows\system32\kernel32.dll
0x000007fefc410000 - 0x000007fefc47c000 	C:\Windows\system32\KERNELBASE.dll
0x000007fefe1b0000 - 0x000007fefe28b000 	C:\Windows\system32\ADVAPI32.dll
0x000007fefe470000 - 0x000007fefe50f000 	C:\Windows\system32\msvcrt.dll
0x000007fefce50000 - 0x000007fefce6f000 	C:\Windows\SYSTEM32\sechost.dll
0x000007fefe510000 - 0x000007fefe63d000 	C:\Windows\system32\RPCRT4.dll
0x0000000076f20000 - 0x000000007701a000 	C:\Windows\system32\USER32.dll
0x000007fefc990000 - 0x000007fefc9f7000 	C:\Windows\system32\GDI32.dll
0x000007fefe410000 - 0x000007fefe41e000 	C:\Windows\system32\LPK.dll
0x000007fefce70000 - 0x000007fefcf39000 	C:\Windows\system32\USP10.dll
0x000007fefa610000 - 0x000007fefa804000 	C:\Windows\WinSxS\amd64_microsoft.windows.common-controls_6595b64144ccf1df_6.0.7601.17514_none_fa396087175ac9ac\COMCTL32.dll
0x000007fefc5a0000 - 0x000007fefc611000 	C:\Windows\system32\SHLWAPI.dll
0x000007fefe180000 - 0x000007fefe1ae000 	C:\Windows\system32\IMM32.DLL
0x000007fefc880000 - 0x000007fefc989000 	C:\Windows\system32\MSCTF.dll
0x00000000688a0000 - 0x0000000068972000 	C:\Program Files\Java\jdk1.8.0_25\jre\bin\msvcr100.dll
0x0000000060b50000 - 0x00000000613aa000 	C:\Program Files\Java\jdk1.8.0_25\jre\bin\server\jvm.dll
0x000007fef8bb0000 - 0x000007fef8bb9000 	C:\Windows\system32\WSOCK32.dll
0x000007fefe420000 - 0x000007fefe46d000 	C:\Windows\system32\WS2_32.dll
0x000007fefcf40000 - 0x000007fefcf48000 	C:\Windows\system32\NSI.dll
0x000007fef6710000 - 0x000007fef674b000 	C:\Windows\system32\WINMM.dll
0x00000000771f0000 - 0x00000000771f7000 	C:\Windows\system32\PSAPI.DLL
0x0000000069910000 - 0x000000006991f000 	C:\Program Files\Java\jdk1.8.0_25\jre\bin\verify.dll
0x00000000698e0000 - 0x0000000069908000 	C:\Program Files\Java\jdk1.8.0_25\jre\bin\java.dll
0x0000000069800000 - 0x0000000069816000 	C:\Program Files\Java\jdk1.8.0_25\jre\bin\zip.dll
0x000007fefd3f0000 - 0x000007fefe178000 	C:\Windows\system32\SHELL32.dll
0x000007fefca00000 - 0x000007fefcc03000 	C:\Windows\system32\ole32.dll
0x000007fefc140000 - 0x000007fefc14f000 	C:\Windows\system32\profapi.dll
0x000007fefbf80000 - 0x000007fefbfd7000 	C:\Windows\system32\apphelp.dll

VM Arguments:
jvm_args: -Dant.home=C:\NetBeans 8.0\extide\ant\bin\.. 
java_command: org.apache.tools.ant.launch.Launcher debug -f C:\Users\Jason\Documents\NetBeansProjects\CordovaTest\platforms\android\build.xml -Dout.dir ant-build -Dgen.absolute.dir ant-gen
java_class_path (initial): C:\NetBeans 8.0\extide\ant\bin\..\lib\ant-launcher.jar
Launcher Type: SUN_STANDARD

Environment Variables:
JAVA_HOME=C:\Program Files\Java\jdk1.8.0_25
PATH=C:\ProgramData\Oracle\Java\javapath;C:\Program Files\Common Files\Microsoft Shared\Windows Live;C:\Program Files (x86)\Common Files\Microsoft Shared\Windows Live;C:\Windows\system32;C:\Windows;C:\Windows\System32\Wbem;C:\Windows\System32\WindowsPowerShell\v1.0;C:\Program Files (x86)\Intel\OpenCL SDK\2.0\bin\x86;C:\Program Files (x86)\Intel\OpenCL SDK\2.0\bin\x64;C:\Program Files (x86)\Windows Live\Shared;C:\Program Files\Microsoft SQL Server\110\Tools\Binn;C:\Program Files\nodejs;C:\Program Files (x86)\Git\cmd;C:\Program Files (x86)\SSH Communications Security\SSH Secure Shell;C:\Program Files\Java\jdk1.7.0_07\bin;C:\glassfish4\glassfish\bin;C:\Program Files (x86)\OpenVPN\bin;C:\Users\Jason\AppData\Roaming\npm;C:\Users\Jason\Desktop\adt-bundle-windows-x86_64-20140702\sdk\tools;C:\Users\Jason\Desktop\adt-bundle-windows-x86_64-20140702\sdk\platform-tools;C:\Program Files\Java\jdk1.8.0_25\bin;C:\NetBeans 8.0\extide\ant\bin
USERNAME=Jason
OS=Windows_NT
PROCESSOR_IDENTIFIER=Intel64 Family 6 Model 58 Stepping 9, GenuineIntel



---------------  S Y S T E M  ---------------

OS: Windows 7 , 64 bit Build 7601 Service Pack 1

CPU:total 4 (2 cores per cpu, 2 threads per core) family 6 model 58 stepping 9, cmov, cx8, fxsr, mmx, sse, sse2, sse3, ssse3, sse4.1, sse4.2, popcnt, avx, aes, clmul, erms, ht, tsc, tscinvbit, tscinv

Memory: 4k page, physical 4098764k(74952k free), swap 6960956k(4864k free)

vm_info: Java HotSpot(TM) 64-Bit Server VM (25.25-b02) for windows-amd64 JRE (1.8.0_25-b18), built on Oct  7 2014 14:25:37 by "java_re" with MS VC++ 10.0 (VS2010)

time: Sat Nov 01 15:04:43 2014
elapsed time: 7 seconds (0d 0h 0m 7s)

