#
# There is insufficient memory for the Java Runtime Environment to continue.
# Native memory allocation (malloc) failed to allocate 32744 bytes for ChunkPool::allocate
# Possible reasons:
#   The system is out of physical RAM or swap space
#   In 32 bit mode, the process size limit was hit
# Possible solutions:
#   Reduce memory load on the system
#   Increase physical memory or swap space
#   Check if swap backing store is full
#   Use 64 bit Java on a 64 bit OS
#   Decrease Java heap size (-Xmx/-Xms)
#   Decrease number of Java threads
#   Decrease Java thread stack sizes (-Xss)
#   Set larger code cache with -XX:ReservedCodeCacheSize=
# This output file may be truncated or incomplete.
#
#  Out of Memory Error (allocation.cpp:273), pid=868, tid=11860
#
# JRE version: Java(TM) SE Runtime Environment (8.0_25-b18) (build 1.8.0_25-b18)
# Java VM: Java HotSpot(TM) 64-Bit Server VM (25.25-b02 mixed mode windows-amd64 compressed oops)
# Failed to write core dump. Minidumps are not enabled by default on client versions of Windows
#

---------------  T H R E A D  ---------------

Current thread (0x000000005647b000):  JavaThread "C1 CompilerThread2" daemon [_thread_in_native, id=11860, stack(0x0000000056df0000,0x0000000056ef0000)]

Stack: [0x0000000056df0000,0x0000000056ef0000]
Native frames: (J=compiled Java code, j=interpreted, Vv=VM code, C=native code)
V  [jvm.dll+0x31667a]


Current CompileTask:
C1:   7212 2042  s    3       java.io.BufferedOutputStream::write (67 bytes)


---------------  P R O C E S S  ---------------

Java Threads: ( => current thread )
  0x00000000580e0800 JavaThread "Thread-8" daemon [_thread_blocked, id=1596, stack(0x00000000596f0000,0x00000000597f0000)]
  0x00000000580df800 JavaThread "Thread-7" daemon [_thread_blocked, id=5888, stack(0x00000000595a0000,0x00000000596a0000)]
  0x00000000564f3800 JavaThread "Service Thread" daemon [_thread_blocked, id=6932, stack(0x0000000057000000,0x0000000057100000)]
=>0x000000005647b000 JavaThread "C1 CompilerThread2" daemon [_thread_in_native, id=11860, stack(0x0000000056df0000,0x0000000056ef0000)]
  0x0000000056478800 JavaThread "C2 CompilerThread1" daemon [_thread_blocked, id=5048, stack(0x0000000056870000,0x0000000056970000)]
  0x0000000056472800 JavaThread "C2 CompilerThread0" daemon [_thread_blocked, id=5116, stack(0x0000000056b90000,0x0000000056c90000)]
  0x0000000055084000 JavaThread "Attach Listener" daemon [_thread_blocked, id=10140, stack(0x00000000569e0000,0x0000000056ae0000)]
  0x0000000055082800 JavaThread "Signal Dispatcher" daemon [_thread_blocked, id=4348, stack(0x0000000055fd0000,0x00000000560d0000)]
  0x0000000055024800 JavaThread "Finalizer" daemon [_thread_blocked, id=7280, stack(0x0000000056370000,0x0000000056470000)]
  0x000000005501b800 JavaThread "Reference Handler" daemon [_thread_blocked, id=7284, stack(0x00000000561a0000,0x00000000562a0000)]
  0x00000000021df000 JavaThread "main" [_thread_in_native, id=10360, stack(0x00000000023a0000,0x00000000024a0000)]

Other Threads:
  0x0000000055016000 VMThread [stack: 0x0000000055eb0000,0x0000000055fb0000] [id=4740]
  0x00000000564f7000 WatcherThread [stack: 0x00000000571c0000,0x00000000572c0000] [id=2364]

VM state:not at safepoint (normal execution)

VM Mutex/Monitor currently owned by a thread: None

Heap:
 PSYoungGen      total 35328K, used 23812K [0x00000000eb200000, 0x00000000efb00000, 0x0000000100000000)
  eden space 32768K, 64% used [0x00000000eb200000,0x00000000ec6c53d8,0x00000000ed200000)
  from space 2560K, 99% used [0x00000000ed200000,0x00000000ed47c010,0x00000000ed480000)
  to   space 4608K, 0% used [0x00000000ef680000,0x00000000ef680000,0x00000000efb00000)
 ParOldGen       total 44032K, used 7304K [0x00000000c1600000, 0x00000000c4100000, 0x00000000eb200000)
  object space 44032K, 16% used [0x00000000c1600000,0x00000000c1d22060,0x00000000c4100000)
 Metaspace       used 18295K, capacity 18724K, committed 19072K, reserved 1067008K
  class space    used 2220K, capacity 2366K, committed 2432K, reserved 1048576K

Card table byte_map: [0x0000000011b30000,0x0000000011d30000] byte_map_base: 0x0000000011525000

Marking Bits: (ParMarkBitMap*) 0x000000006132d490
 Begin Bits: [0x0000000012540000, 0x00000000134e8000)
 End Bits:   [0x00000000134e8000, 0x0000000014490000)

Polling page: 0x0000000000430000

CodeCache: size=245760Kb used=7654Kb max_used=7673Kb free=238105Kb
 bounds [0x0000000002770000, 0x0000000002f00000, 0x0000000011770000]
 total_blobs=2395 nmethods=2041 adapters=267
 compilation: enabled

Compilation events (10 events):
Event: 3.374 Thread 0x000000005647b000 nmethod 2040 0x0000000002ee4850 code [0x0000000002ee4a20, 0x0000000002ee5308]
Event: 3.378 Thread 0x0000000056472800 nmethod 2027 0x0000000002ee8ad0 code [0x0000000002ee8ce0, 0x0000000002ee9400]
Event: 3.378 Thread 0x0000000056472800 2030       4       sun.nio.cs.UTF_8$Decoder::decodeArrayLoop (691 bytes)
Event: 3.405 Thread 0x0000000056472800 nmethod 2030 0x0000000002eec310 code [0x0000000002eec5c0, 0x0000000002eed530]
Event: 3.405 Thread 0x0000000056472800 2026       4       java.nio.charset.CharsetEncoder::reset (11 bytes)
Event: 3.406 Thread 0x0000000056472800 nmethod 2026 0x0000000002ec9590 code [0x0000000002ec96e0, 0x0000000002ec9758]
Event: 3.457 Thread 0x0000000056478800 nmethod 2024 0x0000000002ef2510 code [0x0000000002ef2980, 0x0000000002ef4d80]
Event: 7.209 Thread 0x000000005647b000 2041       3       java.io.Writer::write (11 bytes)
Event: 7.209 Thread 0x000000005647b000 nmethod 2041 0x0000000002eebd50 code [0x0000000002eebec0, 0x0000000002eec1c8]
Event: 7.210 Thread 0x000000005647b000 2042  s    3       java.io.BufferedOutputStream::write (67 bytes)

GC Heap History (10 events):
Event: 0.817 GC heap before
{Heap before GC invocations=1 (full 0):
 PSYoungGen      total 18944K, used 16384K [0x00000000eb200000, 0x00000000ec700000, 0x0000000100000000)
  eden space 16384K, 100% used [0x00000000eb200000,0x00000000ec200000,0x00000000ec200000)
  from space 2560K, 0% used [0x00000000ec480000,0x00000000ec480000,0x00000000ec700000)
  to   space 2560K, 0% used [0x00000000ec200000,0x00000000ec200000,0x00000000ec480000)
 ParOldGen       total 44032K, used 0K [0x00000000c1600000, 0x00000000c4100000, 0x00000000eb200000)
  object space 44032K, 0% used [0x00000000c1600000,0x00000000c1600000,0x00000000c4100000)
 Metaspace       used 7004K, capacity 7318K, committed 7552K, reserved 1056768K
  class space    used 766K, capacity 837K, committed 896K, reserved 1048576K
Event: 0.823 GC heap after
Heap after GC invocations=1 (full 0):
 PSYoungGen      total 18944K, used 2534K [0x00000000eb200000, 0x00000000ec700000, 0x0000000100000000)
  eden space 16384K, 0% used [0x00000000eb200000,0x00000000eb200000,0x00000000ec200000)
  from space 2560K, 98% used [0x00000000ec200000,0x00000000ec4798b0,0x00000000ec480000)
  to   space 2560K, 0% used [0x00000000ec480000,0x00000000ec480000,0x00000000ec700000)
 ParOldGen       total 44032K, used 1821K [0x00000000c1600000, 0x00000000c4100000, 0x00000000eb200000)
  object space 44032K, 4% used [0x00000000c1600000,0x00000000c17c75e0,0x00000000c4100000)
 Metaspace       used 7004K, capacity 7318K, committed 7552K, reserved 1056768K
  class space    used 766K, capacity 837K, committed 896K, reserved 1048576K
}
Event: 1.216 GC heap before
{Heap before GC invocations=2 (full 0):
 PSYoungGen      total 18944K, used 18918K [0x00000000eb200000, 0x00000000ec700000, 0x0000000100000000)
  eden space 16384K, 100% used [0x00000000eb200000,0x00000000ec200000,0x00000000ec200000)
  from space 2560K, 98% used [0x00000000ec200000,0x00000000ec4798b0,0x00000000ec480000)
  to   space 2560K, 0% used [0x00000000ec480000,0x00000000ec480000,0x00000000ec700000)
 ParOldGen       total 44032K, used 1821K [0x00000000c1600000, 0x00000000c4100000, 0x00000000eb200000)
  object space 44032K, 4% used [0x00000000c1600000,0x00000000c17c75e0,0x00000000c4100000)
 Metaspace       used 10084K, capacity 10362K, committed 10496K, reserved 1058816K
  class space    used 1153K, capacity 1231K, committed 1280K, reserved 1048576K
Event: 1.221 GC heap after
Heap after GC invocations=2 (full 0):
 PSYoungGen      total 18944K, used 2544K [0x00000000eb200000, 0x00000000ec700000, 0x0000000100000000)
  eden space 16384K, 0% used [0x00000000eb200000,0x00000000eb200000,0x00000000ec200000)
  from space 2560K, 99% used [0x00000000ec480000,0x00000000ec6fc030,0x00000000ec700000)
  to   space 2560K, 0% used [0x00000000ec200000,0x00000000ec200000,0x00000000ec480000)
 ParOldGen       total 44032K, used 2855K [0x00000000c1600000, 0x00000000c4100000, 0x00000000eb200000)
  object space 44032K, 6% used [0x00000000c1600000,0x00000000c18c9d38,0x00000000c4100000)
 Metaspace       used 10084K, capacity 10362K, committed 10496K, reserved 1058816K
  class space    used 1153K, capacity 1231K, committed 1280K, reserved 1048576K
}
Event: 1.561 GC heap before
{Heap before GC invocations=3 (full 0):
 PSYoungGen      total 18944K, used 18928K [0x00000000eb200000, 0x00000000ec700000, 0x0000000100000000)
  eden space 16384K, 100% used [0x00000000eb200000,0x00000000ec200000,0x00000000ec200000)
  from space 2560K, 99% used [0x00000000ec480000,0x00000000ec6fc030,0x00000000ec700000)
  to   space 2560K, 0% used [0x00000000ec200000,0x00000000ec200000,0x00000000ec480000)
 ParOldGen       total 44032K, used 2855K [0x00000000c1600000, 0x00000000c4100000, 0x00000000eb200000)
  object space 44032K, 6% used [0x00000000c1600000,0x00000000c18c9d38,0x00000000c4100000)
 Metaspace       used 11436K, capacity 11862K, committed 12032K, reserved 1060864K
  class space    used 1329K, capacity 1457K, committed 1536K, reserved 1048576K
Event: 1.572 GC heap after
Heap after GC invocations=3 (full 0):
 PSYoungGen      total 18944K, used 2528K [0x00000000eb200000, 0x00000000ed700000, 0x0000000100000000)
  eden space 16384K, 0% used [0x00000000eb200000,0x00000000eb200000,0x00000000ec200000)
  from space 2560K, 98% used [0x00000000ec200000,0x00000000ec478040,0x00000000ec480000)
  to   space 2560K, 0% used [0x00000000ed480000,0x00000000ed480000,0x00000000ed700000)
 ParOldGen       total 44032K, used 4344K [0x00000000c1600000, 0x00000000c4100000, 0x00000000eb200000)
  object space 44032K, 9% used [0x00000000c1600000,0x00000000c1a3e030,0x00000000c4100000)
 Metaspace       used 11436K, capacity 11862K, committed 12032K, reserved 1060864K
  class space    used 1329K, capacity 1457K, committed 1536K, reserved 1048576K
}
Event: 1.979 GC heap before
{Heap before GC invocations=4 (full 0):
 PSYoungGen      total 18944K, used 18912K [0x00000000eb200000, 0x00000000ed700000, 0x0000000100000000)
  eden space 16384K, 100% used [0x00000000eb200000,0x00000000ec200000,0x00000000ec200000)
  from space 2560K, 98% used [0x00000000ec200000,0x00000000ec478040,0x00000000ec480000)
  to   space 2560K, 0% used [0x00000000ed480000,0x00000000ed480000,0x00000000ed700000)
 ParOldGen       total 44032K, used 4344K [0x00000000c1600000, 0x00000000c4100000, 0x00000000eb200000)
  object space 44032K, 9% used [0x00000000c1600000,0x00000000c1a3e030,0x00000000c4100000)
 Metaspace       used 12504K, capacity 12916K, committed 13184K, reserved 1060864K
  class space    used 1469K, capacity 1590K, committed 1664K, reserved 1048576K
Event: 1.987 GC heap after
Heap after GC invocations=4 (full 0):
 PSYoungGen      total 35328K, used 2528K [0x00000000eb200000, 0x00000000ed700000, 0x0000000100000000)
  eden space 32768K, 0% used [0x00000000eb200000,0x00000000eb200000,0x00000000ed200000)
  from space 2560K, 98% used [0x00000000ed480000,0x00000000ed6f8020,0x00000000ed700000)
  to   space 2560K, 0% used [0x00000000ed200000,0x00000000ed200000,0x00000000ed480000)
 ParOldGen       total 44032K, used 5634K [0x00000000c1600000, 0x00000000c4100000, 0x00000000eb200000)
  object space 44032K, 12% used [0x00000000c1600000,0x00000000c1b80a08,0x00000000c4100000)
 Metaspace       used 12504K, capacity 12916K, committed 13184K, reserved 1060864K
  class space    used 1469K, capacity 1590K, committed 1664K, reserved 1048576K
}
Event: 2.760 GC heap before
{Heap before GC invocations=5 (full 0):
 PSYoungGen      total 35328K, used 35296K [0x00000000eb200000, 0x00000000ed700000, 0x0000000100000000)
  eden space 32768K, 100% used [0x00000000eb200000,0x00000000ed200000,0x00000000ed200000)
  from space 2560K, 98% used [0x00000000ed480000,0x00000000ed6f8020,0x00000000ed700000)
  to   space 2560K, 0% used [0x00000000ed200000,0x00000000ed200000,0x00000000ed480000)
 ParOldGen       total 44032K, used 5634K [0x00000000c1600000, 0x00000000c4100000, 0x00000000eb200000)
  object space 44032K, 12% used [0x00000000c1600000,0x00000000c1b80a08,0x00000000c4100000)
 Metaspace       used 16072K, capacity 16536K, committed 16768K, reserved 1064960K
  class space    used 1970K, capacity 2108K, committed 2176K, reserved 1048576K
Event: 2.799 GC heap after
Heap after GC invocations=5 (full 0):
 PSYoungGen      total 35328K, used 2544K [0x00000000eb200000, 0x00000000efb00000, 0x0000000100000000)
  eden space 32768K, 0% used [0x00000000eb200000,0x00000000eb200000,0x00000000ed200000)
  from space 2560K, 99% used [0x00000000ed200000,0x00000000ed47c010,0x00000000ed480000)
  to   space 4608K, 0% used [0x00000000ef680000,0x00000000ef680000,0x00000000efb00000)
 ParOldGen       total 44032K, used 7304K [0x00000000c1600000, 0x00000000c4100000, 0x00000000eb200000)
  object space 44032K, 16% used [0x00000000c1600000,0x00000000c1d22060,0x00000000c4100000)
 Metaspace       used 16072K, capacity 16536K, committed 16768K, reserved 1064960K
  class space    used 1970K, capacity 2108K, committed 2176K, reserved 1048576K
}

Deoptimization events (10 events):
Event: 2.888 Thread 0x00000000021df000 Uncommon trap: reason=class_check action=maybe_recompile pc=0x00000000029db4f4 method=sun.misc.URLClassPath.getLoader(I)Lsun/misc/URLClassPath$Loader; @ 94
Event: 2.917 Thread 0x00000000021df000 Uncommon trap: reason=class_check action=maybe_recompile pc=0x00000000029c2ce0 method=java.util.Collections$UnmodifiableCollection$1.<init>(Ljava/util/Collections$UnmodifiableCollection;)V @ 17
Event: 2.917 Thread 0x00000000021df000 Uncommon trap: reason=class_check action=maybe_recompile pc=0x00000000029b39c0 method=java.util.Collections$UnmodifiableCollection$1.next()Ljava/lang/Object; @ 4
Event: 2.973 Thread 0x00000000021df000 Uncommon trap: reason=class_check action=maybe_recompile pc=0x00000000029b39c0 method=java.util.Collections$UnmodifiableCollection$1.next()Ljava/lang/Object; @ 4
Event: 2.993 Thread 0x00000000021df000 Uncommon trap: reason=class_check action=maybe_recompile pc=0x00000000029c2ce0 method=java.util.Collections$UnmodifiableCollection$1.<init>(Ljava/util/Collections$UnmodifiableCollection;)V @ 17
Event: 3.254 Thread 0x00000000021df000 Uncommon trap: reason=class_check action=maybe_recompile pc=0x0000000002b5beec method=java.util.HashMap.putVal(ILjava/lang/Object;Ljava/lang/Object;ZZ)Ljava/lang/Object; @ 253
Event: 3.281 Thread 0x00000000021df000 Uncommon trap: reason=class_check action=maybe_recompile pc=0x0000000002b5beec method=java.util.HashMap.putVal(ILjava/lang/Object;Ljava/lang/Object;ZZ)Ljava/lang/Object; @ 253
Event: 3.282 Thread 0x00000000021df000 Uncommon trap: reason=class_check action=maybe_recompile pc=0x0000000002b5beec method=java.util.HashMap.putVal(ILjava/lang/Object;Ljava/lang/Object;ZZ)Ljava/lang/Object; @ 253
Event: 3.308 Thread 0x00000000021df000 Uncommon trap: reason=class_check action=maybe_recompile pc=0x0000000002b5beec method=java.util.HashMap.putVal(ILjava/lang/Object;Ljava/lang/Object;ZZ)Ljava/lang/Object; @ 253
Event: 3.309 Thread 0x00000000021df000 Uncommon trap: reason=class_check action=maybe_recompile pc=0x0000000002b60458 method=java.util.HashMap.putVal(ILjava/lang/Object;Ljava/lang/Object;ZZ)Ljava/lang/Object; @ 253

Internal exceptions (10 events):
Event: 3.362 Thread 0x00000000021df000 Exception <a 'java/security/PrivilegedActionException'> (0x00000000ec5208e0) thrown at [D:\re\workspace\8-2-build-windows-amd64-cygwin\jdk8u25\1677\hotspot\src\share\vm\prims\jvm.cpp, line 1312]
Event: 3.363 Thread 0x00000000021df000 Exception <a 'java/security/PrivilegedActionException'> (0x00000000ec529530) thrown at [D:\re\workspace\8-2-build-windows-amd64-cygwin\jdk8u25\1677\hotspot\src\share\vm\prims\jvm.cpp, line 1312]
Event: 3.363 Thread 0x00000000021df000 Exception <a 'java/security/PrivilegedActionException'> (0x00000000ec52a4a0) thrown at [D:\re\workspace\8-2-build-windows-amd64-cygwin\jdk8u25\1677\hotspot\src\share\vm\prims\jvm.cpp, line 1312]
Event: 3.363 Thread 0x00000000021df000 Exception <a 'java/security/PrivilegedActionException'> (0x00000000ec52d090) thrown at [D:\re\workspace\8-2-build-windows-amd64-cygwin\jdk8u25\1677\hotspot\src\share\vm\prims\jvm.cpp, line 1312]
Event: 3.363 Thread 0x00000000021df000 Exception <a 'java/security/PrivilegedActionException'> (0x00000000ec534560) thrown at [D:\re\workspace\8-2-build-windows-amd64-cygwin\jdk8u25\1677\hotspot\src\share\vm\prims\jvm.cpp, line 1312]
Event: 3.363 Thread 0x00000000021df000 Exception <a 'java/security/PrivilegedActionException'> (0x00000000ec5354c0) thrown at [D:\re\workspace\8-2-build-windows-amd64-cygwin\jdk8u25\1677\hotspot\src\share\vm\prims\jvm.cpp, line 1312]
Event: 3.364 Thread 0x00000000021df000 Exception <a 'java/security/PrivilegedActionException'> (0x00000000ec537ff0) thrown at [D:\re\workspace\8-2-build-windows-amd64-cygwin\jdk8u25\1677\hotspot\src\share\vm\prims\jvm.cpp, line 1312]
Event: 3.365 Thread 0x00000000021df000 Exception <a 'java/security/PrivilegedActionException'> (0x00000000ec53eda8) thrown at [D:\re\workspace\8-2-build-windows-amd64-cygwin\jdk8u25\1677\hotspot\src\share\vm\prims\jvm.cpp, line 1312]
Event: 3.365 Thread 0x00000000021df000 Exception <a 'java/security/PrivilegedActionException'> (0x00000000ec53fd08) thrown at [D:\re\workspace\8-2-build-windows-amd64-cygwin\jdk8u25\1677\hotspot\src\share\vm\prims\jvm.cpp, line 1312]
Event: 3.366 Thread 0x00000000021df000 Exception <a 'java/security/PrivilegedActionException'> (0x00000000ec542b88) thrown at [D:\re\workspace\8-2-build-windows-amd64-cygwin\jdk8u25\1677\hotspot\src\share\vm\prims\jvm.cpp, line 1312]

Events (10 events):
Event: 3.365 loading class com/google/common/hash/HashCode$LongHashCode
Event: 3.365 loading class com/google/common/hash/HashCode$LongHashCode done
Event: 3.368 Thread 0x00000000021df000 DEOPT PACKING pc=0x0000000002b22ceb sp=0x000000000249b8e0
Event: 3.368 Thread 0x00000000021df000 DEOPT UNPACKING pc=0x00000000027b75bf sp=0x000000000249b6e0 mode 0
Event: 3.369 Thread 0x00000000021df000 DEOPT PACKING pc=0x0000000002b22ceb sp=0x000000000249b8e0
Event: 3.369 Thread 0x00000000021df000 DEOPT UNPACKING pc=0x00000000027b75bf sp=0x000000000249b6e0 mode 0
Event: 3.380 Thread 0x00000000580df800 Thread added: 0x00000000580df800
Event: 3.380 Thread 0x00000000580e0800 Thread added: 0x00000000580e0800
Event: 4.233 Executing VM operation: EnableBiasedLocking
Event: 4.234 Executing VM operation: EnableBiasedLocking done


Dynamic libraries:
0x000000013f050000 - 0x000000013f084000 	C:\Program Files\Java\jdk1.8.0_25\bin\java.exe
0x0000000077020000 - 0x00000000771c9000 	C:\Windows\SYSTEM32\ntdll.dll
0x0000000076e00000 - 0x0000000076f1f000 	C:\Windows\system32\kernel32.dll
0x000007fefc410000 - 0x000007fefc47c000 	C:\Windows\system32\KERNELBASE.dll
0x000007fefe1b0000 - 0x000007fefe28b000 	C:\Windows\system32\ADVAPI32.dll
0x000007fefe470000 - 0x000007fefe50f000 	C:\Windows\system32\msvcrt.dll
0x000007fefce50000 - 0x000007fefce6f000 	C:\Windows\SYSTEM32\sechost.dll
0x000007fefe510000 - 0x000007fefe63d000 	C:\Windows\system32\RPCRT4.dll
0x0000000076f20000 - 0x000000007701a000 	C:\Windows\system32\USER32.dll
0x000007fefc990000 - 0x000007fefc9f7000 	C:\Windows\system32\GDI32.dll
0x000007fefe410000 - 0x000007fefe41e000 	C:\Windows\system32\LPK.dll
0x000007fefce70000 - 0x000007fefcf39000 	C:\Windows\system32\USP10.dll
0x000007fefa610000 - 0x000007fefa804000 	C:\Windows\WinSxS\amd64_microsoft.windows.common-controls_6595b64144ccf1df_6.0.7601.17514_none_fa396087175ac9ac\COMCTL32.dll
0x000007fefc5a0000 - 0x000007fefc611000 	C:\Windows\system32\SHLWAPI.dll
0x000007fefe180000 - 0x000007fefe1ae000 	C:\Windows\system32\IMM32.DLL
0x000007fefc880000 - 0x000007fefc989000 	C:\Windows\system32\MSCTF.dll
0x00000000688a0000 - 0x0000000068972000 	C:\Program Files\Java\jdk1.8.0_25\jre\bin\msvcr100.dll
0x0000000060b50000 - 0x00000000613aa000 	C:\Program Files\Java\jdk1.8.0_25\jre\bin\server\jvm.dll
0x000007fef8bb0000 - 0x000007fef8bb9000 	C:\Windows\system32\WSOCK32.dll
0x000007fefe420000 - 0x000007fefe46d000 	C:\Windows\system32\WS2_32.dll
0x000007fefcf40000 - 0x000007fefcf48000 	C:\Windows\system32\NSI.dll
0x000007fef6710000 - 0x000007fef674b000 	C:\Windows\system32\WINMM.dll
0x00000000771f0000 - 0x00000000771f7000 	C:\Windows\system32\PSAPI.DLL
0x0000000069910000 - 0x000000006991f000 	C:\Program Files\Java\jdk1.8.0_25\jre\bin\verify.dll
0x00000000698e0000 - 0x0000000069908000 	C:\Program Files\Java\jdk1.8.0_25\jre\bin\java.dll
0x0000000069800000 - 0x0000000069816000 	C:\Program Files\Java\jdk1.8.0_25\jre\bin\zip.dll
0x000007fefd3f0000 - 0x000007fefe178000 	C:\Windows\system32\SHELL32.dll
0x000007fefca00000 - 0x000007fefcc03000 	C:\Windows\system32\ole32.dll
0x000007fefc140000 - 0x000007fefc14f000 	C:\Windows\system32\profapi.dll
0x000007fefbf80000 - 0x000007fefbfd7000 	C:\Windows\system32\apphelp.dll

VM Arguments:
jvm_args: -Dant.home=C:\NetBeans 8.0\extide\ant\bin\.. 
java_command: org.apache.tools.ant.launch.Launcher debug -f C:\Users\Jason\Documents\NetBeansProjects\CordovaTest\platforms\android\build.xml -Dout.dir ant-build -Dgen.absolute.dir ant-gen
java_class_path (initial): C:\NetBeans 8.0\extide\ant\bin\..\lib\ant-launcher.jar
Launcher Type: SUN_STANDARD

Environment Variables:
JAVA_HOME=C:\Program Files\Java\jdk1.8.0_25
PATH=C:\ProgramData\Oracle\Java\javapath;C:\Program Files\Common Files\Microsoft Shared\Windows Live;C:\Program Files (x86)\Common Files\Microsoft Shared\Windows Live;C:\Windows\system32;C:\Windows;C:\Windows\System32\Wbem;C:\Windows\System32\WindowsPowerShell\v1.0;C:\Program Files (x86)\Intel\OpenCL SDK\2.0\bin\x86;C:\Program Files (x86)\Intel\OpenCL SDK\2.0\bin\x64;C:\Program Files (x86)\Windows Live\Shared;C:\Program Files\Microsoft SQL Server\110\Tools\Binn;C:\Program Files\nodejs;C:\Program Files (x86)\Git\cmd;C:\Program Files (x86)\SSH Communications Security\SSH Secure Shell;C:\Program Files\Java\jdk1.7.0_07\bin;C:\glassfish4\glassfish\bin;C:\Program Files (x86)\OpenVPN\bin;C:\Users\Jason\AppData\Roaming\npm;C:\Users\Jason\Desktop\adt-bundle-windows-x86_64-20140702\sdk\tools;C:\Users\Jason\Desktop\adt-bundle-windows-x86_64-20140702\sdk\platform-tools;C:\Program Files\Java\jdk1.8.0_25\bin;C:\NetBeans 8.0\extide\ant\bin
USERNAME=Jason
OS=Windows_NT
PROCESSOR_IDENTIFIER=Intel64 Family 6 Model 58 Stepping 9, GenuineIntel



---------------  S Y S T E M  ---------------

OS: Windows 7 , 64 bit Build 7601 Service Pack 1

CPU:total 4 (2 cores per cpu, 2 threads per core) family 6 model 58 stepping 9, cmov, cx8, fxsr, mmx, sse, sse2, sse3, ssse3, sse4.1, sse4.2, popcnt, avx, aes, clmul, erms, ht, tsc, tscinvbit, tscinv

Memory: 4k page, physical 4098764k(303848k free), swap 6960956k(5140k free)

vm_info: Java HotSpot(TM) 64-Bit Server VM (25.25-b02) for windows-amd64 JRE (1.8.0_25-b18), built on Oct  7 2014 14:25:37 by "java_re" with MS VC++ 10.0 (VS2010)

time: Sat Nov 01 16:49:21 2014
elapsed time: 7 seconds (0d 0h 0m 7s)

