#
# There is insufficient memory for the Java Runtime Environment to continue.
# Native memory allocation (malloc) failed to allocate 32744 bytes for ChunkPool::allocate
# Possible reasons:
#   The system is out of physical RAM or swap space
#   In 32 bit mode, the process size limit was hit
# Possible solutions:
#   Reduce memory load on the system
#   Increase physical memory or swap space
#   Check if swap backing store is full
#   Use 64 bit Java on a 64 bit OS
#   Decrease Java heap size (-Xmx/-Xms)
#   Decrease number of Java threads
#   Decrease Java thread stack sizes (-Xss)
#   Set larger code cache with -XX:ReservedCodeCacheSize=
# This output file may be truncated or incomplete.
#
#  Out of Memory Error (allocation.cpp:273), pid=9304, tid=11004
#
# JRE version: Java(TM) SE Runtime Environment (8.0_25-b18) (build 1.8.0_25-b18)
# Java VM: Java HotSpot(TM) 64-Bit Server VM (25.25-b02 mixed mode windows-amd64 compressed oops)
# Failed to write core dump. Minidumps are not enabled by default on client versions of Windows
#

---------------  T H R E A D  ---------------

Current thread (0x00000000563ab000):  JavaThread "C1 CompilerThread2" daemon [_thread_in_native, id=11004, stack(0x0000000056f10000,0x0000000057010000)]

Stack: [0x0000000056f10000,0x0000000057010000]
Native frames: (J=compiled Java code, j=interpreted, Vv=VM code, C=native code)
V  [jvm.dll+0x31667a]


Current CompileTask:
C1:   5540 2236  s    3       java.io.BufferedOutputStream::write (67 bytes)


---------------  P R O C E S S  ---------------

Java Threads: ( => current thread )
  0x000000005792f800 JavaThread "Thread-8" daemon [_thread_blocked, id=5104, stack(0x0000000059690000,0x0000000059790000)]
  0x000000005792e800 JavaThread "Thread-7" daemon [_thread_in_Java, id=7052, stack(0x0000000059590000,0x0000000059690000)]
  0x000000005642e000 JavaThread "Service Thread" daemon [_thread_blocked, id=1296, stack(0x00000000570d0000,0x00000000571d0000)]
=>0x00000000563ab000 JavaThread "C1 CompilerThread2" daemon [_thread_in_native, id=11004, stack(0x0000000056f10000,0x0000000057010000)]
  0x00000000563a8000 JavaThread "C2 CompilerThread1" daemon [_thread_blocked, id=2716, stack(0x0000000056ad0000,0x0000000056bd0000)]
  0x00000000563a2800 JavaThread "C2 CompilerThread0" daemon [_thread_blocked, id=5908, stack(0x0000000056c30000,0x0000000056d30000)]
  0x0000000055176000 JavaThread "Attach Listener" daemon [_thread_blocked, id=2864, stack(0x0000000056980000,0x0000000056a80000)]
  0x0000000055174800 JavaThread "Signal Dispatcher" daemon [_thread_blocked, id=6772, stack(0x00000000567d0000,0x00000000568d0000)]
  0x0000000055114800 JavaThread "Finalizer" daemon [_thread_blocked, id=8412, stack(0x0000000056180000,0x0000000056280000)]
  0x000000005510b800 JavaThread "Reference Handler" daemon [_thread_blocked, id=10768, stack(0x00000000562a0000,0x00000000563a0000)]
  0x000000000215f000 JavaThread "main" [_thread_in_native, id=10448, stack(0x0000000002470000,0x0000000002570000)]

Other Threads:
  0x0000000055106000 VMThread [stack: 0x0000000056020000,0x0000000056120000] [id=7984]
  0x0000000056431000 WatcherThread [stack: 0x0000000057270000,0x0000000057370000] [id=6648]

VM state:not at safepoint (normal execution)

VM Mutex/Monitor currently owned by a thread: None

Heap:
 PSYoungGen      total 35328K, used 25224K [0x00000000eb200000, 0x00000000efb00000, 0x0000000100000000)
  eden space 32768K, 69% used [0x00000000eb200000,0x00000000ec826140,0x00000000ed200000)
  from space 2560K, 99% used [0x00000000ed200000,0x00000000ed47c010,0x00000000ed480000)
  to   space 4608K, 0% used [0x00000000ef680000,0x00000000ef680000,0x00000000efb00000)
 ParOldGen       total 44032K, used 7336K [0x00000000c1600000, 0x00000000c4100000, 0x00000000eb200000)
  object space 44032K, 16% used [0x00000000c1600000,0x00000000c1d2a208,0x00000000c4100000)
 Metaspace       used 18500K, capacity 18932K, committed 19072K, reserved 1067008K
  class space    used 2225K, capacity 2366K, committed 2432K, reserved 1048576K

Card table byte_map: [0x0000000011c00000,0x0000000011e00000] byte_map_base: 0x00000000115f5000

Marking Bits: (ParMarkBitMap*) 0x000000006132d490
 Begin Bits: [0x0000000012630000, 0x00000000135d8000)
 End Bits:   [0x00000000135d8000, 0x0000000014580000)

Polling page: 0x0000000000430000

CodeCache: size=245760Kb used=8091Kb max_used=8109Kb free=237669Kb
 bounds [0x0000000002840000, 0x0000000003040000, 0x0000000011840000]
 total_blobs=2590 nmethods=2234 adapters=269
 compilation: enabled

Compilation events (10 events):
Event: 3.492 Thread 0x00000000563ab000 nmethod 2234 0x0000000003021d90 code [0x0000000003021f20, 0x00000000030222a8]
Event: 3.492 Thread 0x00000000563ab000 2233       2       java.nio.charset.CharsetEncoder::implReset (1 bytes)
Event: 3.492 Thread 0x00000000563ab000 nmethod 2233 0x0000000003021a90 code [0x0000000003021be0, 0x0000000003021d30]
Event: 3.494 Thread 0x00000000563a2800 nmethod 2226 0x0000000003021590 code [0x00000000030216e0, 0x0000000003021918]
Event: 3.494 Thread 0x00000000563a2800 2227       4       java.nio.charset.CharsetEncoder::maxBytesPerChar (5 bytes)
Event: 3.494 Thread 0x00000000563a2800 nmethod 2227 0x0000000003026ad0 code [0x0000000003026c00, 0x0000000003026c58]
Event: 3.566 Thread 0x00000000563a8000 nmethod 2225 0x000000000302d490 code [0x000000000302d900, 0x000000000302fd00]
Event: 5.537 Thread 0x00000000563ab000 2235       3       java.io.Writer::write (11 bytes)
Event: 5.537 Thread 0x00000000563ab000 nmethod 2235 0x0000000003020fd0 code [0x0000000003021140, 0x0000000003021448]
Event: 5.537 Thread 0x00000000563ab000 2236  s    3       java.io.BufferedOutputStream::write (67 bytes)

GC Heap History (10 events):
Event: 0.738 GC heap before
{Heap before GC invocations=1 (full 0):
 PSYoungGen      total 18944K, used 16384K [0x00000000eb200000, 0x00000000ec700000, 0x0000000100000000)
  eden space 16384K, 100% used [0x00000000eb200000,0x00000000ec200000,0x00000000ec200000)
  from space 2560K, 0% used [0x00000000ec480000,0x00000000ec480000,0x00000000ec700000)
  to   space 2560K, 0% used [0x00000000ec200000,0x00000000ec200000,0x00000000ec480000)
 ParOldGen       total 44032K, used 0K [0x00000000c1600000, 0x00000000c4100000, 0x00000000eb200000)
  object space 44032K, 0% used [0x00000000c1600000,0x00000000c1600000,0x00000000c4100000)
 Metaspace       used 7005K, capacity 7270K, committed 7552K, reserved 1056768K
  class space    used 766K, capacity 837K, committed 896K, reserved 1048576K
Event: 0.744 GC heap after
Heap after GC invocations=1 (full 0):
 PSYoungGen      total 18944K, used 2549K [0x00000000eb200000, 0x00000000ec700000, 0x0000000100000000)
  eden space 16384K, 0% used [0x00000000eb200000,0x00000000eb200000,0x00000000ec200000)
  from space 2560K, 99% used [0x00000000ec200000,0x00000000ec47d448,0x00000000ec480000)
  to   space 2560K, 0% used [0x00000000ec480000,0x00000000ec480000,0x00000000ec700000)
 ParOldGen       total 44032K, used 1747K [0x00000000c1600000, 0x00000000c4100000, 0x00000000eb200000)
  object space 44032K, 3% used [0x00000000c1600000,0x00000000c17b4cd8,0x00000000c4100000)
 Metaspace       used 7005K, capacity 7270K, committed 7552K, reserved 1056768K
  class space    used 766K, capacity 837K, committed 896K, reserved 1048576K
}
Event: 1.149 GC heap before
{Heap before GC invocations=2 (full 0):
 PSYoungGen      total 18944K, used 18933K [0x00000000eb200000, 0x00000000ec700000, 0x0000000100000000)
  eden space 16384K, 100% used [0x00000000eb200000,0x00000000ec200000,0x00000000ec200000)
  from space 2560K, 99% used [0x00000000ec200000,0x00000000ec47d448,0x00000000ec480000)
  to   space 2560K, 0% used [0x00000000ec480000,0x00000000ec480000,0x00000000ec700000)
 ParOldGen       total 44032K, used 1747K [0x00000000c1600000, 0x00000000c4100000, 0x00000000eb200000)
  object space 44032K, 3% used [0x00000000c1600000,0x00000000c17b4cd8,0x00000000c4100000)
 Metaspace       used 10122K, capacity 10442K, committed 10496K, reserved 1058816K
  class space    used 1154K, capacity 1231K, committed 1280K, reserved 1048576K
Event: 1.155 GC heap after
Heap after GC invocations=2 (full 0):
 PSYoungGen      total 18944K, used 2544K [0x00000000eb200000, 0x00000000ed700000, 0x0000000100000000)
  eden space 16384K, 0% used [0x00000000eb200000,0x00000000eb200000,0x00000000ec200000)
  from space 2560K, 99% used [0x00000000ec480000,0x00000000ec6fc010,0x00000000ec700000)
  to   space 2560K, 0% used [0x00000000ec200000,0x00000000ec200000,0x00000000ec480000)
 ParOldGen       total 44032K, used 2870K [0x00000000c1600000, 0x00000000c4100000, 0x00000000eb200000)
  object space 44032K, 6% used [0x00000000c1600000,0x00000000c18cdbf0,0x00000000c4100000)
 Metaspace       used 10122K, capacity 10442K, committed 10496K, reserved 1058816K
  class space    used 1154K, capacity 1231K, committed 1280K, reserved 1048576K
}
Event: 1.447 GC heap before
{Heap before GC invocations=3 (full 0):
 PSYoungGen      total 18944K, used 18928K [0x00000000eb200000, 0x00000000ed700000, 0x0000000100000000)
  eden space 16384K, 100% used [0x00000000eb200000,0x00000000ec200000,0x00000000ec200000)
  from space 2560K, 99% used [0x00000000ec480000,0x00000000ec6fc010,0x00000000ec700000)
  to   space 2560K, 0% used [0x00000000ec200000,0x00000000ec200000,0x00000000ec480000)
 ParOldGen       total 44032K, used 2870K [0x00000000c1600000, 0x00000000c4100000, 0x00000000eb200000)
  object space 44032K, 6% used [0x00000000c1600000,0x00000000c18cdbf0,0x00000000c4100000)
 Metaspace       used 11453K, capacity 11942K, committed 12288K, reserved 1060864K
  class space    used 1329K, capacity 1457K, committed 1536K, reserved 1048576K
Event: 1.451 GC heap after
Heap after GC invocations=3 (full 0):
 PSYoungGen      total 18944K, used 2528K [0x00000000eb200000, 0x00000000ed700000, 0x0000000100000000)
  eden space 16384K, 0% used [0x00000000eb200000,0x00000000eb200000,0x00000000ec200000)
  from space 2560K, 98% used [0x00000000ec200000,0x00000000ec478040,0x00000000ec480000)
  to   space 2560K, 0% used [0x00000000ed480000,0x00000000ed480000,0x00000000ed700000)
 ParOldGen       total 44032K, used 4517K [0x00000000c1600000, 0x00000000c4100000, 0x00000000eb200000)
  object space 44032K, 10% used [0x00000000c1600000,0x00000000c1a69668,0x00000000c4100000)
 Metaspace       used 11453K, capacity 11942K, committed 12288K, reserved 1060864K
  class space    used 1329K, capacity 1457K, committed 1536K, reserved 1048576K
}
Event: 1.832 GC heap before
{Heap before GC invocations=4 (full 0):
 PSYoungGen      total 18944K, used 18912K [0x00000000eb200000, 0x00000000ed700000, 0x0000000100000000)
  eden space 16384K, 100% used [0x00000000eb200000,0x00000000ec200000,0x00000000ec200000)
  from space 2560K, 98% used [0x00000000ec200000,0x00000000ec478040,0x00000000ec480000)
  to   space 2560K, 0% used [0x00000000ed480000,0x00000000ed480000,0x00000000ed700000)
 ParOldGen       total 44032K, used 4517K [0x00000000c1600000, 0x00000000c4100000, 0x00000000eb200000)
  object space 44032K, 10% used [0x00000000c1600000,0x00000000c1a69668,0x00000000c4100000)
 Metaspace       used 12518K, capacity 12996K, committed 13184K, reserved 1060864K
  class space    used 1469K, capacity 1590K, committed 1664K, reserved 1048576K
Event: 1.841 GC heap after
Heap after GC invocations=4 (full 0):
 PSYoungGen      total 35328K, used 2544K [0x00000000eb200000, 0x00000000ed700000, 0x0000000100000000)
  eden space 32768K, 0% used [0x00000000eb200000,0x00000000eb200000,0x00000000ed200000)
  from space 2560K, 99% used [0x00000000ed480000,0x00000000ed6fc010,0x00000000ed700000)
  to   space 2560K, 0% used [0x00000000ed200000,0x00000000ed200000,0x00000000ed480000)
 ParOldGen       total 44032K, used 5812K [0x00000000c1600000, 0x00000000c4100000, 0x00000000eb200000)
  object space 44032K, 13% used [0x00000000c1600000,0x00000000c1bad088,0x00000000c4100000)
 Metaspace       used 12518K, capacity 12996K, committed 13184K, reserved 1060864K
  class space    used 1469K, capacity 1590K, committed 1664K, reserved 1048576K
}
Event: 2.891 GC heap before
{Heap before GC invocations=5 (full 0):
 PSYoungGen      total 35328K, used 35312K [0x00000000eb200000, 0x00000000ed700000, 0x0000000100000000)
  eden space 32768K, 100% used [0x00000000eb200000,0x00000000ed200000,0x00000000ed200000)
  from space 2560K, 99% used [0x00000000ed480000,0x00000000ed6fc010,0x00000000ed700000)
  to   space 2560K, 0% used [0x00000000ed200000,0x00000000ed200000,0x00000000ed480000)
 ParOldGen       total 44032K, used 5812K [0x00000000c1600000, 0x00000000c4100000, 0x00000000eb200000)
  object space 44032K, 13% used [0x00000000c1600000,0x00000000c1bad088,0x00000000c4100000)
 Metaspace       used 16027K, capacity 16488K, committed 16768K, reserved 1064960K
  class space    used 1965K, capacity 2108K, committed 2176K, reserved 1048576K
Event: 2.916 GC heap after
Heap after GC invocations=5 (full 0):
 PSYoungGen      total 35328K, used 2544K [0x00000000eb200000, 0x00000000efb00000, 0x0000000100000000)
  eden space 32768K, 0% used [0x00000000eb200000,0x00000000eb200000,0x00000000ed200000)
  from space 2560K, 99% used [0x00000000ed200000,0x00000000ed47c010,0x00000000ed480000)
  to   space 4608K, 0% used [0x00000000ef680000,0x00000000ef680000,0x00000000efb00000)
 ParOldGen       total 44032K, used 7336K [0x00000000c1600000, 0x00000000c4100000, 0x00000000eb200000)
  object space 44032K, 16% used [0x00000000c1600000,0x00000000c1d2a208,0x00000000c4100000)
 Metaspace       used 16027K, capacity 16488K, committed 16768K, reserved 1064960K
  class space    used 1965K, capacity 2108K, committed 2176K, reserved 1048576K
}

Deoptimization events (10 events):
Event: 3.068 Thread 0x000000000215f000 Uncommon trap: reason=class_check action=maybe_recompile pc=0x0000000002a8f660 method=java.util.Collections$UnmodifiableCollection$1.<init>(Ljava/util/Collections$UnmodifiableCollection;)V @ 17
Event: 3.069 Thread 0x000000000215f000 Uncommon trap: reason=class_check action=maybe_recompile pc=0x0000000002a88900 method=java.util.Collections$UnmodifiableCollection$1.next()Ljava/lang/Object; @ 4
Event: 3.130 Thread 0x000000000215f000 Uncommon trap: reason=class_check action=maybe_recompile pc=0x0000000002a8f660 method=java.util.Collections$UnmodifiableCollection$1.<init>(Ljava/util/Collections$UnmodifiableCollection;)V @ 17
Event: 3.331 Thread 0x000000000215f000 Uncommon trap: reason=class_check action=maybe_recompile pc=0x0000000002c38c2c method=java.util.HashMap.putVal(ILjava/lang/Object;Ljava/lang/Object;ZZ)Ljava/lang/Object; @ 253
Event: 3.353 Thread 0x000000000215f000 Uncommon trap: reason=class_check action=maybe_recompile pc=0x0000000002c38c2c method=java.util.HashMap.putVal(ILjava/lang/Object;Ljava/lang/Object;ZZ)Ljava/lang/Object; @ 253
Event: 3.354 Thread 0x000000000215f000 Uncommon trap: reason=class_check action=maybe_recompile pc=0x0000000002c38c2c method=java.util.HashMap.putVal(ILjava/lang/Object;Ljava/lang/Object;ZZ)Ljava/lang/Object; @ 253
Event: 3.382 Thread 0x000000000215f000 Uncommon trap: reason=bimorphic action=maybe_recompile pc=0x0000000002f9d2f4 method=com.sun.tools.javac.code.Types$UnaryVisitor.visit(Lcom/sun/tools/javac/code/Type;)Ljava/lang/Object; @ 3
Event: 3.383 Thread 0x000000000215f000 Uncommon trap: reason=class_check action=maybe_recompile pc=0x0000000002f9ebc0 method=com.sun.tools.javac.code.Types$18.visitClassType(Lcom/sun/tools/javac/code/Type$ClassType;Ljava/lang/Void;)Lcom/sun/tools/javac/code/Type; @ 19
Event: 3.407 Thread 0x000000000215f000 Uncommon trap: reason=class_check action=maybe_recompile pc=0x0000000002c38c2c method=java.util.HashMap.putVal(ILjava/lang/Object;Ljava/lang/Object;ZZ)Ljava/lang/Object; @ 253
Event: 3.409 Thread 0x000000000215f000 Uncommon trap: reason=class_check action=maybe_recompile pc=0x0000000002c3b25c method=java.util.HashMap.putVal(ILjava/lang/Object;Ljava/lang/Object;ZZ)Ljava/lang/Object; @ 253

Internal exceptions (10 events):
Event: 3.486 Thread 0x000000000215f000 Exception <a 'java/security/PrivilegedActionException'> (0x00000000ec730940) thrown at [D:\re\workspace\8-2-build-windows-amd64-cygwin\jdk8u25\1677\hotspot\src\share\vm\prims\jvm.cpp, line 1312]
Event: 3.487 Thread 0x000000000215f000 Exception <a 'java/security/PrivilegedActionException'> (0x00000000ec739590) thrown at [D:\re\workspace\8-2-build-windows-amd64-cygwin\jdk8u25\1677\hotspot\src\share\vm\prims\jvm.cpp, line 1312]
Event: 3.487 Thread 0x000000000215f000 Exception <a 'java/security/PrivilegedActionException'> (0x00000000ec73a500) thrown at [D:\re\workspace\8-2-build-windows-amd64-cygwin\jdk8u25\1677\hotspot\src\share\vm\prims\jvm.cpp, line 1312]
Event: 3.487 Thread 0x000000000215f000 Exception <a 'java/security/PrivilegedActionException'> (0x00000000ec73d0f0) thrown at [D:\re\workspace\8-2-build-windows-amd64-cygwin\jdk8u25\1677\hotspot\src\share\vm\prims\jvm.cpp, line 1312]
Event: 3.488 Thread 0x000000000215f000 Exception <a 'java/security/PrivilegedActionException'> (0x00000000ec7445c0) thrown at [D:\re\workspace\8-2-build-windows-amd64-cygwin\jdk8u25\1677\hotspot\src\share\vm\prims\jvm.cpp, line 1312]
Event: 3.488 Thread 0x000000000215f000 Exception <a 'java/security/PrivilegedActionException'> (0x00000000ec745520) thrown at [D:\re\workspace\8-2-build-windows-amd64-cygwin\jdk8u25\1677\hotspot\src\share\vm\prims\jvm.cpp, line 1312]
Event: 3.488 Thread 0x000000000215f000 Exception <a 'java/security/PrivilegedActionException'> (0x00000000ec7483a0) thrown at [D:\re\workspace\8-2-build-windows-amd64-cygwin\jdk8u25\1677\hotspot\src\share\vm\prims\jvm.cpp, line 1312]
Event: 3.489 Thread 0x000000000215f000 Exception <a 'java/security/PrivilegedActionException'> (0x00000000ec74f158) thrown at [D:\re\workspace\8-2-build-windows-amd64-cygwin\jdk8u25\1677\hotspot\src\share\vm\prims\jvm.cpp, line 1312]
Event: 3.489 Thread 0x000000000215f000 Exception <a 'java/security/PrivilegedActionException'> (0x00000000ec7500b8) thrown at [D:\re\workspace\8-2-build-windows-amd64-cygwin\jdk8u25\1677\hotspot\src\share\vm\prims\jvm.cpp, line 1312]
Event: 3.489 Thread 0x000000000215f000 Exception <a 'java/security/PrivilegedActionException'> (0x00000000ec752be8) thrown at [D:\re\workspace\8-2-build-windows-amd64-cygwin\jdk8u25\1677\hotspot\src\share\vm\prims\jvm.cpp, line 1312]

Events (10 events):
Event: 3.487 loading class com/google/common/hash/HashCode$BytesHashCode
Event: 3.487 loading class com/google/common/hash/HashCode$BytesHashCode done
Event: 3.488 loading class com/google/common/hash/HashCode$IntHashCode
Event: 3.488 loading class com/google/common/hash/HashCode$IntHashCode done
Event: 3.489 loading class com/google/common/hash/HashCode$LongHashCode
Event: 3.489 loading class com/google/common/hash/HashCode$LongHashCode done
Event: 3.495 Thread 0x000000005792e800 Thread added: 0x000000005792e800
Event: 3.495 Thread 0x000000005792f800 Thread added: 0x000000005792f800
Event: 4.204 Executing VM operation: EnableBiasedLocking
Event: 4.204 Executing VM operation: EnableBiasedLocking done


Dynamic libraries:
0x000000013f050000 - 0x000000013f084000 	C:\Program Files\Java\jdk1.8.0_25\bin\java.exe
0x0000000077020000 - 0x00000000771c9000 	C:\Windows\SYSTEM32\ntdll.dll
0x0000000076e00000 - 0x0000000076f1f000 	C:\Windows\system32\kernel32.dll
0x000007fefc410000 - 0x000007fefc47c000 	C:\Windows\system32\KERNELBASE.dll
0x000007fefe1b0000 - 0x000007fefe28b000 	C:\Windows\system32\ADVAPI32.dll
0x000007fefe470000 - 0x000007fefe50f000 	C:\Windows\system32\msvcrt.dll
0x000007fefce50000 - 0x000007fefce6f000 	C:\Windows\SYSTEM32\sechost.dll
0x000007fefe510000 - 0x000007fefe63d000 	C:\Windows\system32\RPCRT4.dll
0x0000000076f20000 - 0x000000007701a000 	C:\Windows\system32\USER32.dll
0x000007fefc990000 - 0x000007fefc9f7000 	C:\Windows\system32\GDI32.dll
0x000007fefe410000 - 0x000007fefe41e000 	C:\Windows\system32\LPK.dll
0x000007fefce70000 - 0x000007fefcf39000 	C:\Windows\system32\USP10.dll
0x000007fefa610000 - 0x000007fefa804000 	C:\Windows\WinSxS\amd64_microsoft.windows.common-controls_6595b64144ccf1df_6.0.7601.17514_none_fa396087175ac9ac\COMCTL32.dll
0x000007fefc5a0000 - 0x000007fefc611000 	C:\Windows\system32\SHLWAPI.dll
0x000007fefe180000 - 0x000007fefe1ae000 	C:\Windows\system32\IMM32.DLL
0x000007fefc880000 - 0x000007fefc989000 	C:\Windows\system32\MSCTF.dll
0x00000000688a0000 - 0x0000000068972000 	C:\Program Files\Java\jdk1.8.0_25\jre\bin\msvcr100.dll
0x0000000060b50000 - 0x00000000613aa000 	C:\Program Files\Java\jdk1.8.0_25\jre\bin\server\jvm.dll
0x000007fef8bb0000 - 0x000007fef8bb9000 	C:\Windows\system32\WSOCK32.dll
0x000007fefe420000 - 0x000007fefe46d000 	C:\Windows\system32\WS2_32.dll
0x000007fefcf40000 - 0x000007fefcf48000 	C:\Windows\system32\NSI.dll
0x000007fef6710000 - 0x000007fef674b000 	C:\Windows\system32\WINMM.dll
0x00000000771f0000 - 0x00000000771f7000 	C:\Windows\system32\PSAPI.DLL
0x0000000069910000 - 0x000000006991f000 	C:\Program Files\Java\jdk1.8.0_25\jre\bin\verify.dll
0x00000000698e0000 - 0x0000000069908000 	C:\Program Files\Java\jdk1.8.0_25\jre\bin\java.dll
0x0000000069800000 - 0x0000000069816000 	C:\Program Files\Java\jdk1.8.0_25\jre\bin\zip.dll
0x000007fefd3f0000 - 0x000007fefe178000 	C:\Windows\system32\SHELL32.dll
0x000007fefca00000 - 0x000007fefcc03000 	C:\Windows\system32\ole32.dll
0x000007fefc140000 - 0x000007fefc14f000 	C:\Windows\system32\profapi.dll
0x000007fefbf80000 - 0x000007fefbfd7000 	C:\Windows\system32\apphelp.dll

VM Arguments:
jvm_args: -Dant.home=C:\NetBeans 8.0\extide\ant\bin\.. 
java_command: org.apache.tools.ant.launch.Launcher debug -f C:\Users\Jason\Documents\NetBeansProjects\CordovaTest\platforms\android\build.xml -Dout.dir ant-build -Dgen.absolute.dir ant-gen
java_class_path (initial): C:\NetBeans 8.0\extide\ant\bin\..\lib\ant-launcher.jar
Launcher Type: SUN_STANDARD

Environment Variables:
JAVA_HOME=C:\Program Files\Java\jdk1.8.0_25
PATH=C:\ProgramData\Oracle\Java\javapath;C:\Program Files\Common Files\Microsoft Shared\Windows Live;C:\Program Files (x86)\Common Files\Microsoft Shared\Windows Live;C:\Windows\system32;C:\Windows;C:\Windows\System32\Wbem;C:\Windows\System32\WindowsPowerShell\v1.0;C:\Program Files (x86)\Intel\OpenCL SDK\2.0\bin\x86;C:\Program Files (x86)\Intel\OpenCL SDK\2.0\bin\x64;C:\Program Files (x86)\Windows Live\Shared;C:\Program Files\Microsoft SQL Server\110\Tools\Binn;C:\Program Files\nodejs;C:\Program Files (x86)\Git\cmd;C:\Program Files (x86)\SSH Communications Security\SSH Secure Shell;C:\Program Files\Java\jdk1.7.0_07\bin;C:\glassfish4\glassfish\bin;C:\Program Files (x86)\OpenVPN\bin;C:\Users\Jason\AppData\Roaming\npm;C:\Users\Jason\Desktop\adt-bundle-windows-x86_64-20140702\sdk\tools;C:\Users\Jason\Desktop\adt-bundle-windows-x86_64-20140702\sdk\platform-tools;C:\Program Files\Java\jdk1.8.0_25\bin;C:\NetBeans 8.0\extide\ant\bin
USERNAME=Jason
OS=Windows_NT
PROCESSOR_IDENTIFIER=Intel64 Family 6 Model 58 Stepping 9, GenuineIntel



---------------  S Y S T E M  ---------------

OS: Windows 7 , 64 bit Build 7601 Service Pack 1

CPU:total 4 (2 cores per cpu, 2 threads per core) family 6 model 58 stepping 9, cmov, cx8, fxsr, mmx, sse, sse2, sse3, ssse3, sse4.1, sse4.2, popcnt, avx, aes, clmul, erms, ht, tsc, tscinvbit, tscinv

Memory: 4k page, physical 4098764k(324336k free), swap 6960956k(5116k free)

vm_info: Java HotSpot(TM) 64-Bit Server VM (25.25-b02) for windows-amd64 JRE (1.8.0_25-b18), built on Oct  7 2014 14:25:37 by "java_re" with MS VC++ 10.0 (VS2010)

time: Sat Nov 01 16:48:38 2014
elapsed time: 5 seconds (0d 0h 0m 5s)

