#
# There is insufficient memory for the Java Runtime Environment to continue.
# Native memory allocation (malloc) failed to allocate 32744 bytes for ChunkPool::allocate
# Possible reasons:
#   The system is out of physical RAM or swap space
#   In 32 bit mode, the process size limit was hit
# Possible solutions:
#   Reduce memory load on the system
#   Increase physical memory or swap space
#   Check if swap backing store is full
#   Use 64 bit Java on a 64 bit OS
#   Decrease Java heap size (-Xmx/-Xms)
#   Decrease number of Java threads
#   Decrease Java thread stack sizes (-Xss)
#   Set larger code cache with -XX:ReservedCodeCacheSize=
# This output file may be truncated or incomplete.
#
#  Out of Memory Error (allocation.cpp:273), pid=10924, tid=1480
#
# JRE version: Java(TM) SE Runtime Environment (8.0_25-b18) (build 1.8.0_25-b18)
# Java VM: Java HotSpot(TM) 64-Bit Server VM (25.25-b02 mixed mode windows-amd64 compressed oops)
# Failed to write core dump. Minidumps are not enabled by default on client versions of Windows
#

---------------  T H R E A D  ---------------

Current thread (0x0000000056369000):  JavaThread "C1 CompilerThread2" daemon [_thread_in_native, id=1480, stack(0x0000000056cf0000,0x0000000056df0000)]

Stack: [0x0000000056cf0000,0x0000000056df0000]
Native frames: (J=compiled Java code, j=interpreted, Vv=VM code, C=native code)
V  [jvm.dll+0x31667a]


Current CompileTask:
C1:   7478 2210  s    3       java.io.BufferedOutputStream::write (67 bytes)


---------------  P R O C E S S  ---------------

Java Threads: ( => current thread )
  0x00000000580aa000 JavaThread "Thread-8" daemon [_thread_blocked, id=4440, stack(0x0000000059540000,0x0000000059640000)]
  0x0000000057b54000 JavaThread "Thread-7" daemon [_thread_blocked, id=9484, stack(0x00000000592b0000,0x00000000593b0000)]
  0x00000000563db000 JavaThread "Service Thread" daemon [_thread_blocked, id=3056, stack(0x0000000056e90000,0x0000000056f90000)]
=>0x0000000056369000 JavaThread "C1 CompilerThread2" daemon [_thread_in_native, id=1480, stack(0x0000000056cf0000,0x0000000056df0000)]
  0x0000000056366000 JavaThread "C2 CompilerThread1" daemon [_thread_blocked, id=4752, stack(0x0000000056b50000,0x0000000056c50000)]
  0x0000000056360800 JavaThread "C2 CompilerThread0" daemon [_thread_blocked, id=10016, stack(0x0000000055e10000,0x0000000055f10000)]
  0x0000000054f25000 JavaThread "Attach Listener" daemon [_thread_blocked, id=6812, stack(0x0000000056a40000,0x0000000056b40000)]
  0x0000000054f22000 JavaThread "Signal Dispatcher" daemon [_thread_blocked, id=5064, stack(0x0000000056830000,0x0000000056930000)]
  0x0000000054ec5800 JavaThread "Finalizer" daemon [_thread_blocked, id=5132, stack(0x0000000056260000,0x0000000056360000)]
  0x0000000054ebc800 JavaThread "Reference Handler" daemon [_thread_blocked, id=9716, stack(0x0000000056140000,0x0000000056240000)]
  0x0000000001caf000 JavaThread "main" [_thread_in_native, id=5744, stack(0x0000000002440000,0x0000000002540000)]

Other Threads:
  0x0000000054eb7000 VMThread [stack: 0x0000000055fe0000,0x00000000560e0000] [id=7268]
  0x00000000563e6800 WatcherThread [stack: 0x0000000056fe0000,0x00000000570e0000] [id=1088]

VM state:not at safepoint (normal execution)

VM Mutex/Monitor currently owned by a thread: None

Heap:
 PSYoungGen      total 68096K, used 27242K [0x00000000eb200000, 0x00000000ef700000, 0x0000000100000000)
  eden space 65536K, 37% used [0x00000000eb200000,0x00000000eca1ebe0,0x00000000ef200000)
  from space 2560K, 99% used [0x00000000ef480000,0x00000000ef6fc010,0x00000000ef700000)
  to   space 2560K, 0% used [0x00000000ef200000,0x00000000ef200000,0x00000000ef480000)
 ParOldGen       total 44032K, used 7189K [0x00000000c1600000, 0x00000000c4100000, 0x00000000eb200000)
  object space 44032K, 16% used [0x00000000c1600000,0x00000000c1d05400,0x00000000c4100000)
 Metaspace       used 18487K, capacity 18932K, committed 19072K, reserved 1067008K
  class space    used 2226K, capacity 2366K, committed 2432K, reserved 1048576K

Card table byte_map: [0x0000000011bd0000,0x0000000011dd0000] byte_map_base: 0x00000000115c5000

Marking Bits: (ParMarkBitMap*) 0x000000006132d490
 Begin Bits: [0x00000000123e0000, 0x0000000013388000)
 End Bits:   [0x0000000013388000, 0x0000000014330000)

Polling page: 0x0000000001c60000

CodeCache: size=245760Kb used=8137Kb max_used=8156Kb free=237622Kb
 bounds [0x0000000002810000, 0x0000000003020000, 0x0000000011810000]
 total_blobs=2565 nmethods=2209 adapters=269
 compilation: enabled

Compilation events (10 events):
Event: 3.653 Thread 0x0000000056360800 2205       4       java.util.zip.ZipCoder::getBytes (192 bytes)
Event: 3.655 Thread 0x0000000056369000 2207       3       java.nio.HeapByteBuffer::put (16 bytes)
Event: 3.656 Thread 0x0000000056369000 nmethod 2207 0x0000000002fea650 code [0x0000000002fea7e0, 0x0000000002feab68]
Event: 3.656 Thread 0x0000000056369000 2206   !   3       java.io.StringReader::read (133 bytes)
Event: 3.657 Thread 0x0000000056369000 nmethod 2206 0x0000000002feb950 code [0x0000000002febb20, 0x0000000002fec408]
Event: 3.663 Thread 0x0000000056360800 nmethod 2205 0x00000000030001d0 code [0x00000000030003e0, 0x0000000003000b00]
Event: 3.735 Thread 0x0000000056366000 nmethod 2203 0x0000000003009750 code [0x0000000003009bc0, 0x000000000300bfc0]
Event: 7.304 Thread 0x0000000056369000 2209       3       java.lang.Thread::interrupted (8 bytes)
Event: 7.304 Thread 0x0000000056369000 nmethod 2209 0x0000000002fffe10 code [0x0000000002ffff80, 0x0000000003000108]
Event: 7.476 Thread 0x0000000056369000 2210  s    3       java.io.BufferedOutputStream::write (67 bytes)

GC Heap History (8 events):
Event: 0.757 GC heap before
{Heap before GC invocations=1 (full 0):
 PSYoungGen      total 18944K, used 16384K [0x00000000eb200000, 0x00000000ec700000, 0x0000000100000000)
  eden space 16384K, 100% used [0x00000000eb200000,0x00000000ec200000,0x00000000ec200000)
  from space 2560K, 0% used [0x00000000ec480000,0x00000000ec480000,0x00000000ec700000)
  to   space 2560K, 0% used [0x00000000ec200000,0x00000000ec200000,0x00000000ec480000)
 ParOldGen       total 44032K, used 0K [0x00000000c1600000, 0x00000000c4100000, 0x00000000eb200000)
  object space 44032K, 0% used [0x00000000c1600000,0x00000000c1600000,0x00000000c4100000)
 Metaspace       used 7012K, capacity 7270K, committed 7552K, reserved 1056768K
  class space    used 766K, capacity 837K, committed 896K, reserved 1048576K
Event: 0.766 GC heap after
Heap after GC invocations=1 (full 0):
 PSYoungGen      total 18944K, used 2534K [0x00000000eb200000, 0x00000000ed700000, 0x0000000100000000)
  eden space 16384K, 0% used [0x00000000eb200000,0x00000000eb200000,0x00000000ec200000)
  from space 2560K, 98% used [0x00000000ec200000,0x00000000ec479828,0x00000000ec480000)
  to   space 2560K, 0% used [0x00000000ed480000,0x00000000ed480000,0x00000000ed700000)
 ParOldGen       total 44032K, used 1816K [0x00000000c1600000, 0x00000000c4100000, 0x00000000eb200000)
  object space 44032K, 4% used [0x00000000c1600000,0x00000000c17c6178,0x00000000c4100000)
 Metaspace       used 7012K, capacity 7270K, committed 7552K, reserved 1056768K
  class space    used 766K, capacity 837K, committed 896K, reserved 1048576K
}
Event: 1.139 GC heap before
{Heap before GC invocations=2 (full 0):
 PSYoungGen      total 18944K, used 18918K [0x00000000eb200000, 0x00000000ed700000, 0x0000000100000000)
  eden space 16384K, 100% used [0x00000000eb200000,0x00000000ec200000,0x00000000ec200000)
  from space 2560K, 98% used [0x00000000ec200000,0x00000000ec479828,0x00000000ec480000)
  to   space 2560K, 0% used [0x00000000ed480000,0x00000000ed480000,0x00000000ed700000)
 ParOldGen       total 44032K, used 1816K [0x00000000c1600000, 0x00000000c4100000, 0x00000000eb200000)
  object space 44032K, 4% used [0x00000000c1600000,0x00000000c17c6178,0x00000000c4100000)
 Metaspace       used 10096K, capacity 10378K, committed 10496K, reserved 1058816K
  class space    used 1154K, capacity 1231K, committed 1280K, reserved 1048576K
Event: 1.148 GC heap after
Heap after GC invocations=2 (full 0):
 PSYoungGen      total 35328K, used 2544K [0x00000000eb200000, 0x00000000ed700000, 0x0000000100000000)
  eden space 32768K, 0% used [0x00000000eb200000,0x00000000eb200000,0x00000000ed200000)
  from space 2560K, 99% used [0x00000000ed480000,0x00000000ed6fc010,0x00000000ed700000)
  to   space 2560K, 0% used [0x00000000ed200000,0x00000000ed200000,0x00000000ed480000)
 ParOldGen       total 44032K, used 2761K [0x00000000c1600000, 0x00000000c4100000, 0x00000000eb200000)
  object space 44032K, 6% used [0x00000000c1600000,0x00000000c18b2438,0x00000000c4100000)
 Metaspace       used 10096K, capacity 10378K, committed 10496K, reserved 1058816K
  class space    used 1154K, capacity 1231K, committed 1280K, reserved 1048576K
}
Event: 1.894 GC heap before
{Heap before GC invocations=3 (full 0):
 PSYoungGen      total 35328K, used 35312K [0x00000000eb200000, 0x00000000ed700000, 0x0000000100000000)
  eden space 32768K, 100% used [0x00000000eb200000,0x00000000ed200000,0x00000000ed200000)
  from space 2560K, 99% used [0x00000000ed480000,0x00000000ed6fc010,0x00000000ed700000)
  to   space 2560K, 0% used [0x00000000ed200000,0x00000000ed200000,0x00000000ed480000)
 ParOldGen       total 44032K, used 2761K [0x00000000c1600000, 0x00000000c4100000, 0x00000000eb200000)
  object space 44032K, 6% used [0x00000000c1600000,0x00000000c18b2438,0x00000000c4100000)
 Metaspace       used 12502K, capacity 12996K, committed 13184K, reserved 1060864K
  class space    used 1469K, capacity 1590K, committed 1664K, reserved 1048576K
Event: 1.907 GC heap after
Heap after GC invocations=3 (full 0):
 PSYoungGen      total 35328K, used 2544K [0x00000000eb200000, 0x00000000ef700000, 0x0000000100000000)
  eden space 32768K, 0% used [0x00000000eb200000,0x00000000eb200000,0x00000000ed200000)
  from space 2560K, 99% used [0x00000000ed200000,0x00000000ed47c030,0x00000000ed480000)
  to   space 2560K, 0% used [0x00000000ef480000,0x00000000ef480000,0x00000000ef700000)
 ParOldGen       total 44032K, used 5525K [0x00000000c1600000, 0x00000000c4100000, 0x00000000eb200000)
  object space 44032K, 12% used [0x00000000c1600000,0x00000000c1b654c0,0x00000000c4100000)
 Metaspace       used 12502K, capacity 12996K, committed 13184K, reserved 1060864K
  class space    used 1469K, capacity 1590K, committed 1664K, reserved 1048576K
}
Event: 2.945 GC heap before
{Heap before GC invocations=4 (full 0):
 PSYoungGen      total 35328K, used 35312K [0x00000000eb200000, 0x00000000ef700000, 0x0000000100000000)
  eden space 32768K, 100% used [0x00000000eb200000,0x00000000ed200000,0x00000000ed200000)
  from space 2560K, 99% used [0x00000000ed200000,0x00000000ed47c030,0x00000000ed480000)
  to   space 2560K, 0% used [0x00000000ef480000,0x00000000ef480000,0x00000000ef700000)
 ParOldGen       total 44032K, used 5525K [0x00000000c1600000, 0x00000000c4100000, 0x00000000eb200000)
  object space 44032K, 12% used [0x00000000c1600000,0x00000000c1b654c0,0x00000000c4100000)
 Metaspace       used 15934K, capacity 16424K, committed 16512K, reserved 1062912K
  class space    used 1955K, capacity 2108K, committed 2176K, reserved 1048576K
Event: 2.953 GC heap after
Heap after GC invocations=4 (full 0):
 PSYoungGen      total 68096K, used 2544K [0x00000000eb200000, 0x00000000ef700000, 0x0000000100000000)
  eden space 65536K, 0% used [0x00000000eb200000,0x00000000eb200000,0x00000000ef200000)
  from space 2560K, 99% used [0x00000000ef480000,0x00000000ef6fc010,0x00000000ef700000)
  to   space 2560K, 0% used [0x00000000ef200000,0x00000000ef200000,0x00000000ef480000)
 ParOldGen       total 44032K, used 7189K [0x00000000c1600000, 0x00000000c4100000, 0x00000000eb200000)
  object space 44032K, 16% used [0x00000000c1600000,0x00000000c1d05400,0x00000000c4100000)
 Metaspace       used 15934K, capacity 16424K, committed 16512K, reserved 1062912K
  class space    used 1955K, capacity 2108K, committed 2176K, reserved 1048576K
}

Deoptimization events (10 events):
Event: 3.110 Thread 0x0000000001caf000 Uncommon trap: reason=class_check action=maybe_recompile pc=0x0000000002a61460 method=java.util.Collections$UnmodifiableCollection$1.<init>(Ljava/util/Collections$UnmodifiableCollection;)V @ 17
Event: 3.110 Thread 0x0000000001caf000 Uncommon trap: reason=class_check action=maybe_recompile pc=0x0000000002a53f40 method=java.util.Collections$UnmodifiableCollection$1.next()Ljava/lang/Object; @ 4
Event: 3.184 Thread 0x0000000001caf000 Uncommon trap: reason=class_check action=maybe_recompile pc=0x0000000002a61460 method=java.util.Collections$UnmodifiableCollection$1.<init>(Ljava/util/Collections$UnmodifiableCollection;)V @ 17
Event: 3.471 Thread 0x0000000001caf000 Uncommon trap: reason=class_check action=maybe_recompile pc=0x0000000002c215e4 method=java.util.HashMap.putVal(ILjava/lang/Object;Ljava/lang/Object;ZZ)Ljava/lang/Object; @ 253
Event: 3.509 Thread 0x0000000001caf000 Uncommon trap: reason=class_check action=maybe_recompile pc=0x0000000002c215e4 method=java.util.HashMap.putVal(ILjava/lang/Object;Ljava/lang/Object;ZZ)Ljava/lang/Object; @ 253
Event: 3.510 Thread 0x0000000001caf000 Uncommon trap: reason=class_check action=maybe_recompile pc=0x0000000002c215e4 method=java.util.HashMap.putVal(ILjava/lang/Object;Ljava/lang/Object;ZZ)Ljava/lang/Object; @ 253
Event: 3.536 Thread 0x0000000001caf000 Uncommon trap: reason=bimorphic action=maybe_recompile pc=0x0000000002f77074 method=com.sun.tools.javac.code.Types$UnaryVisitor.visit(Lcom/sun/tools/javac/code/Type;)Ljava/lang/Object; @ 3
Event: 3.536 Thread 0x0000000001caf000 Uncommon trap: reason=class_check action=maybe_recompile pc=0x0000000002f79e40 method=com.sun.tools.javac.code.Types$18.visitClassType(Lcom/sun/tools/javac/code/Type$ClassType;Ljava/lang/Void;)Lcom/sun/tools/javac/code/Type; @ 19
Event: 3.564 Thread 0x0000000001caf000 Uncommon trap: reason=class_check action=maybe_recompile pc=0x0000000002c215e4 method=java.util.HashMap.putVal(ILjava/lang/Object;Ljava/lang/Object;ZZ)Ljava/lang/Object; @ 253
Event: 3.566 Thread 0x0000000001caf000 Uncommon trap: reason=class_check action=maybe_recompile pc=0x0000000002c1eadc method=java.util.HashMap.putVal(ILjava/lang/Object;Ljava/lang/Object;ZZ)Ljava/lang/Object; @ 253

Internal exceptions (10 events):
Event: 3.649 Thread 0x0000000001caf000 Exception <a 'java/security/PrivilegedActionException'> (0x00000000ec7ac570) thrown at [D:\re\workspace\8-2-build-windows-amd64-cygwin\jdk8u25\1677\hotspot\src\share\vm\prims\jvm.cpp, line 1312]
Event: 3.651 Thread 0x0000000001caf000 Exception <a 'java/security/PrivilegedActionException'> (0x00000000ec7b51c0) thrown at [D:\re\workspace\8-2-build-windows-amd64-cygwin\jdk8u25\1677\hotspot\src\share\vm\prims\jvm.cpp, line 1312]
Event: 3.651 Thread 0x0000000001caf000 Exception <a 'java/security/PrivilegedActionException'> (0x00000000ec7b6130) thrown at [D:\re\workspace\8-2-build-windows-amd64-cygwin\jdk8u25\1677\hotspot\src\share\vm\prims\jvm.cpp, line 1312]
Event: 3.651 Thread 0x0000000001caf000 Exception <a 'java/security/PrivilegedActionException'> (0x00000000ec7b8d20) thrown at [D:\re\workspace\8-2-build-windows-amd64-cygwin\jdk8u25\1677\hotspot\src\share\vm\prims\jvm.cpp, line 1312]
Event: 3.651 Thread 0x0000000001caf000 Exception <a 'java/security/PrivilegedActionException'> (0x00000000ec7c01f0) thrown at [D:\re\workspace\8-2-build-windows-amd64-cygwin\jdk8u25\1677\hotspot\src\share\vm\prims\jvm.cpp, line 1312]
Event: 3.652 Thread 0x0000000001caf000 Exception <a 'java/security/PrivilegedActionException'> (0x00000000ec7c1150) thrown at [D:\re\workspace\8-2-build-windows-amd64-cygwin\jdk8u25\1677\hotspot\src\share\vm\prims\jvm.cpp, line 1312]
Event: 3.652 Thread 0x0000000001caf000 Exception <a 'java/security/PrivilegedActionException'> (0x00000000ec7c3c80) thrown at [D:\re\workspace\8-2-build-windows-amd64-cygwin\jdk8u25\1677\hotspot\src\share\vm\prims\jvm.cpp, line 1312]
Event: 3.652 Thread 0x0000000001caf000 Exception <a 'java/security/PrivilegedActionException'> (0x00000000ec7caa38) thrown at [D:\re\workspace\8-2-build-windows-amd64-cygwin\jdk8u25\1677\hotspot\src\share\vm\prims\jvm.cpp, line 1312]
Event: 3.652 Thread 0x0000000001caf000 Exception <a 'java/security/PrivilegedActionException'> (0x00000000ec7cb998) thrown at [D:\re\workspace\8-2-build-windows-amd64-cygwin\jdk8u25\1677\hotspot\src\share\vm\prims\jvm.cpp, line 1312]
Event: 3.652 Thread 0x0000000001caf000 Exception <a 'java/security/PrivilegedActionException'> (0x00000000ec7ce4c8) thrown at [D:\re\workspace\8-2-build-windows-amd64-cygwin\jdk8u25\1677\hotspot\src\share\vm\prims\jvm.cpp, line 1312]

Events (10 events):
Event: 3.651 loading class com/google/common/hash/HashCode$BytesHashCode
Event: 3.651 loading class com/google/common/hash/HashCode$BytesHashCode done
Event: 3.651 loading class com/google/common/hash/HashCode$IntHashCode
Event: 3.651 loading class com/google/common/hash/HashCode$IntHashCode done
Event: 3.652 loading class com/google/common/hash/HashCode$LongHashCode
Event: 3.652 loading class com/google/common/hash/HashCode$LongHashCode done
Event: 3.661 Thread 0x0000000057b54000 Thread added: 0x0000000057b54000
Event: 3.661 Thread 0x00000000580aa000 Thread added: 0x00000000580aa000
Event: 4.231 Executing VM operation: EnableBiasedLocking
Event: 4.232 Executing VM operation: EnableBiasedLocking done


Dynamic libraries:
0x000000013f680000 - 0x000000013f6b4000 	C:\Program Files\Java\jdk1.8.0_25\bin\java.exe
0x0000000077020000 - 0x00000000771c9000 	C:\Windows\SYSTEM32\ntdll.dll
0x0000000076e00000 - 0x0000000076f1f000 	C:\Windows\system32\kernel32.dll
0x000007fefc410000 - 0x000007fefc47c000 	C:\Windows\system32\KERNELBASE.dll
0x000007fefe1b0000 - 0x000007fefe28b000 	C:\Windows\system32\ADVAPI32.dll
0x000007fefe470000 - 0x000007fefe50f000 	C:\Windows\system32\msvcrt.dll
0x000007fefce50000 - 0x000007fefce6f000 	C:\Windows\SYSTEM32\sechost.dll
0x000007fefe510000 - 0x000007fefe63d000 	C:\Windows\system32\RPCRT4.dll
0x0000000076f20000 - 0x000000007701a000 	C:\Windows\system32\USER32.dll
0x000007fefc990000 - 0x000007fefc9f7000 	C:\Windows\system32\GDI32.dll
0x000007fefe410000 - 0x000007fefe41e000 	C:\Windows\system32\LPK.dll
0x000007fefce70000 - 0x000007fefcf39000 	C:\Windows\system32\USP10.dll
0x000007fefa610000 - 0x000007fefa804000 	C:\Windows\WinSxS\amd64_microsoft.windows.common-controls_6595b64144ccf1df_6.0.7601.17514_none_fa396087175ac9ac\COMCTL32.dll
0x000007fefc5a0000 - 0x000007fefc611000 	C:\Windows\system32\SHLWAPI.dll
0x000007fefe180000 - 0x000007fefe1ae000 	C:\Windows\system32\IMM32.DLL
0x000007fefc880000 - 0x000007fefc989000 	C:\Windows\system32\MSCTF.dll
0x00000000688a0000 - 0x0000000068972000 	C:\Program Files\Java\jdk1.8.0_25\jre\bin\msvcr100.dll
0x0000000060b50000 - 0x00000000613aa000 	C:\Program Files\Java\jdk1.8.0_25\jre\bin\server\jvm.dll
0x000007fef8bb0000 - 0x000007fef8bb9000 	C:\Windows\system32\WSOCK32.dll
0x000007fefe420000 - 0x000007fefe46d000 	C:\Windows\system32\WS2_32.dll
0x000007fefcf40000 - 0x000007fefcf48000 	C:\Windows\system32\NSI.dll
0x000007fef6710000 - 0x000007fef674b000 	C:\Windows\system32\WINMM.dll
0x00000000771f0000 - 0x00000000771f7000 	C:\Windows\system32\PSAPI.DLL
0x0000000069910000 - 0x000000006991f000 	C:\Program Files\Java\jdk1.8.0_25\jre\bin\verify.dll
0x00000000698e0000 - 0x0000000069908000 	C:\Program Files\Java\jdk1.8.0_25\jre\bin\java.dll
0x0000000069800000 - 0x0000000069816000 	C:\Program Files\Java\jdk1.8.0_25\jre\bin\zip.dll
0x000007fefd3f0000 - 0x000007fefe178000 	C:\Windows\system32\SHELL32.dll
0x000007fefca00000 - 0x000007fefcc03000 	C:\Windows\system32\ole32.dll
0x000007fefc140000 - 0x000007fefc14f000 	C:\Windows\system32\profapi.dll
0x000007fefbf80000 - 0x000007fefbfd7000 	C:\Windows\system32\apphelp.dll

VM Arguments:
jvm_args: -Dant.home=C:\NetBeans 8.0\extide\ant\bin\.. 
java_command: org.apache.tools.ant.launch.Launcher debug -f C:\Users\Jason\Documents\NetBeansProjects\CordovaTest\platforms\android\build.xml -Dout.dir ant-build -Dgen.absolute.dir ant-gen
java_class_path (initial): C:\NetBeans 8.0\extide\ant\bin\..\lib\ant-launcher.jar
Launcher Type: SUN_STANDARD

Environment Variables:
JAVA_HOME=C:\Program Files\Java\jdk1.8.0_25
PATH=C:\ProgramData\Oracle\Java\javapath;C:\Program Files\Common Files\Microsoft Shared\Windows Live;C:\Program Files (x86)\Common Files\Microsoft Shared\Windows Live;C:\Windows\system32;C:\Windows;C:\Windows\System32\Wbem;C:\Windows\System32\WindowsPowerShell\v1.0;C:\Program Files (x86)\Intel\OpenCL SDK\2.0\bin\x86;C:\Program Files (x86)\Intel\OpenCL SDK\2.0\bin\x64;C:\Program Files (x86)\Windows Live\Shared;C:\Program Files\Microsoft SQL Server\110\Tools\Binn;C:\Program Files\nodejs;C:\Program Files (x86)\Git\cmd;C:\Program Files (x86)\SSH Communications Security\SSH Secure Shell;C:\Program Files\Java\jdk1.7.0_07\bin;C:\glassfish4\glassfish\bin;C:\Program Files (x86)\OpenVPN\bin;C:\Users\Jason\AppData\Roaming\npm;C:\Users\Jason\Desktop\adt-bundle-windows-x86_64-20140702\sdk\tools;C:\Users\Jason\Desktop\adt-bundle-windows-x86_64-20140702\sdk\platform-tools;C:\Program Files\Java\jdk1.8.0_25\bin;C:\NetBeans 8.0\extide\ant\bin
USERNAME=Jason
OS=Windows_NT
PROCESSOR_IDENTIFIER=Intel64 Family 6 Model 58 Stepping 9, GenuineIntel



---------------  S Y S T E M  ---------------

OS: Windows 7 , 64 bit Build 7601 Service Pack 1

CPU:total 4 (2 cores per cpu, 2 threads per core) family 6 model 58 stepping 9, cmov, cx8, fxsr, mmx, sse, sse2, sse3, ssse3, sse4.1, sse4.2, popcnt, avx, aes, clmul, erms, ht, tsc, tscinvbit, tscinv

Memory: 4k page, physical 4098764k(121624k free), swap 6960956k(4760k free)

vm_info: Java HotSpot(TM) 64-Bit Server VM (25.25-b02) for windows-amd64 JRE (1.8.0_25-b18), built on Oct  7 2014 14:25:37 by "java_re" with MS VC++ 10.0 (VS2010)

time: Sat Nov 01 15:06:47 2014
elapsed time: 7 seconds (0d 0h 0m 7s)

